2025-12-12 00:01:34::info::/v1/api/patientRecord/readPatientRecord/693a8c925dbe463b3ad4c21a::92f55edb-671f-40f8-bac4-29efee2128a2::input-params ::GET::::{}
2025-12-12 00:01:34::info::/v1/api/patientRecord/readPatientRecord/693a8c925dbe463b3ad4c21a::28b11536-16bd-4bae-b7f8-6875606dbc8c::input-params ::GET::::{}
2025-12-12 00:01:55::info::/v1/api/patientRecord/readPatientRecord/693a8c925dbe463b3ad4c21a::c372a018-7007-4cdb-9ffa-3d95cf3bb251::input-params ::GET::::{}
2025-12-12 00:01:55::info::/v1/api/patientRecord/readPatientRecord/693a8c925dbe463b3ad4c21a::22792431-056e-424b-8e8e-853f0aeb8d84::input-params ::GET::::{}
2025-12-12 00:02:26::info::/v1/api/patientRecord/readPatientRecord/693a8c925dbe463b3ad4c21a::af5c6331-b6fe-4f32-aa3e-92c3445cd14d::input-params ::GET::::{}
2025-12-12 00:02:26::info::/v1/api/patientRecord/readPatientRecord/693a8c925dbe463b3ad4c21a::a7a36207-1fd4-4223-bd14-c47973f84138::input-params ::GET::::{}
2025-12-12 00:02:52::info::/v1/api/patientRecord/readPatientRecord/693a8c925dbe463b3ad4c21a::1b294f83-5f81-428a-a8dc-86b03b85524c::input-params ::GET::::{}
2025-12-12 00:02:52::info::/v1/api/user/me::4b7c7db5-a625-4ab8-a00e-f14679218a08::input-params ::GET::::{}
2025-12-12 00:02:52::info::/v1/api/user/me::60635a34-20e3-4336-b340-d5d9a7c8bbea::input-params ::GET::::{}
2025-12-12 00:02:52::info::/v1/api/patientRecord/readPatientRecord/693a8c925dbe463b3ad4c21a::d824678e-f606-4ab0-8ccb-629b2dee76d6::input-params ::GET::::{}
2025-12-12 00:06:48::info::/v1/api/patientRecord/readPatientRecord/693a8c925dbe463b3ad4c21a::49b119a2-cf95-4e7e-b462-a9a6d4c011d6::input-params ::GET::::{}
2025-12-12 00:06:48::info::/v1/api/user/me::50ee740b-6ee2-422d-a0d6-7abfc3b20e51::input-params ::GET::::{}
2025-12-12 00:06:48::info::/v1/api/user/me::bfbc719e-0234-4959-9aa2-6284db0ce690::input-params ::GET::::{}
2025-12-12 00:06:48::info::/v1/api/patientRecord/readPatientRecord/693a8c925dbe463b3ad4c21a::544b1436-a8fc-47bc-9045-b543cc957e5d::input-params ::GET::::{}
2025-12-12 00:14:07::info::/v1/api/patientRecord/readPatientRecord/693a8c925dbe463b3ad4c21a::8a430a16-4a0e-4423-af06-0933c17cd25e::input-params ::GET::::{}
2025-12-12 00:15:17::info::/v1/api/patientRecord/readPatientRecord/693a8c925dbe463b3ad4c21a::5f64a20e-af88-4875-a7e4-14183bc4f4ab::input-params ::GET::::{}
2025-12-12 00:15:46::info::/v1/api/patientRecord/readPatientRecord/693a8c925dbe463b3ad4c21a::f047853a-5541-4770-807d-e9e0d92c8d32::input-params ::GET::::{}
2025-12-12 00:16:14::info::/v1/api/patientRecord/readPatientRecord/693a8c925dbe463b3ad4c21a::826894c6-a7a7-4e9d-983f-3f5b1c35e678::input-params ::GET::::{}
2025-12-12 00:16:23::info::/v1/api/patientRecord/readPatientRecord/693a8c925dbe463b3ad4c21a::2704247e-c0b9-4b4e-97a1-7ef88df50248::input-params ::GET::::{}
2025-12-12 00:23:03::info::/v1/api/patientRecord/readPatientRecord/693a8c925dbe463b3ad4c21a::bf438c40-df27-4e82-915b-6abe85571178::input-params ::GET::::{}
2025-12-12 00:23:35::info::/v1/api/patientRecord/readPatientRecord/693a8c925dbe463b3ad4c21a::af131a3c-6759-437a-9f3f-6f88365b2408::input-params ::GET::::{}
2025-12-12 00:23:58::info::/v1/api/patientRecord/readPatientRecord/693a8c925dbe463b3ad4c21a::28852f31-42bd-414e-9224-5c7bfec24275::input-params ::GET::::{}
2025-12-12 00:24:16::info::/v1/api/patientRecord/readPatientRecord/693a8c925dbe463b3ad4c21a::a942a049-77f3-41b0-bd67-964f81678af4::input-params ::GET::::{}
2025-12-12 00:24:34::info::/v1/api/patientRecord/readPatientRecord/693a8c925dbe463b3ad4c21a::c39f707c-cd56-480d-9162-f3855648cdba::input-params ::GET::::{}
2025-12-12 00:26:12::info::/v1/api/patientRecord/readPatientRecord/693a8c925dbe463b3ad4c21a::0a459d46-6f70-4339-81c6-56ed5f2988cf::input-params ::GET::::{}
2025-12-12 00:26:38::info::/v1/api/patientRecord/readPatientRecord/693a8c925dbe463b3ad4c21a::1487d44c-be15-4493-8f25-1fe95b9d2ea3::input-params ::GET::::{}
2025-12-12 00:26:53::info::/v1/api/patientRecord/readPatientRecord/693a8c925dbe463b3ad4c21a::ec361729-0603-4661-9a31-57b362ab66bb::input-params ::GET::::{}
2025-12-12 00:27:11::info::/v1/api/patientRecord/readPatientRecord/693a8c925dbe463b3ad4c21a::d0a0bba1-5998-40b1-ac00-ccde45913756::input-params ::GET::::{}
2025-12-12 00:27:29::info::/v1/api/patientRecord/readPatientRecord/693a8c925dbe463b3ad4c21a::c55e9998-4757-4b21-a373-e1373288ac52::input-params ::GET::::{}
2025-12-12 00:28:01::info::/v1/api/patientRecord/readPatientRecord/693a8c925dbe463b3ad4c21a::21381f64-6dce-40ac-a109-5fac7f5d8ed5::input-params ::GET::::{}
2025-12-12 00:28:58::info::/v1/api/patientRecord/readPatientRecord/693a8c925dbe463b3ad4c21a::9c5c6f98-584b-40ba-acdc-f716aa99e90b::input-params ::GET::::{}
2025-12-12 00:31:19::info::/v1/api/user/me::a4b0b072-27ac-4d69-bfec-1d7202e53aec::input-params ::GET::::{}
2025-12-12 00:31:20::info::/v1/api/user/me::99e3bf98-7ade-4aab-93eb-cfd0a220263e::input-params ::GET::::{}
2025-12-12 00:31:21::info::/v1/api/user/readDoctorDetail/doctor-1::e7e0fe56-443d-4e50-b9a5-4b8f554bad8b::input-params ::GET::::{}
2025-12-12 00:31:21::error::/v1/api/user/readDoctorDetail/doctor-1::e7e0fe56-443d-4e50-b9a5-4b8f554bad8b::handler-error::{"status":500,"message":"Cast to ObjectId failed for value \"doctor-1\" (type string) at path \"_id\" for model \"User\""}
2025-12-12 00:31:21::info::/v1/api/user/readDoctorDetail/doctor-1::68b2dd5e-d29d-4e13-a4bd-4cc88c3d90d5::input-params ::GET::::{}
2025-12-12 00:31:21::error::/v1/api/user/readDoctorDetail/doctor-1::68b2dd5e-d29d-4e13-a4bd-4cc88c3d90d5::handler-error::{"status":500,"message":"Cast to ObjectId failed for value \"doctor-1\" (type string) at path \"_id\" for model \"User\""}
2025-12-12 00:33:52::info::/v1/api/user/readDoctorDetail/doctor-1::f7a3c80f-6d0b-43ec-9c61-e0e3c398342b::input-params ::GET::::{}
2025-12-12 00:33:52::error::/v1/api/user/readDoctorDetail/doctor-1::f7a3c80f-6d0b-43ec-9c61-e0e3c398342b::handler-error::{"status":500,"message":"Cast to ObjectId failed for value \"doctor-1\" (type string) at path \"_id\" for model \"User\""}
2025-12-12 00:33:52::info::/v1/api/user/readDoctorDetail/doctor-1::5d4fe873-3539-4ea2-aa89-86c8298e490e::input-params ::GET::::{}
2025-12-12 00:33:52::error::/v1/api/user/readDoctorDetail/doctor-1::5d4fe873-3539-4ea2-aa89-86c8298e490e::handler-error::{"status":500,"message":"Cast to ObjectId failed for value \"doctor-1\" (type string) at path \"_id\" for model \"User\""}
2025-12-12 00:33:55::info::/v1/api/user/readDoctorDetail/doctor-1::3f45cf33-d4b9-4f96-9491-2f5c93095d08::input-params ::GET::::{}
2025-12-12 00:33:55::error::/v1/api/user/readDoctorDetail/doctor-1::3f45cf33-d4b9-4f96-9491-2f5c93095d08::handler-error::{"status":500,"message":"Cast to ObjectId failed for value \"doctor-1\" (type string) at path \"_id\" for model \"User\""}
2025-12-12 00:33:55::info::/v1/api/user/me::b8fd2f99-7911-4724-88ef-3e20de51869b::input-params ::GET::::{}
2025-12-12 00:33:55::info::/v1/api/user/readDoctorDetail/doctor-1::718e0b4b-8696-4029-85eb-a4b651b132ab::input-params ::GET::::{}
2025-12-12 00:33:55::error::/v1/api/user/readDoctorDetail/doctor-1::718e0b4b-8696-4029-85eb-a4b651b132ab::handler-error::{"status":500,"message":"Cast to ObjectId failed for value \"doctor-1\" (type string) at path \"_id\" for model \"User\""}
2025-12-12 00:33:55::info::/v1/api/user/me::c55b8482-5834-41be-b46b-1d5e97d9729b::input-params ::GET::::{}
2025-12-12 00:34:03::info::/v1/api/user/readDoctorDetail/doctor-1::6783f989-a896-48ad-9486-0e1eb22be6e8::input-params ::GET::::{}
2025-12-12 00:34:03::error::/v1/api/user/readDoctorDetail/doctor-1::6783f989-a896-48ad-9486-0e1eb22be6e8::handler-error::{"status":500,"message":"Cast to ObjectId failed for value \"doctor-1\" (type string) at path \"_id\" for model \"User\""}
2025-12-12 00:34:20::info::/v1/api/user/readDoctorDetail/doctor-1::4335645a-2f43-44fc-9d94-5992893cc3a7::input-params ::GET::::{}
2025-12-12 00:34:20::error::/v1/api/user/readDoctorDetail/doctor-1::4335645a-2f43-44fc-9d94-5992893cc3a7::handler-error::{"status":500,"message":"Cast to ObjectId failed for value \"doctor-1\" (type string) at path \"_id\" for model \"User\""}
2025-12-12 00:34:20::info::/v1/api/user/readDoctorDetail/doctor-1::be9a6ac0-6dce-4be1-8be4-7af99764b7c0::input-params ::GET::::{}
2025-12-12 00:34:20::error::/v1/api/user/readDoctorDetail/doctor-1::be9a6ac0-6dce-4be1-8be4-7af99764b7c0::handler-error::{"status":500,"message":"Cast to ObjectId failed for value \"doctor-1\" (type string) at path \"_id\" for model \"User\""}
2025-12-12 00:34:24::info::/v1/api/user/readDoctorDetail/doctor-1::21af90b8-e43a-4233-8c6a-a7f8d3fc777b::input-params ::GET::::{}
2025-12-12 00:34:24::error::/v1/api/user/readDoctorDetail/doctor-1::21af90b8-e43a-4233-8c6a-a7f8d3fc777b::handler-error::{"status":500,"message":"Cast to ObjectId failed for value \"doctor-1\" (type string) at path \"_id\" for model \"User\""}
2025-12-12 00:34:24::info::/v1/api/user/readDoctorDetail/doctor-1::292b719e-4699-4c53-8203-5cb001b1862d::input-params ::GET::::{}
2025-12-12 00:34:24::error::/v1/api/user/readDoctorDetail/doctor-1::292b719e-4699-4c53-8203-5cb001b1862d::handler-error::{"status":500,"message":"Cast to ObjectId failed for value \"doctor-1\" (type string) at path \"_id\" for model \"User\""}
2025-12-12 00:34:36::info::/v1/api/user/readDoctorDetail/doctor-1::6f35505f-08bd-4ee6-9a37-5ab46ad76ec1::input-params ::GET::::{}
2025-12-12 00:34:36::error::/v1/api/user/readDoctorDetail/doctor-1::6f35505f-08bd-4ee6-9a37-5ab46ad76ec1::handler-error::{"status":500,"message":"Cast to ObjectId failed for value \"doctor-1\" (type string) at path \"_id\" for model \"User\""}
2025-12-12 00:34:37::info::/v1/api/user/readDoctorDetail/doctor-1::0a33fb47-ff55-48b2-a286-553c9ae26e9f::input-params ::GET::::{}
2025-12-12 00:34:37::error::/v1/api/user/readDoctorDetail/doctor-1::0a33fb47-ff55-48b2-a286-553c9ae26e9f::handler-error::{"status":500,"message":"Cast to ObjectId failed for value \"doctor-1\" (type string) at path \"_id\" for model \"User\""}
2025-12-12 00:35:04::info::/v1/api/user/readDoctorDetail/doctor-1::922851c9-5659-47a3-b71c-6dbd02f6989f::input-params ::GET::::{}
2025-12-12 00:35:04::error::/v1/api/user/readDoctorDetail/doctor-1::922851c9-5659-47a3-b71c-6dbd02f6989f::handler-error::{"status":500,"message":"Cast to ObjectId failed for value \"doctor-1\" (type string) at path \"_id\" for model \"User\""}
2025-12-12 00:35:04::info::/v1/api/user/readDoctorDetail/doctor-1::6602d925-64e4-412a-bd9f-1f09c3b8d631::input-params ::GET::::{}
2025-12-12 00:35:04::error::/v1/api/user/readDoctorDetail/doctor-1::6602d925-64e4-412a-bd9f-1f09c3b8d631::handler-error::{"status":500,"message":"Cast to ObjectId failed for value \"doctor-1\" (type string) at path \"_id\" for model \"User\""}
2025-12-12 00:38:14::info::/v1/api/user/readDoctorDetail/doctor-1::a2cecb76-fccc-49af-a4b1-1f945f51a4b3::input-params ::GET::::{}
2025-12-12 00:38:14::error::/v1/api/user/readDoctorDetail/doctor-1::a2cecb76-fccc-49af-a4b1-1f945f51a4b3::handler-error::{"status":500,"message":"Cast to ObjectId failed for value \"doctor-1\" (type string) at path \"_id\" for model \"User\""}
2025-12-12 00:38:14::info::/v1/api/user/readDoctorDetail/doctor-1::f5a1634e-d588-4391-9fd8-e89fde94acfe::input-params ::GET::::{}
2025-12-12 00:38:14::error::/v1/api/user/readDoctorDetail/doctor-1::f5a1634e-d588-4391-9fd8-e89fde94acfe::handler-error::{"status":500,"message":"Cast to ObjectId failed for value \"doctor-1\" (type string) at path \"_id\" for model \"User\""}
2025-12-12 00:38:17::info::/v1/api/user/readDoctorDetail/doctor-1::b54f1047-bca6-4c77-a92d-9b23aa9375d5::input-params ::GET::::{}
2025-12-12 00:38:17::error::/v1/api/user/readDoctorDetail/doctor-1::b54f1047-bca6-4c77-a92d-9b23aa9375d5::handler-error::{"status":500,"message":"Cast to ObjectId failed for value \"doctor-1\" (type string) at path \"_id\" for model \"User\""}
2025-12-12 00:38:17::info::/v1/api/user/readDoctorDetail/doctor-1::9b5eb1fe-a05d-490a-b426-e80afeb2ad57::input-params ::GET::::{}
2025-12-12 00:38:17::info::/v1/api/user/me::40010412-d65b-41bb-94a2-cac80dce0b9b::input-params ::GET::::{}
2025-12-12 00:38:17::error::/v1/api/user/readDoctorDetail/doctor-1::9b5eb1fe-a05d-490a-b426-e80afeb2ad57::handler-error::{"status":500,"message":"Cast to ObjectId failed for value \"doctor-1\" (type string) at path \"_id\" for model \"User\""}
2025-12-12 00:38:17::info::/v1/api/user/me::025d34bb-9d3f-497f-898a-fc167e978c18::input-params ::GET::::{}
2025-12-12 00:39:41::info::/v1/api/user/me::5fc2da4f-2a2f-4e77-8f8e-e1346dbbd00f::input-params ::GET::::{}
2025-12-12 00:39:43::info::/v1/api/user/me::9bbd3d25-3fed-4abb-bf84-f54a5c04b9ef::input-params ::GET::::{}
2025-12-12 00:40:19::info::/v1/api/user/me::c4f66dd9-66c0-4503-aa50-a68e20c9dbc5::input-params ::GET::::{}
2025-12-12 00:40:19::info::/v1/api/user/me::8ebe1f0d-89c1-4a11-90a7-4879c7cc9a86::input-params ::GET::::{}
2025-12-12 00:40:50::info::/v1/api/user/readDoctorDetail/doctor-1::8c602bb2-83d1-46f6-addb-d869f79a047e::input-params ::GET::::{}
2025-12-12 00:40:50::error::/v1/api/user/readDoctorDetail/doctor-1::8c602bb2-83d1-46f6-addb-d869f79a047e::handler-error::{"status":500,"message":"Cast to ObjectId failed for value \"doctor-1\" (type string) at path \"_id\" for model \"User\""}
2025-12-12 00:40:50::info::/v1/api/user/me::d5f3be6e-78d1-4ec4-98ea-4927bf0d58e9::input-params ::GET::::{}
2025-12-12 00:40:50::info::/v1/api/user/readDoctorDetail/doctor-1::80e5827e-81ea-4689-9cb3-0322f8732eb2::input-params ::GET::::{}
2025-12-12 00:40:50::error::/v1/api/user/readDoctorDetail/doctor-1::80e5827e-81ea-4689-9cb3-0322f8732eb2::handler-error::{"status":500,"message":"Cast to ObjectId failed for value \"doctor-1\" (type string) at path \"_id\" for model \"User\""}
2025-12-12 00:40:50::info::/v1/api/user/me::48dbc45a-c157-4822-bc8f-4e0c16f9c832::input-params ::GET::::{}
2025-12-12 00:42:44::info::/v1/api/user/readDoctorDetail/doctor-1::7d4decfa-f9ec-468f-ae1e-3e0af787e26e::input-params ::GET::::{}
2025-12-12 00:42:44::error::/v1/api/user/readDoctorDetail/doctor-1::7d4decfa-f9ec-468f-ae1e-3e0af787e26e::handler-error::{"status":500,"message":"Cast to ObjectId failed for value \"doctor-1\" (type string) at path \"_id\" for model \"User\""}
2025-12-12 00:43:24::info::/v1/api/user/readDoctorDetail/doctor-1765475002353::6e892644-ab12-4645-86b2-5ade2e2c6f27::input-params ::GET::::{}
2025-12-12 00:43:24::error::/v1/api/user/readDoctorDetail/doctor-1765475002353::6e892644-ab12-4645-86b2-5ade2e2c6f27::handler-error::{"status":500,"message":"Cast to ObjectId failed for value \"doctor-1765475002353\" (type string) at path \"_id\" for model \"User\""}
2025-12-12 00:43:24::info::/v1/api/user/readDoctorDetail/doctor-1765475002353::2c3e4d4f-d1c7-4c87-8ade-7fb474b18513::input-params ::GET::::{}
2025-12-12 00:43:24::error::/v1/api/user/readDoctorDetail/doctor-1765475002353::2c3e4d4f-d1c7-4c87-8ade-7fb474b18513::handler-error::{"status":500,"message":"Cast to ObjectId failed for value \"doctor-1765475002353\" (type string) at path \"_id\" for model \"User\""}
2025-12-12 00:53:41::info::/v1/api/folder/readFolder/6939a80b035dea9503dfca30::75a02b1c-7884-4e80-80ef-8e89100100a0::input-params ::GET::::{}
2025-12-12 00:53:41::info::/v1/api/folder/readFolder/6939a80b035dea9503dfca30::1a50a5b2-5fbc-4d86-82c7-ed974fd6ad7f::input-params ::GET::::{}
2025-12-12 00:53:43::info::/v1/api/patientRecord/readPatientRecord/693a8c925dbe463b3ad4c21a::c6c1f648-c40d-4f2f-a35d-3c77f32f2490::input-params ::GET::::{}
2025-12-12 00:53:43::info::/v1/api/patientRecord/readPatientRecord/693a8c925dbe463b3ad4c21a::9f8f50da-faf6-4f5a-8878-bcb37f458f62::input-params ::GET::::{}
2025-12-12 00:53:54::info::/v1/api/patientRecord/readPatientRecord/693a8c925dbe463b3ad4c21a::729debc0-c608-4ab7-aa3c-14c16e1c77d3::input-params ::GET::::{}
2025-12-12 00:53:54::info::/v1/api/user/me::1cc0f987-7829-40a5-8cdb-1531e9269c75::input-params ::GET::::{}
2025-12-12 00:53:54::info::/v1/api/user/me::df67caa9-02d2-4f1e-809e-5a5c3a89b175::input-params ::GET::::{}
2025-12-12 00:53:54::info::/v1/api/patientRecord/readPatientRecord/693a8c925dbe463b3ad4c21a::4d922aec-5f49-4501-b5c9-48f73e9dcb40::input-params ::GET::::{}
2025-12-12 00:56:21::info::/v1/api/user/me::99280201-2c85-4387-bbfa-f1a8c9f33a3e::input-params ::GET::::{}
2025-12-12 00:56:21::info::/v1/api/user/me::9ffdfc84-8654-43ee-bd02-f6c715d8919e::input-params ::GET::::{}
2025-12-12 00:58:11::info::/v1/api/user/readDoctorDetail/doctor-1::deec20f0-74b8-4843-94af-16f6160bf626::input-params ::GET::::{}
2025-12-12 00:58:11::error::/v1/api/user/readDoctorDetail/doctor-1::deec20f0-74b8-4843-94af-16f6160bf626::handler-error::{"status":500,"message":"Cast to ObjectId failed for value \"doctor-1\" (type string) at path \"_id\" for model \"User\""}
2025-12-12 00:58:11::info::/v1/api/user/me::8f990375-31b9-4bbd-8c5d-e3faa9196ff5::input-params ::GET::::{}
2025-12-12 00:58:11::info::/v1/api/user/readDoctorDetail/doctor-1::d038fad9-878b-45be-a36d-d8f84b630e2b::input-params ::GET::::{}
2025-12-12 00:58:11::error::/v1/api/user/readDoctorDetail/doctor-1::d038fad9-878b-45be-a36d-d8f84b630e2b::handler-error::{"status":500,"message":"Cast to ObjectId failed for value \"doctor-1\" (type string) at path \"_id\" for model \"User\""}
2025-12-12 00:58:11::info::/v1/api/user/me::4433f478-403f-455b-a1b6-6c45a55dd211::input-params ::GET::::{}
2025-12-12 00:58:25::info::/v1/api/user/me::5423662a-871c-44b5-8b1f-36f49195bdde::input-params ::GET::::{}
2025-12-12 00:58:25::info::/v1/api/user/me::e77a2366-8fc2-4217-a67c-cada403cbfa7::input-params ::GET::::{}
2025-12-12 01:00:23::info::/v1/api/user/me::c0b7864e-9ea8-4f01-a30f-f3fa3b458b5c::input-params ::GET::::{}
2025-12-12 01:00:24::info::/v1/api/user/me::6aa10d18-f577-4628-a36a-440f74051c52::input-params ::GET::::{}
2025-12-12 01:00:30::info::/v1/api/folder/readFolders::c5db2f9a-fa68-4175-b8a9-aa18cdbc83f7::input-params ::GET::::{}
2025-12-12 01:00:30::info::/v1/api/folder/readFolders::ffde0820-1600-43d4-be78-c2b702497dbd::input-params ::GET::::{}
2025-12-12 01:00:31::info::/v1/api/folder/readFolder/6939a80b035dea9503dfca30::57100d05-2581-4578-8fe6-f81c275c5b67::input-params ::GET::::{}
2025-12-12 01:00:31::info::/v1/api/folder/readFolder/6939a80b035dea9503dfca30::805a702d-04a0-497d-ab7f-c24fc5bef109::input-params ::GET::::{}
2025-12-12 01:00:33::info::/v1/api/patientRecord/readPatientRecord/693a8c925dbe463b3ad4c21a::74257e1d-3834-45b0-8044-88587d9cbb2a::input-params ::GET::::{}
2025-12-12 01:00:33::info::/v1/api/patientRecord/readPatientRecord/693a8c925dbe463b3ad4c21a::a1d84779-6afe-4f16-b3db-a2c730b29092::input-params ::GET::::{}
