2025-12-14 17:55:24::info::/v1/api/user/me::9d616d39-1924-4a54-9707-5980f2afc0a1::input-params ::GET::::{}
2025-12-14 17:55:24::info::/v1/api/user/me::a017de9a-ebda-4931-bc90-e81e1a147f1a::input-params ::GET::::{}
2025-12-14 17:55:27::info::/v1/api/auth/login::ca8ebef4-9acd-4693-8ed3-908c4ba9e5a9::input-params ::POST::::{"email":"phapluu2k5tqt@gmail.com","password":"PhapNhat987AZ@"}
2025-12-14 17:55:27::info::/v1/api/user/me::df7c2a80-45b2-4216-9f27-ee4602ca6d4b::input-params ::GET::::{}
2025-12-14 17:55:27::info::/v1/api/folder/readFolders::4f4a482b-8943-4091-9110-acdf998e60d5::input-params ::GET::::{}
2025-12-14 17:55:27::info::/v1/api/folder/readFolders::38b8e3e3-6416-4bfd-a7ae-a8a3101e22b4::input-params ::GET::::{}
2025-12-14 17:55:29::info::/v1/api/conversation/readConversations::a4c7415b-295a-44a6-8a4d-965abf43c2a7::input-params ::GET::::{}
2025-12-14 17:55:29::info::/v1/api/conversation/readConversations::9004fe8b-607d-42ac-b9b6-099ba96194ed::input-params ::GET::::{}
2025-12-14 17:55:33::info::/v1/api/conversation/readConversationDetail/693a8c925dbe463b3ad4c21d::00c6fc3b-46b8-4e2d-8eef-c407d19d3caa::input-params ::GET::::{}
2025-12-14 17:55:33::info::/v1/api/conversation/readConversationDetail/693a8c925dbe463b3ad4c21d::542549a0-3911-4ba9-89ec-e9035f8880d7::input-params ::GET::::{}
2025-12-14 17:56:59::info::/v1/api/conversation/sendMessage::5d69c693-d78b-46aa-b117-058d373d0cde::input-params ::POST::::undefined
2025-12-14 17:57:29::info::/v1/api/conversation/sendMessage::2323a487-8d65-4188-b1a6-9f4f5f8a6d55::input-params ::POST::::undefined
2025-12-14 17:59:18::info::/v1/api/conversation/readConversations::170acb05-fb1f-430a-a092-fb74ee3418d6::input-params ::GET::::{}
2025-12-14 17:59:18::info::/v1/api/conversation/readConversationDetail/693a8c925dbe463b3ad4c21d::d59ee023-1a7a-46da-a842-c5df66f2627d::input-params ::GET::::{}
2025-12-14 17:59:18::info::/v1/api/user/me::5d0a034b-b49f-4002-923a-f40c2550f52c::input-params ::GET::::{}
2025-12-14 17:59:18::info::/v1/api/user/me::c8757f2d-4cd5-41da-801e-f6a05a030b36::input-params ::GET::::{}
2025-12-14 17:59:19::info::/v1/api/conversation/readConversations::473cb7b0-58a8-4411-93ab-9aab7c4c0521::input-params ::GET::::{}
2025-12-14 17:59:19::info::/v1/api/conversation/readConversationDetail/693a8c925dbe463b3ad4c21d::aa736e12-50e3-41e7-953b-c49891a98fd3::input-params ::GET::::{}
2025-12-14 18:04:48::info::/v1/api/conversation/readConversations::46881ba5-28ce-4eb6-b159-23fe714c8125::input-params ::GET::::{}
2025-12-14 18:04:48::info::/v1/api/conversation/readConversationDetail/693a8c925dbe463b3ad4c21d::0fab29d4-2945-4708-8998-f6c67c74d4b6::input-params ::GET::::{}
2025-12-14 18:04:48::info::/v1/api/user/me::fbea628f-20f3-4050-8dfd-166bd63bda53::input-params ::GET::::{}
2025-12-14 18:04:48::info::/v1/api/user/me::ecc8fb43-1fa5-429e-91c4-f276727e653f::input-params ::GET::::{}
2025-12-14 18:04:48::info::/v1/api/conversation/readConversations::5233e034-cb76-4f8e-b5ef-e7c42c9861ac::input-params ::GET::::{}
2025-12-14 18:04:48::info::/v1/api/conversation/readConversationDetail/693a8c925dbe463b3ad4c21d::268ec3a0-c32c-474e-a46d-2e2462f0d116::input-params ::GET::::{}
2025-12-14 18:11:06::info::/v1/api/conversation/readConversations::3eb989d6-9fe7-4850-8403-15e283c36d57::input-params ::GET::::{}
2025-12-14 18:11:06::info::/v1/api/conversation/readConversationDetail/693a8c925dbe463b3ad4c21d::1917c8f1-506a-457b-8203-02fc564b778d::input-params ::GET::::{}
2025-12-14 18:11:06::info::/v1/api/user/me::65f96c5e-cda6-4312-8113-67023f55828f::input-params ::GET::::{}
2025-12-14 18:11:06::info::/v1/api/user/me::761ec74c-fd42-4753-8ba4-31db1c280a20::input-params ::GET::::{}
2025-12-14 18:11:06::info::/v1/api/conversation/readConversations::ca15ccfc-6102-4626-b767-643061298b66::input-params ::GET::::{}
2025-12-14 18:11:06::info::/v1/api/conversation/readConversationDetail/693a8c925dbe463b3ad4c21d::320b03d9-6b4f-4f3a-88e2-bbd2b2cfff55::input-params ::GET::::{}
2025-12-14 18:21:32::info::/v1/api/conversation/readConversations::f2330813-8130-4500-b957-8f2401c9a96e::input-params ::GET::::{}
2025-12-14 18:21:32::info::/v1/api/conversation/readConversationDetail/693a8c925dbe463b3ad4c21d::b52c5f34-c6b0-405a-a619-76a3e77cdcba::input-params ::GET::::{}
2025-12-14 18:21:32::info::/v1/api/user/me::42f6ffb4-5f32-471b-90ca-07979dabb37c::input-params ::GET::::{}
2025-12-14 18:21:32::info::/v1/api/user/me::447846b6-2d2d-435d-bb69-fd36deba84c1::input-params ::GET::::{}
2025-12-14 18:21:32::info::/v1/api/conversation/readConversations::6aa894e8-5e7d-4b45-9c31-4580ee4d8f3a::input-params ::GET::::{}
2025-12-14 18:21:32::info::/v1/api/conversation/readConversationDetail/693a8c925dbe463b3ad4c21d::d30fe2fb-d6f2-4597-8c06-7cd70553d10b::input-params ::GET::::{}
2025-12-14 18:22:05::info::/v1/api/conversation/readConversations::a89ba59f-c02f-4fb7-9e73-366b1d77daf4::input-params ::GET::::{}
2025-12-14 18:22:05::info::/v1/api/conversation/readConversationDetail/693a8c925dbe463b3ad4c21d::7809f4b2-dac8-401f-a321-362b77e5d79d::input-params ::GET::::{}
2025-12-14 18:22:05::info::/v1/api/user/me::b3296155-1da6-427b-ba9d-6faed4f2431a::input-params ::GET::::{}
2025-12-14 18:22:05::info::/v1/api/user/me::4fa3b4a3-c66d-4ae1-a3a6-a413bb4a3a0b::input-params ::GET::::{}
2025-12-14 18:22:05::info::/v1/api/conversation/readConversationDetail/693a8c925dbe463b3ad4c21d::0092e601-ed44-439e-bfbd-6ad3e93dad94::input-params ::GET::::{}
2025-12-14 18:22:05::info::/v1/api/conversation/readConversations::7b3e2f66-1c82-4780-bd06-18977bd98c69::input-params ::GET::::{}
