2025-12-30 00:00:16::error::/v1/api/user/me::f6b43152-0c1e-4d08-8256-1ef4058b7728::handler-error::{"status":403,"message":"Access token missing"}
2025-12-30 00:00:16::error::/v1/api/user/me::968a3892-9567-4007-9653-f502ba09e1e0::handler-error::{"status":403,"message":"Access token missing"}
2025-12-30 00:00:20::error::/v1/api/relative/readRelatives/694ff6e850d27e20d94fe70f::d7845609-ee8b-424f-a903-634b53dfca09::handler-error::{"status":404,"message":"Patient record not found"}
2025-12-30 00:00:20::error::/v1/api/relative/readRelatives/694ff6e850d27e20d94fe70f::4f9e134f-70f6-4e98-9508-1a3a776167a1::handler-error::{"status":404,"message":"Patient record not found"}
2025-12-30 00:00:36::error::/v1/api/relative/readRelatives/694ff6e850d27e20d94fe70f::305976f9-e702-414e-a238-b147d2aac2dc::handler-error::{"status":404,"message":"Patient record not found"}
2025-12-30 00:00:41::error::/v1/api/relative/readRelatives/694ff6e850d27e20d94fe70f::35672055-1cfb-4122-ba71-e3e4e9e97279::handler-error::{"status":404,"message":"Patient record not found"}
2025-12-30 00:00:41::error::/v1/api/relative/readRelatives/694ff6e850d27e20d94fe70f::30654a6a-267d-4931-aaec-c32ea7152eaa::handler-error::{"status":404,"message":"Patient record not found"}
2025-12-30 00:02:25::error::/v1/api/relative/readRelatives/694ff6e850d27e20d94fe70f::630166b4-130f-41d9-9fbe-3fac26a11097::handler-error::{"status":404,"message":"Patient record not found"}
2025-12-30 00:02:25::error::/v1/api/relative/readRelatives/694ff6e850d27e20d94fe70f::c5211b86-5e6c-4534-accf-337ff7e8b494::handler-error::{"status":404,"message":"Patient record not found"}
2025-12-30 00:04:18::error::/v1/api/relative/readRelatives/694ff6e850d27e20d94fe70f::726256df-524d-43a2-ac42-d160bef7268b::handler-error::{"status":404,"message":"Patient record not found"}
2025-12-30 00:04:18::error::/v1/api/relative/readRelatives/694ff6e850d27e20d94fe70f::03a96edb-7151-4aae-a74c-d950b6468aef::handler-error::{"status":404,"message":"Patient record not found"}
2025-12-30 00:05:32::error::/v1/api/relative/readRelatives/694ff6e850d27e20d94fe70f::665ae9a7-116a-4b9f-9f7e-15d9c748f868::handler-error::{"status":404,"message":"Patient record not found"}
2025-12-30 00:05:32::error::/v1/api/relative/readRelatives/694ff6e850d27e20d94fe70f::10fdbef7-3fdc-4eac-8748-47ba69607799::handler-error::{"status":404,"message":"Patient record not found"}
2025-12-30 00:03:51::error::/v1/api/patientRecord/readPatientCharts/694d6f72c7bbba2bbb15ecc8::4a37009e-8be5-4a97-b934-1cd19d5eef6b::handler-error::{"status":500,"message":"PatientRecordService.readPatientCharts is not a function"}
2025-12-30 00:03:51::error::/v1/api/patientRecord/readPatientCharts/694d6f72c7bbba2bbb15ecc8::e5b98f10-ca82-48d4-98b8-74f2270cb5c9::handler-error::{"status":500,"message":"PatientRecordService.readPatientCharts is not a function"}
2025-12-30 00:04:01::error::/v1/api/patientRecord/readPatientCharts/694d6f72c7bbba2bbb15ecc8::4fcb9953-5855-41e2-90e9-f16b241acc04::handler-error::{"status":500,"message":"PatientRecordService.readPatientCharts is not a function"}
2025-12-30 00:04:06::error::/v1/api/patientRecord/readPatientCharts/694d6f72c7bbba2bbb15ecc8::35f6d6da-53f1-4501-83fa-0eb9bc6212db::handler-error::{"status":500,"message":"PatientRecordService.readPatientCharts is not a function"}
2025-12-30 00:04:06::error::/v1/api/patientRecord/readPatientCharts/694d6f72c7bbba2bbb15ecc8::f764e4ec-4633-4bf5-aace-b0d7cf8805d6::handler-error::{"status":500,"message":"PatientRecordService.readPatientCharts is not a function"}
2025-12-30 00:04:43::error::/v1/api/patientRecord/readPatientCharts/69494ac882130873b5b05529::8d43ba68-8d99-4d0b-babf-73bd95bdff83::handler-error::{"status":500,"message":"PatientRecordService.readPatientCharts is not a function"}
2025-12-30 00:04:43::error::/v1/api/patientRecord/readPatientCharts/69494ac882130873b5b05529::9a7f26e0-1855-4d65-8deb-7aa7b1ef0d3a::handler-error::{"status":500,"message":"PatientRecordService.readPatientCharts is not a function"}
2025-12-30 00:04:45::error::/v1/api/patientRecord/readPatientCharts/69494ac882130873b5b05529::d31016eb-ed43-41e4-8a15-34e3c77db7ee::handler-error::{"status":500,"message":"PatientRecordService.readPatientCharts is not a function"}
2025-12-30 00:04:45::error::/v1/api/patientRecord/readPatientCharts/69494ac882130873b5b05529::8636cdd3-1a43-4304-8055-61480dc55e49::handler-error::{"status":500,"message":"PatientRecordService.readPatientCharts is not a function"}
2025-12-30 00:05:03::error::/v1/api/patientRecord/readPatientCharts/69494ac882130873b5b05529::c9957075-0c9c-47e1-909c-03f129a88d94::handler-error::{"status":404,"message":"Patient not found"}
2025-12-30 00:05:03::error::/v1/api/patientRecord/readPatientCharts/69494ac882130873b5b05529::4c5276ca-e353-42db-a505-d6326e104ce6::handler-error::{"status":404,"message":"Patient not found"}
2025-12-30 08:07:12::error::/v1/api/user/me::9753a083-0347-4335-a11a-9c6b731a7f09::handler-error::{"status":500,"message":"error:1C800064:Provider routines::bad decrypt"}
2025-12-30 08:07:12::error::/v1/api/user/me::5c8c457e-73b6-4f97-ac70-ad25b2c94de8::handler-error::{"status":500,"message":"error:1C800064:Provider routines::bad decrypt"}
2025-12-30 08:12:07::error::/v1/api/user/me::74db722b-6abc-42a4-b88e-8e32e56a0258::handler-error::{"status":403,"message":"Access token missing"}
2025-12-30 08:12:07::error::/v1/api/user/me::5e33bf15-400b-4ee9-a2a7-578b415525cd::handler-error::{"status":403,"message":"Access token missing"}
2025-12-30 08:46:31::error::/v1/api/patientRecord/readPatientRecord/69496cae9bc2fb43a6df3365::042f027d-faf4-42ca-b4a8-c9dc526af081::handler-error::{"status":401,"message":"Please login to continue"}
2025-12-30 08:46:31::error::/v1/api/user/me::77e03e60-27bd-40e4-b8db-bb342063183e::handler-error::{"status":403,"message":"Access token missing"}
2025-12-30 08:46:31::error::/v1/api/user/me::0cb0789c-1f3d-40cd-95f9-edf525edf90a::handler-error::{"status":403,"message":"Access token missing"}
2025-12-30 08:48:48::error::/v1/api/folder/createFolder::8334cced-3601-4dfd-9133-a54f5465c54b::handler-error::{"status":500,"message":"Folder validation failed: doctorId: Path `doctorId` is required."}
2025-12-30 08:48:50::error::/v1/api/folder/createFolder::dd3de60e-c558-4945-b81a-700a91c833c6::handler-error::{"status":500,"message":"Folder validation failed: doctorId: Path `doctorId` is required."}
2025-12-30 08:48:52::error::/v1/api/folder/createFolder::759094ff-6bbe-48a4-b3c9-6cdadaf5aaff::handler-error::{"status":500,"message":"Folder validation failed: doctorId: Path `doctorId` is required."}
2025-12-30 08:48:53::error::/v1/api/folder/createFolder::bb4f223d-fbde-4580-b59e-a3217297538a::handler-error::{"status":500,"message":"Folder validation failed: doctorId: Path `doctorId` is required."}
2025-12-30 08:49:04::error::/v1/api/folder/createFolder::37ce3c7d-d2d6-4ae1-9763-705ad2c038c4::handler-error::{"status":500,"message":"Folder validation failed: doctorId: Path `doctorId` is required."}
2025-12-30 08:49:04::error::/v1/api/folder/createFolder::9e4d4806-5b91-4438-879f-64ff3ee9015b::handler-error::{"status":500,"message":"Folder validation failed: doctorId: Path `doctorId` is required."}
2025-12-30 08:49:04::error::/v1/api/folder/createFolder::d8d6d49b-c9e5-43fc-a99f-81c92b8b3b6a::handler-error::{"status":500,"message":"Folder validation failed: doctorId: Path `doctorId` is required."}
2025-12-30 08:49:21::error::/v1/api/folder/createFolder::385312be-675a-4157-b08d-3b167c06abc4::handler-error::{"status":500,"message":"Folder validation failed: doctorId: Path `doctorId` is required."}
2025-12-30 08:49:22::error::/v1/api/folder/createFolder::53282af6-71d0-4010-9b7d-f59fb8093496::handler-error::{"status":500,"message":"Folder validation failed: doctorId: Path `doctorId` is required."}
2025-12-30 08:49:22::error::/v1/api/folder/createFolder::3b763350-e02b-44ee-8590-9cfdb4e618e8::handler-error::{"status":500,"message":"Folder validation failed: doctorId: Path `doctorId` is required."}
2025-12-30 08:49:22::error::/v1/api/folder/createFolder::7647b7b5-112a-4e4d-92b2-0caec17b394f::handler-error::{"status":500,"message":"Folder validation failed: doctorId: Path `doctorId` is required."}
2025-12-30 08:49:22::error::/v1/api/folder/createFolder::448bd9c8-74de-4e32-8688-a11a9260fe2a::handler-error::{"status":500,"message":"Folder validation failed: doctorId: Path `doctorId` is required."}
2025-12-30 08:49:22::error::/v1/api/folder/createFolder::ce8b11bb-8d1a-4de8-8bfc-217debf6941e::handler-error::{"status":500,"message":"Folder validation failed: doctorId: Path `doctorId` is required."}
2025-12-30 08:49:23::error::/v1/api/folder/createFolder::be9b23a8-8aa5-4107-8ca7-5c258f626b26::handler-error::{"status":500,"message":"Folder validation failed: doctorId: Path `doctorId` is required."}
2025-12-30 08:49:23::error::/v1/api/folder/createFolder::bec19309-5c60-4f22-9717-e92379f155c5::handler-error::{"status":500,"message":"Folder validation failed: doctorId: Path `doctorId` is required."}
2025-12-30 08:49:23::error::/v1/api/folder/createFolder::fc44a100-6b7e-4849-b704-90d915f4e92b::handler-error::{"status":500,"message":"Folder validation failed: doctorId: Path `doctorId` is required."}
2025-12-30 08:49:23::error::/v1/api/folder/createFolder::2b62ebdb-b421-4c6b-9815-df44c9897cc4::handler-error::{"status":500,"message":"Folder validation failed: doctorId: Path `doctorId` is required."}
2025-12-30 08:49:23::error::/v1/api/folder/createFolder::8a84cc85-74a9-4e4c-9f74-94e2f25adaec::handler-error::{"status":500,"message":"Folder validation failed: doctorId: Path `doctorId` is required."}
2025-12-30 08:51:20::error::/v1/api/folder/readFolders::a4836c4e-ff0e-439c-aafe-eecfc1df1b3a::handler-error::{"status":401,"message":"Please login to continue"}
2025-12-30 08:51:20::error::/v1/api/user/me::0331d293-8710-4d67-ba95-a58562ee8deb::handler-error::{"status":403,"message":"Access token missing"}
2025-12-30 08:51:20::error::/v1/api/user/me::b5b43875-8eeb-4bae-83da-9a7aa667e231::handler-error::{"status":403,"message":"Access token missing"}
