2025-12-15 00:02:03::error::/v1/api/treatment/plan/693a8c925dbe463b3ad4c21a::caaa728d-1461-4e0c-b707-56299575ffae::handler-error::{"status":404,"message":"Not Found Route"}
2025-12-15 00:02:03::error::/v1/api/treatment/sessions/693a8c925dbe463b3ad4c21a::b7bca5ce-5400-403f-af26-1ea260c1fee1::handler-error::{"status":404,"message":"Not Found Route"}
2025-12-15 00:02:03::error::/v1/api/treatment/sessions/latest/693a8c925dbe463b3ad4c21a::96e04dec-13ec-429b-b19d-f1896d6c0050::handler-error::{"status":404,"message":"Not Found Route"}
2025-12-15 00:02:03::error::/v1/api/treatment/plan/693a8c925dbe463b3ad4c21a::b96467bd-4e49-4009-8a5b-40219279a9b7::handler-error::{"status":404,"message":"Not Found Route"}
2025-12-15 00:02:03::error::/v1/api/treatment/sessions/693a8c925dbe463b3ad4c21a::fbeea660-a6e5-4bb7-ac92-fb2d1a83c124::handler-error::{"status":404,"message":"Not Found Route"}
2025-12-15 00:02:03::error::/v1/api/treatment/sessions/latest/693a8c925dbe463b3ad4c21a::01824662-e918-49ba-85d4-6e3099c6e713::handler-error::{"status":404,"message":"Not Found Route"}
2025-12-15 00:35:55::error::/v1/api/treatment/plan/693a8c925dbe463b3ad4c21a::510e1367-6a3b-4330-bda5-37b8bf58e07b::handler-error::{"status":404,"message":"Not Found Route"}
2025-12-15 00:35:55::error::/v1/api/treatment/sessions/693a8c925dbe463b3ad4c21a::42e827eb-ac97-4439-ae70-f2127755ccfa::handler-error::{"status":404,"message":"Not Found Route"}
2025-12-15 00:35:55::error::/v1/api/treatment/sessions/latest/693a8c925dbe463b3ad4c21a::240efa8d-f4ff-4d81-8250-598f2ec014f5::handler-error::{"status":404,"message":"Not Found Route"}
2025-12-15 00:35:55::error::/v1/api/treatment/plan/693a8c925dbe463b3ad4c21a::2d5044b5-1e1a-4626-ba20-950efbd56f3a::handler-error::{"status":404,"message":"Not Found Route"}
2025-12-15 00:35:55::error::/v1/api/treatment/sessions/693a8c925dbe463b3ad4c21a::aac54fdc-725b-48bd-8e5f-05a4f07407a6::handler-error::{"status":404,"message":"Not Found Route"}
2025-12-15 00:35:55::error::/v1/api/treatment/sessions/latest/693a8c925dbe463b3ad4c21a::c4a60e4c-ecf0-4d5a-bbf0-ae3386571c32::handler-error::{"status":404,"message":"Not Found Route"}
2025-12-15 00:48:05::error::/v1/api/treatment/plan/693a8c925dbe463b3ad4c21a::968a51d4-5387-4da5-a791-e1d2544e2fe4::handler-error::{"status":404,"message":"Not Found Route"}
2025-12-15 00:48:05::error::/v1/api/treatment/sessions/693a8c925dbe463b3ad4c21a::89bcac58-22f4-4fb0-8976-2a0d94be31f3::handler-error::{"status":404,"message":"Not Found Route"}
2025-12-15 00:48:05::error::/v1/api/treatment/sessions/latest/693a8c925dbe463b3ad4c21a::c094d6c1-ae1f-434c-8113-e866d64b6cca::handler-error::{"status":404,"message":"Not Found Route"}
2025-12-15 00:48:05::error::/v1/api/treatment/plan/693a8c925dbe463b3ad4c21a::cafd17a0-65f0-4b6f-a5e4-ba0266f6b372::handler-error::{"status":404,"message":"Not Found Route"}
2025-12-15 00:48:05::error::/v1/api/treatment/sessions/693a8c925dbe463b3ad4c21a::eb55ef9b-bdaa-447c-8de2-56d82f86bf21::handler-error::{"status":404,"message":"Not Found Route"}
2025-12-15 00:48:05::error::/v1/api/treatment/sessions/latest/693a8c925dbe463b3ad4c21a::df0dd782-7f0e-4023-92b3-aa1df5ef13a7::handler-error::{"status":404,"message":"Not Found Route"}
2025-12-15 00:49:30::error::/v1/api/treatment/plan/693a8c925dbe463b3ad4c21a::36518a77-9184-42e7-b758-6fa076199509::handler-error::{"status":404,"message":"Not Found Route"}
2025-12-15 00:49:30::error::/v1/api/treatment/sessions/693a8c925dbe463b3ad4c21a::9f25374c-2e67-4aef-bfce-6b487efb66f3::handler-error::{"status":404,"message":"Not Found Route"}
2025-12-15 00:49:30::error::/v1/api/treatment/sessions/latest/693a8c925dbe463b3ad4c21a::a12a3513-c444-4442-9c8a-d921bd14b9c5::handler-error::{"status":404,"message":"Not Found Route"}
2025-12-15 00:49:30::error::/v1/api/treatment/plan/693a8c925dbe463b3ad4c21a::ab6382bb-de66-423c-8c2b-807fb4dd543c::handler-error::{"status":404,"message":"Not Found Route"}
2025-12-15 00:49:30::error::/v1/api/treatment/sessions/693a8c925dbe463b3ad4c21a::062ba937-54e6-4f65-907b-75dc2155f262::handler-error::{"status":404,"message":"Not Found Route"}
2025-12-15 00:49:30::error::/v1/api/treatment/sessions/latest/693a8c925dbe463b3ad4c21a::23300dbf-1789-4a2f-98cf-57df8148a3e2::handler-error::{"status":404,"message":"Not Found Route"}
2025-12-15 00:49:37::error::/v1/api/treatment/plan/693a8c925dbe463b3ad4c21a::4b40d1fc-851c-4a73-928f-aff3cc2af38c::handler-error::{"status":404,"message":"Not Found Route"}
2025-12-15 00:49:37::error::/v1/api/treatment/sessions/693a8c925dbe463b3ad4c21a::18b906c4-8e5b-42eb-9729-306c3486c208::handler-error::{"status":404,"message":"Not Found Route"}
2025-12-15 00:49:37::error::/v1/api/treatment/sessions/latest/693a8c925dbe463b3ad4c21a::d320367b-4938-4a5e-b881-eef9de428b08::handler-error::{"status":404,"message":"Not Found Route"}
2025-12-15 00:49:37::error::/v1/api/treatment/sessions/693a8c925dbe463b3ad4c21a::b6388cc0-4461-4ce8-b56b-0a7513487e9d::handler-error::{"status":404,"message":"Not Found Route"}
2025-12-15 00:49:37::error::/v1/api/treatment/plan/693a8c925dbe463b3ad4c21a::f829ab8e-ba76-4073-bb24-546adab932e0::handler-error::{"status":404,"message":"Not Found Route"}
2025-12-15 00:49:37::error::/v1/api/treatment/sessions/latest/693a8c925dbe463b3ad4c21a::37dca9a4-c988-472c-9fcf-4c8e7904ff4d::handler-error::{"status":404,"message":"Not Found Route"}
2025-12-15 00:52:02::error::/v1/api/treatment/plan/693a8c925dbe463b3ad4c21a::53a0eab7-ffcf-430e-8570-329ecc2a6a3f::handler-error::{"status":404,"message":"Not Found Route"}
2025-12-15 00:52:02::error::/v1/api/treatment/sessions/693a8c925dbe463b3ad4c21a::16532507-19ad-4a4d-bf34-2ac5aedd8cce::handler-error::{"status":404,"message":"Not Found Route"}
2025-12-15 00:52:02::error::/v1/api/treatment/sessions/latest/693a8c925dbe463b3ad4c21a::118cecb1-1e4d-42f3-9ced-3fea4a8a19a5::handler-error::{"status":404,"message":"Not Found Route"}
2025-12-15 00:52:02::error::/v1/api/treatment/plan/693a8c925dbe463b3ad4c21a::4ce0ef5e-8468-4c14-ad1e-90e2d1b0379a::handler-error::{"status":404,"message":"Not Found Route"}
2025-12-15 00:52:02::error::/v1/api/treatment/sessions/693a8c925dbe463b3ad4c21a::32ae608c-c080-42fa-a8d5-eb9cf3eeb3ca::handler-error::{"status":404,"message":"Not Found Route"}
2025-12-15 00:52:02::error::/v1/api/treatment/sessions/latest/693a8c925dbe463b3ad4c21a::41cef581-83d8-480e-bafe-3606eb0c55d5::handler-error::{"status":404,"message":"Not Found Route"}
2025-12-15 00:52:03::error::/v1/api/treatment/plan/693a8c925dbe463b3ad4c21a::10c0ab76-f8dc-4dc4-8a18-b3afe1ba1a9c::handler-error::{"status":404,"message":"Not Found Route"}
2025-12-15 00:52:03::error::/v1/api/treatment/sessions/693a8c925dbe463b3ad4c21a::d610b7ba-6037-4d20-9dcb-b765e1ad9770::handler-error::{"status":404,"message":"Not Found Route"}
2025-12-15 00:52:03::error::/v1/api/treatment/sessions/latest/693a8c925dbe463b3ad4c21a::797eff65-1337-4a2f-9059-fa31458ce924::handler-error::{"status":404,"message":"Not Found Route"}
2025-12-15 00:52:03::error::/v1/api/treatment/plan/693a8c925dbe463b3ad4c21a::a1764e9d-836c-4717-8a11-405a70a69e90::handler-error::{"status":404,"message":"Not Found Route"}
2025-12-15 00:52:03::error::/v1/api/treatment/sessions/693a8c925dbe463b3ad4c21a::80021fa6-63a9-405b-a24c-499b88570371::handler-error::{"status":404,"message":"Not Found Route"}
2025-12-15 00:52:03::error::/v1/api/treatment/sessions/latest/693a8c925dbe463b3ad4c21a::0e2ad88d-a796-4ae4-8673-fe61e02c58f0::handler-error::{"status":404,"message":"Not Found Route"}
2025-12-15 00:52:17::error::/v1/api/treatment/plan/693a8c925dbe463b3ad4c21a::e64278eb-7c93-4f1e-ad26-93d727673ff0::handler-error::{"status":404,"message":"Not Found Route"}
2025-12-15 00:52:17::error::/v1/api/treatment/sessions/693a8c925dbe463b3ad4c21a::6b88c41a-945c-4f2b-be9f-83ef809741bf::handler-error::{"status":404,"message":"Not Found Route"}
2025-12-15 00:52:17::error::/v1/api/treatment/sessions/latest/693a8c925dbe463b3ad4c21a::6d2478eb-5808-4db7-abe8-15caed36d85d::handler-error::{"status":404,"message":"Not Found Route"}
2025-12-15 00:52:17::error::/v1/api/treatment/sessions/latest/693a8c925dbe463b3ad4c21a::5bd64a69-e314-4a81-86d6-4876fadf24bc::handler-error::{"status":404,"message":"Not Found Route"}
2025-12-15 00:52:17::error::/v1/api/treatment/plan/693a8c925dbe463b3ad4c21a::de123ed9-235b-40ff-890a-ea351d5f67df::handler-error::{"status":404,"message":"Not Found Route"}
2025-12-15 00:52:17::error::/v1/api/treatment/sessions/693a8c925dbe463b3ad4c21a::dd65a776-9e10-4b2c-852f-895dada5994e::handler-error::{"status":404,"message":"Not Found Route"}
2025-12-15 00:52:18::error::/v1/api/treatment/plan/693a8c925dbe463b3ad4c21a::bbbf268c-20e8-4abc-8227-eefdd3b51890::handler-error::{"status":404,"message":"Not Found Route"}
2025-12-15 00:52:18::error::/v1/api/treatment/sessions/693a8c925dbe463b3ad4c21a::5a82512c-2bde-4cf7-b740-1323567a4d24::handler-error::{"status":404,"message":"Not Found Route"}
2025-12-15 00:52:18::error::/v1/api/treatment/sessions/latest/693a8c925dbe463b3ad4c21a::728a7701-5b71-42ab-8700-80e8f4a5ab51::handler-error::{"status":404,"message":"Not Found Route"}
2025-12-15 00:52:18::error::/v1/api/treatment/plan/693a8c925dbe463b3ad4c21a::33894092-24e9-44fd-8fd7-863f6c95cfe8::handler-error::{"status":404,"message":"Not Found Route"}
2025-12-15 00:52:18::error::/v1/api/treatment/sessions/693a8c925dbe463b3ad4c21a::f3352d3e-b31f-4bc5-98cf-e685a6698897::handler-error::{"status":404,"message":"Not Found Route"}
2025-12-15 00:52:18::error::/v1/api/treatment/sessions/latest/693a8c925dbe463b3ad4c21a::df0ef8e3-6781-42fb-804d-4d34abc1ddfb::handler-error::{"status":404,"message":"Not Found Route"}
2025-12-15 00:52:25::error::/v1/api/treatment/plan/693a8c925dbe463b3ad4c21a::9fc26298-0065-44d3-a29a-2ba766f35126::handler-error::{"status":404,"message":"Not Found Route"}
2025-12-15 00:52:25::error::/v1/api/treatment/sessions/693a8c925dbe463b3ad4c21a::ded160c5-117c-420f-abd1-9e8e81486840::handler-error::{"status":404,"message":"Not Found Route"}
2025-12-15 00:52:25::error::/v1/api/treatment/sessions/latest/693a8c925dbe463b3ad4c21a::39fb58bf-5cd7-425d-a45f-46325c5ff0aa::handler-error::{"status":404,"message":"Not Found Route"}
2025-12-15 00:52:25::error::/v1/api/treatment/plan/693a8c925dbe463b3ad4c21a::badc8aab-b184-4f64-bbd9-5ab8d5361e47::handler-error::{"status":404,"message":"Not Found Route"}
2025-12-15 00:52:25::error::/v1/api/treatment/sessions/693a8c925dbe463b3ad4c21a::a0176c18-fab3-4909-85b7-7b681d2d9b3f::handler-error::{"status":404,"message":"Not Found Route"}
2025-12-15 00:52:25::error::/v1/api/treatment/sessions/latest/693a8c925dbe463b3ad4c21a::9e1832bb-9508-4874-b3a7-c1f88c21f878::handler-error::{"status":404,"message":"Not Found Route"}
2025-12-15 00:52:43::error::/v1/api/treatment/plan/693a8c925dbe463b3ad4c21a::190f1d46-f4bf-4657-bc68-795b90f0b7f0::handler-error::{"status":404,"message":"Not Found Route"}
2025-12-15 00:52:43::error::/v1/api/treatment/plan/693a8c925dbe463b3ad4c21a::9692405e-a01e-43ef-9127-161d2bab5010::handler-error::{"status":404,"message":"Not Found Route"}
2025-12-15 00:52:43::error::/v1/api/treatment/sessions/693a8c925dbe463b3ad4c21a::b8774e24-c75a-45a0-9485-722f2c09c655::handler-error::{"status":404,"message":"Not Found Route"}
2025-12-15 00:52:43::error::/v1/api/treatment/sessions/latest/693a8c925dbe463b3ad4c21a::dfcadc74-b239-499d-b25f-1c032c6e5d50::handler-error::{"status":404,"message":"Not Found Route"}
2025-12-15 00:52:44::error::/v1/api/treatment/sessions/693a8c925dbe463b3ad4c21a::4682f3b6-769f-490a-a2be-749c9f5da25e::handler-error::{"status":404,"message":"Not Found Route"}
2025-12-15 00:52:44::error::/v1/api/treatment/sessions/latest/693a8c925dbe463b3ad4c21a::937a4ac8-3a26-4cf6-bbbd-c00a314bce87::handler-error::{"status":404,"message":"Not Found Route"}
2025-12-15 00:54:08::error::/v1/api/treatment/plan/693a8c925dbe463b3ad4c21a::6ab4e52d-bcde-4d54-bf24-424758b65e15::handler-error::{"status":404,"message":"Not Found Route"}
2025-12-15 00:54:08::error::/v1/api/treatment/sessions/693a8c925dbe463b3ad4c21a::c565ad78-b805-47ba-9b66-c93ac9f74a7d::handler-error::{"status":404,"message":"Not Found Route"}
2025-12-15 00:54:08::error::/v1/api/treatment/sessions/latest/693a8c925dbe463b3ad4c21a::aad2937c-403c-4026-b2f2-4a895af4fb3e::handler-error::{"status":404,"message":"Not Found Route"}
2025-12-15 00:54:08::error::/v1/api/treatment/plan/693a8c925dbe463b3ad4c21a::55d6a07a-652b-470f-8fac-9baff70e2c79::handler-error::{"status":404,"message":"Not Found Route"}
2025-12-15 00:54:08::error::/v1/api/treatment/sessions/693a8c925dbe463b3ad4c21a::846b2282-5c75-4d05-ba4c-4fec5ea3c343::handler-error::{"status":404,"message":"Not Found Route"}
2025-12-15 00:54:08::error::/v1/api/treatment/sessions/latest/693a8c925dbe463b3ad4c21a::712fec83-bbcc-4f2e-92e4-a1b548c856b0::handler-error::{"status":404,"message":"Not Found Route"}
2025-12-15 00:55:54::error::/v1/api/treatment/plan/693a8c925dbe463b3ad4c21a::45f481c8-dfa6-48a8-85c5-81f17d73c7a3::handler-error::{"status":404,"message":"Not Found Route"}
2025-12-15 00:55:54::error::/v1/api/treatment/sessions/693a8c925dbe463b3ad4c21a::be3f4c9d-15af-4587-96df-67072b26ebe4::handler-error::{"status":404,"message":"Not Found Route"}
2025-12-15 00:55:54::error::/v1/api/treatment/sessions/latest/693a8c925dbe463b3ad4c21a::d24a9be0-591c-406f-ab6d-4a35de613bf3::handler-error::{"status":404,"message":"Not Found Route"}
2025-12-15 00:56:01::error::/v1/api/treatment/plan/693a8c925dbe463b3ad4c21a::588a9ffb-d578-4660-8f23-57da2edb38a6::handler-error::{"status":404,"message":"Not Found Route"}
2025-12-15 00:56:01::error::/v1/api/treatment/sessions/693a8c925dbe463b3ad4c21a::e796eb4b-7c49-4b31-b456-bdc42a3ff8a6::handler-error::{"status":404,"message":"Not Found Route"}
2025-12-15 00:56:01::error::/v1/api/treatment/sessions/latest/693a8c925dbe463b3ad4c21a::08927609-f059-40d1-9260-f4ebd2dc2b65::handler-error::{"status":404,"message":"Not Found Route"}
2025-12-15 00:56:10::error::/v1/api/treatment/plan/693a8c925dbe463b3ad4c21a::9b271958-37e5-42f4-9984-6e1d94636cbc::handler-error::{"status":404,"message":"Not Found Route"}
2025-12-15 00:56:10::error::/v1/api/treatment/sessions/693a8c925dbe463b3ad4c21a::db9b34ea-3e7d-488a-8233-12f223dd0388::handler-error::{"status":404,"message":"Not Found Route"}
2025-12-15 00:56:10::error::/v1/api/treatment/sessions/latest/693a8c925dbe463b3ad4c21a::68e26907-54b8-41c7-a3ee-95171d490e9a::handler-error::{"status":404,"message":"Not Found Route"}
2025-12-15 00:56:34::error::/v1/api/patientRecord/693a8c925dbe463b3ad4c21a/treatment/sessions/latest::52b04944-cd60-451a-8464-d14cb686f08f::handler-error::{"status":404,"message":"Record not found"}
2025-12-15 00:56:34::error::/v1/api/patientRecord/693a8c925dbe463b3ad4c21a/treatment/plan::11841357-c55e-4c42-85c2-8aa819915a8b::handler-error::{"status":404,"message":"Record not found"}
2025-12-15 00:56:34::error::/v1/api/patientRecord/693a8c925dbe463b3ad4c21a/treatment/sessions::759b3e1d-727e-4144-bb0f-1dc1fbcc487c::handler-error::{"status":404,"message":"Record not found"}
2025-12-15 00:57:31::error::/v1/api/patientRecord/693a8c925dbe463b3ad4c21a/treatment/sessions::035969a5-d87c-4e3b-bd6c-36d16d52b7a0::handler-error::{"status":404,"message":"Record not found"}
2025-12-15 00:57:31::error::/v1/api/patientRecord/693a8c925dbe463b3ad4c21a/treatment/plan::399a3d39-3548-4cee-9876-b565364155eb::handler-error::{"status":404,"message":"Record not found"}
2025-12-15 00:57:31::error::/v1/api/patientRecord/693a8c925dbe463b3ad4c21a/treatment/sessions/latest::4af051f4-3689-4a94-b11c-25d88ae0f97b::handler-error::{"status":404,"message":"Record not found"}
2025-12-15 00:57:59::error::/v1/api/patientRecord/693a8c925dbe463b3ad4c21a/treatment/plan::7d0b9d75-9258-47ac-b811-e3f5ef61ac06::handler-error::{"status":404,"message":"Record not found"}
2025-12-15 00:57:59::error::/v1/api/patientRecord/693a8c925dbe463b3ad4c21a/treatment/sessions::c9d9f9e5-cf0b-4a81-8cf6-a86f69d7601a::handler-error::{"status":404,"message":"Record not found"}
2025-12-15 00:57:59::error::/v1/api/patientRecord/693a8c925dbe463b3ad4c21a/treatment/sessions/latest::e8fe1fde-d257-4269-b2fd-8a920825a597::handler-error::{"status":404,"message":"Record not found"}
2025-12-15 00:58:25::error::/v1/api/patientRecord/693a8c925dbe463b3ad4c21a/treatment/plan::b20e3c89-cac7-4700-8c6a-a120608cb76d::handler-error::{"status":404,"message":"Record not found"}
2025-12-15 00:58:25::error::/v1/api/patientRecord/693a8c925dbe463b3ad4c21a/treatment/sessions/latest::1c0e735b-437d-4190-bad1-a8e080ca1182::handler-error::{"status":404,"message":"Record not found"}
2025-12-15 00:58:25::error::/v1/api/patientRecord/693a8c925dbe463b3ad4c21a/treatment/sessions::2095c4fa-b088-4276-abea-c116f625e9bf::handler-error::{"status":404,"message":"Record not found"}
2025-12-15 00:59:16::error::/v1/api/patientRecord/693a8c925dbe463b3ad4c21a/treatment/plan::c202987e-09e1-4e2a-82ae-3203274c1654::handler-error::{"status":404,"message":"Record not found"}
2025-12-15 00:59:16::error::/v1/api/patientRecord/693a8c925dbe463b3ad4c21a/treatment/sessions::09f02f4e-17f5-486d-bb34-5ef4df8b500d::handler-error::{"status":404,"message":"Record not found"}
2025-12-15 00:59:16::error::/v1/api/patientRecord/693a8c925dbe463b3ad4c21a/treatment/sessions/latest::ee55059c-398a-4470-8ee5-ba4f8833f869::handler-error::{"status":404,"message":"Record not found"}
2025-12-15 00:59:16::error::/v1/api/patientRecord/693a8c925dbe463b3ad4c21a/treatment/plan::7f7a9dab-a56d-4d90-867e-492ccd772fab::handler-error::{"status":404,"message":"Record not found"}
2025-12-15 00:59:16::error::/v1/api/patientRecord/693a8c925dbe463b3ad4c21a/treatment/sessions::fbd973ab-02c6-4de1-b456-6f6959b0acab::handler-error::{"status":404,"message":"Record not found"}
2025-12-15 00:59:16::error::/v1/api/patientRecord/693a8c925dbe463b3ad4c21a/treatment/sessions/latest::adee3425-1ff6-4bd0-b0f7-899a00a6dd25::handler-error::{"status":404,"message":"Record not found"}
2025-12-15 01:00:01::error::/v1/api/treatment/plan/693a8c925dbe463b3ad4c21a::b970a520-37a8-44ae-985b-e2ea135afd04::handler-error::{"status":404,"message":"Not Found Route"}
2025-12-15 01:00:01::error::/v1/api/treatment/sessions/693a8c925dbe463b3ad4c21a::45b5113d-9797-426e-bdd1-2544e1143441::handler-error::{"status":404,"message":"Not Found Route"}
2025-12-15 01:00:01::error::/v1/api/treatment/sessions/latest/693a8c925dbe463b3ad4c21a::ac634863-fabc-4056-9357-168a3cdf5d80::handler-error::{"status":404,"message":"Not Found Route"}
2025-12-15 01:00:26::error::/v1/api/treatment/plan/693a8c925dbe463b3ad4c21a::7a167f4f-823a-4b19-9ae7-0f3368ea8038::handler-error::{"status":404,"message":"Not Found Route"}
2025-12-15 01:00:26::error::/v1/api/treatment/sessions/693a8c925dbe463b3ad4c21a::70d99898-7707-4472-a595-1badc1a4a783::handler-error::{"status":404,"message":"Not Found Route"}
2025-12-15 01:00:26::error::/v1/api/treatment/sessions/latest/693a8c925dbe463b3ad4c21a::4cbd39ae-b4ec-48cc-b4ea-0c54e41f45b3::handler-error::{"status":404,"message":"Not Found Route"}
2025-12-15 01:00:42::error::/v1/api/treatment/plan/693a8c925dbe463b3ad4c21a::71ec0530-15c3-446b-8ad3-ee8833fee648::handler-error::{"status":404,"message":"Not Found Route"}
2025-12-15 01:00:42::error::/v1/api/treatment/sessions/693a8c925dbe463b3ad4c21a::fa2a463a-dc1c-419b-8838-892258638966::handler-error::{"status":404,"message":"Not Found Route"}
2025-12-15 01:00:42::error::/v1/api/patientRecord/693a8c925dbe463b3ad4c21a/treatment/sessions/latest::cca7ecb9-df6f-4165-85e6-6c157ed3a523::handler-error::{"status":404,"message":"Record not found"}
2025-12-15 01:00:51::error::/v1/api/treatment/plan/693a8c925dbe463b3ad4c21a::615bf311-85af-439d-baa4-7cf73419acf3::handler-error::{"status":404,"message":"Not Found Route"}
2025-12-15 01:00:51::error::/v1/api/patientRecord/693a8c925dbe463b3ad4c21a/treatment/sessions::24148c16-0b90-49bf-bb75-d0d273c1368b::handler-error::{"status":404,"message":"Record not found"}
2025-12-15 01:00:51::error::/v1/api/patientRecord/693a8c925dbe463b3ad4c21a/treatment/sessions/latest::578a4389-50a4-43df-a0e6-5010119bbde1::handler-error::{"status":404,"message":"Record not found"}
2025-12-15 01:01:00::error::/v1/api/patientRecord/693a8c925dbe463b3ad4c21a/treatment/plan::dd9947d9-dd5b-4a32-9304-d121348b3c08::handler-error::{"status":404,"message":"Record not found"}
2025-12-15 01:01:00::error::/v1/api/patientRecord/693a8c925dbe463b3ad4c21a/treatment/sessions/latest::8c3fc0b6-b720-4a81-8302-72981cb01b30::handler-error::{"status":404,"message":"Record not found"}
2025-12-15 01:01:00::error::/v1/api/patientRecord/693a8c925dbe463b3ad4c21a/treatment/sessions::dad6ec6c-22c2-4bc9-b440-34fbb6c93fec::handler-error::{"status":404,"message":"Record not found"}
2025-12-15 01:01:42::error::/v1/api/patientRecord/693a8c925dbe463b3ad4c21a/treatment/plan::f070e7a5-7c52-4edf-9cf4-5c0c43056936::handler-error::{"status":404,"message":"Record not found"}
2025-12-15 01:01:42::error::/v1/api/patientRecord/693a8c925dbe463b3ad4c21a/treatment/sessions::15ce1189-a125-4f24-ba8b-ba2f4f766eb3::handler-error::{"status":404,"message":"Record not found"}
2025-12-15 01:01:42::error::/v1/api/patientRecord/693a8c925dbe463b3ad4c21a/treatment/sessions/latest::da451ff8-b765-4138-a7ba-dd96f6655d84::handler-error::{"status":404,"message":"Record not found"}
2025-12-15 01:02:08::error::/v1/api/patientRecord/693a8c925dbe463b3ad4c21a/treatment/plan::8a70b34c-1eb0-49ce-8db8-910823a5e3a9::handler-error::{"status":404,"message":"Record not found"}
2025-12-15 01:02:08::error::/v1/api/patientRecord/693a8c925dbe463b3ad4c21a/treatment/sessions::27b3390f-57e1-4308-9ae0-456d7f140d54::handler-error::{"status":404,"message":"Record not found"}
2025-12-15 01:02:08::error::/v1/api/patientRecord/693a8c925dbe463b3ad4c21a/treatment/sessions/latest::c20048bd-ec85-4067-9570-f0713121044f::handler-error::{"status":404,"message":"Record not found"}
2025-12-15 01:02:11::error::/v1/api/patientRecord/693a8c925dbe463b3ad4c21a/treatment/plan::610133e0-62de-4813-b355-9c1f0bd3b16e::handler-error::{"status":404,"message":"Record not found"}
2025-12-15 01:02:11::error::/v1/api/patientRecord/693a8c925dbe463b3ad4c21a/treatment/sessions::35b49391-19b9-4ace-8d23-f3736262e6b3::handler-error::{"status":404,"message":"Record not found"}
2025-12-15 01:02:11::error::/v1/api/patientRecord/693a8c925dbe463b3ad4c21a/treatment/sessions/latest::d1a71bbc-bbd8-4786-83fc-aa4cc7bbe76a::handler-error::{"status":404,"message":"Record not found"}
2025-12-15 01:02:11::error::/v1/api/patientRecord/693a8c925dbe463b3ad4c21a/treatment/plan::3575f1fe-b914-429d-bf17-fdff8f991467::handler-error::{"status":404,"message":"Record not found"}
2025-12-15 01:02:11::error::/v1/api/patientRecord/693a8c925dbe463b3ad4c21a/treatment/sessions::9e8537ac-949c-41e3-9984-ecda77cdc969::handler-error::{"status":404,"message":"Record not found"}
2025-12-15 01:02:11::error::/v1/api/patientRecord/693a8c925dbe463b3ad4c21a/treatment/sessions/latest::688e8ecc-0c02-4571-9c1d-2fe5309eda5a::handler-error::{"status":404,"message":"Record not found"}
2025-12-15 01:04:02::error::/v1/api/patientRecord/693a8c925dbe463b3ad4c21a/treatment/sessions::87e7ba0e-adc5-4e75-8de6-10d5df4f81d1::handler-error::{"status":404,"message":"Record not found"}
2025-12-15 01:04:02::error::/v1/api/patientRecord/693a8c925dbe463b3ad4c21a/treatment/plan::0c761978-4d85-4350-8378-c99a7b4d9a34::handler-error::{"status":404,"message":"Record not found"}
2025-12-15 01:04:02::error::/v1/api/patientRecord/693a8c925dbe463b3ad4c21a/treatment/sessions/latest::1a33e8a8-9ffc-4241-93ec-a84267ec00af::handler-error::{"status":404,"message":"Record not found"}
2025-12-15 01:04:19::error::/v1/api/patientRecord/693a8c925dbe463b3ad4c21a/treatment/plan::6eb28fec-17d1-4f05-8a64-abce63bed795::handler-error::{"status":404,"message":"Record not found"}
2025-12-15 01:04:19::error::/v1/api/patientRecord/693a8c925dbe463b3ad4c21a/treatment/sessions/latest::eaf137fb-d929-46e2-b351-706e43f46fd2::handler-error::{"status":404,"message":"Record not found"}
2025-12-15 01:04:19::error::/v1/api/patientRecord/693a8c925dbe463b3ad4c21a/treatment/sessions::dfe2e196-92b6-4d31-9286-e9e7673904e9::handler-error::{"status":404,"message":"Record not found"}
2025-12-15 01:04:22::error::/v1/api/patientRecord/693a8c925dbe463b3ad4c21a/treatment/plan::a1559eca-2915-4884-a897-a2d2873a2520::handler-error::{"status":404,"message":"Record not found"}
2025-12-15 01:04:22::error::/v1/api/patientRecord/693a8c925dbe463b3ad4c21a/treatment/sessions::b9010f01-808c-4cd5-ab40-735607cbc173::handler-error::{"status":404,"message":"Record not found"}
2025-12-15 01:04:22::error::/v1/api/patientRecord/693a8c925dbe463b3ad4c21a/treatment/sessions/latest::f3648b30-ea86-41ac-87ae-e21afb71d607::handler-error::{"status":404,"message":"Record not found"}
2025-12-15 01:04:22::error::/v1/api/patientRecord/693a8c925dbe463b3ad4c21a/treatment/plan::808df829-c1f2-4cec-b314-842483cd048e::handler-error::{"status":404,"message":"Record not found"}
2025-12-15 01:04:22::error::/v1/api/patientRecord/693a8c925dbe463b3ad4c21a/treatment/sessions::7c5c80d3-ee6c-476f-a983-b0ae98faeb9f::handler-error::{"status":404,"message":"Record not found"}
2025-12-15 01:04:22::error::/v1/api/patientRecord/693a8c925dbe463b3ad4c21a/treatment/sessions/latest::046712fc-81b6-43b4-868e-b736c0d575ed::handler-error::{"status":404,"message":"Record not found"}
2025-12-15 01:08:05::error::/v1/api/patientRecord/693a8c925dbe463b3ad4c21a/treatment/plan::b86b624a-bc60-4cb8-b74e-efc51f8380bc::handler-error::{"status":500,"message":"recordId is not defined"}
2025-12-15 01:08:05::error::/v1/api/patientRecord/693a8c925dbe463b3ad4c21a/treatment/sessions::77694652-26fb-4503-97cb-741f2b53582f::handler-error::{"status":500,"message":"recordId is not defined"}
2025-12-15 01:08:05::error::/v1/api/patientRecord/693a8c925dbe463b3ad4c21a/treatment/sessions/latest::82fcffa5-dea2-4dbf-9371-7d57e32a4e03::handler-error::{"status":500,"message":"recordId is not defined"}
2025-12-15 01:08:05::error::/v1/api/patientRecord/693a8c925dbe463b3ad4c21a/treatment/plan::a0732db7-018a-4cd1-a0fc-c791fbfbeef1::handler-error::{"status":500,"message":"recordId is not defined"}
2025-12-15 01:08:05::error::/v1/api/patientRecord/693a8c925dbe463b3ad4c21a/treatment/sessions::2c936712-1a0c-4669-bfcb-1e1f7e7c701c::handler-error::{"status":500,"message":"recordId is not defined"}
2025-12-15 01:08:05::error::/v1/api/patientRecord/693a8c925dbe463b3ad4c21a/treatment/sessions/latest::35d0608d-7a94-4b9c-ba67-61c32137f8ef::handler-error::{"status":500,"message":"recordId is not defined"}
2025-12-15 01:13:20::error::/v1/api/patientRecord/693a8c925dbe463b3ad4c21a/treatment/plan::da816d73-220c-4d4c-9ad1-8cb2d0b4b8a8::handler-error::{"status":500,"message":"recordId is not defined"}
2025-12-15 01:13:20::error::/v1/api/patientRecord/693a8c925dbe463b3ad4c21a/treatment/sessions::6c8bbe48-e246-49e1-9adc-e0583fbffa6b::handler-error::{"status":500,"message":"recordId is not defined"}
2025-12-15 01:13:20::error::/v1/api/patientRecord/693a8c925dbe463b3ad4c21a/treatment/sessions/latest::de755a71-7a10-4624-9c8d-75b73f436e42::handler-error::{"status":500,"message":"recordId is not defined"}
2025-12-15 01:13:20::error::/v1/api/patientRecord/693a8c925dbe463b3ad4c21a/treatment/plan::14a5b013-4f43-48fe-90a4-a37d4e6ca421::handler-error::{"status":500,"message":"recordId is not defined"}
2025-12-15 01:13:20::error::/v1/api/patientRecord/693a8c925dbe463b3ad4c21a/treatment/sessions::d290b484-1068-49be-8336-a64608f1e10e::handler-error::{"status":500,"message":"recordId is not defined"}
2025-12-15 01:13:20::error::/v1/api/patientRecord/693a8c925dbe463b3ad4c21a/treatment/sessions/latest::7f00add7-2560-4cba-b8a7-022ea22ff47c::handler-error::{"status":500,"message":"recordId is not defined"}
2025-12-15 01:41:52::error::/v1/api/patientRecord/updatePatientRecord/693a8c925dbe463b3ad4c223::1286f9fe-5c14-4daa-a8f4-481bb30a8e5a::handler-error::{"status":500,"message":"PatientRecord validation failed: symptoms.0: Cast to [string] failed for value \"[\\n' +\n  '  {\\n' +\n  \"    name: 'Nerd',\\n\" +\n  \"    sign: 'Fan MU',\\n\" +\n  '    date: 2025-12-12T00:00:00.000Z,\\n' +\n  \"    status: 'Active',\\n\" +\n  \"    _id: new ObjectId('693d9f670340f59624bedbe5')\\n\" +\n  '  },\\n' +\n  '  {\\n' +\n  \"    name: 'FA',\\n\" +\n  \"    sign: 'No girlfriend',\\n\" +\n  '    date: 2025-12-12T00:00:00.000Z,\\n' +\n  \"    status: 'Active',\\n\" +\n  \"    _id: new ObjectId('693d9f670340f59624bedbe6')\\n\" +\n  '  },\\n' +\n  '  {\\n' +\n  \"    name: 'LGBT',\\n\" +\n  \"    sign: 'Not interested in women',\\n\" +\n  '    date: 2025-12-13T00:00:00.000Z,\\n' +\n  \"    status: 'Active',\\n\" +\n  \"    _id: new ObjectId('693d9f670340f59624bedbe7')\\n\" +\n  '  }\\n' +\n  ']\" (type string) at path \"symptoms.0\" because of \"CastError\""}
