2025-12-25 10:15:58::info::/v1/api/user/me::860789c2-0291-4257-8ce8-4388239aa9ff::input-params ::GET::::{}
2025-12-25 10:15:58::info::/v1/api/user/me::b3fd7027-ac74-4fcc-ad6d-a2cf4f89d86b::input-params ::GET::::{}
2025-12-25 10:16:00::info::/v1/api/folder/readFolders::ec68fa8d-1bbc-489e-b54e-083a30231d38::input-params ::GET::::{}
2025-12-25 10:16:00::info::/v1/api/folder/readFolders::46d51bb1-305e-4f99-948d-5545d6c20315::input-params ::GET::::{}
2025-12-25 10:16:01::info::/v1/api/folder/readFolder/69496be99bc2fb43a6df32ae::4c0d44d4-d5d4-43bd-9fb6-e88e23bb6e25::input-params ::GET::::{}
2025-12-25 10:16:01::info::/v1/api/folder/readFolder/69496be99bc2fb43a6df32ae::39034796-6ac8-439a-9969-de518b6dfcf0::input-params ::GET::::{}
2025-12-25 13:04:19::info::/v1/api/folder/readFolder/69496be99bc2fb43a6df32ae::ef88232c-1dc1-4b40-8ad2-d193da751a86::input-params ::GET::::{}
2025-12-25 13:04:19::info::/v1/api/user/me::c3ec6fee-dc15-427a-b5ba-8265eac6e6cd::input-params ::GET::::{}
2025-12-25 13:04:20::info::/v1/api/user/me::194cc6b5-da7d-4048-81ac-7b1f0912335e::input-params ::GET::::{}
2025-12-25 13:04:21::info::/v1/api/folder/readFolder/69496be99bc2fb43a6df32ae::2a4c559e-741d-43b9-aeaf-7f0bb62bb7e3::input-params ::GET::::{}
2025-12-25 17:38:56::info::/v1/api/folder/readFolders::efdc9bd1-e4a3-4e8f-9f2f-599af182cec4::input-params ::GET::::{}
2025-12-25 17:38:57::info::/v1/api/folder/readFolders::f92a64b4-ca66-4bce-9e70-622a21bf9c8b::input-params ::GET::::{}
2025-12-25 17:39:00::info::/v1/api/conversation/readConversations::11bc322a-396c-4b25-b63e-dc85c685b2ab::input-params ::GET::::{}
2025-12-25 17:39:00::info::/v1/api/conversation/readConversations::7eb0b240-b5ac-4f8f-9d3a-f3015afb49cd::input-params ::GET::::{}
2025-12-25 17:39:01::info::/v1/api/folder/readFolders::b693cd2b-aabc-421b-be05-58a51156093a::input-params ::GET::::{}
2025-12-25 17:39:02::info::/v1/api/folder/readFolders::6def7dfa-d00d-492f-bb2a-b023852eac05::input-params ::GET::::{}
2025-12-25 17:39:03::info::/v1/api/folder/readFolder/69496be99bc2fb43a6df32ae::13dfec3f-5166-4ba3-b3d9-cde2b4720179::input-params ::GET::::{}
2025-12-25 17:39:03::info::/v1/api/folder/readFolder/69496be99bc2fb43a6df32ae::b11bc62f-8b6f-4545-bc0c-c3ac25d4f515::input-params ::GET::::{}
2025-12-25 17:39:05::info::/v1/api/patientRecord/readPatientRecord/69496bfe9bc2fb43a6df32bd::688020d4-e718-4e72-8c12-5b9183241aca::input-params ::GET::::{}
2025-12-25 17:39:06::info::/v1/api/patientRecord/readPatientRecord/69496bfe9bc2fb43a6df32bd::1d641f91-ca27-431a-98c6-bd27b88a2864::input-params ::GET::::{}
2025-12-25 17:39:17::info::/v1/api/patientRecord/updatePatientRecord/69496bff9bc2fb43a6df32c6::e27de58f-5ee3-4075-9d2b-91383e885151::input-params ::PATCH::::{"recordId":"69496bff9bc2fb43a6df32c6","_id":"69496bff9bc2fb43a6df32c6","email":"bunboforever@gmail.com","fullName":"Pháp Lu","phone":"0399091516","address":"RMIT","dob":"2004-04-24T00:00:00.000Z","gender":"female","birthday":"2004-04-24","doctorId":"69494ac882130873b5b05529","patientId":"69496bfe9bc2fb43a6df32bd","folderId":"69496be99bc2fb43a6df32ae","title":"Initial Intake Record","recordType":"assessment","symptoms":[],"diagnosis":"","moodLevel":null,"treatmentPlan":"","attachments":[],"caregiverNotes":"","doctorNotes":"","visibility":"doctor_only","treatmentSessions":[],"treatmentSections":[],"medications":[],"createdAt":"2025-12-22T16:04:15.048Z","updatedAt":"2025-12-22T16:04:15.048Z","__v":0,"latestSession":null,"age":21}
2025-12-25 17:39:31::info::/v1/api/patientRecord/readPatientRecord/69496bfe9bc2fb43a6df32bd::693ea68e-bfb5-411a-8e4a-0b6049a0550c::input-params ::GET::::{}
2025-12-25 17:39:31::info::/v1/api/patientRecord/readPatientRecord/69496bfe9bc2fb43a6df32bd::52b68b2f-b8bc-4a41-9b4d-20cc0e883312::input-params ::GET::::{}
2025-12-25 17:39:33::info::/v1/api/patientRecord/readPatientRecord/69496bfe9bc2fb43a6df32bd::87b6315e-0b7e-48d7-9c9f-ace3fb704e81::input-params ::GET::::{}
2025-12-25 17:39:33::info::/v1/api/patientRecord/readPatientRecord/69496bfe9bc2fb43a6df32bd::1c61776d-5f61-4f66-a126-34948a41dc8e::input-params ::GET::::{}
2025-12-25 17:56:15::info::/v1/api/patientRecord/readPatientRecord/69496bfe9bc2fb43a6df32bd::3cfb9125-0b20-4fad-a53e-8f012e61e1e2::input-params ::GET::::{}
2025-12-25 17:56:15::info::/v1/api/patientRecord/readPatientRecord/69496bfe9bc2fb43a6df32bd::5807f26d-a5ec-4829-ba63-df067f3270de::input-params ::GET::::{}
2025-12-25 17:56:16::info::/v1/api/patientRecord/readPatientRecord/69496bfe9bc2fb43a6df32bd::ff8554e2-e9ee-4af1-83a1-d309c165629f::input-params ::GET::::{}
2025-12-25 17:56:17::info::/v1/api/patientRecord/readPatientRecord/69496bfe9bc2fb43a6df32bd::d334cb47-7f1c-4f4d-9fbf-d75b19bf022a::input-params ::GET::::{}
2025-12-25 18:01:30::info::/v1/api/patientRecord/readPatientRecord/69496bfe9bc2fb43a6df32bd::9d91894d-ac5c-41f6-8f10-6fa43ee484ad::input-params ::GET::::{}
2025-12-25 18:01:30::info::/v1/api/user/me::f46f2271-221f-43ff-8b34-82fdd15b97c1::input-params ::GET::::{}
2025-12-25 18:01:30::info::/v1/api/patientRecord/readPatientRecord/69496bfe9bc2fb43a6df32bd::63d4837b-4aea-49a4-9dbe-016e0a190cfb::input-params ::GET::::{}
2025-12-25 18:01:30::info::/v1/api/user/me::41966faa-3313-4c8e-8c26-a2198b4d5ca0::input-params ::GET::::{}
2025-12-25 18:01:33::info::/v1/api/patientRecord/readPatientRecord/69496bfe9bc2fb43a6df32bd::1d5e0309-d014-4750-94e7-1f77706afdb9::input-params ::GET::::{}
2025-12-25 18:01:33::info::/v1/api/patientRecord/readPatientRecord/69496bfe9bc2fb43a6df32bd::1a0fa512-4d91-49ea-9ec0-a24b90df61dd::input-params ::GET::::{}
2025-12-25 18:01:34::info::/v1/api/patientRecord/readPatientRecord/69496bfe9bc2fb43a6df32bd::bba8a580-c1cb-4a9b-81cb-c0c9532a9dcf::input-params ::GET::::{}
2025-12-25 18:01:35::info::/v1/api/patientRecord/readPatientRecord/69496bfe9bc2fb43a6df32bd::a300863d-48f4-4a22-a76b-52de8e76b1fd::input-params ::GET::::{}
2025-12-25 18:04:19::info::/v1/api/patientRecord/readPatientRecord/69496bfe9bc2fb43a6df32bd::bddbc77f-649d-49b0-bdeb-ca16e6425ea9::input-params ::GET::::{}
2025-12-25 18:04:19::info::/v1/api/patientRecord/readPatientRecord/69496bfe9bc2fb43a6df32bd::9e98d0d4-f7f4-484c-89be-8467357a8fef::input-params ::GET::::{}
2025-12-25 18:04:23::info::/v1/api/patientRecord/readPatientRecord/69496bfe9bc2fb43a6df32bd::b73d063d-7f45-4557-be01-d139a72758fd::input-params ::GET::::{}
2025-12-25 18:04:24::info::/v1/api/patientRecord/readPatientRecord/69496bfe9bc2fb43a6df32bd::767da5db-a132-434d-be1e-2f95d2329f17::input-params ::GET::::{}
2025-12-25 18:04:55::info::/v1/api/patientRecord/readPatientRecord/69496bfe9bc2fb43a6df32bd::41836ae3-8366-48eb-b2cd-483ba1b4e570::input-params ::GET::::{}
2025-12-25 18:04:55::info::/v1/api/patientRecord/readPatientRecord/69496bfe9bc2fb43a6df32bd::f3df5dde-0591-4b76-9bc8-f5c032467e3e::input-params ::GET::::{}
2025-12-25 18:04:59::info::/v1/api/patientRecord/readPatientRecord/69496bfe9bc2fb43a6df32bd::a15cdfd6-8c94-46f3-aa77-ccf2de57b73d::input-params ::GET::::{}
2025-12-25 18:04:59::info::/v1/api/patientRecord/readPatientRecord/69496bfe9bc2fb43a6df32bd::8c6a9805-6eee-4cb4-9ee3-d2d8efc2c207::input-params ::GET::::{}
2025-12-25 18:05:03::info::/v1/api/patientRecord/readPatientRecord/69496bfe9bc2fb43a6df32bd::ccc1d4b4-1e25-412a-9084-129badd634b1::input-params ::GET::::{}
2025-12-25 18:05:03::info::/v1/api/patientRecord/readPatientRecord/69496bfe9bc2fb43a6df32bd::b6243bc6-4d45-4e25-abe1-7f330a9d930e::input-params ::GET::::{}
2025-12-25 18:05:06::info::/v1/api/patientRecord/readPatientRecord/69496bfe9bc2fb43a6df32bd::adae38c3-d623-4c51-897b-ec1afa4de671::input-params ::GET::::{}
2025-12-25 18:05:06::info::/v1/api/patientRecord/readPatientRecord/69496bfe9bc2fb43a6df32bd::40d16090-1dd1-478d-bef2-bc49e81de2bd::input-params ::GET::::{}
2025-12-25 18:05:08::info::/v1/api/patientRecord/readPatientRecord/69496bfe9bc2fb43a6df32bd::b13ce983-93ae-406e-bba2-1e7286aa1169::input-params ::GET::::{}
2025-12-25 18:05:08::info::/v1/api/patientRecord/readPatientRecord/69496bfe9bc2fb43a6df32bd::d000e546-e279-4fb3-b915-a37fc9995465::input-params ::GET::::{}
2025-12-25 18:05:12::info::/v1/api/patientRecord/readPatientRecord/69496bfe9bc2fb43a6df32bd::848e090c-961a-4bdb-b695-b533a25d56e0::input-params ::GET::::{}
2025-12-25 18:05:12::info::/v1/api/patientRecord/readPatientRecord/69496bfe9bc2fb43a6df32bd::ebc5213e-271f-42f1-adf3-2b53e8b9ce54::input-params ::GET::::{}
2025-12-25 18:05:13::info::/v1/api/patientRecord/readPatientRecord/69496bfe9bc2fb43a6df32bd::a11c03ee-445d-48d2-9bdb-2fe66a350456::input-params ::GET::::{}
2025-12-25 18:05:13::info::/v1/api/patientRecord/readPatientRecord/69496bfe9bc2fb43a6df32bd::fc31a284-ce41-469f-a50f-11defce09f78::input-params ::GET::::{}
2025-12-25 18:05:17::info::/v1/api/patientRecord/readPatientRecord/69496bfe9bc2fb43a6df32bd::dbf610a5-e236-4f99-8299-34a473eb3b8b::input-params ::GET::::{}
2025-12-25 18:05:17::info::/v1/api/patientRecord/readPatientRecord/69496bfe9bc2fb43a6df32bd::751d716a-87b0-4176-bc68-52a43f92fe53::input-params ::GET::::{}
2025-12-25 18:06:05::info::/v1/api/patientRecord/readPatientRecord/69496bfe9bc2fb43a6df32bd::1bafaf2b-464d-4873-86e6-05571aede81a::input-params ::GET::::{}
2025-12-25 18:06:06::info::/v1/api/patientRecord/updatePatientRecord/69496bff9bc2fb43a6df32c6::0a25685b-1695-43ba-918f-e557a2253edf::input-params ::PATCH::::{"treatmentSessions":[{"id":"sess-1766660766190","date":"2025-12-25","focus":"giống thằng tuấn","symptoms":[{"id":"sym-1766660723536","name":"khùng","sign":"khùng","date":"2025-12-25","status":"Active"}],"phq9":12,"gad7":12,"severity":5,"risk":"Low","stage":"Stage 1: Stabilization &amp; coping skills","status":"Stage 1: Stabilization &amp; coping skills","note":"giống pháp lưu","result":"giống thằng tuấn","treatment":"giống anh hy"}],"treatmentSections":[{"id":"sess-1766660766190","date":"2025-12-25","focus":"giống thằng tuấn","symptoms":[{"id":"sym-1766660723536","name":"khùng","sign":"khùng","date":"2025-12-25","status":"Active"}],"phq9":12,"gad7":12,"severity":5,"risk":"Low","stage":"Stage 1: Stabilization &amp; coping skills","status":"Stage 1: Stabilization &amp; coping skills","note":"giống pháp lưu","result":"giống thằng tuấn","treatment":"giống anh hy"}]}
2025-12-25 18:06:06::info::/v1/api/patientRecord/readPatientRecord/69496bfe9bc2fb43a6df32bd::cd7f421b-9cb3-4367-97e0-d80fba62e9ca::input-params ::GET::::{}
2025-12-25 18:06:06::info::/v1/api/patientRecord/readPatientRecord/69496bfe9bc2fb43a6df32bd::31375237-41ef-48e3-b9b6-a75fd80d3faa::input-params ::GET::::{}
2025-12-25 18:06:13::info::/v1/api/patientRecord/readPatientRecord/69496bfe9bc2fb43a6df32bd::8ca1e765-64a0-453a-9b12-b98c0ce7407f::input-params ::GET::::{}
2025-12-25 18:06:13::info::/v1/api/patientRecord/readPatientRecord/69496bfe9bc2fb43a6df32bd::27fd22df-e0d4-4bcc-b4f8-7a869a80a677::input-params ::GET::::{}
2025-12-25 18:20:31::info::/v1/api/patientRecord/readPatientRecord/69496bfe9bc2fb43a6df32bd::fc6692a1-b8d6-4cb8-b183-a65f60b7ce7e::input-params ::GET::::{}
2025-12-25 18:20:31::info::/v1/api/user/me::31be8e8e-04ec-4162-bbd8-483000eecd58::input-params ::GET::::{}
2025-12-25 18:20:31::info::/v1/api/user/me::a5ef5064-af84-43a7-ad5c-c358d6f94755::input-params ::GET::::{}
2025-12-25 18:20:31::info::/v1/api/patientRecord/readPatientRecord/69496bfe9bc2fb43a6df32bd::f13d46eb-20e8-4e9f-a9ea-fbfe5ae5803b::input-params ::GET::::{}
2025-12-25 18:20:45::info::/v1/api/folder/readFolders::93f68724-ba00-40b2-b672-9fa44375e47f::input-params ::GET::::{}
2025-12-25 18:20:46::info::/v1/api/folder/readFolders::780816e6-2ee9-41c9-b46c-adf9f427b150::input-params ::GET::::{}
2025-12-25 18:20:47::info::/v1/api/folder/readFolder/69496be99bc2fb43a6df32ae::0b873a60-d8ec-455d-952d-25ab390ce871::input-params ::GET::::{}
2025-12-25 18:20:47::info::/v1/api/folder/readFolder/69496be99bc2fb43a6df32ae::0ab4cddd-a65a-4e1a-8484-156cfe96f7a1::input-params ::GET::::{}
2025-12-25 18:20:48::info::/v1/api/patientRecord/readPatientRecord/69496bfe9bc2fb43a6df32bd::241838cb-6983-40ab-b041-454ec66e5ec3::input-params ::GET::::{}
2025-12-25 18:20:48::info::/v1/api/patientRecord/readPatientRecord/69496bfe9bc2fb43a6df32bd::941494ac-4ba0-46a3-a6dc-d694a4e3bd9e::input-params ::GET::::{}
2025-12-25 18:21:01::info::/v1/api/patientRecord/readPatientRecord/69496bfe9bc2fb43a6df32bd::23cbf528-2e42-4ea5-a345-e8d7fd63561e::input-params ::GET::::{}
2025-12-25 18:21:01::info::/v1/api/user/me::41414ddf-f216-41f3-b70f-27fc4283fc4c::input-params ::GET::::{}
2025-12-25 18:21:01::info::/v1/api/user/me::454ebd60-7ff9-41bb-abec-0fc190a9d6bb::input-params ::GET::::{}
2025-12-25 18:21:01::info::/v1/api/patientRecord/readPatientRecord/69496bfe9bc2fb43a6df32bd::d771f584-a385-4dc6-a6f3-326483b4cbfe::input-params ::GET::::{}
2025-12-25 18:24:32::info::/v1/api/user/me::954d282c-c5e9-4627-8cc5-fca493ee7989::input-params ::GET::::{}
2025-12-25 18:24:32::info::/v1/api/user/me::f4dadc82-5b60-4802-a684-df53238e343c::input-params ::GET::::{}
2025-12-25 18:24:39::info::/v1/api/folder/readFolder/PatientsProfilePage.jsx::82068a09-6169-416b-bd17-03e5468d03d0::input-params ::GET::::{}
2025-12-25 18:24:39::info::/v1/api/user/me::ab40e25e-295d-4e27-80b0-eaa86031453c::input-params ::GET::::{}
2025-12-25 18:24:39::error::/v1/api/folder/readFolder/PatientsProfilePage.jsx::82068a09-6169-416b-bd17-03e5468d03d0::handler-error::{"status":500,"message":"Cast to ObjectId failed for value \"PatientsProfilePage.jsx\" (type string) at path \"_id\" for model \"Folder\""}
2025-12-25 18:24:39::info::/v1/api/folder/readFolder/PatientsProfilePage.jsx::1f82cdd2-495d-4589-97a5-f21c6e247114::input-params ::GET::::{}
2025-12-25 18:24:39::info::/v1/api/user/me::bf7c9876-f8b9-4858-9909-cef6675c1d88::input-params ::GET::::{}
2025-12-25 18:24:39::error::/v1/api/folder/readFolder/PatientsProfilePage.jsx::1f82cdd2-495d-4589-97a5-f21c6e247114::handler-error::{"status":500,"message":"Cast to ObjectId failed for value \"PatientsProfilePage.jsx\" (type string) at path \"_id\" for model \"Folder\""}
2025-12-25 18:24:48::info::/v1/api/user/me::9602ad58-a5f6-4dde-aa7d-8b9469df39c2::input-params ::GET::::{}
2025-12-25 18:24:48::info::/v1/api/user/me::b78954cf-a9d0-4954-b430-ec37265ff7d9::input-params ::GET::::{}
2025-12-25 18:26:46::info::/v1/api/user/me::5c204aed-bc81-4f5c-a87f-cfc86997086f::input-params ::GET::::{}
2025-12-25 18:26:46::info::/v1/api/user/me::d5c4b7cc-f459-4810-a584-416cac5f448b::input-params ::GET::::{}
2025-12-25 18:27:41::info::/v1/api/user/me::640c5f2c-015b-4963-9a1e-742e8198a674::input-params ::GET::::{}
2025-12-25 18:27:41::info::/v1/api/user/me::88a8235b-4882-403b-831b-371b8246e80d::input-params ::GET::::{}
2025-12-25 18:27:57::info::/v1/api/user/me::7911196a-b19f-43a1-acd1-cfc26c3ae21c::input-params ::GET::::{}
2025-12-25 18:27:57::info::/v1/api/user/me::65c0ec58-ca2e-467b-b645-438be4a542b2::input-params ::GET::::{}
2025-12-25 18:28:23::info::/v1/api/user/me::7868b5d6-41ad-40f8-9c1e-70ef8938eaa4::input-params ::GET::::{}
2025-12-25 18:28:23::info::/v1/api/user/me::5174db03-8001-4c9f-8c0f-99aef0bb22b4::input-params ::GET::::{}
2025-12-25 18:28:32::info::/v1/api/user/me::ebc6483a-f32f-4c06-95b2-fcf16e2d15eb::input-params ::GET::::{}
2025-12-25 18:28:32::info::/v1/api/user/me::ccea5e5b-ac7e-4f43-9bca-ea7faac6f5d2::input-params ::GET::::{}
2025-12-25 18:29:16::info::/v1/api/user/me::1a5c3057-6e28-47c0-8f7a-b4db94921a33::input-params ::GET::::{}
2025-12-25 18:29:16::info::/v1/api/user/me::828ee26c-f9ac-4fe5-ab54-cab8799aaa55::input-params ::GET::::{}
2025-12-25 18:29:28::info::/v1/api/user/me::21ed350c-e79f-4e37-8b9c-84216c768f0c::input-params ::GET::::{}
2025-12-25 18:29:28::info::/v1/api/user/me::b04f1f1c-0eb7-4254-8b03-a2562abe24e8::input-params ::GET::::{}
2025-12-25 18:29:30::info::/v1/api/folder/readFolders::5060d736-2a6b-4733-b799-534f8df57ba2::input-params ::GET::::{}
2025-12-25 18:29:30::info::/v1/api/folder/readFolders::fa0155c0-7f4b-4120-a261-f6527a776c14::input-params ::GET::::{}
2025-12-25 18:29:39::info::/v1/api/user/me::f8671f23-900a-494b-a9c2-d713f10fa728::input-params ::GET::::{}
2025-12-25 18:29:40::info::/v1/api/user/me::900d18ed-a079-4c44-b519-5fe532f7bd5e::input-params ::GET::::{}
