2025-12-01 19:59:37::error::/v1/api/user/me::7ea52b82-b5b9-429e-968a-01859448184d::handler-error::{"status":500,"message":"Cannot set property query of #<IncomingMessage> which has only a getter"}
2025-12-01 19:59:37::error::/v1/api/user/me::eae0a5a6-593a-4c55-a57a-6dbc3db98c93::handler-error::{"status":500,"message":"Cannot set property query of #<IncomingMessage> which has only a getter"}
2025-12-01 20:24:25::error::/v1/api/auth/users/login::47802571-7124-4b1c-abc0-ed9f7f1ca37f::handler-error::{"status":500,"message":"Cannot set property query of #<IncomingMessage> which has only a getter"}
2025-12-01 20:26:55::error::/v1/api/user/me::3fce47f6-bc4b-47e6-a78d-ee401d4d7d90::handler-error::{"status":500,"message":"Cannot set property query of #<IncomingMessage> which has only a getter"}
2025-12-01 20:26:55::error::/v1/api/user/me::38b0a0b1-8d20-4cf8-ba55-6e3b550ea1d3::handler-error::{"status":500,"message":"Cannot set property query of #<IncomingMessage> which has only a getter"}
2025-12-01 20:27:04::error::/v1/api/auth/login::11865925-a944-4dd3-a109-ac5ac99937ff::handler-error::{"status":500,"message":"Cannot set property query of #<IncomingMessage> which has only a getter"}
2025-12-01 20:34:57::info::/v1/api/auth/login::f3eeba98-08ae-4519-b8b4-a406b087f3b1::input-params ::POST::::{"email":"phapluu2k5tqt@gmail.com","password":"PhapNhat987AZ@"}
2025-12-01 20:34:57::error::/v1/api/auth/login::f3eeba98-08ae-4519-b8b4-a406b087f3b1::handler-error::{"status":404,"message":"Not Found Route"}
2025-12-01 20:35:33::info::/v1/api/auth/login::71e679a6-8f0b-42c9-ae64-8748d8272b57::input-params ::POST::::{"email":"phapluu2k5tqt@gmail.com","password":"PhapNhat987AZ@"}
2025-12-01 20:35:33::error::/v1/api/auth/login::71e679a6-8f0b-42c9-ae64-8748d8272b57::handler-error::{"status":403,"message":"User not found"}
2025-12-01 20:35:57::info::/v1/api/user/me::b64d903d-52b0-4011-bf42-2f4fc2bb10a9::input-params ::GET::::{}
2025-12-01 20:35:57::error::/v1/api/user/me::b64d903d-52b0-4011-bf42-2f4fc2bb10a9::handler-error::{"status":404,"message":"Not Found Route"}
2025-12-01 20:35:57::info::/v1/api/user/me::230289cb-d348-4be9-8835-6e6c5f4bbf19::input-params ::GET::::{}
2025-12-01 20:35:57::error::/v1/api/user/me::230289cb-d348-4be9-8835-6e6c5f4bbf19::handler-error::{"status":404,"message":"Not Found Route"}
2025-12-01 21:02:50::info::/v1/api/auth/users/signUp::eca6a77b-91e1-49ff-a9d6-7767e7fa888e::input-params ::POST::::{"email":"phapluu2k5tqt@gmail.com","fullName":"Luu Quoc Phap","password":"PhapNhat987AZ@","clinicians":"1-5"}
2025-12-01 21:02:50::error::/v1/api/auth/users/signUp::eca6a77b-91e1-49ff-a9d6-7767e7fa888e::handler-error::{"status":404,"message":"Not Found Route"}
2025-12-01 21:03:05::info::/v1/api/auth/signUp::f06ea61c-819f-43eb-beea-f068f7818a36::input-params ::POST::::{"email":"phapluu2k5tqt@gmail.com","fullName":"Luu Quoc Phap","password":"PhapNhat987AZ@","clinicians":"1-5"}
2025-12-01 21:03:05::error::/v1/api/auth/signUp::f06ea61c-819f-43eb-beea-f068f7818a36::handler-error::{"status":500,"message":"minLength is not defined"}
2025-12-01 21:04:30::info::/v1/api/auth/signUp::8a842843-a3a0-4220-afa1-800e6dcf606c::input-params ::POST::::{"email":"phapluu2k5tqt@gmail.com","fullName":"Luu Quoc Phap","password":"PhapNhat987AZ@","clinicians":"1-5"}
2025-12-01 21:04:30::error::/v1/api/auth/signUp::8a842843-a3a0-4220-afa1-800e6dcf606c::handler-error::{"status":500,"message":"minLength is not defined"}
2025-12-01 21:27:22::info::/v1/api/auth/signUp::b37e818e-151d-4962-ba5e-59203355be33::input-params ::POST::::{"email":"phapluu2k5tqt@gmail.com","fullName":"Luu Quoc Phap","password":"PhapNhat987AZ@","clinicians":"1-5"}
2025-12-01 21:27:22::error::/v1/api/auth/signUp::b37e818e-151d-4962-ba5e-59203355be33::handler-error::{"status":500,"message":"isValidPassword is not defined"}
2025-12-01 21:27:54::info::/v1/api/auth/signUp::79482d4e-5399-4b50-8c85-f7b8c1bea9ed::input-params ::POST::::{"email":"phapluu2k5tqt@gmail.com","fullName":"Luu Quoc Phap","password":"PhapNhat987AZ@","clinicians":"1-5"}
2025-12-01 21:27:56::error::/v1/api/auth/signUp::79482d4e-5399-4b50-8c85-f7b8c1bea9ed::handler-error::{"status":403,"message":"Invalid password"}
2025-12-01 21:28:41::info::/v1/api/auth/signUp::0faa917a-5127-4d44-b800-0eb2f18ecc47::input-params ::POST::::{"email":"phapluu2k5tqt@gmail.com","fullName":"Luu Quoc Phap","password":"PhapNhat987AZ@","clinicians":"1-5"}
2025-12-01 21:28:41::error::/v1/api/auth/signUp::0faa917a-5127-4d44-b800-0eb2f18ecc47::handler-error::{"status":403,"message":"Invalid password"}
2025-12-01 21:29:00::info::/v1/api/auth/signUp::78bed3b2-aa25-4ed7-a4f5-e11a242cba27::input-params ::POST::::{"email":"phapluu2k5tqt@gmail.com","fullName":"Luu Quoc Phap","password":"PhapNhat987AZ@","clinicians":"1-5"}
2025-12-01 21:29:01::error::/v1/api/auth/signUp::78bed3b2-aa25-4ed7-a4f5-e11a242cba27::handler-error::{"status":500,"message":"next is not a function"}
2025-12-01 21:38:11::info::/v1/api/auth/signUp::7ce56f4e-76a6-4855-95bc-d68460e3684c::input-params ::POST::::{"email":"phapluu2k5tqt@gmail.com","fullName":"Luu Quoc Phap","password":"PhapNhat987AZ@","clinicians":"1-5"}
2025-12-01 21:38:11::error::/v1/api/auth/signUp::7ce56f4e-76a6-4855-95bc-d68460e3684c::handler-error::{"status":500,"message":"next is not a function"}
2025-12-01 21:40:12::info::/v1/api/auth/signUp::fc1f8f32-58c0-46ed-935a-65d60f4ec6c4::input-params ::POST::::{"email":"phapluu2k5tqt@gmail.com","fullName":"Luu Quoc Phap","password":"PhapNhat987AZ@","clinicians":"1-5"}
2025-12-01 21:40:13::error::/v1/api/auth/signUp::fc1f8f32-58c0-46ed-935a-65d60f4ec6c4::handler-error::{"status":500,"message":"next is not a function"}
2025-12-01 21:42:01::info::/v1/api/user/me::992cb0aa-bccf-41e1-a948-f8dbcc4b8d14::input-params ::GET::::{}
2025-12-01 21:42:01::error::/v1/api/user/me::992cb0aa-bccf-41e1-a948-f8dbcc4b8d14::handler-error::{"status":404,"message":"Not Found Route"}
2025-12-01 21:42:01::info::/v1/api/user/me::f3406a50-7d15-4604-96e9-49df6df07dee::input-params ::GET::::{}
2025-12-01 21:42:01::error::/v1/api/user/me::f3406a50-7d15-4604-96e9-49df6df07dee::handler-error::{"status":404,"message":"Not Found Route"}
2025-12-01 21:42:07::info::/v1/api/auth/signUp::f3b93386-ebb5-4f35-ad99-4da67700804d::input-params ::POST::::{"email":"phapluu2k5tqt@gmail.com","fullName":"Lưu Quốc Pháp","password":"PhapNhat987AZ@","clinicians":"1-5"}
2025-12-01 21:42:07::error::/v1/api/auth/signUp::f3b93386-ebb5-4f35-ad99-4da67700804d::handler-error::{"status":500,"message":"next is not a function"}
2025-12-01 21:43:48::info::/v1/api/auth/signUp::47d927a5-5a15-4721-8c21-9e99aa284599::input-params ::POST::::{"email":"phapluu2k5tqt@gmail.com","fullName":"Lưu Quốc Pháp","password":"PhapNhat987AZ@","clinicians":"1-5"}
2025-12-01 21:43:48::error::/v1/api/auth/signUp::47d927a5-5a15-4721-8c21-9e99aa284599::handler-error::{"status":500,"message":"next is not a function"}
2025-12-01 21:46:19::info::/v1/api/auth/signUp::fe89b42c-411d-4f7d-b25d-35f7ff81af89::input-params ::POST::::{"email":"phapluu2k5tqt@gmail.com","fullName":"Lưu Quốc Pháp","password":"PhapNhat987AZ@","clinicians":"1-5"}
2025-12-01 21:46:19::error::/v1/api/auth/signUp::fe89b42c-411d-4f7d-b25d-35f7ff81af89::handler-error::{"status":500,"message":"next is not a function"}
2025-12-01 21:48:40::info::/v1/api/auth/signUp::d059c533-9b0d-4809-8210-a0701b8b8761::input-params ::POST::::{"email":"phapluu2k5tqt@gmail.com","fullName":"Lưu Quốc Pháp","password":"PhapNhat987AZ@","clinicians":"1-5"}
2025-12-01 21:48:40::error::/v1/api/auth/signUp::d059c533-9b0d-4809-8210-a0701b8b8761::handler-error::{"status":500,"message":"next is not a function"}
2025-12-01 21:49:02::info::/v1/api/auth/signUp::e678a5b5-31cd-465a-bed1-48b31b37ff68::input-params ::POST::::{"email":"phapluu2k5tqt@gmail.com","fullName":"Lưu Quốc Pháp","password":"PhapNhat987AZ@","clinicians":"1-5"}
2025-12-01 21:49:02::error::/v1/api/auth/signUp::e678a5b5-31cd-465a-bed1-48b31b37ff68::handler-error::{"status":500,"message":"next is not a function"}
2025-12-01 21:51:49::info::/v1/api/auth/signUp::070f9e0c-7b57-49fc-a753-a7cc97d4eae2::input-params ::POST::::{"email":"phapluu2k5tqt@gmail.com","fullName":"Lưu Quốc Pháp","password":"PhapNhat987AZ@","clinicians":"1-5"}
2025-12-01 21:51:49::error::/v1/api/auth/signUp::070f9e0c-7b57-49fc-a753-a7cc97d4eae2::handler-error::{"status":500,"message":"next is not a function"}
2025-12-01 21:59:08::info::/v1/api/auth/signUp::9a1207d2-b3d6-4d43-8a92-56844bb4eb07::input-params ::POST::::{"email":"phapluu2k5tqt@gmail.com","fullName":"Lưu Quốc Pháp","password":"PhapNhat987AZ@","clinicians":"1-5"}
2025-12-01 21:59:09::error::/v1/api/auth/signUp::9a1207d2-b3d6-4d43-8a92-56844bb4eb07::handler-error::{"status":403,"message":"Cannot create verification record"}
2025-12-01 22:15:39::info::/v1/api/auth/login::9de7be00-36af-492b-9259-05c2c88838df::input-params ::POST::::{"email":"phapluu2k5tqt@gmail.com","password":"123456789"}
2025-12-01 22:15:39::error::/v1/api/auth/login::9de7be00-36af-492b-9259-05c2c88838df::handler-error::{"status":500,"message":"next is not a function"}
2025-12-01 22:15:55::info::/v1/api/auth/login::28a4c6a8-ad67-4248-8949-b241b8140ec7::input-params ::POST::::{"email":"phapluu2k5tqt@gmail.com","password":"PhapNhat987AZ@"}
2025-12-01 22:15:55::error::/v1/api/auth/login::28a4c6a8-ad67-4248-8949-b241b8140ec7::handler-error::{"status":500,"message":"next is not a function"}
2025-12-01 22:19:01::info::/v1/api/auth/login::0cca8f56-2080-4abb-a6b5-4cb8db96d010::input-params ::POST::::{"email":"phapluu2k5tqt@gmail.com","password":"PhapNhat987AZ@"}
2025-12-01 22:19:21::info::/v1/api/auth/login::ee897715-76a6-4f3f-845e-357f6685377a::input-params ::POST::::{"email":"phapluu2k5tqt@gmail.com","password":"PhapNhat987AZ@"}
2025-12-01 22:19:21::error::/v1/api/auth/login::ee897715-76a6-4f3f-845e-357f6685377a::handler-error::{"status":500,"message":"next is not a function"}
2025-12-01 22:20:42::info::/v1/api/auth/login::0334b4e5-9af9-4093-8f73-a18e659925f4::input-params ::POST::::{"email":"phapluu2k5tqt@gmail.com","password":"PhapNhat987AZ@"}
2025-12-01 22:20:42::error::/v1/api/auth/login::0334b4e5-9af9-4093-8f73-a18e659925f4::handler-error::{"status":500,"message":"next is not a function"}
2025-12-01 22:22:15::info::/v1/api/auth/login::c86e182b-7a5f-4bf5-83f4-8282e0b99256::input-params ::POST::::{"email":"phapluu2k5tqt@gmail.com","password":"PhapNhat987AZ@"}
2025-12-01 22:22:15::error::/v1/api/auth/login::c86e182b-7a5f-4bf5-83f4-8282e0b99256::handler-error::{"status":500,"message":"next is not a function"}
2025-12-01 22:22:47::info::/v1/api/auth/login::1f0472f6-90c7-46c9-803b-0f43d028c84c::input-params ::POST::::{"email":"phapluu2k5tqt@gmail.com","password":"PhapNhat987AZ@"}
2025-12-01 22:22:47::error::/v1/api/auth/login::1f0472f6-90c7-46c9-803b-0f43d028c84c::handler-error::{"status":500,"message":"next is not a function"}
2025-12-01 22:24:12::error::/v1/api/auth/login::90221e74-3e70-4913-a4d7-e74263ccce74::handler-error::{"status":500,"message":"next is not a function"}
2025-12-01 22:27:40::info::/v1/api/user/me::3a0295d4-b58d-4cbd-9f6e-9a723a824881::input-params ::GET::::{}
2025-12-01 22:27:40::error::/v1/api/user/me::3a0295d4-b58d-4cbd-9f6e-9a723a824881::handler-error::{"status":404,"message":"Not Found Route"}
2025-12-01 22:27:40::info::/v1/api/user/me::8ba4f4a4-57c5-449f-8a5c-e87a564e92eb::input-params ::GET::::{}
2025-12-01 22:27:40::error::/v1/api/user/me::8ba4f4a4-57c5-449f-8a5c-e87a564e92eb::handler-error::{"status":404,"message":"Not Found Route"}
2025-12-01 22:30:37::info::/v1/api/user/me::90666995-b3fb-4692-8151-e66b2b4fdf2b::input-params ::GET::::{}
2025-12-01 22:30:37::error::/v1/api/user/me::90666995-b3fb-4692-8151-e66b2b4fdf2b::handler-error::{"status":403,"message":"Access token missing"}
2025-12-01 22:30:37::info::/v1/api/user/me::c9346bfe-cc5b-4d43-8d2f-74f371d49d71::input-params ::GET::::{}
2025-12-01 22:30:37::error::/v1/api/user/me::c9346bfe-cc5b-4d43-8d2f-74f371d49d71::handler-error::{"status":403,"message":"Access token missing"}
2025-12-01 22:31:13::info::/v1/api/auth/login::d2da3044-1345-4305-ac1a-8b660cc5366d::input-params ::POST::::{"email":"phapluu2k5tqt@gmail.com","password":"PhapNhat987AZ@"}
2025-12-01 22:31:13::error::/v1/api/auth/login::d2da3044-1345-4305-ac1a-8b660cc5366d::handler-error::{"status":500,"message":"next is not a function"}
2025-12-01 22:33:09::info::/v1/api/auth/login::883c7611-a62f-423c-a6ba-50167834e40c::input-params ::POST::::{"email":"phapluu2k5tqt@gmail.com","password":"PhapNhat987AZ@"}
2025-12-01 22:33:09::info::/v1/api/user/me::dd7d3cd5-352d-4a1d-81af-22be851c5692::input-params ::GET::::{}
2025-12-01 22:33:09::error::/v1/api/user/me::dd7d3cd5-352d-4a1d-81af-22be851c5692::handler-error::{"status":403,"message":"Access token missing"}
2025-12-01 22:39:04::info::/v1/api/auth/login::fbed549e-5962-4a33-ab06-24ab1f40232a::input-params ::POST::::{"email":"phapluu2k5tqt@gmail.com","password":"PhapNhat987AZ@"}
2025-12-01 22:39:04::info::/v1/api/user/me::a722ae15-c04b-426b-8803-e4cbc47318a5::input-params ::GET::::{}
2025-12-01 22:39:04::error::/v1/api/user/me::a722ae15-c04b-426b-8803-e4cbc47318a5::handler-error::{"status":403,"message":"Access token missing"}
2025-12-01 22:42:01::info::/v1/api/auth/login::17a543d7-5097-4f68-95e2-8c11b4b4104b::input-params ::POST::::{"email":"phapluu2k5tqt@gmail.com","password":"PhapNhat987AZ@"}
2025-12-01 22:42:02::info::/v1/api/user/me::d3a0db72-6ccb-4a52-bd8a-f612f84c20b9::input-params ::GET::::{}
2025-12-01 22:42:02::error::/v1/api/user/me::d3a0db72-6ccb-4a52-bd8a-f612f84c20b9::handler-error::{"status":403,"message":"Access token missing"}
2025-12-01 22:43:14::info::/v1/api/auth/login::c8a49b63-b09c-474e-8424-c45c96088f98::input-params ::POST::::{"email":"phapluu2k5tqt@gmail.com","password":"PhapNhat987AZ@"}
2025-12-01 22:43:14::info::/v1/api/user/me::ed0a0c8c-9912-416e-a030-1ee105704731::input-params ::GET::::{}
2025-12-01 22:43:14::error::/v1/api/user/me::ed0a0c8c-9912-416e-a030-1ee105704731::handler-error::{"status":500,"message":"Cannot populate path `referral.referred` because it is not in your schema. Set the `strictPopulate` option to false to override."}
