2025-12-10 09:37:21::info::/v1/api/user/me::4f3499b9-3f3d-48c4-85c6-00caede01807::input-params ::GET::::{}
2025-12-10 09:37:21::error::/v1/api/user/me::4f3499b9-3f3d-48c4-85c6-00caede01807::handler-error::{"status":500,"message":"jwt malformed"}
2025-12-10 09:37:21::info::/v1/api/user/me::3fc7aab4-76c0-40b3-a181-de7b9ddbb3d3::input-params ::GET::::{}
2025-12-10 09:37:21::error::/v1/api/user/me::3fc7aab4-76c0-40b3-a181-de7b9ddbb3d3::handler-error::{"status":500,"message":"jwt malformed"}
2025-12-10 09:40:19::info::/v1/api/user/me::f38bd78c-d0e9-4ef4-b531-bc15bc9bdee4::input-params ::GET::::{}
2025-12-10 09:40:19::error::/v1/api/user/me::f38bd78c-d0e9-4ef4-b531-bc15bc9bdee4::handler-error::{"status":500,"message":"jwt malformed"}
2025-12-10 09:40:19::info::/v1/api/user/me::1ed71dcd-b648-489a-938d-987567877412::input-params ::GET::::{}
2025-12-10 09:40:19::error::/v1/api/user/me::1ed71dcd-b648-489a-938d-987567877412::handler-error::{"status":500,"message":"jwt malformed"}
2025-12-10 09:40:51::info::/v1/api/auth/signin::fa2ffa4c-82e0-40b6-901e-f227639fc6cb::input-params ::POST::::{"email":"phapluu2k5tqt@gmail.com","password":"PhapNhat987AZ@"}
2025-12-10 09:40:51::error::/v1/api/auth/signin::fa2ffa4c-82e0-40b6-901e-f227639fc6cb::handler-error::{"status":404,"message":"Not Found Route"}
2025-12-10 09:41:00::info::/v1/api/auth/signUp::441ae798-6475-4c19-a624-8d66f055fafd::input-params ::POST::::{"email":"phapluu2k5tqt@gmail.com","fullName":"Lưu Quốc Pháp","password":"PhapNhat987AZ@","clinicians":"1-5"}
2025-12-10 09:41:41::info::/v1/api/auth/verifyOtp::e66e0485-4410-44ec-8269-d800f6738435::input-params ::POST::::{"email":"phapluu2k5tqt@gmail.com","otp":"121742"}
2025-12-10 09:41:59::info::/v1/api/auth/signin::72f05e07-99e0-4168-a7a4-5e77d7e39c0c::input-params ::POST::::{"email":"phapluu2k5tqt@gmail.com","password":"PhapNhat987AZ@"}
2025-12-10 09:41:59::error::/v1/api/auth/signin::72f05e07-99e0-4168-a7a4-5e77d7e39c0c::handler-error::{"status":404,"message":"Not Found Route"}
2025-12-10 09:43:25::info::/v1/api/auth/signUp::5830c83a-1bd8-4eb3-be8c-67e0ab723d22::input-params ::POST::::{"email":"phapluu2k5tqt@gmail.com","fullName":"Lưu Quốc Pháp","password":"PhapNhat987AZ@","clinicians":"1-5"}
2025-12-10 09:43:53::info::/v1/api/auth/verifyOtp::ae479dd5-f17f-4c23-adc6-98a65f697b6a::input-params ::POST::::{"email":"phapluu2k5tqt@gmail.com","otp":"749597"}
2025-12-10 09:44:21::info::/v1/api/auth/signin::9a546603-ae78-4576-b3a9-99d08074f2da::input-params ::POST::::{"email":"phapluu2k5tqt@gmail.com","password":"PhapNhat987AZ@"}
2025-12-10 09:44:21::error::/v1/api/auth/signin::9a546603-ae78-4576-b3a9-99d08074f2da::handler-error::{"status":404,"message":"Not Found Route"}
2025-12-10 09:44:33::info::/v1/api/auth/signin::9d55b399-7b12-42c4-83f5-40247617fcac::input-params ::POST::::{"email":"phapluu2k5tqt@gmail.com","password":"PhapNhat987AZ@"}
2025-12-10 09:44:33::error::/v1/api/auth/signin::9d55b399-7b12-42c4-83f5-40247617fcac::handler-error::{"status":404,"message":"Not Found Route"}
2025-12-10 09:44:57::info::/v1/api/user/me::1a36d250-87ea-4e5c-bfb9-9ed173dd98a8::input-params ::GET::::{}
2025-12-10 09:44:58::info::/v1/api/user/me::92c15a98-f198-497d-94e0-74f031f39b64::input-params ::GET::::{}
2025-12-10 09:45:00::info::/v1/api/auth/login::1766b640-21c7-42cd-b4f9-98a6249eff88::input-params ::POST::::{"email":"phapluu2k5tqt@gmail.com","password":"PhapNhat987AZ@"}
2025-12-10 09:45:00::info::/v1/api/user/me::0ec549f3-1799-4b3a-9915-6ed594594408::input-params ::GET::::{}
2025-12-10 09:45:00::info::/v1/api/folder/readFolders::a81b0599-b657-4e2e-a69b-541a0e19dd4d::input-params ::GET::::{}
2025-12-10 09:45:00::info::/v1/api/folder/readFolders::9ed3a62f-e7de-4e3c-8b38-b28077303800::input-params ::GET::::{}
2025-12-10 09:45:07::info::/v1/api/folder/readFolders::2a60f5c7-3b60-4cd9-8829-6ba0c6401505::input-params ::GET::::{}
2025-12-10 09:45:07::info::/v1/api/folder/readFolders::0829827c-9fbf-4ef7-806f-19ae627b1920::input-params ::GET::::{}
2025-12-10 09:45:10::info::/v1/api/folder/readFolders::4bf9c269-258c-43f6-932d-3b732b96f029::input-params ::GET::::{}
2025-12-10 09:45:11::info::/v1/api/folder/readFolders::28014f7b-ea87-4364-b081-67e620ac68ee::input-params ::GET::::{}
2025-12-10 09:45:13::info::/v1/api/character/readCharacters/france::b758aaca-1433-43b5-8369-fe4ea0dd234b::input-params ::GET::::{"includeRoles":"owner,creator,contributor"}
2025-12-10 09:45:13::error::/v1/api/character/readCharacters/france::b758aaca-1433-43b5-8369-fe4ea0dd234b::handler-error::{"status":404,"message":"Not Found Route"}
2025-12-10 09:45:13::info::/v1/api/user/me::45214c9d-eae7-4bd3-bbe0-aac9f0c8f0a5::input-params ::GET::::{}
2025-12-10 09:45:13::info::/v1/api/user/me::f7d1df40-df70-4453-8feb-cae9670a048c::input-params ::GET::::{}
2025-12-10 09:45:25::info::/v1/api/auth/logout::49d2a6ff-1198-4300-92ba-9038be7f30d0::input-params ::POST::::{}
2025-12-10 09:45:26::info::/v1/api/user/me::77fba8a1-113e-4513-9e24-702c70c01b7d::input-params ::GET::::{}
2025-12-10 09:45:26::error::/v1/api/user/me::77fba8a1-113e-4513-9e24-702c70c01b7d::handler-error::{"status":403,"message":"Access token missing"}
2025-12-10 09:45:26::info::/v1/api/user/me::53e88981-5846-4580-ac91-179f77541aca::input-params ::GET::::{}
2025-12-10 09:45:26::error::/v1/api/user/me::53e88981-5846-4580-ac91-179f77541aca::handler-error::{"status":403,"message":"Access token missing"}
2025-12-10 09:46:43::info::/v1/api/user/me::aab4410e-6261-49a1-b367-189a6317ee04::input-params ::GET::::{}
2025-12-10 09:46:43::error::/v1/api/user/me::aab4410e-6261-49a1-b367-189a6317ee04::handler-error::{"status":403,"message":"Access token missing"}
2025-12-10 09:46:43::info::/v1/api/user/me::9eeeacad-5fcd-407e-81cc-08e67f80391f::input-params ::GET::::{}
2025-12-10 09:46:43::error::/v1/api/user/me::9eeeacad-5fcd-407e-81cc-08e67f80391f::handler-error::{"status":403,"message":"Access token missing"}
2025-12-10 09:46:49::info::/v1/api/folder/readFolders::47b80184-6e5b-4341-ab8b-6d06935e7f31::input-params ::GET::::{}
2025-12-10 09:46:49::error::/v1/api/folder/readFolders::47b80184-6e5b-4341-ab8b-6d06935e7f31::handler-error::{"status":401,"message":"Please login to continue"}
2025-12-10 09:46:49::info::/v1/api/user/me::c82d79bb-ee40-41a1-bf6f-83d8df2566ac::input-params ::GET::::{}
2025-12-10 09:46:49::error::/v1/api/user/me::c82d79bb-ee40-41a1-bf6f-83d8df2566ac::handler-error::{"status":403,"message":"Access token missing"}
2025-12-10 09:46:49::info::/v1/api/folder/readFolders::479e57d6-7ef8-4142-8e64-0ef276bd6433::input-params ::GET::::{}
2025-12-10 09:46:49::error::/v1/api/folder/readFolders::479e57d6-7ef8-4142-8e64-0ef276bd6433::handler-error::{"status":401,"message":"Please login to continue"}
2025-12-10 09:46:49::info::/v1/api/user/me::49387210-1e7b-400d-a40a-4b73504363a7::input-params ::GET::::{}
2025-12-10 09:46:49::error::/v1/api/user/me::49387210-1e7b-400d-a40a-4b73504363a7::handler-error::{"status":403,"message":"Access token missing"}
2025-12-10 09:46:49::info::/v1/api/folder/readFolders::16a7abd9-23c5-46ca-8976-49e38f6a8ab1::input-params ::GET::::{}
2025-12-10 09:46:49::error::/v1/api/folder/readFolders::16a7abd9-23c5-46ca-8976-49e38f6a8ab1::handler-error::{"status":401,"message":"Please login to continue"}
2025-12-10 09:46:49::info::/v1/api/user/me::88eafd97-c8a1-4557-b41d-90ad456510be::input-params ::GET::::{}
2025-12-10 09:46:49::error::/v1/api/user/me::88eafd97-c8a1-4557-b41d-90ad456510be::handler-error::{"status":403,"message":"Access token missing"}
2025-12-10 09:46:49::info::/v1/api/folder/readFolders::af080f51-b447-4b36-9c3b-f3085e98ed6d::input-params ::GET::::{}
2025-12-10 09:46:49::error::/v1/api/folder/readFolders::af080f51-b447-4b36-9c3b-f3085e98ed6d::handler-error::{"status":401,"message":"Please login to continue"}
2025-12-10 09:46:49::info::/v1/api/user/me::0540944b-42f9-4f4f-974d-461eb5555008::input-params ::GET::::{}
2025-12-10 09:46:49::error::/v1/api/user/me::0540944b-42f9-4f4f-974d-461eb5555008::handler-error::{"status":403,"message":"Access token missing"}
2025-12-10 09:46:51::info::/v1/api/auth/logout::ec00ef9d-a082-40b1-9023-a658dad81341::input-params ::POST::::{}
2025-12-10 09:46:51::info::/v1/api/user/me::e98e72c4-feab-4c50-85f3-3f759390aff2::input-params ::GET::::{}
2025-12-10 09:46:51::error::/v1/api/user/me::e98e72c4-feab-4c50-85f3-3f759390aff2::handler-error::{"status":403,"message":"Access token missing"}
2025-12-10 09:46:51::info::/v1/api/user/me::c8b3c02f-88b8-4615-9212-33536e37ea89::input-params ::GET::::{}
2025-12-10 09:46:51::error::/v1/api/user/me::c8b3c02f-88b8-4615-9212-33536e37ea89::handler-error::{"status":403,"message":"Access token missing"}
2025-12-10 09:47:01::info::/v1/api/auth/login::0dae2163-8c86-4417-85fb-2bb086af6260::input-params ::POST::::{"email":"phapluu2k5tqt@gmail.com","password":"PhapNhat987AZ@"}
2025-12-10 09:47:01::info::/v1/api/user/me::f659fb9c-1af2-47d4-9dba-11e8f74f311f::input-params ::GET::::{}
2025-12-10 09:47:01::info::/v1/api/folder/readFolders::a030b979-e27f-4b41-98c6-72dcc619f01a::input-params ::GET::::{}
2025-12-10 09:47:01::info::/v1/api/folder/readFolders::06addafa-57bc-4c68-8ba3-3f5b304a811b::input-params ::GET::::{}
2025-12-10 09:47:02::info::/v1/api/auth/logout::62e71dc2-c7fa-4ebe-b5e9-c9dad96cd843::input-params ::POST::::{}
2025-12-10 09:47:02::info::/v1/api/user/me::dc935025-cca0-4864-8e22-d77f48e2ad32::input-params ::GET::::{}
2025-12-10 09:47:02::error::/v1/api/user/me::dc935025-cca0-4864-8e22-d77f48e2ad32::handler-error::{"status":403,"message":"Access token missing"}
2025-12-10 09:47:02::info::/v1/api/user/me::09db6a37-bd4c-480f-a948-39a3d41574e9::input-params ::GET::::{}
2025-12-10 09:47:02::error::/v1/api/user/me::09db6a37-bd4c-480f-a948-39a3d41574e9::handler-error::{"status":403,"message":"Access token missing"}
2025-12-10 09:47:12::info::/v1/api/auth/signUp::4152e1cd-e211-463d-bbc6-f7d9ac684d0e::input-params ::POST::::{"email":"phapluudev2k5@gmail.com","fullName":"Phở Bò","password":"adminPastalLTD@123","clinicians":"1-5"}
2025-12-10 09:47:23::info::/v1/api/auth/verifyOtp::57c0dfbc-a1f5-495b-aa65-2d2d370366c4::input-params ::POST::::{"email":"phapluudev2k5@gmail.com","otp":"719751"}
2025-12-10 09:49:06::info::/v1/api/auth/verifyOtp::1d6283be-fae0-408e-9e2e-724b0da41bf1::input-params ::POST::::{"email":"phapluudev2k5@gmail.com","otp":"719751"}
2025-12-10 09:49:06::error::/v1/api/auth/verifyOtp::1d6283be-fae0-408e-9e2e-724b0da41bf1::handler-error::{"status":403,"message":"Invalid OTP code"}
2025-12-10 09:49:33::info::/v1/api/auth/signUp::1ee83623-3ae1-429e-b71a-454b99b0d499::input-params ::POST::::{"email":"phapluudev2k5@gmail.com","fullName":"Phở Bò","password":"adminPastalLTD@123","clinicians":"1-5"}
2025-12-10 09:49:44::info::/v1/api/auth/verifyOtp::97178835-6fee-4cdb-a8e2-3d030338a884::input-params ::POST::::{"email":"phapluudev2k5@gmail.com","otp":"137948"}
2025-12-10 09:50:55::info::/v1/api/auth/signUp::2f73d08f-dbfd-4969-b43d-c8117517968b::input-params ::POST::::{"email":"phapluudev2k5@gmail.com","fullName":"Lưu Quốc Pháp","password":"adminPastalLTD@123","clinicians":"1-5"}
2025-12-10 09:51:07::info::/v1/api/auth/verifyOtp::4fcfc9bd-27b3-4966-a5f0-8acbb8e8e373::input-params ::POST::::{"email":"phapluudev2k5@gmail.com","otp":"614176"}
2025-12-10 09:51:50::info::/v1/api/auth/signUp::a8253f2a-665c-4c53-8d3a-435c5aad697f::input-params ::POST::::{"email":"phapluudev2k5@gmail.com","fullName":"Francee","password":"adminPastalLTD@123","clinicians":"1-5"}
2025-12-10 09:52:01::info::/v1/api/auth/verifyOtp::0427699f-27ab-4f5b-91cb-8e15d8b74a1c::input-params ::POST::::{"email":"phapluudev2k5@gmail.com","otp":"776134"}
2025-12-10 09:52:01::info::/v1/api/folder/readFolders::72409db6-3b2e-4aa4-9361-88977a91752c::input-params ::GET::::{}
2025-12-10 09:52:01::info::/v1/api/folder/readFolders::4def514e-6dc8-40e9-8459-8da85200fbba::input-params ::GET::::{}
2025-12-10 09:52:05::info::/v1/api/folder/readFolders::62e1ea8d-1143-4f68-ae98-f67d17e452a5::input-params ::GET::::{}
2025-12-10 09:52:06::info::/v1/api/user/me::8b4ca836-3d38-4a6a-9dce-804962a0b6b5::input-params ::GET::::{}
2025-12-10 09:52:06::info::/v1/api/user/me::2351cc3a-d481-4bc5-a79b-be9ac50e71a6::input-params ::GET::::{}
2025-12-10 09:52:06::info::/v1/api/folder/readFolders::677d9b5b-1772-4b3d-b19d-305789e7e183::input-params ::GET::::{}
2025-12-10 10:04:36::info::/v1/api/folder/readFolders::dc37e6b4-1bcc-432b-a3a7-120d6c184672::input-params ::GET::::{}
2025-12-10 10:04:37::info::/v1/api/folder/readFolders::012a4d1a-9686-4318-bc9f-54a3edd8e050::input-params ::GET::::{}
2025-12-10 19:52:38::info::/v1/api/user/me::e58ddbcc-8e64-408d-8091-5b67a6b65c3c::input-params ::GET::::{}
2025-12-10 19:52:38::info::/v1/api/user/me::a6a77054-ad67-44ec-b2cc-aa67b09765df::input-params ::GET::::{}
2025-12-10 19:53:18::info::/v1/api/auth/login::47af973f-91a8-499d-b006-34f79e335ed3::input-params ::POST::::{"email":"phapluudev2k5@gmail.com","password":"adminPastalLTD@123"}
2025-12-10 19:53:18::info::/v1/api/user/me::04bd8165-57a8-4d05-872c-2a07595ee3cb::input-params ::GET::::{}
2025-12-10 19:53:19::info::/v1/api/folder/readFolders::d1bdce5d-141a-4be3-accc-8e5646cc1d20::input-params ::GET::::{}
2025-12-10 19:53:19::info::/v1/api/folder/readFolders::0408dd2e-12f5-4ba6-bc12-9e67a2a84f1e::input-params ::GET::::{}
