2025-12-12 00:31:21::error::/v1/api/user/readDoctorDetail/doctor-1::e7e0fe56-443d-4e50-b9a5-4b8f554bad8b::handler-error::{"status":500,"message":"Cast to ObjectId failed for value \"doctor-1\" (type string) at path \"_id\" for model \"User\""}
2025-12-12 00:31:21::error::/v1/api/user/readDoctorDetail/doctor-1::68b2dd5e-d29d-4e13-a4bd-4cc88c3d90d5::handler-error::{"status":500,"message":"Cast to ObjectId failed for value \"doctor-1\" (type string) at path \"_id\" for model \"User\""}
2025-12-12 00:33:52::error::/v1/api/user/readDoctorDetail/doctor-1::f7a3c80f-6d0b-43ec-9c61-e0e3c398342b::handler-error::{"status":500,"message":"Cast to ObjectId failed for value \"doctor-1\" (type string) at path \"_id\" for model \"User\""}
2025-12-12 00:33:52::error::/v1/api/user/readDoctorDetail/doctor-1::5d4fe873-3539-4ea2-aa89-86c8298e490e::handler-error::{"status":500,"message":"Cast to ObjectId failed for value \"doctor-1\" (type string) at path \"_id\" for model \"User\""}
2025-12-12 00:33:55::error::/v1/api/user/readDoctorDetail/doctor-1::3f45cf33-d4b9-4f96-9491-2f5c93095d08::handler-error::{"status":500,"message":"Cast to ObjectId failed for value \"doctor-1\" (type string) at path \"_id\" for model \"User\""}
2025-12-12 00:33:55::error::/v1/api/user/readDoctorDetail/doctor-1::718e0b4b-8696-4029-85eb-a4b651b132ab::handler-error::{"status":500,"message":"Cast to ObjectId failed for value \"doctor-1\" (type string) at path \"_id\" for model \"User\""}
2025-12-12 00:34:03::error::/v1/api/user/readDoctorDetail/doctor-1::6783f989-a896-48ad-9486-0e1eb22be6e8::handler-error::{"status":500,"message":"Cast to ObjectId failed for value \"doctor-1\" (type string) at path \"_id\" for model \"User\""}
2025-12-12 00:34:20::error::/v1/api/user/readDoctorDetail/doctor-1::4335645a-2f43-44fc-9d94-5992893cc3a7::handler-error::{"status":500,"message":"Cast to ObjectId failed for value \"doctor-1\" (type string) at path \"_id\" for model \"User\""}
2025-12-12 00:34:20::error::/v1/api/user/readDoctorDetail/doctor-1::be9a6ac0-6dce-4be1-8be4-7af99764b7c0::handler-error::{"status":500,"message":"Cast to ObjectId failed for value \"doctor-1\" (type string) at path \"_id\" for model \"User\""}
2025-12-12 00:34:24::error::/v1/api/user/readDoctorDetail/doctor-1::21af90b8-e43a-4233-8c6a-a7f8d3fc777b::handler-error::{"status":500,"message":"Cast to ObjectId failed for value \"doctor-1\" (type string) at path \"_id\" for model \"User\""}
2025-12-12 00:34:24::error::/v1/api/user/readDoctorDetail/doctor-1::292b719e-4699-4c53-8203-5cb001b1862d::handler-error::{"status":500,"message":"Cast to ObjectId failed for value \"doctor-1\" (type string) at path \"_id\" for model \"User\""}
2025-12-12 00:34:36::error::/v1/api/user/readDoctorDetail/doctor-1::6f35505f-08bd-4ee6-9a37-5ab46ad76ec1::handler-error::{"status":500,"message":"Cast to ObjectId failed for value \"doctor-1\" (type string) at path \"_id\" for model \"User\""}
2025-12-12 00:34:37::error::/v1/api/user/readDoctorDetail/doctor-1::0a33fb47-ff55-48b2-a286-553c9ae26e9f::handler-error::{"status":500,"message":"Cast to ObjectId failed for value \"doctor-1\" (type string) at path \"_id\" for model \"User\""}
2025-12-12 00:35:04::error::/v1/api/user/readDoctorDetail/doctor-1::922851c9-5659-47a3-b71c-6dbd02f6989f::handler-error::{"status":500,"message":"Cast to ObjectId failed for value \"doctor-1\" (type string) at path \"_id\" for model \"User\""}
2025-12-12 00:35:04::error::/v1/api/user/readDoctorDetail/doctor-1::6602d925-64e4-412a-bd9f-1f09c3b8d631::handler-error::{"status":500,"message":"Cast to ObjectId failed for value \"doctor-1\" (type string) at path \"_id\" for model \"User\""}
2025-12-12 00:38:14::error::/v1/api/user/readDoctorDetail/doctor-1::a2cecb76-fccc-49af-a4b1-1f945f51a4b3::handler-error::{"status":500,"message":"Cast to ObjectId failed for value \"doctor-1\" (type string) at path \"_id\" for model \"User\""}
2025-12-12 00:38:14::error::/v1/api/user/readDoctorDetail/doctor-1::f5a1634e-d588-4391-9fd8-e89fde94acfe::handler-error::{"status":500,"message":"Cast to ObjectId failed for value \"doctor-1\" (type string) at path \"_id\" for model \"User\""}
2025-12-12 00:38:17::error::/v1/api/user/readDoctorDetail/doctor-1::b54f1047-bca6-4c77-a92d-9b23aa9375d5::handler-error::{"status":500,"message":"Cast to ObjectId failed for value \"doctor-1\" (type string) at path \"_id\" for model \"User\""}
2025-12-12 00:38:17::error::/v1/api/user/readDoctorDetail/doctor-1::9b5eb1fe-a05d-490a-b426-e80afeb2ad57::handler-error::{"status":500,"message":"Cast to ObjectId failed for value \"doctor-1\" (type string) at path \"_id\" for model \"User\""}
2025-12-12 00:40:50::error::/v1/api/user/readDoctorDetail/doctor-1::8c602bb2-83d1-46f6-addb-d869f79a047e::handler-error::{"status":500,"message":"Cast to ObjectId failed for value \"doctor-1\" (type string) at path \"_id\" for model \"User\""}
2025-12-12 00:40:50::error::/v1/api/user/readDoctorDetail/doctor-1::80e5827e-81ea-4689-9cb3-0322f8732eb2::handler-error::{"status":500,"message":"Cast to ObjectId failed for value \"doctor-1\" (type string) at path \"_id\" for model \"User\""}
2025-12-12 00:42:44::error::/v1/api/user/readDoctorDetail/doctor-1::7d4decfa-f9ec-468f-ae1e-3e0af787e26e::handler-error::{"status":500,"message":"Cast to ObjectId failed for value \"doctor-1\" (type string) at path \"_id\" for model \"User\""}
2025-12-12 00:43:24::error::/v1/api/user/readDoctorDetail/doctor-1765475002353::6e892644-ab12-4645-86b2-5ade2e2c6f27::handler-error::{"status":500,"message":"Cast to ObjectId failed for value \"doctor-1765475002353\" (type string) at path \"_id\" for model \"User\""}
2025-12-12 00:43:24::error::/v1/api/user/readDoctorDetail/doctor-1765475002353::2c3e4d4f-d1c7-4c87-8ade-7fb474b18513::handler-error::{"status":500,"message":"Cast to ObjectId failed for value \"doctor-1765475002353\" (type string) at path \"_id\" for model \"User\""}
2025-12-12 00:58:11::error::/v1/api/user/readDoctorDetail/doctor-1::deec20f0-74b8-4843-94af-16f6160bf626::handler-error::{"status":500,"message":"Cast to ObjectId failed for value \"doctor-1\" (type string) at path \"_id\" for model \"User\""}
2025-12-12 00:58:11::error::/v1/api/user/readDoctorDetail/doctor-1::d038fad9-878b-45be-a36d-d8f84b630e2b::handler-error::{"status":500,"message":"Cast to ObjectId failed for value \"doctor-1\" (type string) at path \"_id\" for model \"User\""}
2025-12-12 01:13:45::error::/v1/api/user/readDoctorDetail/doctor-1::596463de-72f6-4f71-aeb1-3f23ab6a311b::handler-error::{"status":500,"message":"Cast to ObjectId failed for value \"doctor-1\" (type string) at path \"_id\" for model \"User\""}
2025-12-12 01:13:45::error::/v1/api/user/readDoctorDetail/doctor-1::f9388a5d-1f17-4949-a9c8-3c88448a3d3e::handler-error::{"status":500,"message":"Cast to ObjectId failed for value \"doctor-1\" (type string) at path \"_id\" for model \"User\""}
2025-12-12 01:59:12::error::/v1/api/user/readDoctorDetail/doctor-2::a03df53e-35c1-4aaf-8468-f0b339e0fada::handler-error::{"status":500,"message":"Cast to ObjectId failed for value \"doctor-2\" (type string) at path \"_id\" for model \"User\""}
2025-12-12 01:59:12::error::/v1/api/user/readDoctorDetail/doctor-2::d79acaa9-5f3e-424b-8a0e-57739a6c7926::handler-error::{"status":500,"message":"Cast to ObjectId failed for value \"doctor-2\" (type string) at path \"_id\" for model \"User\""}
2025-12-12 01:59:18::error::/v1/api/user/readDoctorDetail/doctor-3::8c6c2f9a-4f7d-4c6f-a190-4cbddd9a0479::handler-error::{"status":500,"message":"Cast to ObjectId failed for value \"doctor-3\" (type string) at path \"_id\" for model \"User\""}
2025-12-12 01:59:18::error::/v1/api/user/readDoctorDetail/doctor-3::201f8ea0-5071-45af-a386-c54b02ed361a::handler-error::{"status":500,"message":"Cast to ObjectId failed for value \"doctor-3\" (type string) at path \"_id\" for model \"User\""}
2025-12-12 11:11:16::error::/v1/api/user/doctors::6da925dd-d81d-486e-aa5b-b79edbbf8b68::handler-error::{"status":404,"message":"Not Found Route"}
2025-12-12 11:11:16::error::/v1/api/user/doctors::e5775f2a-a861-45e9-b053-97f12e8d7ec0::handler-error::{"status":404,"message":"Not Found Route"}
2025-12-12 11:11:19::error::/v1/api/user/doctors::77545d56-ca62-46ce-b9c7-dd0ffb958ea6::handler-error::{"status":404,"message":"Not Found Route"}
2025-12-12 11:11:19::error::/v1/api/user/doctors::430b7503-d640-45d9-9282-093a607159f4::handler-error::{"status":404,"message":"Not Found Route"}
2025-12-12 11:11:38::error::/v1/api/user/doctors::64c57424-c036-4014-b9d2-e4255d07b53d::handler-error::{"status":404,"message":"Not Found Route"}
2025-12-12 11:11:38::error::/v1/api/user/doctors::6dd673b0-bfdc-4278-ba68-968173d43058::handler-error::{"status":404,"message":"Not Found Route"}
2025-12-12 11:11:57::error::/v1/api/user/readDoctors::bb101410-1151-455b-9990-7e6773f36bb8::handler-error::{"status":404,"message":"Clinic not found"}
2025-12-12 11:12:01::error::/v1/api/user/readDoctors::e40127c5-dbfd-49cf-b9ce-9d008885441a::handler-error::{"status":404,"message":"Clinic not found"}
2025-12-12 11:12:01::error::/v1/api/user/readDoctors::33c0beb1-1e14-400c-8631-0d6d977f1395::handler-error::{"status":404,"message":"Clinic not found"}
2025-12-12 11:13:06::error::/v1/api/user/readDoctors::1ecb8f98-94f6-4407-9c47-fc3e57513134::handler-error::{"status":401,"message":"You are not authorized to perform this action"}
2025-12-12 11:13:06::error::/v1/api/user/readDoctors::eb0d77dd-624b-487c-9f9b-efb852541324::handler-error::{"status":401,"message":"You are not authorized to perform this action"}
2025-12-12 11:13:27::error::/v1/api/user/readDoctors::3e6b0933-e253-4515-b703-cd7cbe90810b::handler-error::{"status":401,"message":"You are not authorized to perform this action"}
2025-12-12 11:13:27::error::/v1/api/user/readDoctors::e059cbd9-2b54-4349-b320-6e021a3d21c8::handler-error::{"status":401,"message":"You are not authorized to perform this action"}
2025-12-12 11:16:02::error::/v1/api/user/readDoctors::14cecc98-1619-44f8-a7d5-8d0b978af86f::handler-error::{"status":401,"message":"You are not authorized to perform this action"}
2025-12-12 11:16:02::error::/v1/api/user/readDoctors::4f49d039-576b-4c1a-97d2-bdb75bcccac3::handler-error::{"status":401,"message":"You are not authorized to perform this action"}
