2025-12-13 01:07:53::info::/v1/api/patientRecord/updatePatientRecord/693a8c925dbe463b3ad4c223::3005a31e-364b-4043-8e29-fe6bb8d7ebbf::input-params ::PATCH::::{"recordId":"693a8c925dbe463b3ad4c223","_id":"693a8c925dbe463b3ad4c223","email":"phapluudev2k5rere@gmail.com","fullName":"Lưu Quốc Pháp Phới","phone":"0374499251","address":"Sân banh","dob":"2005-02-17T00:00:00.000Z","gender":"female","doctorId":"6938de6914c33773a5457584","patientId":"693a8c925dbe463b3ad4c21a","folderId":"6939a80b035dea9503dfca30","title":"Initial Intake Record","recordType":"assessment","symptoms":["Nerd - Code to much"],"diagnosis":"","moodLevel":null,"treatmentPlan":"","attachments":[],"caregiverNotes":"","doctorNotes":"","visibility":"doctor_only","medications":[],"createdAt":"2025-12-11T09:19:14.405Z","updatedAt":"2025-12-12T13:55:21.905Z","__v":1,"birthday":"2005-02-17","age":20}
2025-12-13 01:08:04::info::/v1/api/patientRecord/updatePatientRecord/693a8c925dbe463b3ad4c223::7678f9c7-3ca4-4614-941b-619985d7b069::input-params ::PATCH::::{"recordId":"693a8c925dbe463b3ad4c223","_id":"693a8c925dbe463b3ad4c223","email":"phapluudev2k5rere@gmail.com","fullName":"Lưu Quốc Pháp Phới","phone":"0374499251","address":"Sân banh","dob":"2005-02-17T00:00:00.000Z","gender":"female","doctorId":"6938de6914c33773a5457584","patientId":"693a8c925dbe463b3ad4c21a","folderId":"6939a80b035dea9503dfca30","title":"Initial Intake Record","recordType":"assessment","symptoms":["Nerd - Code to much"],"diagnosis":"","moodLevel":null,"treatmentPlan":"","attachments":[],"caregiverNotes":"","doctorNotes":"","visibility":"doctor_only","medications":[],"createdAt":"2025-12-11T09:19:14.405Z","updatedAt":"2025-12-12T13:55:21.905Z","__v":1,"birthday":"2005-02-17","age":20}
2025-12-13 01:10:39::info::/v1/api/patientRecord/readPatientRecord/693a8c925dbe463b3ad4c21a::ea5be7c9-ec03-4269-b9c4-c1b131885c4d::input-params ::GET::::{}
2025-12-13 01:10:39::info::/v1/api/user/me::d7532f51-a160-4285-96f7-09e475e5e45f::input-params ::GET::::{}
2025-12-13 01:10:39::info::/v1/api/patientRecord/readPatientRecord/693a8c925dbe463b3ad4c21a::aa61fbd1-ea2c-4e96-b4d7-73cf7256291b::input-params ::GET::::{}
2025-12-13 01:10:39::info::/v1/api/user/me::bc7abe4e-d5b8-46dd-8989-4276ee919341::input-params ::GET::::{}
2025-12-13 01:11:47::info::/v1/api/patientRecord/readPatientRecord/693a8c925dbe463b3ad4c21a::7a6ae413-80b8-4c85-8abe-b03accba1892::input-params ::GET::::{}
2025-12-13 01:11:47::info::/v1/api/user/me::cf367fc2-d26c-4f29-ab70-9394b8abd999::input-params ::GET::::{}
2025-12-13 01:11:47::info::/v1/api/user/me::a382126d-200c-4ba4-8a17-1e327ed16f45::input-params ::GET::::{}
2025-12-13 01:11:47::info::/v1/api/patientRecord/readPatientRecord/693a8c925dbe463b3ad4c21a::1ab05fb8-1dc6-4bdd-9217-3398f49f0f1c::input-params ::GET::::{}
2025-12-13 01:11:52::info::/v1/api/folder/readFolder/6939a80b035dea9503dfca30::c298946d-28ee-4c93-9ccb-3b73a7c5cc6c::input-params ::GET::::{}
2025-12-13 01:11:52::info::/v1/api/folder/readFolder/6939a80b035dea9503dfca30::ff2c655f-00bb-4b9b-a819-93ce17c86c01::input-params ::GET::::{}
2025-12-13 01:11:54::info::/v1/api/patientRecord/readPatientRecord/693a8c925dbe463b3ad4c21a::0276a364-fda0-4155-adca-5b56a3b618ed::input-params ::GET::::{}
2025-12-13 01:11:54::info::/v1/api/patientRecord/readPatientRecord/693a8c925dbe463b3ad4c21a::d91c73a3-dd34-4a36-897d-57d53d4bf92e::input-params ::GET::::{}
2025-12-13 01:12:23::info::/v1/api/patientRecord/readPatientRecord/693a8c925dbe463b3ad4c21a::dab8e891-e10d-4dc3-8747-8b1741c6efe8::input-params ::GET::::{}
2025-12-13 01:12:23::info::/v1/api/user/me::5780cc10-7859-4fba-bff5-86a9f649627c::input-params ::GET::::{}
2025-12-13 01:12:23::info::/v1/api/user/me::eedcee27-e7f4-410b-aa36-68963cb3355d::input-params ::GET::::{}
2025-12-13 01:12:23::info::/v1/api/patientRecord/readPatientRecord/693a8c925dbe463b3ad4c21a::5e1b6891-997c-49ee-b0b3-96739e1459e0::input-params ::GET::::{}
2025-12-13 01:12:26::info::/v1/api/folder/readFolder/6939a80b035dea9503dfca30::d553264d-5151-4c77-8a4c-233c46196044::input-params ::GET::::{}
2025-12-13 01:12:26::info::/v1/api/folder/readFolder/6939a80b035dea9503dfca30::799f6830-e016-4f98-b218-e01df1fced78::input-params ::GET::::{}
2025-12-13 01:12:27::info::/v1/api/patientRecord/readPatientRecord/693a8c925dbe463b3ad4c21a::dded4e90-9041-475d-a7b4-322989ad2e65::input-params ::GET::::{}
2025-12-13 01:12:27::info::/v1/api/patientRecord/readPatientRecord/693a8c925dbe463b3ad4c21a::84ec483d-240a-4815-b818-8902a036118a::input-params ::GET::::{}
2025-12-13 01:12:56::info::/v1/api/patientRecord/readPatientRecord/693a8c925dbe463b3ad4c21a::51419e48-5031-4596-90e5-8cccd59a6b75::input-params ::GET::::{}
2025-12-13 01:12:56::info::/v1/api/user/me::f5be493b-4bca-4da4-897a-ef48d94a1e4e::input-params ::GET::::{}
2025-12-13 01:12:56::info::/v1/api/user/me::c7cb3539-8dac-499c-8ea2-398fd22c7878::input-params ::GET::::{}
2025-12-13 01:12:56::info::/v1/api/patientRecord/readPatientRecord/693a8c925dbe463b3ad4c21a::8e18c108-933a-49f1-96cd-80fecffd1525::input-params ::GET::::{}
2025-12-13 01:12:59::info::/v1/api/patientRecord/updatePatientRecord/693a8c925dbe463b3ad4c223::5ec92dd8-4503-4163-8f0d-a90476807416::input-params ::PATCH::::{"recordId":"693a8c925dbe463b3ad4c223","_id":"693a8c925dbe463b3ad4c223","email":"phapluudev2k5rere@gmail.com","fullName":"Lưu Quốc Pháp Phới","phone":"0374499251","address":"Sân banh","dob":"2005-02-17T00:00:00.000Z","gender":"female","doctorId":"6938de6914c33773a5457584","patientId":"693a8c925dbe463b3ad4c21a","folderId":"6939a80b035dea9503dfca30","title":"Initial Intake Record","recordType":"assessment","symptoms":["Nerd - Code to much"],"diagnosis":"","moodLevel":null,"treatmentPlan":"","attachments":[],"caregiverNotes":"","doctorNotes":"","visibility":"doctor_only","medications":[],"createdAt":"2025-12-11T09:19:14.405Z","updatedAt":"2025-12-12T13:55:21.905Z","__v":1,"birthday":"2005-02-17","age":20}
2025-12-13 01:13:49::info::/v1/api/folder/readFolder/6939a80b035dea9503dfca30::90572f05-ae2b-4a19-9a09-0b69c5cce053::input-params ::GET::::{}
2025-12-13 01:13:49::info::/v1/api/folder/readFolder/6939a80b035dea9503dfca30::831cec03-143f-45e9-bcd9-7562cc5c706b::input-params ::GET::::{}
2025-12-13 01:13:50::info::/v1/api/patientRecord/readPatientRecord/693a8c925dbe463b3ad4c21a::8e4a8df7-7456-4890-a081-cc8ff1890862::input-params ::GET::::{}
2025-12-13 01:13:50::info::/v1/api/patientRecord/readPatientRecord/693a8c925dbe463b3ad4c21a::27478ee5-a584-44fd-b751-445e56f69760::input-params ::GET::::{}
2025-12-13 01:14:28::info::/v1/api/patientRecord/updatePatientRecord/693a8c925dbe463b3ad4c223::360c8d35-1867-44d7-8932-ebba5f713416::input-params ::PATCH::::{"recordId":"693a8c925dbe463b3ad4c223","_id":"693a8c925dbe463b3ad4c223","email":"phapluudev2k5rere@gmail.com","fullName":"Lưu Quốc Pháp Phới","phone":"0374499251","address":"Sân banh","dob":"2005-02-17T00:00:00.000Z","gender":"female","doctorId":"6938de6914c33773a5457584","patientId":"693a8c925dbe463b3ad4c21a","folderId":"6939a80b035dea9503dfca30","title":"Initial Intake Record","recordType":"assessment","symptoms":["Nerd - Code to much"],"diagnosis":"","moodLevel":null,"treatmentPlan":"","attachments":[],"caregiverNotes":"","doctorNotes":"","visibility":"doctor_only","medications":[],"createdAt":"2025-12-11T09:19:14.405Z","updatedAt":"2025-12-12T13:55:21.905Z","__v":1,"birthday":"2005-04-12","age":20}
2025-12-13 01:19:12::info::/v1/api/patientRecord/updatePatientRecord/693a8c925dbe463b3ad4c223::d51c8103-fa0c-47ea-a1f6-c685f5bead16::input-params ::PATCH::::{"recordId":"693a8c925dbe463b3ad4c223","_id":"693a8c925dbe463b3ad4c223","email":"phapluudev2k5rere@gmail.com","fullName":"Lưu Quốc Pháp Phới","phone":"0374499251","address":"Sân banh","dob":"2005-02-17T00:00:00.000Z","gender":"female","doctorId":"6938de6914c33773a5457584","patientId":"693a8c925dbe463b3ad4c21a","folderId":"6939a80b035dea9503dfca30","title":"Initial Intake Record","recordType":"assessment","symptoms":["Nerd - Code to much"],"diagnosis":"","moodLevel":null,"treatmentPlan":"","attachments":[],"caregiverNotes":"","doctorNotes":"","visibility":"doctor_only","medications":[],"createdAt":"2025-12-11T09:19:14.405Z","updatedAt":"2025-12-12T13:55:21.905Z","__v":1,"birthday":"2005-04-12","age":20}
2025-12-13 01:21:52::info::/v1/api/patientRecord/readPatientRecord/693a8c925dbe463b3ad4c21a::7b9ea671-8b57-4e03-95f7-bad52f5faa17::input-params ::GET::::{}
2025-12-13 01:21:52::info::/v1/api/user/me::b19a8eca-cb8c-40f9-b8da-ac124f0a5412::input-params ::GET::::{}
2025-12-13 01:21:52::info::/v1/api/user/me::7a839297-eb95-42ef-8ae3-eaff47f329ca::input-params ::GET::::{}
2025-12-13 01:21:52::info::/v1/api/patientRecord/readPatientRecord/693a8c925dbe463b3ad4c21a::bd6d410b-d8c7-4fe0-8734-8fce41320240::input-params ::GET::::{}
2025-12-13 01:21:59::info::/v1/api/patientRecord/updatePatientRecord/693a8c925dbe463b3ad4c223::2cddeacb-24fa-4728-9d92-2bb5ee6ab92b::input-params ::PATCH::::{"recordId":"693a8c925dbe463b3ad4c223","_id":"693a8c925dbe463b3ad4c223","email":"phapluudev2k5rere@gmail.com","fullName":"Lưu Quốc Pháp Phới","phone":"0374499251","address":"Sân banh","dob":"2005-04-12T00:00:00.000Z","gender":"male","doctorId":"6938de6914c33773a5457584","patientId":"693a8c925dbe463b3ad4c21a","folderId":"6939a80b035dea9503dfca30","title":"Initial Intake Record","recordType":"assessment","symptoms":["Nerd - Code to much"],"diagnosis":"","moodLevel":null,"treatmentPlan":"","attachments":[],"caregiverNotes":"","doctorNotes":"","visibility":"doctor_only","medications":[],"createdAt":"2025-12-11T09:19:14.405Z","updatedAt":"2025-12-12T13:55:21.905Z","__v":1,"birthday":"2005-04-12","age":20}
2025-12-13 01:22:34::info::/v1/api/patientRecord/updatePatientRecord/693a8c925dbe463b3ad4c223::4ea5b305-2a91-4c7b-b2b4-381e175dd73a::input-params ::PATCH::::{"recordId":"693a8c925dbe463b3ad4c223","_id":"693a8c925dbe463b3ad4c223","email":"phapluudev2k5rere@gmail.com","fullName":"Lưu Quốc Pháp Phới","phone":"0374499251","address":"RMIT","dob":"2005-04-12T00:00:00.000Z","gender":"male","doctorId":"6938de6914c33773a5457584","patientId":"693a8c925dbe463b3ad4c21a","folderId":"6939a80b035dea9503dfca30","title":"Initial Intake Record","recordType":"assessment","symptoms":["Nerd - Code to much"],"diagnosis":"","moodLevel":null,"treatmentPlan":"","attachments":[],"caregiverNotes":"","doctorNotes":"","visibility":"doctor_only","medications":[],"createdAt":"2025-12-11T09:19:14.405Z","updatedAt":"2025-12-12T13:55:21.905Z","__v":1,"birthday":"2006-07-24","age":19}
2025-12-13 01:22:38::info::/v1/api/patientRecord/updatePatientRecord/693a8c925dbe463b3ad4c223::aa52f862-6520-4ae1-a4ba-eb09d940f3b4::input-params ::PATCH::::{"recordId":"693a8c925dbe463b3ad4c223","_id":"693a8c925dbe463b3ad4c223","email":"phapluudev2k5rere@gmail.com","fullName":"Lưu Quốc Pháp","phone":"0374499251","address":"RMIT","dob":"2005-04-12T00:00:00.000Z","gender":"male","doctorId":"6938de6914c33773a5457584","patientId":"693a8c925dbe463b3ad4c21a","folderId":"6939a80b035dea9503dfca30","title":"Initial Intake Record","recordType":"assessment","symptoms":["Nerd - Code to much"],"diagnosis":"","moodLevel":null,"treatmentPlan":"","attachments":[],"caregiverNotes":"","doctorNotes":"","visibility":"doctor_only","medications":[],"createdAt":"2025-12-11T09:19:14.405Z","updatedAt":"2025-12-12T13:55:21.905Z","__v":1,"birthday":"2006-07-24","age":19}
2025-12-13 01:22:40::info::/v1/api/patientRecord/readPatientRecord/693a8c925dbe463b3ad4c21a::2920c27c-7817-4cfd-b6a6-e93e65ae130f::input-params ::GET::::{}
2025-12-13 01:22:40::info::/v1/api/user/me::3ba2eb4c-92cc-4ab1-bf61-d42a25334a06::input-params ::GET::::{}
2025-12-13 01:22:40::info::/v1/api/user/me::edbd5444-f2e0-4219-a20c-8b5ba36e1972::input-params ::GET::::{}
2025-12-13 01:22:40::info::/v1/api/patientRecord/readPatientRecord/693a8c925dbe463b3ad4c21a::da4accc1-525c-4156-b6b0-b4863c55a3cf::input-params ::GET::::{}
2025-12-13 01:22:41::info::/v1/api/patientRecord/readPatientRecord/693a8c925dbe463b3ad4c21a::72bc2698-38fb-4584-8090-c2d12cf68e62::input-params ::GET::::{}
2025-12-13 01:22:41::info::/v1/api/user/me::00eca6c3-2b4a-42c2-813f-5c4baff94115::input-params ::GET::::{}
2025-12-13 01:22:41::info::/v1/api/user/me::7c1e0706-c6b1-4490-97df-e0d64a2d4b66::input-params ::GET::::{}
2025-12-13 01:22:41::info::/v1/api/patientRecord/readPatientRecord/693a8c925dbe463b3ad4c21a::c16bfd21-5139-4664-aa4b-4bbf8aa352b8::input-params ::GET::::{}
2025-12-13 01:22:42::info::/v1/api/patientRecord/readPatientRecord/693a8c925dbe463b3ad4c21a::f97887aa-d947-4088-83be-ef645a5b23b8::input-params ::GET::::{}
2025-12-13 01:22:42::info::/v1/api/user/me::a94375e7-88ae-4778-82d7-b0fe37b0b54c::input-params ::GET::::{}
2025-12-13 01:22:42::info::/v1/api/user/me::fc4975a7-29cc-4ef2-8481-a5544d41e162::input-params ::GET::::{}
2025-12-13 01:22:42::info::/v1/api/patientRecord/readPatientRecord/693a8c925dbe463b3ad4c21a::36dc9092-df9e-4493-8315-a6e305f7bd14::input-params ::GET::::{}
2025-12-13 01:22:43::info::/v1/api/folder/readFolders::6c94e03e-b3df-4151-822b-6766e405572e::input-params ::GET::::{}
2025-12-13 01:22:43::info::/v1/api/folder/readFolders::8a7ee8b0-e230-4182-94c8-298eb025193c::input-params ::GET::::{}
2025-12-13 01:22:44::info::/v1/api/folder/readFolder/6939a80b035dea9503dfca30::cd4473d6-44dd-4a71-9ef5-54e5432cb913::input-params ::GET::::{}
2025-12-13 01:22:45::info::/v1/api/folder/readFolder/6939a80b035dea9503dfca30::a4983fec-399f-4532-8bb9-fa511e61baff::input-params ::GET::::{}
2025-12-13 01:22:48::info::/v1/api/patientRecord/readPatientRecord/693a8c925dbe463b3ad4c21a::af4fedbd-20da-47da-aaf5-e76b366e9490::input-params ::GET::::{}
2025-12-13 01:22:48::info::/v1/api/patientRecord/readPatientRecord/693a8c925dbe463b3ad4c21a::c71221e2-3176-407f-976a-b7a3abd2c4b9::input-params ::GET::::{}
2025-12-13 01:22:52::info::/v1/api/folder/readFolders::5c406b60-0fce-405f-932b-c98affb190b5::input-params ::GET::::{}
2025-12-13 01:22:52::info::/v1/api/folder/readFolders::dc9fa814-18ed-4b21-8c1e-6b48dec461a4::input-params ::GET::::{}
2025-12-13 01:22:53::info::/v1/api/folder/readFolder/6939a80b035dea9503dfca30::527d0031-6107-4e1c-809d-633940b12064::input-params ::GET::::{}
2025-12-13 01:22:53::info::/v1/api/folder/readFolder/6939a80b035dea9503dfca30::3cac6c18-4ee2-4106-a3d0-d41ec5d82df8::input-params ::GET::::{}
2025-12-13 01:22:54::info::/v1/api/patientRecord/readPatientRecord/693a8c925dbe463b3ad4c21a::7c923498-6184-48ca-8d43-53d11473e821::input-params ::GET::::{}
2025-12-13 01:22:54::info::/v1/api/patientRecord/readPatientRecord/693a8c925dbe463b3ad4c21a::a169ca13-dfa9-4f70-abaa-8f771ac99783::input-params ::GET::::{}
2025-12-13 01:23:21::info::/v1/api/patientRecord/updatePatientRecord/693a8c925dbe463b3ad4c223::65e0388d-416c-497b-a2aa-99bcad54345f::input-params ::PATCH::::{"recordId":"693a8c925dbe463b3ad4c223","_id":"693a8c925dbe463b3ad4c223","email":"phapluudev2k5rere@gmail.com","fullName":"Lưu Quốc Pháp","phone":"0374499251","address":"RMIT","dob":"2006-07-24T00:00:00.000Z","gender":"male","doctorId":"6938de6914c33773a5457584","patientId":"693a8c925dbe463b3ad4c21a","folderId":"6939a80b035dea9503dfca30","title":"Initial Intake Record","recordType":"assessment","symptoms":["Nerd - Code to much"],"diagnosis":"","moodLevel":null,"treatmentPlan":"","attachments":[],"caregiverNotes":"","doctorNotes":"","visibility":"doctor_only","medications":[],"createdAt":"2025-12-11T09:19:14.405Z","updatedAt":"2025-12-12T13:55:21.905Z","__v":1,"birthday":"2006-07-24","age":19}
2025-12-13 01:23:22::info::/v1/api/patientRecord/updatePatientRecord/693a8c925dbe463b3ad4c223::e302ec5c-4b22-4282-b1eb-f3ff347b0a85::input-params ::PATCH::::{"recordId":"693a8c925dbe463b3ad4c223","_id":"693a8c925dbe463b3ad4c223","email":"phapluudev2k5rere@gmail.com","fullName":"Lưu Quốc Pháp","phone":"0374499251","address":"RMIT","dob":"2006-07-24T00:00:00.000Z","gender":"male","doctorId":"6938de6914c33773a5457584","patientId":"693a8c925dbe463b3ad4c21a","folderId":"6939a80b035dea9503dfca30","title":"Initial Intake Record","recordType":"assessment","symptoms":[],"diagnosis":"","moodLevel":null,"treatmentPlan":"","attachments":[],"caregiverNotes":"","doctorNotes":"","visibility":"doctor_only","medications":[],"createdAt":"2025-12-11T09:19:14.405Z","updatedAt":"2025-12-12T13:55:21.905Z","__v":1,"birthday":"2006-07-24","age":19}
2025-12-13 01:25:02::info::/v1/api/patientRecord/readPatientRecord/693a8c925dbe463b3ad4c21a::f993dc1b-ca89-4c86-8ee9-23481bee738d::input-params ::GET::::{}
2025-12-13 01:25:02::info::/v1/api/user/me::8be9c394-b487-4623-bc2d-4b58ed112930::input-params ::GET::::{}
2025-12-13 01:25:02::info::/v1/api/user/me::7e93b74e-97a9-4179-859f-282521b1eaca::input-params ::GET::::{}
2025-12-13 01:25:02::info::/v1/api/patientRecord/readPatientRecord/693a8c925dbe463b3ad4c21a::038dd76e-c578-47f0-8b25-3a56abe786f7::input-params ::GET::::{}
2025-12-13 01:25:11::info::/v1/api/patientRecord/updatePatientRecord/693a8c925dbe463b3ad4c223::425bbb32-5c53-45b5-a3eb-39bb560a22c5::input-params ::PATCH::::{"recordId":"693a8c925dbe463b3ad4c223","_id":"693a8c925dbe463b3ad4c223","email":"phapluudev2k5rere@gmail.com","fullName":"Lưu Quốc Pháp","phone":"0374499251","address":"RMIT","dob":"2006-07-24T00:00:00.000Z","gender":"male","doctorId":"6938de6914c33773a5457584","patientId":"693a8c925dbe463b3ad4c21a","folderId":"6939a80b035dea9503dfca30","title":"Initial Intake Record","recordType":"assessment","symptoms":[],"diagnosis":"","moodLevel":null,"treatmentPlan":"","attachments":[],"caregiverNotes":"","doctorNotes":"","visibility":"doctor_only","medications":[],"createdAt":"2025-12-11T09:19:14.405Z","updatedAt":"2025-12-12T18:23:22.314Z","__v":2,"birthday":"2006-07-24","age":"19"}
2025-12-13 01:25:19::info::/v1/api/patientRecord/readPatientRecord/693a8c925dbe463b3ad4c21a::2b26eab3-8919-48ed-97af-b5fff4df069d::input-params ::GET::::{}
2025-12-13 01:25:19::info::/v1/api/user/me::fede5564-8dcb-4fe2-a69d-30c1146326ed::input-params ::GET::::{}
2025-12-13 01:25:19::info::/v1/api/user/me::6843b1a3-1a93-4c80-8aed-25b0738d7fd6::input-params ::GET::::{}
2025-12-13 01:25:19::info::/v1/api/patientRecord/readPatientRecord/693a8c925dbe463b3ad4c21a::bd56156b-542c-4950-8248-c0443e68380b::input-params ::GET::::{}
2025-12-13 01:25:22::info::/v1/api/folder/readFolder/6939a80b035dea9503dfca30::752af63a-8670-4797-bd5b-56af6851dcc8::input-params ::GET::::{}
2025-12-13 01:25:22::info::/v1/api/folder/readFolder/6939a80b035dea9503dfca30::63e64523-7117-4fce-a0c1-7f4f9f1e7427::input-params ::GET::::{}
2025-12-13 01:25:23::info::/v1/api/patientRecord/readPatientRecord/693a8c925dbe463b3ad4c21a::963a4dd4-18a2-48ee-89ea-e1a00a03cff9::input-params ::GET::::{}
2025-12-13 01:25:23::info::/v1/api/patientRecord/readPatientRecord/693a8c925dbe463b3ad4c21a::59fb8914-70d5-458d-8546-62da815bc69c::input-params ::GET::::{}
2025-12-13 01:26:58::info::/v1/api/patientRecord/readPatientRecord/693a8c925dbe463b3ad4c21a::825bbfe9-f0c4-4234-9ce4-c7a683af7bcb::input-params ::GET::::{}
2025-12-13 01:26:58::info::/v1/api/user/me::ac34e39f-19a3-4c63-ba02-9e07b9a1ba26::input-params ::GET::::{}
2025-12-13 01:26:58::info::/v1/api/user/me::befebbae-ef8d-4da6-86af-0aa279b44a34::input-params ::GET::::{}
2025-12-13 01:26:58::info::/v1/api/patientRecord/readPatientRecord/693a8c925dbe463b3ad4c21a::1b4c2f38-5248-4dfc-9d00-68557f4d57e5::input-params ::GET::::{}
2025-12-13 01:27:25::info::/v1/api/patientRecord/readPatientRecord/693a8c925dbe463b3ad4c21a::5409bf50-d7d3-4039-a37f-61040099e1e5::input-params ::GET::::{}
2025-12-13 01:27:25::info::/v1/api/user/me::81c308c8-4a7a-4951-b668-8ab8da5d1905::input-params ::GET::::{}
2025-12-13 01:27:25::info::/v1/api/user/me::2eb12a7b-c3df-46d0-aaef-eac5d3752102::input-params ::GET::::{}
2025-12-13 01:27:25::info::/v1/api/patientRecord/readPatientRecord/693a8c925dbe463b3ad4c21a::59394176-fbc5-4f66-80ea-d4c76c000dec::input-params ::GET::::{}
2025-12-13 01:27:28::info::/v1/api/folder/readFolder/6939a80b035dea9503dfca30::4d974a4b-fd83-484d-9115-a60bcfd65d5d::input-params ::GET::::{}
2025-12-13 01:27:29::info::/v1/api/folder/readFolder/6939a80b035dea9503dfca30::6ac16e9f-daef-4888-95b6-5185878224f3::input-params ::GET::::{}
2025-12-13 01:27:29::info::/v1/api/patientRecord/readPatientRecord/693a8c925dbe463b3ad4c21a::a09920c3-70f4-488e-bbb6-6f930b7ad47b::input-params ::GET::::{}
2025-12-13 01:27:29::info::/v1/api/patientRecord/readPatientRecord/693a8c925dbe463b3ad4c21a::be0c2182-9d29-469b-b8b3-2a1c4038ed93::input-params ::GET::::{}
2025-12-13 01:27:32::info::/v1/api/folder/readFolder/6939a80b035dea9503dfca30::a4bc09e9-b159-454c-bfcd-45cbddab40a9::input-params ::GET::::{}
2025-12-13 01:27:32::info::/v1/api/folder/readFolder/6939a80b035dea9503dfca30::bc2cec7a-68ed-489e-9ed0-3d98fd79ea64::input-params ::GET::::{}
2025-12-13 01:28:10::info::/v1/api/patientRecord/readPatientRecord/693a8c925dbe463b3ad4c21a::d6c03151-ae91-484a-8dec-1995ec85f5dd::input-params ::GET::::{}
2025-12-13 01:28:10::info::/v1/api/patientRecord/readPatientRecord/693a8c925dbe463b3ad4c21a::a8096c1d-70d6-40be-94cc-a5d45325f0bf::input-params ::GET::::{}
2025-12-13 01:28:14::info::/v1/api/folder/readFolder/6939a80b035dea9503dfca30::e0d9f0e2-df8a-4121-b068-1dda905e3539::input-params ::GET::::{}
2025-12-13 01:28:14::info::/v1/api/folder/readFolder/6939a80b035dea9503dfca30::493a0784-71ff-4d9b-8b52-51d940431226::input-params ::GET::::{}
2025-12-13 01:28:20::info::/v1/api/patientRecord/readPatientRecord/693a8c925dbe463b3ad4c21a::567bb753-a183-4310-b247-c3bbebb22ac1::input-params ::GET::::{}
2025-12-13 01:28:21::info::/v1/api/patientRecord/readPatientRecord/693a8c925dbe463b3ad4c21a::3035920b-b331-4bc1-92b8-3a93ed195349::input-params ::GET::::{}
2025-12-13 01:28:36::info::/v1/api/patientRecord/updatePatientRecord/693a8c925dbe463b3ad4c223::51e95a51-3406-44b8-bc57-fe3ef76611ce::input-params ::PATCH::::{"recordId":"693a8c925dbe463b3ad4c223","_id":"693a8c925dbe463b3ad4c223","email":"phapluudev2k5rere@gmail.com","fullName":"Lưu Quốc Pháp","phone":"0374499251","address":"RMIT","dob":"2006-07-24T00:00:00.000Z","gender":"male","doctorId":"6938de6914c33773a5457584","patientId":"693a8c925dbe463b3ad4c21a","folderId":"6939a80b035dea9503dfca30","title":"Initial Intake Record","recordType":"assessment","symptoms":[],"diagnosis":"","moodLevel":null,"treatmentPlan":"","attachments":[],"caregiverNotes":"","doctorNotes":"","visibility":"doctor_only","medications":[],"createdAt":"2025-12-11T09:19:14.405Z","updatedAt":"2025-12-12T18:23:22.314Z","__v":2,"birthday":"2006-07-24","age":19}
2025-12-13 01:29:03::info::/v1/api/patientRecord/readPatientRecord/693a8c925dbe463b3ad4c21a::08caafbd-fea8-467c-9f4c-6c4764ab497d::input-params ::GET::::{}
2025-12-13 01:29:03::info::/v1/api/user/me::3647c833-49f1-486f-89a7-c8cb2ab1f373::input-params ::GET::::{}
2025-12-13 01:29:03::info::/v1/api/user/me::112c4ea8-278b-498d-8610-ceb13255c463::input-params ::GET::::{}
2025-12-13 01:29:03::info::/v1/api/patientRecord/readPatientRecord/693a8c925dbe463b3ad4c21a::0b4d1fac-c545-4c35-b555-a63cfddd8753::input-params ::GET::::{}
2025-12-13 01:29:13::info::/v1/api/patientRecord/updatePatientRecord/693a8c925dbe463b3ad4c223::cbac16aa-16c7-492d-8d3f-830a82698b9d::input-params ::PATCH::::{"recordId":"693a8c925dbe463b3ad4c223","_id":"693a8c925dbe463b3ad4c223","email":"phapluudev2k5rere@gmail.com","fullName":"Lưu Quốc Pháp","phone":"0374499251","address":"RMIT","dob":"2006-07-24T00:00:00.000Z","gender":"male","doctorId":"6938de6914c33773a5457584","patientId":"693a8c925dbe463b3ad4c21a","folderId":"6939a80b035dea9503dfca30","title":"Initial Intake Record","recordType":"assessment","symptoms":[],"diagnosis":"","moodLevel":null,"treatmentPlan":"","attachments":[],"caregiverNotes":"","doctorNotes":"","visibility":"doctor_only","medications":[],"createdAt":"2025-12-11T09:19:14.405Z","updatedAt":"2025-12-12T18:23:22.314Z","__v":2,"birthday":"2006-07-24","age":"19"}
2025-12-13 01:29:56::info::/v1/api/patientRecord/readPatientRecord/693a8c925dbe463b3ad4c21a::98fe470a-7ae1-4835-85a9-ea9ba5efb59a::input-params ::GET::::{}
2025-12-13 01:29:56::info::/v1/api/user/me::396682ac-f54d-4450-938b-9550c4dc4be9::input-params ::GET::::{}
2025-12-13 01:29:56::info::/v1/api/user/me::6e07db00-6577-4b89-bdc9-2e25cc6f138f::input-params ::GET::::{}
2025-12-13 01:29:56::info::/v1/api/patientRecord/readPatientRecord/693a8c925dbe463b3ad4c21a::376b0d1d-e453-42be-94a2-783ce6c3d426::input-params ::GET::::{}
2025-12-13 01:30:00::info::/v1/api/patientRecord/updatePatientRecord/693a8c925dbe463b3ad4c223::7399f8ff-74f3-4b72-a356-4909317b6bb6::input-params ::PATCH::::{"recordId":"693a8c925dbe463b3ad4c223","_id":"693a8c925dbe463b3ad4c223","email":"phapluudev2k5rere@gmail.com","fullName":"Lưu Quốc Pháp","phone":"0374499251","address":"RMIT","dob":"2006-07-24T00:00:00.000Z","gender":"male","doctorId":"6938de6914c33773a5457584","patientId":"693a8c925dbe463b3ad4c21a","folderId":"6939a80b035dea9503dfca30","title":"Initial Intake Record","recordType":"assessment","symptoms":[],"diagnosis":"","moodLevel":null,"treatmentPlan":"","attachments":[],"caregiverNotes":"","doctorNotes":"","visibility":"doctor_only","medications":[],"createdAt":"2025-12-11T09:19:14.405Z","updatedAt":"2025-12-12T18:23:22.314Z","__v":2,"birthday":"2006-07-24","age":19}
2025-12-13 01:30:33::info::/v1/api/patientRecord/readPatientRecord/693a8c925dbe463b3ad4c21a::8ba9afa1-bf93-42f0-8f48-daf800924a93::input-params ::GET::::{}
2025-12-13 01:30:33::info::/v1/api/user/me::11455b35-03ee-4df0-80cb-aa3361db8000::input-params ::GET::::{}
2025-12-13 01:30:34::info::/v1/api/user/me::9744d5b7-dfae-45c2-830f-21723bf48a46::input-params ::GET::::{}
2025-12-13 01:30:34::info::/v1/api/patientRecord/readPatientRecord/693a8c925dbe463b3ad4c21a::b7b3a9fc-9a83-448b-abc3-c87f4f5fc0ca::input-params ::GET::::{}
2025-12-13 01:30:56::info::/v1/api/patientRecord/updatePatientRecord/693a8c925dbe463b3ad4c223::3c510a4a-9dae-4291-85c4-39c16b7faa3d::input-params ::PATCH::::{"recordId":"693a8c925dbe463b3ad4c223","_id":"693a8c925dbe463b3ad4c223","email":"phapluudev2k5rere@gmail.com","fullName":"Lưu Quốc Pháp","phone":"0374499251","address":"RMIT","dob":"2006-07-24T00:00:00.000Z","gender":"male","doctorId":"6938de6914c33773a5457584","patientId":"693a8c925dbe463b3ad4c21a","folderId":"6939a80b035dea9503dfca30","title":"Initial Intake Record","recordType":"assessment","symptoms":[],"diagnosis":"","moodLevel":null,"treatmentPlan":"","attachments":[],"caregiverNotes":"","doctorNotes":"","visibility":"doctor_only","medications":[],"createdAt":"2025-12-11T09:19:14.405Z","updatedAt":"2025-12-12T18:23:22.314Z","__v":2,"birthday":"2011-07-16","age":14}
2025-12-13 01:31:16::info::/v1/api/patientRecord/readPatientRecord/693a8c925dbe463b3ad4c21a::ae8ba51f-87fe-4424-ab12-a56b6755e104::input-params ::GET::::{}
2025-12-13 01:31:16::info::/v1/api/user/me::5808ccb8-571f-4002-abd9-6379d0cc410b::input-params ::GET::::{}
2025-12-13 01:31:16::info::/v1/api/user/me::7d11ba1c-0d79-46d1-a15b-d405788af105::input-params ::GET::::{}
2025-12-13 01:31:16::info::/v1/api/patientRecord/readPatientRecord/693a8c925dbe463b3ad4c21a::d640b440-d84d-4237-9441-69c4f3e8fe7d::input-params ::GET::::{}
2025-12-13 01:31:24::info::/v1/api/patientRecord/updatePatientRecord/693a8c925dbe463b3ad4c223::d2cc4f06-7f41-4380-9487-3bfeb9510b13::input-params ::PATCH::::{"recordId":"693a8c925dbe463b3ad4c223","_id":"693a8c925dbe463b3ad4c223","email":"phapluudev2k5rere@gmail.com","fullName":"Lưu Quốc Pháp","phone":"0374499251","address":"RMIT","dob":"2011-07-16T00:00:00.000Z","gender":"male","doctorId":"6938de6914c33773a5457584","patientId":"693a8c925dbe463b3ad4c21a","folderId":"6939a80b035dea9503dfca30","title":"Initial Intake Record","recordType":"assessment","symptoms":[],"diagnosis":"","moodLevel":null,"treatmentPlan":"","attachments":[],"caregiverNotes":"","doctorNotes":"","visibility":"doctor_only","medications":[],"createdAt":"2025-12-11T09:19:14.405Z","updatedAt":"2025-12-12T18:23:22.314Z","__v":2,"birthday":"2009-07-11","age":16}
2025-12-13 01:34:23::info::/v1/api/patientRecord/readPatientRecord/693a8c925dbe463b3ad4c21a::9d1296e6-1a71-432d-a103-f004b7d8e0ce::input-params ::GET::::{}
2025-12-13 01:34:23::info::/v1/api/user/me::8c95ec98-934f-4171-91d6-7ef72d323a39::input-params ::GET::::{}
2025-12-13 01:34:23::info::/v1/api/user/me::5485777f-012f-4916-8c21-6ca014b23fb9::input-params ::GET::::{}
2025-12-13 01:34:23::info::/v1/api/patientRecord/readPatientRecord/693a8c925dbe463b3ad4c21a::2976655a-987c-4e44-b13c-5d09d70f3fd9::input-params ::GET::::{}
2025-12-13 01:34:44::info::/v1/api/patientRecord/updatePatientRecord/693a8c925dbe463b3ad4c223::3f550c7a-963e-446c-b8a5-216c719479f1::input-params ::PATCH::::{"recordId":"693a8c925dbe463b3ad4c223","_id":"693a8c925dbe463b3ad4c223","email":"phapluudev2k5rere@gmail.com","fullName":"Lưu Quốc Pháp","phone":"0374499251","address":"RMIT","dob":"2009-07-11T00:00:00.000Z","gender":"male","doctorId":"6938de6914c33773a5457584","patientId":"693a8c925dbe463b3ad4c21a","folderId":"6939a80b035dea9503dfca30","title":"Initial Intake Record","recordType":"assessment","symptoms":[],"diagnosis":"","moodLevel":null,"treatmentPlan":"","attachments":[],"caregiverNotes":"","doctorNotes":"","visibility":"doctor_only","medications":[],"createdAt":"2025-12-11T09:19:14.405Z","updatedAt":"2025-12-12T18:23:22.314Z","__v":2,"birthday":"2011-07-09","age":14}
2025-12-13 01:34:54::info::/v1/api/patientRecord/updatePatientRecord/693a8c925dbe463b3ad4c223::a5a0eb64-5ff4-4b80-9e0c-7bf7f8dc68d6::input-params ::PATCH::::{"recordId":"693a8c925dbe463b3ad4c223","_id":"693a8c925dbe463b3ad4c223","email":"phapluudev2k5rere@gmail.com","fullName":"Lưu Quốc Pháp","phone":"0374499251","address":"RMIT","dob":"2009-07-11T00:00:00.000Z","gender":"male","doctorId":"6938de6914c33773a5457584","patientId":"693a8c925dbe463b3ad4c21a","folderId":"6939a80b035dea9503dfca30","title":"Initial Intake Record","recordType":"assessment","symptoms":[],"diagnosis":"","moodLevel":null,"treatmentPlan":"","attachments":[],"caregiverNotes":"","doctorNotes":"","visibility":"doctor_only","medications":[],"createdAt":"2025-12-11T09:19:14.405Z","updatedAt":"2025-12-12T18:23:22.314Z","__v":2,"birthday":"2011-07-09","age":14}
2025-12-13 01:34:56::info::/v1/api/patientRecord/readPatientRecord/693a8c925dbe463b3ad4c21a::43741793-7e8c-4c03-b498-3c86e5b306d6::input-params ::GET::::{}
2025-12-13 01:34:56::info::/v1/api/user/me::34a9aaa9-c028-4678-ae82-b3691b4ac61b::input-params ::GET::::{}
2025-12-13 01:34:56::info::/v1/api/user/me::dcae8b6c-7326-44a9-b1a8-60eda741e520::input-params ::GET::::{}
2025-12-13 01:34:56::info::/v1/api/patientRecord/readPatientRecord/693a8c925dbe463b3ad4c21a::4dbcd324-7795-48ca-9e49-6cac38e07342::input-params ::GET::::{}
2025-12-13 01:44:08::info::/v1/api/patientRecord/readPatientRecord/693a8c925dbe463b3ad4c21a::ebd901bb-0e45-446e-bc40-f9b7cf7e7ef2::input-params ::GET::::{}
2025-12-13 01:44:08::info::/v1/api/user/me::187ca43b-5ff6-482c-bc92-9442b44c6bb8::input-params ::GET::::{}
2025-12-13 01:44:08::info::/v1/api/user/me::cd72d2b4-6daa-41b3-bc07-ea06cc8984a8::input-params ::GET::::{}
2025-12-13 01:44:08::info::/v1/api/patientRecord/readPatientRecord/693a8c925dbe463b3ad4c21a::1b0bdeaa-dc9a-4aa4-af24-3f33d80fb633::input-params ::GET::::{}
2025-12-13 01:44:47::info::/v1/api/patientRecord/readPatientRecord/693a8c925dbe463b3ad4c21a::d1c71615-91ed-41d3-ba1e-f7860c09e408::input-params ::GET::::{}
2025-12-13 01:46:01::info::/v1/api/patientRecord/readPatientRecord/693a8c925dbe463b3ad4c21a::581d6c49-f78d-4ba7-ac72-0ffd1e446f47::input-params ::GET::::{}
2025-12-13 01:48:16::info::/v1/api/patientRecord/readPatientRecord/693a8c925dbe463b3ad4c21a::5ea9127c-53b5-4055-a67e-8a30ee4e263c::input-params ::GET::::{}
2025-12-13 01:48:16::info::/v1/api/user/me::c59ebc78-6823-445f-b87b-e72ac194dd34::input-params ::GET::::{}
2025-12-13 01:48:16::info::/v1/api/user/me::4a170a3a-dcd0-4480-9833-bb5fd14cdbcd::input-params ::GET::::{}
2025-12-13 01:48:16::info::/v1/api/patientRecord/readPatientRecord/693a8c925dbe463b3ad4c21a::a57fd342-0f0e-430f-b380-5f32f0ebb15d::input-params ::GET::::{}
2025-12-13 01:48:40::info::/v1/api/patientRecord/updatePatientRecord/693a8c925dbe463b3ad4c223::e3e6a10e-0342-4067-b4d1-2f920e51eb32::input-params ::PATCH::::{"recordId":"693a8c925dbe463b3ad4c223","_id":"693a8c925dbe463b3ad4c223","email":"phapluudev2k5rere@gmail.com","fullName":"Lưu Quốc Pháp","phone":"0374499251","address":"RMIT","dob":"2011-07-09T00:00:00.000Z","gender":"male","doctorId":"6938de6914c33773a5457584","patientId":"693a8c925dbe463b3ad4c21a","folderId":"6939a80b035dea9503dfca30","title":"Initial Intake Record","recordType":"assessment","symptoms":[{"id":"tmp-1765565297502","name":"Nerd","sign":"Fan MU","date":"2025-12-12","status":"Active"}],"diagnosis":"","moodLevel":null,"treatmentPlan":"","attachments":[],"caregiverNotes":"","doctorNotes":"","visibility":"doctor_only","medications":[],"createdAt":"2025-12-11T09:19:14.405Z","updatedAt":"2025-12-12T18:23:22.314Z","__v":2,"birthday":"2011-07-09","age":14}
2025-12-13 01:48:43::info::/v1/api/patientRecord/readPatientRecord/693a8c925dbe463b3ad4c21a::0c0e0628-5228-456b-9a92-31b2a0ddf222::input-params ::GET::::{}
2025-12-13 01:48:43::info::/v1/api/user/me::318d3939-2e13-4acf-b068-79451741dd8f::input-params ::GET::::{}
2025-12-13 01:48:43::info::/v1/api/user/me::2ff9ccf7-1e40-44f4-b46b-a1b4f62209c3::input-params ::GET::::{}
2025-12-13 01:48:43::info::/v1/api/patientRecord/readPatientRecord/693a8c925dbe463b3ad4c21a::7328e202-5ad0-4c50-b9ed-13382ce32aa1::input-params ::GET::::{}
2025-12-13 01:49:03::info::/v1/api/patientRecord/updatePatientRecord/693a8c925dbe463b3ad4c223::da2ec1e6-5af5-4177-957e-a6d78013a10a::input-params ::PATCH::::{"recordId":"693a8c925dbe463b3ad4c223","_id":"693a8c925dbe463b3ad4c223","email":"phapluudev2k5rere@gmail.com","fullName":"Lưu Quốc Pháp","phone":"0374499251","address":"RMIT","dob":"2011-07-09T00:00:00.000Z","gender":"male","doctorId":"6938de6914c33773a5457584","patientId":"693a8c925dbe463b3ad4c21a","folderId":"6939a80b035dea9503dfca30","title":"Initial Intake Record","recordType":"assessment","symptoms":[{"name":"Nerd","sign":"Fan MU","date":"2025-12-12","status":"Active"}],"diagnosis":"","moodLevel":null,"treatmentPlan":"","attachments":[],"caregiverNotes":"","doctorNotes":"","visibility":"doctor_only","medications":[],"createdAt":"2025-12-11T09:19:14.405Z","updatedAt":"2025-12-12T18:48:40.440Z","__v":3,"birthday":"2011-07-09","age":14}
2025-12-13 01:49:05::info::/v1/api/patientRecord/updatePatientRecord/693a8c925dbe463b3ad4c223::d1246291-71a8-48fa-97c1-374146c7c0bc::input-params ::PATCH::::{"recordId":"693a8c925dbe463b3ad4c223","_id":"693a8c925dbe463b3ad4c223","email":"phapluudev2k5rere@gmail.com","fullName":"Lưu Quốc Pháp","phone":"0374499251","address":"RMIT","dob":"2011-07-09T00:00:00.000Z","gender":"male","doctorId":"6938de6914c33773a5457584","patientId":"693a8c925dbe463b3ad4c21a","folderId":"6939a80b035dea9503dfca30","title":"Initial Intake Record","recordType":"assessment","symptoms":[{"name":"Nerd","sign":"Fan MU","date":"2025-12-12","status":"Active"}],"diagnosis":"","moodLevel":null,"treatmentPlan":"","attachments":[],"caregiverNotes":"","doctorNotes":"","visibility":"doctor_only","medications":[],"createdAt":"2025-12-11T09:19:14.405Z","updatedAt":"2025-12-12T18:48:40.440Z","__v":3,"birthday":"2011-07-09","age":14}
2025-12-13 01:49:35::info::/v1/api/patientRecord/updatePatientRecord/693a8c925dbe463b3ad4c223::2d368a8a-a07c-4007-a41f-27b0dee82f7d::input-params ::PATCH::::{"recordId":"693a8c925dbe463b3ad4c223","_id":"693a8c925dbe463b3ad4c223","email":"phapluudev2k5rere@gmail.com","fullName":"Lưu Quốc Pháp","phone":"0374499251","address":"RMIT","dob":"2011-07-09T00:00:00.000Z","gender":"male","doctorId":"6938de6914c33773a5457584","patientId":"693a8c925dbe463b3ad4c21a","folderId":"6939a80b035dea9503dfca30","title":"Initial Intake Record","recordType":"assessment","symptoms":[{"name":"Nerd","sign":"Fan MU","date":"2025-12-12","status":"Active"}],"diagnosis":"","moodLevel":null,"treatmentPlan":"","attachments":[],"caregiverNotes":"","doctorNotes":"","visibility":"doctor_only","medications":[],"createdAt":"2025-12-11T09:19:14.405Z","updatedAt":"2025-12-12T18:48:40.440Z","__v":3,"birthday":"2011-07-09","age":14}
2025-12-13 01:49:37::info::/v1/api/patientRecord/updatePatientRecord/693a8c925dbe463b3ad4c223::4d5e6d67-eac4-4847-a0a0-b98c805b44e9::input-params ::PATCH::::{"recordId":"693a8c925dbe463b3ad4c223","_id":"693a8c925dbe463b3ad4c223","email":"phapluudev2k5rere@gmail.com","fullName":"Lưu Quốc Pháp","phone":"0374499251","address":"RMIT","dob":"2011-07-09T00:00:00.000Z","gender":"male","doctorId":"6938de6914c33773a5457584","patientId":"693a8c925dbe463b3ad4c21a","folderId":"6939a80b035dea9503dfca30","title":"Initial Intake Record","recordType":"assessment","symptoms":[{"name":"Nerd","sign":"Fan MU","date":"2025-12-12","status":"Active"}],"diagnosis":"","moodLevel":null,"treatmentPlan":"","attachments":[],"caregiverNotes":"","doctorNotes":"","visibility":"doctor_only","medications":[],"createdAt":"2025-12-11T09:19:14.405Z","updatedAt":"2025-12-12T18:48:40.440Z","__v":3,"birthday":"2011-07-09","age":14}
2025-12-13 01:50:37::info::/v1/api/patientRecord/updatePatientRecord/693a8c925dbe463b3ad4c223::4372c4bb-0691-4a77-959f-2487d7216e67::input-params ::PATCH::::{"recordId":"693a8c925dbe463b3ad4c223","_id":"693a8c925dbe463b3ad4c223","email":"phapluudev2k5rere@gmail.com","fullName":"Lưu Quốc Pháp","phone":"0374499251","address":"RMIT","dob":"2011-07-09T00:00:00.000Z","gender":"male","doctorId":"6938de6914c33773a5457584","patientId":"693a8c925dbe463b3ad4c21a","folderId":"6939a80b035dea9503dfca30","title":"Initial Intake Record","recordType":"assessment","symptoms":[{"name":"Nerd","sign":"Fan MU","date":"2025-12-12","status":"Active"}],"diagnosis":"","moodLevel":null,"treatmentPlan":"","attachments":[],"caregiverNotes":"","doctorNotes":"","visibility":"doctor_only","medications":[],"createdAt":"2025-12-11T09:19:14.405Z","updatedAt":"2025-12-12T18:48:40.440Z","__v":3,"birthday":"2011-07-09","age":14}
2025-12-13 01:52:03::info::/v1/api/patientRecord/readPatientRecord/693a8c925dbe463b3ad4c21a::37d23182-cbb4-4ba0-8b7b-68e91a4dc473::input-params ::GET::::{}
2025-12-13 01:52:36::info::/v1/api/patientRecord/readPatientRecord/693a8c925dbe463b3ad4c21a::48f25bed-4868-463d-ac82-46b493637b63::input-params ::GET::::{}
2025-12-13 01:52:36::info::/v1/api/user/me::fe6ab9d2-b232-4db6-800d-37e2567b1461::input-params ::GET::::{}
2025-12-13 01:52:37::info::/v1/api/user/me::12640d8e-86ab-47d4-91e5-dfa0c8478baa::input-params ::GET::::{}
2025-12-13 01:52:37::info::/v1/api/patientRecord/readPatientRecord/693a8c925dbe463b3ad4c21a::71234161-bc1e-46fd-882e-d330915efa24::input-params ::GET::::{}
2025-12-13 01:52:38::info::/v1/api/patientRecord/updatePatientRecord/693a8c925dbe463b3ad4c223::03ddd4c8-eaca-4d70-8bb2-0e63ba93aa6f::input-params ::PATCH::::{"recordId":"693a8c925dbe463b3ad4c223","_id":"693a8c925dbe463b3ad4c223","email":"phapluudev2k5rere@gmail.com","fullName":"Lưu Quốc Pháp","phone":"0374499251","address":"RMIT","dob":"2011-07-09T00:00:00.000Z","gender":"male","doctorId":"6938de6914c33773a5457584","patientId":"693a8c925dbe463b3ad4c21a","folderId":"6939a80b035dea9503dfca30","title":"Initial Intake Record","recordType":"assessment","symptoms":[{"name":"Nerd","sign":"Fan MU","date":"2025-12-12","status":"Resolved"}],"diagnosis":"","moodLevel":null,"treatmentPlan":"","attachments":[],"caregiverNotes":"","doctorNotes":"","visibility":"doctor_only","medications":[],"createdAt":"2025-12-11T09:19:14.405Z","updatedAt":"2025-12-12T18:50:37.277Z","__v":8,"birthday":"2011-07-09","age":14}
2025-12-13 01:52:39::info::/v1/api/patientRecord/updatePatientRecord/693a8c925dbe463b3ad4c223::9b6e8134-fa67-4c53-b56c-1b5d67490f13::input-params ::PATCH::::{"recordId":"693a8c925dbe463b3ad4c223","_id":"693a8c925dbe463b3ad4c223","email":"phapluudev2k5rere@gmail.com","fullName":"Lưu Quốc Pháp","phone":"0374499251","address":"RMIT","dob":"2011-07-09T00:00:00.000Z","gender":"male","doctorId":"6938de6914c33773a5457584","patientId":"693a8c925dbe463b3ad4c21a","folderId":"6939a80b035dea9503dfca30","title":"Initial Intake Record","recordType":"assessment","symptoms":[{"name":"Nerd","sign":"Fan MU","date":"2025-12-12","status":"Active"}],"diagnosis":"","moodLevel":null,"treatmentPlan":"","attachments":[],"caregiverNotes":"","doctorNotes":"","visibility":"doctor_only","medications":[],"createdAt":"2025-12-11T09:19:14.405Z","updatedAt":"2025-12-12T18:50:37.277Z","__v":8,"birthday":"2011-07-09","age":14}
2025-12-13 01:52:40::info::/v1/api/patientRecord/updatePatientRecord/693a8c925dbe463b3ad4c223::763be17a-91e5-4ad7-9469-fa5ec942ba26::input-params ::PATCH::::{"recordId":"693a8c925dbe463b3ad4c223","_id":"693a8c925dbe463b3ad4c223","email":"phapluudev2k5rere@gmail.com","fullName":"Lưu Quốc Pháp","phone":"0374499251","address":"RMIT","dob":"2011-07-09T00:00:00.000Z","gender":"male","doctorId":"6938de6914c33773a5457584","patientId":"693a8c925dbe463b3ad4c21a","folderId":"6939a80b035dea9503dfca30","title":"Initial Intake Record","recordType":"assessment","symptoms":[{"name":"Nerd","sign":"Fan MU","date":"2025-12-12","status":"Resolved"}],"diagnosis":"","moodLevel":null,"treatmentPlan":"","attachments":[],"caregiverNotes":"","doctorNotes":"","visibility":"doctor_only","medications":[],"createdAt":"2025-12-11T09:19:14.405Z","updatedAt":"2025-12-12T18:50:37.277Z","__v":8,"birthday":"2011-07-09","age":14}
2025-12-13 01:52:42::info::/v1/api/patientRecord/updatePatientRecord/693a8c925dbe463b3ad4c223::c5c2609c-c67b-4ec9-b919-bab59b3df713::input-params ::PATCH::::{"recordId":"693a8c925dbe463b3ad4c223","_id":"693a8c925dbe463b3ad4c223","email":"phapluudev2k5rere@gmail.com","fullName":"Lưu Quốc Pháp","phone":"0374499251","address":"RMIT","dob":"2011-07-09T00:00:00.000Z","gender":"male","doctorId":"6938de6914c33773a5457584","patientId":"693a8c925dbe463b3ad4c21a","folderId":"6939a80b035dea9503dfca30","title":"Initial Intake Record","recordType":"assessment","symptoms":[{"name":"Nerd","sign":"Fan MU","date":"2025-12-12","status":"Active"}],"diagnosis":"","moodLevel":null,"treatmentPlan":"","attachments":[],"caregiverNotes":"","doctorNotes":"","visibility":"doctor_only","medications":[],"createdAt":"2025-12-11T09:19:14.405Z","updatedAt":"2025-12-12T18:50:37.277Z","__v":8,"birthday":"2011-07-09","age":14}
2025-12-13 01:52:43::info::/v1/api/patientRecord/updatePatientRecord/693a8c925dbe463b3ad4c223::0b645e72-107e-4446-9f9c-6929afbe3809::input-params ::PATCH::::{"recordId":"693a8c925dbe463b3ad4c223","_id":"693a8c925dbe463b3ad4c223","email":"phapluudev2k5rere@gmail.com","fullName":"Lưu Quốc Pháp","phone":"0374499251","address":"RMIT","dob":"2011-07-09T00:00:00.000Z","gender":"male","doctorId":"6938de6914c33773a5457584","patientId":"693a8c925dbe463b3ad4c21a","folderId":"6939a80b035dea9503dfca30","title":"Initial Intake Record","recordType":"assessment","symptoms":[{"name":"Nerd","sign":"Fan MU","date":"2025-12-12","status":"Resolved"}],"diagnosis":"","moodLevel":null,"treatmentPlan":"","attachments":[],"caregiverNotes":"","doctorNotes":"","visibility":"doctor_only","medications":[],"createdAt":"2025-12-11T09:19:14.405Z","updatedAt":"2025-12-12T18:50:37.277Z","__v":8,"birthday":"2011-07-09","age":14}
2025-12-13 01:53:02::info::/v1/api/patientRecord/updatePatientRecord/693a8c925dbe463b3ad4c223::9d94dada-ad5d-4221-bede-671bc7516ea8::input-params ::PATCH::::{"recordId":"693a8c925dbe463b3ad4c223","_id":"693a8c925dbe463b3ad4c223","email":"phapluudev2k5rere@gmail.com","fullName":"Lưu Quốc Pháp","phone":"0374499251","address":"RMIT","dob":"2011-07-09T00:00:00.000Z","gender":"male","doctorId":"6938de6914c33773a5457584","patientId":"693a8c925dbe463b3ad4c21a","folderId":"6939a80b035dea9503dfca30","title":"Initial Intake Record","recordType":"assessment","symptoms":[{"name":"Nerd","sign":"Fan MU","date":"2025-12-12","status":"Active"}],"diagnosis":"","moodLevel":null,"treatmentPlan":"","attachments":[],"caregiverNotes":"","doctorNotes":"","visibility":"doctor_only","medications":[],"createdAt":"2025-12-11T09:19:14.405Z","updatedAt":"2025-12-12T18:50:37.277Z","__v":8,"birthday":"2011-07-09","age":14}
2025-12-13 01:53:53::info::/v1/api/patientRecord/updatePatientRecord/693a8c925dbe463b3ad4c223::6f748bbc-cdf2-4e4a-a7db-46fae01fe135::input-params ::PATCH::::{"recordId":"693a8c925dbe463b3ad4c223","_id":"693a8c925dbe463b3ad4c223","email":"phapluudev2k5rere@gmail.com","fullName":"Lưu Quốc Pháp","phone":"0374499251","address":"RMIT","dob":"2011-07-09T00:00:00.000Z","gender":"male","doctorId":"6938de6914c33773a5457584","patientId":"693a8c925dbe463b3ad4c21a","folderId":"6939a80b035dea9503dfca30","title":"Initial Intake Record","recordType":"assessment","symptoms":[{"name":"Nerd","sign":"Fan MU","date":"2025-12-12","status":"Resolved"}],"diagnosis":"","moodLevel":null,"treatmentPlan":"","attachments":[],"caregiverNotes":"","doctorNotes":"","visibility":"doctor_only","medications":[],"createdAt":"2025-12-11T09:19:14.405Z","updatedAt":"2025-12-12T18:50:37.277Z","__v":8,"birthday":"2011-07-09","age":14}
2025-12-13 01:53:54::info::/v1/api/patientRecord/updatePatientRecord/693a8c925dbe463b3ad4c223::e0c65205-d9b8-4a9b-987f-dddc7ac6b611::input-params ::PATCH::::{"recordId":"693a8c925dbe463b3ad4c223","_id":"693a8c925dbe463b3ad4c223","email":"phapluudev2k5rere@gmail.com","fullName":"Lưu Quốc Pháp","phone":"0374499251","address":"RMIT","dob":"2011-07-09T00:00:00.000Z","gender":"male","doctorId":"6938de6914c33773a5457584","patientId":"693a8c925dbe463b3ad4c21a","folderId":"6939a80b035dea9503dfca30","title":"Initial Intake Record","recordType":"assessment","symptoms":[{"name":"Nerd","sign":"Fan MU","date":"2025-12-12","status":"Active"}],"diagnosis":"","moodLevel":null,"treatmentPlan":"","attachments":[],"caregiverNotes":"","doctorNotes":"","visibility":"doctor_only","medications":[],"createdAt":"2025-12-11T09:19:14.405Z","updatedAt":"2025-12-12T18:50:37.277Z","__v":8,"birthday":"2011-07-09","age":14}
2025-12-13 01:53:55::info::/v1/api/patientRecord/updatePatientRecord/693a8c925dbe463b3ad4c223::ce0fc68b-7603-499c-ad84-11279d51b1a6::input-params ::PATCH::::{"recordId":"693a8c925dbe463b3ad4c223","_id":"693a8c925dbe463b3ad4c223","email":"phapluudev2k5rere@gmail.com","fullName":"Lưu Quốc Pháp","phone":"0374499251","address":"RMIT","dob":"2011-07-09T00:00:00.000Z","gender":"male","doctorId":"6938de6914c33773a5457584","patientId":"693a8c925dbe463b3ad4c21a","folderId":"6939a80b035dea9503dfca30","title":"Initial Intake Record","recordType":"assessment","symptoms":[{"name":"Nerd","sign":"Fan MU","date":"2025-12-12","status":"Resolved"}],"diagnosis":"","moodLevel":null,"treatmentPlan":"","attachments":[],"caregiverNotes":"","doctorNotes":"","visibility":"doctor_only","medications":[],"createdAt":"2025-12-11T09:19:14.405Z","updatedAt":"2025-12-12T18:50:37.277Z","__v":8,"birthday":"2011-07-09","age":14}
2025-12-13 01:54:12::info::/v1/api/patientRecord/readPatientRecord/693a8c925dbe463b3ad4c21a::0dd44c11-efcc-40dc-bae3-5fc517bc789d::input-params ::GET::::{}
2025-12-13 01:54:12::info::/v1/api/user/me::20470a2c-70fb-4190-aa92-41077380f0a3::input-params ::GET::::{}
2025-12-13 01:54:12::info::/v1/api/user/me::820a3957-6061-4fa1-9118-90aa8e6b8d75::input-params ::GET::::{}
2025-12-13 01:54:12::info::/v1/api/patientRecord/readPatientRecord/693a8c925dbe463b3ad4c21a::20a6eea9-915e-49a8-9ed5-bbb438bcba9b::input-params ::GET::::{}
2025-12-13 01:55:14::info::/v1/api/patientRecord/updatePatientRecord/693a8c925dbe463b3ad4c223::1ff884d3-2ac5-40ef-8058-6df05103545d::input-params ::PATCH::::{"recordId":"693a8c925dbe463b3ad4c223","_id":"693a8c925dbe463b3ad4c223","email":"phapluudev2k5rere@gmail.com","fullName":"Lưu Quốc Pháp","phone":"0374499251","address":"RMIT","dob":"2011-07-09T00:00:00.000Z","gender":"male","doctorId":"6938de6914c33773a5457584","patientId":"693a8c925dbe463b3ad4c21a","folderId":"6939a80b035dea9503dfca30","title":"Initial Intake Record","recordType":"assessment","symptoms":[{"name":"Nerd","sign":"Fan MU","date":"2025-12-12","status":"Resolved"},{"id":"tmp-1765565653814","name":"FA","sign":"No girlfriend","date":"2025-12-12","status":"Active"}],"diagnosis":"","moodLevel":null,"treatmentPlan":"","attachments":[],"caregiverNotes":"","doctorNotes":"","visibility":"doctor_only","medications":[],"createdAt":"2025-12-11T09:19:14.405Z","updatedAt":"2025-12-12T18:53:56.009Z","__v":17,"birthday":"2011-07-09","age":14}
2025-12-13 01:55:17::info::/v1/api/patientRecord/readPatientRecord/693a8c925dbe463b3ad4c21a::9eee4979-f81e-4d9a-993a-1d48374424b6::input-params ::GET::::{}
2025-12-13 01:55:17::info::/v1/api/user/me::b50fa3c9-ade9-4954-a3aa-b72a0c472be3::input-params ::GET::::{}
2025-12-13 01:55:17::info::/v1/api/user/me::fa1a4f0e-35c9-4542-9137-d4fa115cad61::input-params ::GET::::{}
2025-12-13 01:55:17::info::/v1/api/patientRecord/readPatientRecord/693a8c925dbe463b3ad4c21a::e5a83659-713a-43d8-ad10-9313fb340e75::input-params ::GET::::{}
2025-12-13 01:55:18::info::/v1/api/patientRecord/readPatientRecord/693a8c925dbe463b3ad4c21a::687f724a-71cc-4405-a397-0ccec4a7f98d::input-params ::GET::::{}
2025-12-13 01:55:18::info::/v1/api/user/me::0cf0292c-9fc1-4fa1-9836-a356eed6f0d7::input-params ::GET::::{}
2025-12-13 01:55:18::info::/v1/api/user/me::ce8f4475-0f99-492c-b367-05f3a315dd43::input-params ::GET::::{}
2025-12-13 01:55:18::info::/v1/api/patientRecord/readPatientRecord/693a8c925dbe463b3ad4c21a::32e7a8fa-29ef-43e7-adb2-9c8ce5c1cf6c::input-params ::GET::::{}
2025-12-13 01:55:21::info::/v1/api/folder/readFolders::e6ce8599-77a0-4047-94c0-16b515921c58::input-params ::GET::::{}
2025-12-13 01:55:21::info::/v1/api/folder/readFolders::87675a70-e262-4f21-8ec7-b7e731646303::input-params ::GET::::{}
2025-12-13 01:55:22::info::/v1/api/folder/readFolder/6939a80b035dea9503dfca30::3e8554f3-c385-487c-b793-865e107837e2::input-params ::GET::::{}
2025-12-13 01:55:22::info::/v1/api/folder/readFolder/6939a80b035dea9503dfca30::b64e7f57-fcec-4ff1-aaa8-5879328e7da1::input-params ::GET::::{}
2025-12-13 01:55:23::info::/v1/api/patientRecord/readPatientRecord/693a8c925dbe463b3ad4c21a::c9cca51c-3b8d-48b7-bcc8-d1d0c229f622::input-params ::GET::::{}
2025-12-13 01:55:23::info::/v1/api/patientRecord/readPatientRecord/693a8c925dbe463b3ad4c21a::8b5d7205-6467-4f16-9862-22af37704b04::input-params ::GET::::{}
2025-12-13 01:57:15::info::/v1/api/patientRecord/readPatientRecord/693a8c925dbe463b3ad4c21a::564e30f2-5cbb-4516-aa06-fcd273d007f4::input-params ::GET::::{}
2025-12-13 01:57:15::info::/v1/api/user/me::a05bbbd4-d90a-4608-92cf-400a9b285f5d::input-params ::GET::::{}
2025-12-13 01:57:15::info::/v1/api/user/me::492233e2-f3e3-4634-8d12-21dc9bb28942::input-params ::GET::::{}
2025-12-13 01:57:15::info::/v1/api/patientRecord/readPatientRecord/693a8c925dbe463b3ad4c21a::82e7b221-4fda-458a-844b-b5ff7dd76c69::input-params ::GET::::{}
2025-12-13 01:57:19::info::/v1/api/patientRecord/updatePatientRecord/693a8c925dbe463b3ad4c223::74dcca54-2519-4327-8d60-b5a3f666edb3::input-params ::PATCH::::{"recordId":"693a8c925dbe463b3ad4c223","_id":"693a8c925dbe463b3ad4c223","email":"phapluudev2k5rere@gmail.com","fullName":"Lưu Quốc Pháp","phone":"0374499251","address":"RMIT","dob":"2011-07-09T00:00:00.000Z","gender":"male","doctorId":"6938de6914c33773a5457584","patientId":"693a8c925dbe463b3ad4c21a","folderId":"6939a80b035dea9503dfca30","title":"Initial Intake Record","recordType":"assessment","symptoms":[{"name":"Nerd","sign":"Fan MU","date":"2025-12-12","status":"Resolved"},{"name":"FA","sign":"No girlfriend","date":"2025-12-12","status":"Resolved"}],"diagnosis":"","moodLevel":null,"treatmentPlan":"","attachments":[],"caregiverNotes":"","doctorNotes":"","visibility":"doctor_only","medications":[],"createdAt":"2025-12-11T09:19:14.405Z","updatedAt":"2025-12-12T18:55:14.432Z","__v":18,"birthday":"2011-07-09","age":14}
2025-12-13 01:57:20::info::/v1/api/patientRecord/updatePatientRecord/693a8c925dbe463b3ad4c223::fb412d77-c5e1-4d36-826c-d36d0d3f017f::input-params ::PATCH::::{"recordId":"693a8c925dbe463b3ad4c223","_id":"693a8c925dbe463b3ad4c223","email":"phapluudev2k5rere@gmail.com","fullName":"Lưu Quốc Pháp","phone":"0374499251","address":"RMIT","dob":"2011-07-09T00:00:00.000Z","gender":"male","doctorId":"6938de6914c33773a5457584","patientId":"693a8c925dbe463b3ad4c21a","folderId":"6939a80b035dea9503dfca30","title":"Initial Intake Record","recordType":"assessment","symptoms":[{"name":"Nerd","sign":"Fan MU","date":"2025-12-12","status":"Resolved"},{"name":"FA","sign":"No girlfriend","date":"2025-12-12","status":"Active"}],"diagnosis":"","moodLevel":null,"treatmentPlan":"","attachments":[],"caregiverNotes":"","doctorNotes":"","visibility":"doctor_only","medications":[],"createdAt":"2025-12-11T09:19:14.405Z","updatedAt":"2025-12-12T18:55:14.432Z","__v":18,"birthday":"2011-07-09","age":14}
2025-12-13 01:57:20::info::/v1/api/patientRecord/updatePatientRecord/693a8c925dbe463b3ad4c223::af6f9060-5606-49f3-afc8-3f9a4148002e::input-params ::PATCH::::{"recordId":"693a8c925dbe463b3ad4c223","_id":"693a8c925dbe463b3ad4c223","email":"phapluudev2k5rere@gmail.com","fullName":"Lưu Quốc Pháp","phone":"0374499251","address":"RMIT","dob":"2011-07-09T00:00:00.000Z","gender":"male","doctorId":"6938de6914c33773a5457584","patientId":"693a8c925dbe463b3ad4c21a","folderId":"6939a80b035dea9503dfca30","title":"Initial Intake Record","recordType":"assessment","symptoms":[{"name":"Nerd","sign":"Fan MU","date":"2025-12-12","status":"Resolved"},{"name":"FA","sign":"No girlfriend","date":"2025-12-12","status":"Resolved"}],"diagnosis":"","moodLevel":null,"treatmentPlan":"","attachments":[],"caregiverNotes":"","doctorNotes":"","visibility":"doctor_only","medications":[],"createdAt":"2025-12-11T09:19:14.405Z","updatedAt":"2025-12-12T18:55:14.432Z","__v":18,"birthday":"2011-07-09","age":14}
2025-12-13 01:57:21::info::/v1/api/patientRecord/updatePatientRecord/693a8c925dbe463b3ad4c223::c7b010f5-7c51-4dc5-af23-77dbc928658a::input-params ::PATCH::::{"recordId":"693a8c925dbe463b3ad4c223","_id":"693a8c925dbe463b3ad4c223","email":"phapluudev2k5rere@gmail.com","fullName":"Lưu Quốc Pháp","phone":"0374499251","address":"RMIT","dob":"2011-07-09T00:00:00.000Z","gender":"male","doctorId":"6938de6914c33773a5457584","patientId":"693a8c925dbe463b3ad4c21a","folderId":"6939a80b035dea9503dfca30","title":"Initial Intake Record","recordType":"assessment","symptoms":[{"name":"Nerd","sign":"Fan MU","date":"2025-12-12","status":"Resolved"},{"name":"FA","sign":"No girlfriend","date":"2025-12-12","status":"Active"}],"diagnosis":"","moodLevel":null,"treatmentPlan":"","attachments":[],"caregiverNotes":"","doctorNotes":"","visibility":"doctor_only","medications":[],"createdAt":"2025-12-11T09:19:14.405Z","updatedAt":"2025-12-12T18:55:14.432Z","__v":18,"birthday":"2011-07-09","age":14}
2025-12-13 01:57:22::info::/v1/api/patientRecord/updatePatientRecord/693a8c925dbe463b3ad4c223::e6e3be8d-ae28-4cc1-9a33-fce37275cf39::input-params ::PATCH::::{"recordId":"693a8c925dbe463b3ad4c223","_id":"693a8c925dbe463b3ad4c223","email":"phapluudev2k5rere@gmail.com","fullName":"Lưu Quốc Pháp","phone":"0374499251","address":"RMIT","dob":"2011-07-09T00:00:00.000Z","gender":"male","doctorId":"6938de6914c33773a5457584","patientId":"693a8c925dbe463b3ad4c21a","folderId":"6939a80b035dea9503dfca30","title":"Initial Intake Record","recordType":"assessment","symptoms":[{"name":"Nerd","sign":"Fan MU","date":"2025-12-12","status":"Active"},{"name":"FA","sign":"No girlfriend","date":"2025-12-12","status":"Active"}],"diagnosis":"","moodLevel":null,"treatmentPlan":"","attachments":[],"caregiverNotes":"","doctorNotes":"","visibility":"doctor_only","medications":[],"createdAt":"2025-12-11T09:19:14.405Z","updatedAt":"2025-12-12T18:55:14.432Z","__v":18,"birthday":"2011-07-09","age":14}
2025-12-13 01:57:22::info::/v1/api/patientRecord/updatePatientRecord/693a8c925dbe463b3ad4c223::483244d2-fd54-4c29-8495-1c11d0d63644::input-params ::PATCH::::{"recordId":"693a8c925dbe463b3ad4c223","_id":"693a8c925dbe463b3ad4c223","email":"phapluudev2k5rere@gmail.com","fullName":"Lưu Quốc Pháp","phone":"0374499251","address":"RMIT","dob":"2011-07-09T00:00:00.000Z","gender":"male","doctorId":"6938de6914c33773a5457584","patientId":"693a8c925dbe463b3ad4c21a","folderId":"6939a80b035dea9503dfca30","title":"Initial Intake Record","recordType":"assessment","symptoms":[{"name":"Nerd","sign":"Fan MU","date":"2025-12-12","status":"Resolved"},{"name":"FA","sign":"No girlfriend","date":"2025-12-12","status":"Active"}],"diagnosis":"","moodLevel":null,"treatmentPlan":"","attachments":[],"caregiverNotes":"","doctorNotes":"","visibility":"doctor_only","medications":[],"createdAt":"2025-12-11T09:19:14.405Z","updatedAt":"2025-12-12T18:55:14.432Z","__v":18,"birthday":"2011-07-09","age":14}
2025-12-13 01:57:23::info::/v1/api/patientRecord/updatePatientRecord/693a8c925dbe463b3ad4c223::dfe71bd8-e9a2-45b4-bccf-6e6d0989f4d9::input-params ::PATCH::::{"recordId":"693a8c925dbe463b3ad4c223","_id":"693a8c925dbe463b3ad4c223","email":"phapluudev2k5rere@gmail.com","fullName":"Lưu Quốc Pháp","phone":"0374499251","address":"RMIT","dob":"2011-07-09T00:00:00.000Z","gender":"male","doctorId":"6938de6914c33773a5457584","patientId":"693a8c925dbe463b3ad4c21a","folderId":"6939a80b035dea9503dfca30","title":"Initial Intake Record","recordType":"assessment","symptoms":[{"name":"Nerd","sign":"Fan MU","date":"2025-12-12","status":"Resolved"},{"name":"FA","sign":"No girlfriend","date":"2025-12-12","status":"Resolved"}],"diagnosis":"","moodLevel":null,"treatmentPlan":"","attachments":[],"caregiverNotes":"","doctorNotes":"","visibility":"doctor_only","medications":[],"createdAt":"2025-12-11T09:19:14.405Z","updatedAt":"2025-12-12T18:55:14.432Z","__v":18,"birthday":"2011-07-09","age":14}
2025-12-13 01:57:24::info::/v1/api/patientRecord/updatePatientRecord/693a8c925dbe463b3ad4c223::9284769a-200d-4cbc-86a9-507219008a23::input-params ::PATCH::::{"recordId":"693a8c925dbe463b3ad4c223","_id":"693a8c925dbe463b3ad4c223","email":"phapluudev2k5rere@gmail.com","fullName":"Lưu Quốc Pháp","phone":"0374499251","address":"RMIT","dob":"2011-07-09T00:00:00.000Z","gender":"male","doctorId":"6938de6914c33773a5457584","patientId":"693a8c925dbe463b3ad4c21a","folderId":"6939a80b035dea9503dfca30","title":"Initial Intake Record","recordType":"assessment","symptoms":[{"name":"Nerd","sign":"Fan MU","date":"2025-12-12","status":"Resolved"},{"name":"FA","sign":"No girlfriend","date":"2025-12-12","status":"Active"}],"diagnosis":"","moodLevel":null,"treatmentPlan":"","attachments":[],"caregiverNotes":"","doctorNotes":"","visibility":"doctor_only","medications":[],"createdAt":"2025-12-11T09:19:14.405Z","updatedAt":"2025-12-12T18:55:14.432Z","__v":18,"birthday":"2011-07-09","age":14}
2025-12-13 01:57:24::info::/v1/api/patientRecord/updatePatientRecord/693a8c925dbe463b3ad4c223::b54fc522-4b69-40f7-b748-09bd9d5447e9::input-params ::PATCH::::{"recordId":"693a8c925dbe463b3ad4c223","_id":"693a8c925dbe463b3ad4c223","email":"phapluudev2k5rere@gmail.com","fullName":"Lưu Quốc Pháp","phone":"0374499251","address":"RMIT","dob":"2011-07-09T00:00:00.000Z","gender":"male","doctorId":"6938de6914c33773a5457584","patientId":"693a8c925dbe463b3ad4c21a","folderId":"6939a80b035dea9503dfca30","title":"Initial Intake Record","recordType":"assessment","symptoms":[{"name":"Nerd","sign":"Fan MU","date":"2025-12-12","status":"Active"},{"name":"FA","sign":"No girlfriend","date":"2025-12-12","status":"Active"}],"diagnosis":"","moodLevel":null,"treatmentPlan":"","attachments":[],"caregiverNotes":"","doctorNotes":"","visibility":"doctor_only","medications":[],"createdAt":"2025-12-11T09:19:14.405Z","updatedAt":"2025-12-12T18:55:14.432Z","__v":18,"birthday":"2011-07-09","age":14}
2025-12-13 01:57:25::info::/v1/api/patientRecord/updatePatientRecord/693a8c925dbe463b3ad4c223::bb31be9e-9b7e-476d-9e45-e0096248b341::input-params ::PATCH::::{"recordId":"693a8c925dbe463b3ad4c223","_id":"693a8c925dbe463b3ad4c223","email":"phapluudev2k5rere@gmail.com","fullName":"Lưu Quốc Pháp","phone":"0374499251","address":"RMIT","dob":"2011-07-09T00:00:00.000Z","gender":"male","doctorId":"6938de6914c33773a5457584","patientId":"693a8c925dbe463b3ad4c21a","folderId":"6939a80b035dea9503dfca30","title":"Initial Intake Record","recordType":"assessment","symptoms":[{"name":"Nerd","sign":"Fan MU","date":"2025-12-12","status":"Active"},{"name":"FA","sign":"No girlfriend","date":"2025-12-12","status":"Resolved"}],"diagnosis":"","moodLevel":null,"treatmentPlan":"","attachments":[],"caregiverNotes":"","doctorNotes":"","visibility":"doctor_only","medications":[],"createdAt":"2025-12-11T09:19:14.405Z","updatedAt":"2025-12-12T18:55:14.432Z","__v":18,"birthday":"2011-07-09","age":14}
2025-12-13 02:00:22::info::/v1/api/patientRecord/updatePatientRecord/693a8c925dbe463b3ad4c223::f1ec4336-3d59-459e-bffe-2c263372f7d9::input-params ::PATCH::::{"recordId":"693a8c925dbe463b3ad4c223","_id":"693a8c925dbe463b3ad4c223","email":"phapluudev2k5rere@gmail.com","fullName":"Lưu Quốc Pháp","phone":"0374499251","address":"RMIT","dob":"2011-07-09T00:00:00.000Z","gender":"male","doctorId":"6938de6914c33773a5457584","patientId":"693a8c925dbe463b3ad4c21a","folderId":"6939a80b035dea9503dfca30","title":"Initial Intake Record","recordType":"assessment","symptoms":[{"name":"Nerd","sign":"Fan MU","date":"2025-12-12","status":"Active"},{"name":"FA","sign":"No girlfriend","date":"2025-12-12","status":"Resolved"},{"id":"tmp-1765565852880","name":"","sign":"","date":"2025-12-12","status":"Active"}],"diagnosis":"","moodLevel":null,"treatmentPlan":"","attachments":[],"caregiverNotes":"","doctorNotes":"","visibility":"doctor_only","medications":[],"createdAt":"2025-12-11T09:19:14.405Z","updatedAt":"2025-12-12T18:55:14.432Z","__v":18,"birthday":"2011-07-09","age":14}
2025-12-13 02:00:27::info::/v1/api/patientRecord/updatePatientRecord/693a8c925dbe463b3ad4c223::c2683f58-013a-453e-9f63-280f611c4e17::input-params ::PATCH::::{"recordId":"693a8c925dbe463b3ad4c223","_id":"693a8c925dbe463b3ad4c223","email":"phapluudev2k5rere@gmail.com","fullName":"Lưu Quốc Pháp","phone":"0374499251","address":"RMIT","dob":"2011-07-09T00:00:00.000Z","gender":"male","doctorId":"6938de6914c33773a5457584","patientId":"693a8c925dbe463b3ad4c21a","folderId":"6939a80b035dea9503dfca30","title":"Initial Intake Record","recordType":"assessment","symptoms":[{"name":"Nerd","sign":"Fan MU","date":"2025-12-12","status":"Active"},{"name":"FA","sign":"No girlfriend","date":"2025-12-12","status":"Resolved"},{"id":"tmp-1765566026747","name":"","sign":"","date":"2025-12-12","status":"Active"}],"diagnosis":"","moodLevel":null,"treatmentPlan":"","attachments":[],"caregiverNotes":"","doctorNotes":"","visibility":"doctor_only","medications":[],"createdAt":"2025-12-11T09:19:14.405Z","updatedAt":"2025-12-12T18:55:14.432Z","__v":18,"birthday":"2011-07-09","age":14}
2025-12-13 02:00:39::info::/v1/api/patientRecord/updatePatientRecord/693a8c925dbe463b3ad4c223::0cc044df-d2f3-4e64-b548-e359746266c8::input-params ::PATCH::::{"recordId":"693a8c925dbe463b3ad4c223","_id":"693a8c925dbe463b3ad4c223","email":"phapluudev2k5rere@gmail.com","fullName":"Lưu Quốc Pháp","phone":"0374499251","address":"RMIT","dob":"2011-07-09T00:00:00.000Z","gender":"male","doctorId":"6938de6914c33773a5457584","patientId":"693a8c925dbe463b3ad4c21a","folderId":"6939a80b035dea9503dfca30","title":"Initial Intake Record","recordType":"assessment","symptoms":[{"name":"Nerd","sign":"Fan MU","date":"2025-12-12","status":"Active"},{"name":"FA","sign":"No girlfriend","date":"2025-12-12","status":"Resolved"},{"id":"tmp-1765566026747","name":"","sign":"","date":"2025-12-12","status":"Active"}],"diagnosis":"","moodLevel":null,"treatmentPlan":"","attachments":[],"caregiverNotes":"","doctorNotes":"","visibility":"doctor_only","medications":[],"createdAt":"2025-12-11T09:19:14.405Z","updatedAt":"2025-12-12T18:55:14.432Z","__v":18,"birthday":"2011-07-09","age":14}
2025-12-13 02:00:43::info::/v1/api/patientRecord/updatePatientRecord/693a8c925dbe463b3ad4c223::55fb30b3-43ce-423a-9cdf-40f9bfe42c99::input-params ::PATCH::::{"recordId":"693a8c925dbe463b3ad4c223","_id":"693a8c925dbe463b3ad4c223","email":"phapluudev2k5rere@gmail.com","fullName":"Lưu Quốc Pháp","phone":"0374499251","address":"RMIT","dob":"2011-07-09T00:00:00.000Z","gender":"male","doctorId":"6938de6914c33773a5457584","patientId":"693a8c925dbe463b3ad4c21a","folderId":"6939a80b035dea9503dfca30","title":"Initial Intake Record","recordType":"assessment","symptoms":[{"name":"Nerd","sign":"Fan MU","date":"2025-12-12","status":"Active"},{"name":"FA","sign":"No girlfriend","date":"2025-12-12","status":"Resolved"},{"id":"tmp-1765566026747","name":"","sign":"","date":"2025-12-12","status":"Active"}],"diagnosis":"","moodLevel":null,"treatmentPlan":"","attachments":[],"caregiverNotes":"","doctorNotes":"","visibility":"doctor_only","medications":[],"createdAt":"2025-12-11T09:19:14.405Z","updatedAt":"2025-12-12T18:55:14.432Z","__v":18,"birthday":"2011-07-09","age":14}
2025-12-13 02:00:45::info::/v1/api/patientRecord/updatePatientRecord/693a8c925dbe463b3ad4c223::eb9afd1c-aac9-4468-81e8-35f5046eba29::input-params ::PATCH::::{"recordId":"693a8c925dbe463b3ad4c223","_id":"693a8c925dbe463b3ad4c223","email":"phapluudev2k5rere@gmail.com","fullName":"Lưu Quốc Pháp","phone":"0374499251","address":"RMIT","dob":"2011-07-09T00:00:00.000Z","gender":"male","doctorId":"6938de6914c33773a5457584","patientId":"693a8c925dbe463b3ad4c21a","folderId":"6939a80b035dea9503dfca30","title":"Initial Intake Record","recordType":"assessment","symptoms":[{"name":"Nerd","sign":"Fan MU","date":"2025-12-12","status":"Active"},{"name":"FA","sign":"No girlfriend","date":"2025-12-12","status":"Resolved"}],"diagnosis":"","moodLevel":null,"treatmentPlan":"","attachments":[],"caregiverNotes":"","doctorNotes":"","visibility":"doctor_only","medications":[],"createdAt":"2025-12-11T09:19:14.405Z","updatedAt":"2025-12-12T18:55:14.432Z","__v":18,"birthday":"2011-07-09","age":14}
2025-12-13 02:00:46::info::/v1/api/patientRecord/updatePatientRecord/693a8c925dbe463b3ad4c223::c78173b3-04fa-438d-a17d-35148ebbea23::input-params ::PATCH::::{"recordId":"693a8c925dbe463b3ad4c223","_id":"693a8c925dbe463b3ad4c223","email":"phapluudev2k5rere@gmail.com","fullName":"Lưu Quốc Pháp","phone":"0374499251","address":"RMIT","dob":"2011-07-09T00:00:00.000Z","gender":"male","doctorId":"6938de6914c33773a5457584","patientId":"693a8c925dbe463b3ad4c21a","folderId":"6939a80b035dea9503dfca30","title":"Initial Intake Record","recordType":"assessment","symptoms":[{"name":"Nerd","sign":"Fan MU","date":"2025-12-12","status":"Active"},{"name":"FA","sign":"No girlfriend","date":"2025-12-12","status":"Resolved"}],"diagnosis":"","moodLevel":null,"treatmentPlan":"","attachments":[],"caregiverNotes":"","doctorNotes":"","visibility":"doctor_only","medications":[],"createdAt":"2025-12-11T09:19:14.405Z","updatedAt":"2025-12-12T18:55:14.432Z","__v":18,"birthday":"2011-07-09","age":14}
2025-12-13 02:00:57::info::/v1/api/patientRecord/updatePatientRecord/693a8c925dbe463b3ad4c223::a5a2824b-02d9-4fbd-b49c-8b055d6b737a::input-params ::PATCH::::{"recordId":"693a8c925dbe463b3ad4c223","_id":"693a8c925dbe463b3ad4c223","email":"phapluudev2k5rere@gmail.com","fullName":"Lưu Quốc Pháp","phone":"0374499251","address":"RMIT","dob":"2011-07-09T00:00:00.000Z","gender":"male","doctorId":"6938de6914c33773a5457584","patientId":"693a8c925dbe463b3ad4c21a","folderId":"6939a80b035dea9503dfca30","title":"Initial Intake Record","recordType":"assessment","symptoms":[{"name":"Nerd","sign":"Fan MU","date":"2025-12-12","status":"Active"},{"name":"FA","sign":"No girlfriend","date":"2025-12-12","status":"Resolved"},{"id":"tmp-1765566052914","name":"","sign":"","date":"2025-12-12","status":"Active"},{"id":"tmp-1765566054264","name":"","sign":"","date":"2025-12-12","status":"Active"},{"id":"tmp-1765566055681","name":"","sign":"","date":"2025-12-12","status":"Active"}],"diagnosis":"","moodLevel":null,"treatmentPlan":"","attachments":[],"caregiverNotes":"","doctorNotes":"","visibility":"doctor_only","medications":[],"createdAt":"2025-12-11T09:19:14.405Z","updatedAt":"2025-12-12T18:55:14.432Z","__v":18,"birthday":"2011-07-09","age":14}
2025-12-13 02:00:57::info::/v1/api/patientRecord/updatePatientRecord/693a8c925dbe463b3ad4c223::ad98acf1-8166-495e-853b-fe9691db4465::input-params ::PATCH::::{"recordId":"693a8c925dbe463b3ad4c223","_id":"693a8c925dbe463b3ad4c223","email":"phapluudev2k5rere@gmail.com","fullName":"Lưu Quốc Pháp","phone":"0374499251","address":"RMIT","dob":"2011-07-09T00:00:00.000Z","gender":"male","doctorId":"6938de6914c33773a5457584","patientId":"693a8c925dbe463b3ad4c21a","folderId":"6939a80b035dea9503dfca30","title":"Initial Intake Record","recordType":"assessment","symptoms":[{"name":"Nerd","sign":"Fan MU","date":"2025-12-12","status":"Active"},{"name":"FA","sign":"No girlfriend","date":"2025-12-12","status":"Resolved"},{"id":"tmp-1765566052914","name":"","sign":"","date":"2025-12-12","status":"Active"},{"id":"tmp-1765566054264","name":"","sign":"","date":"2025-12-12","status":"Active"}],"diagnosis":"","moodLevel":null,"treatmentPlan":"","attachments":[],"caregiverNotes":"","doctorNotes":"","visibility":"doctor_only","medications":[],"createdAt":"2025-12-11T09:19:14.405Z","updatedAt":"2025-12-12T18:55:14.432Z","__v":18,"birthday":"2011-07-09","age":14}
2025-12-13 02:00:58::info::/v1/api/patientRecord/updatePatientRecord/693a8c925dbe463b3ad4c223::cc17e94c-1a95-4dbf-b100-2de4bc3edf13::input-params ::PATCH::::{"recordId":"693a8c925dbe463b3ad4c223","_id":"693a8c925dbe463b3ad4c223","email":"phapluudev2k5rere@gmail.com","fullName":"Lưu Quốc Pháp","phone":"0374499251","address":"RMIT","dob":"2011-07-09T00:00:00.000Z","gender":"male","doctorId":"6938de6914c33773a5457584","patientId":"693a8c925dbe463b3ad4c21a","folderId":"6939a80b035dea9503dfca30","title":"Initial Intake Record","recordType":"assessment","symptoms":[{"name":"Nerd","sign":"Fan MU","date":"2025-12-12","status":"Active"},{"name":"FA","sign":"No girlfriend","date":"2025-12-12","status":"Resolved"},{"id":"tmp-1765566052914","name":"","sign":"","date":"2025-12-12","status":"Active"}],"diagnosis":"","moodLevel":null,"treatmentPlan":"","attachments":[],"caregiverNotes":"","doctorNotes":"","visibility":"doctor_only","medications":[],"createdAt":"2025-12-11T09:19:14.405Z","updatedAt":"2025-12-12T18:55:14.432Z","__v":18,"birthday":"2011-07-09","age":14}
2025-12-13 02:00:59::info::/v1/api/patientRecord/updatePatientRecord/693a8c925dbe463b3ad4c223::ea0124ae-be27-46b3-9d60-4635b506ec00::input-params ::PATCH::::{"recordId":"693a8c925dbe463b3ad4c223","_id":"693a8c925dbe463b3ad4c223","email":"phapluudev2k5rere@gmail.com","fullName":"Lưu Quốc Pháp","phone":"0374499251","address":"RMIT","dob":"2011-07-09T00:00:00.000Z","gender":"male","doctorId":"6938de6914c33773a5457584","patientId":"693a8c925dbe463b3ad4c21a","folderId":"6939a80b035dea9503dfca30","title":"Initial Intake Record","recordType":"assessment","symptoms":[{"name":"Nerd","sign":"Fan MU","date":"2025-12-12","status":"Active"},{"name":"FA","sign":"No girlfriend","date":"2025-12-12","status":"Resolved"}],"diagnosis":"","moodLevel":null,"treatmentPlan":"","attachments":[],"caregiverNotes":"","doctorNotes":"","visibility":"doctor_only","medications":[],"createdAt":"2025-12-11T09:19:14.405Z","updatedAt":"2025-12-12T18:55:14.432Z","__v":18,"birthday":"2011-07-09","age":14}
2025-12-13 02:01:01::info::/v1/api/patientRecord/updatePatientRecord/693a8c925dbe463b3ad4c223::dfde45ff-31da-4db4-b14e-63de4d20a85e::input-params ::PATCH::::{"recordId":"693a8c925dbe463b3ad4c223","_id":"693a8c925dbe463b3ad4c223","email":"phapluudev2k5rere@gmail.com","fullName":"Lưu Quốc Pháp","phone":"0374499251","address":"RMIT","dob":"2011-07-09T00:00:00.000Z","gender":"male","doctorId":"6938de6914c33773a5457584","patientId":"693a8c925dbe463b3ad4c21a","folderId":"6939a80b035dea9503dfca30","title":"Initial Intake Record","recordType":"assessment","symptoms":[{"name":"Nerd","sign":"Fan MU","date":"2025-12-12","status":"Active"},{"name":"FA","sign":"No girlfriend","date":"2025-12-12","status":"Resolved"}],"diagnosis":"","moodLevel":null,"treatmentPlan":"","attachments":[],"caregiverNotes":"","doctorNotes":"","visibility":"doctor_only","medications":[],"createdAt":"2025-12-11T09:19:14.405Z","updatedAt":"2025-12-12T18:55:14.432Z","__v":18,"birthday":"2011-07-09","age":14}
2025-12-13 02:02:51::info::/v1/api/patientRecord/readPatientRecord/693a8c925dbe463b3ad4c21a::e3b8f273-36c5-4134-8931-43ff5d6615de::input-params ::GET::::{}
2025-12-13 02:03:00::info::/v1/api/patientRecord/readPatientRecord/693a8c925dbe463b3ad4c21a::fc2c7626-4963-4889-b8ca-dbe1867adc37::input-params ::GET::::{}
2025-12-13 02:03:00::info::/v1/api/user/me::267e0371-80f6-4465-b1f1-964e40032f4b::input-params ::GET::::{}
2025-12-13 02:03:00::info::/v1/api/user/me::a52ed8c7-04af-43bd-bb13-bc3eaf0c9aa9::input-params ::GET::::{}
2025-12-13 02:03:00::info::/v1/api/patientRecord/readPatientRecord/693a8c925dbe463b3ad4c21a::8c7d00af-0619-4b0d-8551-dfd0a91f71a0::input-params ::GET::::{}
2025-12-13 02:03:03::info::/v1/api/patientRecord/updatePatientRecord/693a8c925dbe463b3ad4c223::e01ec993-b496-4f41-91ca-dbfe85e1b962::input-params ::PATCH::::{"recordId":"693a8c925dbe463b3ad4c223","_id":"693a8c925dbe463b3ad4c223","email":"phapluudev2k5rere@gmail.com","fullName":"Lưu Quốc Pháp","phone":"0374499251","address":"RMIT","dob":"2011-07-09T00:00:00.000Z","gender":"male","doctorId":"6938de6914c33773a5457584","patientId":"693a8c925dbe463b3ad4c21a","folderId":"6939a80b035dea9503dfca30","title":"Initial Intake Record","recordType":"assessment","symptoms":[{"name":"Nerd","sign":"Fan MU","date":"2025-12-12","status":"Active"},{"name":"FA","sign":"No girlfriend","date":"2025-12-12","status":"Resolved"}],"diagnosis":"","moodLevel":null,"treatmentPlan":"","attachments":[],"caregiverNotes":"","doctorNotes":"","visibility":"doctor_only","medications":[],"createdAt":"2025-12-11T09:19:14.405Z","updatedAt":"2025-12-12T19:01:01.298Z","__v":39,"birthday":"2011-07-09","age":14}
2025-12-13 02:03:17::info::/v1/api/patientRecord/updatePatientRecord/693a8c925dbe463b3ad4c223::9fdbdbb4-2034-4911-9735-c5921dc47ff1::input-params ::PATCH::::{"recordId":"693a8c925dbe463b3ad4c223","_id":"693a8c925dbe463b3ad4c223","email":"phapluudev2k5rere@gmail.com","fullName":"Lưu Quốc Pháp","phone":"0374499251","address":"RMIT","dob":"2011-07-09T00:00:00.000Z","gender":"male","doctorId":"6938de6914c33773a5457584","patientId":"693a8c925dbe463b3ad4c21a","folderId":"6939a80b035dea9503dfca30","title":"Initial Intake Record","recordType":"assessment","symptoms":[{"name":"Nerd","sign":"Fan MU","date":"2025-12-12","status":"Active"},{"name":"FA","sign":"No girlfriend","date":"2025-12-12","status":"Resolved"}],"diagnosis":"","moodLevel":null,"treatmentPlan":"","attachments":[],"caregiverNotes":"","doctorNotes":"","visibility":"doctor_only","medications":[],"createdAt":"2025-12-11T09:19:14.405Z","updatedAt":"2025-12-12T19:01:01.298Z","__v":39,"birthday":"2011-07-09","age":14}
2025-12-13 02:03:21::info::/v1/api/patientRecord/updatePatientRecord/693a8c925dbe463b3ad4c223::a4097ed9-941e-4bad-85c3-05e741e04544::input-params ::PATCH::::{"recordId":"693a8c925dbe463b3ad4c223","_id":"693a8c925dbe463b3ad4c223","email":"phapluudev2k5rere@gmail.com","fullName":"Lưu Quốc Pháp","phone":"0374499251","address":"RMIT","dob":"2011-07-09T00:00:00.000Z","gender":"male","doctorId":"6938de6914c33773a5457584","patientId":"693a8c925dbe463b3ad4c21a","folderId":"6939a80b035dea9503dfca30","title":"Initial Intake Record","recordType":"assessment","symptoms":[{"name":"Nerd","sign":"Fan MU","date":"2025-12-12","status":"Active"},{"name":"FA","sign":"No girlfriend","date":"2025-12-12","status":"Resolved"}],"diagnosis":"","moodLevel":null,"treatmentPlan":"","attachments":[],"caregiverNotes":"","doctorNotes":"","visibility":"doctor_only","medications":[],"createdAt":"2025-12-11T09:19:14.405Z","updatedAt":"2025-12-12T19:01:01.298Z","__v":39,"birthday":"2011-07-09","age":14}
2025-12-13 02:03:37::info::/v1/api/patientRecord/updatePatientRecord/693a8c925dbe463b3ad4c223::1fe2229f-89b5-4a42-b455-5342e8d411a1::input-params ::PATCH::::{"recordId":"693a8c925dbe463b3ad4c223","_id":"693a8c925dbe463b3ad4c223","email":"phapluudev2k5rere@gmail.com","fullName":"Lưu Quốc Pháp","phone":"0374499251","address":"RMIT","dob":"2011-07-09T00:00:00.000Z","gender":"male","doctorId":"6938de6914c33773a5457584","patientId":"693a8c925dbe463b3ad4c21a","folderId":"6939a80b035dea9503dfca30","title":"Initial Intake Record","recordType":"assessment","symptoms":[{"name":"Nerd","sign":"Fan MU","date":"2025-12-12","status":"Active"},{"name":"FA","sign":"No girlfriend","date":"2025-12-12","status":"Resolved"}],"diagnosis":"","moodLevel":null,"treatmentPlan":"","attachments":[],"caregiverNotes":"","doctorNotes":"","visibility":"doctor_only","medications":[],"createdAt":"2025-12-11T09:19:14.405Z","updatedAt":"2025-12-12T19:01:01.298Z","__v":39,"birthday":"2011-07-09","age":14}
2025-12-13 02:03:39::info::/v1/api/patientRecord/updatePatientRecord/693a8c925dbe463b3ad4c223::d6b9acd0-ba76-4ef9-bd0c-23b6d7e989e5::input-params ::PATCH::::{"recordId":"693a8c925dbe463b3ad4c223","_id":"693a8c925dbe463b3ad4c223","email":"phapluudev2k5rere@gmail.com","fullName":"Lưu Quốc Pháp","phone":"0374499251","address":"RMIT","dob":"2011-07-09T00:00:00.000Z","gender":"male","doctorId":"6938de6914c33773a5457584","patientId":"693a8c925dbe463b3ad4c21a","folderId":"6939a80b035dea9503dfca30","title":"Initial Intake Record","recordType":"assessment","symptoms":[{"name":"Nerd","sign":"Fan MU","date":"2025-12-12","status":"Resolved"},{"name":"FA","sign":"No girlfriend","date":"2025-12-12","status":"Resolved"}],"diagnosis":"","moodLevel":null,"treatmentPlan":"","attachments":[],"caregiverNotes":"","doctorNotes":"","visibility":"doctor_only","medications":[],"createdAt":"2025-12-11T09:19:14.405Z","updatedAt":"2025-12-12T19:01:01.298Z","__v":39,"birthday":"2011-07-09","age":14}
2025-12-13 02:03:39::info::/v1/api/patientRecord/updatePatientRecord/693a8c925dbe463b3ad4c223::2263147e-f2e2-4e39-8e1c-0f105541bf89::input-params ::PATCH::::{"recordId":"693a8c925dbe463b3ad4c223","_id":"693a8c925dbe463b3ad4c223","email":"phapluudev2k5rere@gmail.com","fullName":"Lưu Quốc Pháp","phone":"0374499251","address":"RMIT","dob":"2011-07-09T00:00:00.000Z","gender":"male","doctorId":"6938de6914c33773a5457584","patientId":"693a8c925dbe463b3ad4c21a","folderId":"6939a80b035dea9503dfca30","title":"Initial Intake Record","recordType":"assessment","symptoms":[{"name":"Nerd","sign":"Fan MU","date":"2025-12-12","status":"Active"},{"name":"FA","sign":"No girlfriend","date":"2025-12-12","status":"Resolved"}],"diagnosis":"","moodLevel":null,"treatmentPlan":"","attachments":[],"caregiverNotes":"","doctorNotes":"","visibility":"doctor_only","medications":[],"createdAt":"2025-12-11T09:19:14.405Z","updatedAt":"2025-12-12T19:01:01.298Z","__v":39,"birthday":"2011-07-09","age":14}
2025-12-13 02:03:40::info::/v1/api/patientRecord/updatePatientRecord/693a8c925dbe463b3ad4c223::5f4760a1-e8a3-49b9-b7e8-46c7282aecb7::input-params ::PATCH::::{"recordId":"693a8c925dbe463b3ad4c223","_id":"693a8c925dbe463b3ad4c223","email":"phapluudev2k5rere@gmail.com","fullName":"Lưu Quốc Pháp","phone":"0374499251","address":"RMIT","dob":"2011-07-09T00:00:00.000Z","gender":"male","doctorId":"6938de6914c33773a5457584","patientId":"693a8c925dbe463b3ad4c21a","folderId":"6939a80b035dea9503dfca30","title":"Initial Intake Record","recordType":"assessment","symptoms":[{"name":"Nerd","sign":"Fan MU","date":"2025-12-12","status":"Active"},{"name":"FA","sign":"No girlfriend","date":"2025-12-12","status":"Active"}],"diagnosis":"","moodLevel":null,"treatmentPlan":"","attachments":[],"caregiverNotes":"","doctorNotes":"","visibility":"doctor_only","medications":[],"createdAt":"2025-12-11T09:19:14.405Z","updatedAt":"2025-12-12T19:01:01.298Z","__v":39,"birthday":"2011-07-09","age":14}
2025-12-13 02:03:41::info::/v1/api/patientRecord/updatePatientRecord/693a8c925dbe463b3ad4c223::0afb45e6-0f1d-411a-b43f-b2eeaeaab9fa::input-params ::PATCH::::{"recordId":"693a8c925dbe463b3ad4c223","_id":"693a8c925dbe463b3ad4c223","email":"phapluudev2k5rere@gmail.com","fullName":"Lưu Quốc Pháp","phone":"0374499251","address":"RMIT","dob":"2011-07-09T00:00:00.000Z","gender":"male","doctorId":"6938de6914c33773a5457584","patientId":"693a8c925dbe463b3ad4c21a","folderId":"6939a80b035dea9503dfca30","title":"Initial Intake Record","recordType":"assessment","symptoms":[{"name":"Nerd","sign":"Fan MU","date":"2025-12-12","status":"Active"},{"name":"FA","sign":"No girlfriend","date":"2025-12-12","status":"Resolved"}],"diagnosis":"","moodLevel":null,"treatmentPlan":"","attachments":[],"caregiverNotes":"","doctorNotes":"","visibility":"doctor_only","medications":[],"createdAt":"2025-12-11T09:19:14.405Z","updatedAt":"2025-12-12T19:01:01.298Z","__v":39,"birthday":"2011-07-09","age":14}
2025-12-13 10:33:18::info::/v1/api/user/me::b381f1a5-c415-47c3-a563-687fb19ccc7d::input-params ::GET::::{}
2025-12-13 10:33:18::info::/v1/api/user/me::f2d4fd4f-009b-4d2c-bbe6-f7a51fb690a0::input-params ::GET::::{}
2025-12-13 10:33:20::info::/v1/api/auth/login::bd2ee20f-9f0b-411b-9484-f68fce5a6083::input-params ::POST::::{"email":"phapluu2k5tqt@gmail.com","password":"PhapNhat987AZ@"}
2025-12-13 10:33:21::info::/v1/api/user/me::87dade89-ba30-489b-a371-932b6c3c6a02::input-params ::GET::::{}
2025-12-13 10:33:21::info::/v1/api/folder/readFolders::9fa43072-9f19-48bc-affa-a013fba851bf::input-params ::GET::::{}
2025-12-13 10:33:21::info::/v1/api/folder/readFolders::7a718ec7-d5a6-4d82-9af2-e1431c48da75::input-params ::GET::::{}
2025-12-13 10:33:22::info::/v1/api/conversation/readConversations::43717cc3-5ed0-4f05-9191-e893ab25c53e::input-params ::GET::::{}
2025-12-13 10:33:22::info::/v1/api/conversation/readConversations::31f91e76-50ac-4066-a6b8-6209a69768e3::input-params ::GET::::{}
2025-12-13 10:33:23::info::/v1/api/folder/readFolders::d14edba0-fa84-4eaa-9a88-dfe7eef54b07::input-params ::GET::::{}
2025-12-13 10:33:23::info::/v1/api/folder/readFolders::ef79a01e-e7f8-48fc-a0ea-f01c6ee0567d::input-params ::GET::::{}
2025-12-13 10:33:24::info::/v1/api/conversation/readConversations::cacdf392-7546-40b9-9631-ea3858ad8e37::input-params ::GET::::{}
2025-12-13 10:33:24::info::/v1/api/conversation/readConversations::b77664ad-b863-47fb-a910-66f318c2613a::input-params ::GET::::{}
2025-12-13 10:33:25::info::/v1/api/conversation/readConversationDetail/693a8c925dbe463b3ad4c21d::136e66a5-b6f0-4aa4-a0ad-3c329261f610::input-params ::GET::::{}
2025-12-13 10:33:25::info::/v1/api/conversation/readConversationDetail/693a8c925dbe463b3ad4c21d::cba29c21-b6ee-41db-9234-2aa43a7e8643::input-params ::GET::::{}
2025-12-13 10:33:27::info::/v1/api/folder/readFolders::84fa3323-c3eb-4279-9676-00d508238791::input-params ::GET::::{}
2025-12-13 10:33:27::info::/v1/api/folder/readFolders::a81ba92b-067f-4517-87c9-6d77b44a874b::input-params ::GET::::{}
2025-12-13 10:33:28::info::/v1/api/folder/readFolder/6939a80b035dea9503dfca30::a59fe6bb-6cb1-4f75-b4e7-9f272dbf9b96::input-params ::GET::::{}
2025-12-13 10:33:28::info::/v1/api/folder/readFolder/6939a80b035dea9503dfca30::ee1f64e1-1be8-4674-b1c4-6612bbcf8804::input-params ::GET::::{}
2025-12-13 10:33:31::info::/v1/api/patientRecord/readPatientRecord/693a8c925dbe463b3ad4c21a::92332bd7-9099-4b67-a107-fa4feaa51e2f::input-params ::GET::::{}
2025-12-13 10:33:31::info::/v1/api/patientRecord/readPatientRecord/693a8c925dbe463b3ad4c21a::9becafb4-3608-41b3-a47f-7b978ac07315::input-params ::GET::::{}
2025-12-13 10:34:02::info::/v1/api/patientRecord/updatePatientRecord/693a8c925dbe463b3ad4c223::fc1e120f-189f-4991-92c9-cd3fa9228637::input-params ::PATCH::::{"recordId":"693a8c925dbe463b3ad4c223","_id":"693a8c925dbe463b3ad4c223","email":"phapluudev2k5rere@gmail.com","fullName":"Lưu Quốc Pháp Phới","phone":"0374499251","address":"RMIT","dob":"2011-07-09T00:00:00.000Z","gender":"male","doctorId":"6938de6914c33773a5457584","patientId":"693a8c925dbe463b3ad4c21a","folderId":"6939a80b035dea9503dfca30","title":"Initial Intake Record","recordType":"assessment","symptoms":[{"name":"Nerd","sign":"Fan MU","date":"2025-12-12","status":"Active"},{"name":"FA","sign":"No girlfriend","date":"2025-12-12","status":"Resolved"},{"id":"tmp-1765596822578","name":"Hehe","sign":"hoho","date":"2025-12-13","status":"Active"},{"id":"tmp-1765596833084","name":"hihi","sign":"haha","date":"2025-12-13","status":"Active"}],"diagnosis":"","moodLevel":null,"treatmentPlan":"","attachments":[],"caregiverNotes":"","doctorNotes":"","visibility":"doctor_only","medications":[],"createdAt":"2025-12-11T09:19:14.405Z","updatedAt":"2025-12-12T19:11:09.752Z","__v":49,"birthday":"2011-07-09","age":14}
2025-12-13 10:34:11::info::/v1/api/patientRecord/readPatientRecord/693a8c925dbe463b3ad4c21a::4a64c69b-6de7-4f3f-a1c4-932b8a204d37::input-params ::GET::::{}
2025-12-13 10:34:11::info::/v1/api/user/me::6037ea6d-07d5-4ac6-98a2-339a255b9f2f::input-params ::GET::::{}
2025-12-13 10:34:11::info::/v1/api/user/me::f0598201-f26d-40d4-b0be-035c66f9975e::input-params ::GET::::{}
2025-12-13 10:34:11::info::/v1/api/patientRecord/readPatientRecord/693a8c925dbe463b3ad4c21a::084a8fc0-76ce-4e8d-8ee2-895762f7571d::input-params ::GET::::{}
2025-12-13 10:34:26::info::/v1/api/patientRecord/updatePatientRecord/693a8c925dbe463b3ad4c223::31ef010b-a9f6-491a-b338-1e3e5e9aca10::input-params ::PATCH::::{"recordId":"693a8c925dbe463b3ad4c223","_id":"693a8c925dbe463b3ad4c223","email":"phapluudev2k5rere@gmail.com","fullName":"Lưu Quốc Pháp Đập chai","phone":"0374499251","address":"RMIT","dob":"2011-07-09T00:00:00.000Z","gender":"male","doctorId":"6938de6914c33773a5457584","patientId":"693a8c925dbe463b3ad4c21a","folderId":"6939a80b035dea9503dfca30","title":"Initial Intake Record","recordType":"assessment","symptoms":[{"name":"Nerd","sign":"Fan MU","date":"2025-12-12","status":"Active"},{"name":"FA","sign":"No girlfriend","date":"2025-12-12","status":"Resolved"},{"name":"Hehe","sign":"hoho","date":"2025-12-13","status":"Active"},{"name":"hihi","sign":"haha","date":"2025-12-13","status":"Active"}],"diagnosis":"","moodLevel":null,"treatmentPlan":"","attachments":[],"caregiverNotes":"","doctorNotes":"","visibility":"doctor_only","medications":[],"createdAt":"2025-12-11T09:19:14.405Z","updatedAt":"2025-12-13T03:34:02.408Z","__v":50,"birthday":"2011-07-09","age":14}
2025-12-13 10:41:46::info::/v1/api/patientRecord/updatePatientRecord/693a8c925dbe463b3ad4c223::3e575330-3570-4218-aac5-02c4333eb22b::input-params ::PATCH::::{"recordId":"693a8c925dbe463b3ad4c223","_id":"693a8c925dbe463b3ad4c223","email":"phapluudev2k5rere@gmail.com","fullName":"Lưu Quốc Pháp Đập chai","phone":"0374499251","address":"RMIT","dob":"2011-07-09T00:00:00.000Z","gender":"male","doctorId":"6938de6914c33773a5457584","patientId":"693a8c925dbe463b3ad4c21a","folderId":"6939a80b035dea9503dfca30","title":"Initial Intake Record","recordType":"assessment","symptoms":[{"name":"Nerd","sign":"Fan MU","date":"2025-12-12","status":"Active"},{"name":"FA","sign":"No girlfriend","date":"2025-12-12","status":"Resolved"},{"name":"Hehe","sign":"hoho","date":"2025-12-13","status":"Resolved"},{"name":"hihi","sign":"haha","date":"2025-12-13","status":"Active"}],"diagnosis":"","moodLevel":null,"treatmentPlan":"","attachments":[],"caregiverNotes":"","doctorNotes":"","visibility":"doctor_only","medications":[],"createdAt":"2025-12-11T09:19:14.405Z","updatedAt":"2025-12-13T03:34:02.408Z","__v":50,"birthday":"2011-07-09","age":14}
2025-12-13 10:41:51::info::/v1/api/patientRecord/updatePatientRecord/693a8c925dbe463b3ad4c223::dd825c3d-0021-496f-81a0-9845209d585d::input-params ::PATCH::::{"recordId":"693a8c925dbe463b3ad4c223","_id":"693a8c925dbe463b3ad4c223","email":"phapluudev2k5rere@gmail.com","fullName":"Lưu Quốc Pháp Đập chai","phone":"0374499251","address":"RMIT","dob":"2011-07-09T00:00:00.000Z","gender":"male","doctorId":"6938de6914c33773a5457584","patientId":"693a8c925dbe463b3ad4c21a","folderId":"6939a80b035dea9503dfca30","title":"Initial Intake Record","recordType":"assessment","symptoms":[{"name":"Nerd","sign":"Fan MU","date":"2025-12-12","status":"Active"},{"name":"FA","sign":"No girlfriend","date":"2025-12-12","status":"Resolved"},{"name":"Hehe","sign":"hoho","date":"2025-12-13","status":"Resolved"},{"name":"hihi","sign":"haha","date":"2025-12-13","status":"Active"}],"diagnosis":"","moodLevel":null,"treatmentPlan":"","attachments":[],"caregiverNotes":"","doctorNotes":"","visibility":"doctor_only","medications":[],"createdAt":"2025-12-11T09:19:14.405Z","updatedAt":"2025-12-13T03:34:02.408Z","__v":50,"birthday":"2011-07-09","age":14}
2025-12-13 10:41:54::info::/v1/api/patientRecord/updatePatientRecord/693a8c925dbe463b3ad4c223::490d4ea1-7c1a-488d-b2dd-c5073b9df3eb::input-params ::PATCH::::{"recordId":"693a8c925dbe463b3ad4c223","_id":"693a8c925dbe463b3ad4c223","email":"phapluudev2k5rere@gmail.com","fullName":"Lưu Quốc Pháp Đập chai","phone":"0374499251","address":"RMIT","dob":"2011-07-09T00:00:00.000Z","gender":"male","doctorId":"6938de6914c33773a5457584","patientId":"693a8c925dbe463b3ad4c21a","folderId":"6939a80b035dea9503dfca30","title":"Initial Intake Record","recordType":"assessment","symptoms":[{"name":"Nerd","sign":"Fan MU","date":"2025-12-12","status":"Active"},{"name":"FA","sign":"No girlfriend","date":"2025-12-12","status":"Active"},{"name":"Hehe","sign":"hoho","date":"2025-12-13","status":"Active"},{"name":"hihi","sign":"haha","date":"2025-12-13","status":"Active"}],"diagnosis":"","moodLevel":null,"treatmentPlan":"","attachments":[],"caregiverNotes":"","doctorNotes":"","visibility":"doctor_only","medications":[],"createdAt":"2025-12-11T09:19:14.405Z","updatedAt":"2025-12-13T03:34:02.408Z","__v":50,"birthday":"2011-07-09","age":14}
2025-12-13 10:41:56::info::/v1/api/patientRecord/readPatientRecord/693a8c925dbe463b3ad4c21a::d31be60c-fc81-498f-911c-b79288fe22f1::input-params ::GET::::{}
2025-12-13 10:41:56::info::/v1/api/user/me::79023d81-3337-413d-9c4d-f92e55096b72::input-params ::GET::::{}
2025-12-13 10:41:56::info::/v1/api/user/me::456485c7-0db4-4297-901c-41b8bfb9e1df::input-params ::GET::::{}
2025-12-13 10:41:56::info::/v1/api/patientRecord/readPatientRecord/693a8c925dbe463b3ad4c21a::27e59046-8d12-4925-9c9e-3ddeac4d09a0::input-params ::GET::::{}
2025-12-13 10:42:00::info::/v1/api/patientRecord/updatePatientRecord/693a8c925dbe463b3ad4c223::4c2849b7-2bef-437d-8667-94a200668c08::input-params ::PATCH::::{"recordId":"693a8c925dbe463b3ad4c223","_id":"693a8c925dbe463b3ad4c223","email":"phapluudev2k5rere@gmail.com","fullName":"Lưu Quốc Pháp Đập chai","phone":"0374499251","address":"RMIT","dob":"2011-07-09T00:00:00.000Z","gender":"male","doctorId":"6938de6914c33773a5457584","patientId":"693a8c925dbe463b3ad4c21a","folderId":"6939a80b035dea9503dfca30","title":"Initial Intake Record","recordType":"assessment","symptoms":[{"name":"Nerd","sign":"Fan MU","date":"2025-12-12","status":"Active"},{"name":"FA","sign":"No girlfriend","date":"2025-12-12","status":"Active"},{"name":"Hehe","sign":"hoho","date":"2025-12-13","status":"Active"},{"name":"hihi","sign":"haha","date":"2025-12-13","status":"Active"}],"diagnosis":"","moodLevel":null,"treatmentPlan":"","attachments":[],"caregiverNotes":"","doctorNotes":"","visibility":"doctor_only","medications":[],"createdAt":"2025-12-11T09:19:14.405Z","updatedAt":"2025-12-13T03:41:54.670Z","__v":54,"birthday":"2011-07-09","age":14}
2025-12-13 10:42:09::info::/v1/api/patientRecord/updatePatientRecord/693a8c925dbe463b3ad4c223::f85f8f7e-1b0c-4f00-b226-20e211aa4645::input-params ::PATCH::::{"recordId":"693a8c925dbe463b3ad4c223","_id":"693a8c925dbe463b3ad4c223","email":"phapluudev2k5rere@gmail.com","fullName":"Lưu Quốc Pháp Đập chai","phone":"0374499251","address":"RMIT","dob":"2011-07-09T00:00:00.000Z","gender":"male","doctorId":"6938de6914c33773a5457584","patientId":"693a8c925dbe463b3ad4c21a","folderId":"6939a80b035dea9503dfca30","title":"Initial Intake Record","recordType":"assessment","symptoms":[{"name":"Nerd","sign":"Fan MU","date":"2025-12-12","status":"Active"},{"name":"FA","sign":"No girlfriend","date":"2025-12-12","status":"Resolved"},{"name":"Hehe","sign":"hoho","date":"2025-12-13","status":"Resolved"},{"name":"hihi","sign":"haha","date":"2025-12-13","status":"Active"}],"diagnosis":"","moodLevel":null,"treatmentPlan":"","attachments":[],"caregiverNotes":"","doctorNotes":"","visibility":"doctor_only","medications":[],"createdAt":"2025-12-11T09:19:14.405Z","updatedAt":"2025-12-13T03:41:54.670Z","__v":54,"birthday":"2011-07-09","age":14}
2025-12-13 10:42:11::info::/v1/api/patientRecord/readPatientRecord/693a8c925dbe463b3ad4c21a::b91a2389-7d52-4eb1-bd28-eda60f4261cf::input-params ::GET::::{}
2025-12-13 10:42:11::info::/v1/api/user/me::33515cbf-173d-4651-91e7-d1b9f071ee11::input-params ::GET::::{}
2025-12-13 10:42:11::info::/v1/api/user/me::ccb93ec6-3753-441d-8acb-234dc69c4356::input-params ::GET::::{}
2025-12-13 10:42:11::info::/v1/api/patientRecord/readPatientRecord/693a8c925dbe463b3ad4c21a::d08ae4c1-ca85-4025-85b9-343b56fc4720::input-params ::GET::::{}
