2026-01-11 00:02:08::info::/v1/api/conversation/readConversationDetail/695bf1f9987e265495d5a82b::919c4d0d-4850-4759-8ebc-45be2cc3b9e4::input-params ::GET::::{}
2026-01-11 00:02:08::info::/v1/api/conversation/readConversations::cba1a081-797b-44b5-ab68-9c3812026925::input-params ::GET::::{}
2026-01-11 00:02:08::info::/v1/api/user/me::044d2340-4b1e-4eac-afd6-1a979e23a566::input-params ::GET::::{}
2026-01-11 00:02:09::info::/v1/api/user/me::2d19f36f-3a9f-4fbd-a8b1-5915112116e4::input-params ::GET::::{}
2026-01-11 00:02:09::info::/v1/api/conversation/readConversationDetail/695bf1f9987e265495d5a82b::88bac444-740a-4003-91ee-c26664d18e42::input-params ::GET::::{}
2026-01-11 00:02:09::info::/v1/api/conversation/readConversations::3ba0d6b8-9524-4837-a27d-4730250c9f98::input-params ::GET::::{}
2026-01-11 00:02:09::info::/v1/api/conversation/readConversationDetail/695bf1f9987e265495d5a82b::45bbe0c4-0daf-47d0-bd2e-e3860c6d7da8::input-params ::GET::::{}
2026-01-11 00:25:53::info::/v1/api/auth/login::3041299f-1ba3-453a-a88a-a1a269206d52::input-params ::POST::::{"email":"phap2k5@gmail.com","password":"Khongcopass@123"}
2026-01-11 00:25:53::info::/v1/api/user/me::e437f3eb-c9bd-401c-ae1e-0c4738102a62::input-params ::GET::::{}
2026-01-11 00:25:53::info::/v1/api/folder/readFolders::e0ca59be-4d7e-4602-80be-1207e00af0f7::input-params ::GET::::{}
2026-01-11 00:25:53::info::/v1/api/folder/readFolders::f32b45e5-b326-443e-aa6d-e47b8e438497::input-params ::GET::::{}
2026-01-11 00:25:54::info::/v1/api/conversation/readConversations::c48a0f86-ba66-43e1-9302-57ba696f029f::input-params ::GET::::{}
2026-01-11 00:25:54::info::/v1/api/conversation/readConversations::e38da06c-99b0-4942-a886-70bb06e78af3::input-params ::GET::::{}
2026-01-11 00:25:55::info::/v1/api/conversation/readConversationDetail/695f55311ce44862d35124f7::2aa8a710-9ea2-4119-af62-43705659ec7e::input-params ::GET::::{}
2026-01-11 00:25:55::info::/v1/api/conversation/readConversationDetail/695f55311ce44862d35124f7::6222b285-12b1-432d-907d-cde32916e9fe::input-params ::GET::::{}
2026-01-11 00:25:55::info::/v1/api/conversation/readConversationDetail/695f55311ce44862d35124f7::fc63dd51-6fc1-4713-8aa5-e394016ab4a1::input-params ::GET::::{}
2026-01-11 00:25:56::info::/v1/api/conversation/readConversationDetail/695f55311ce44862d35124f7::515bbdbc-cf08-48bd-937c-c24608428441::input-params ::GET::::{}
2026-01-11 00:25:58::info::/v1/api/conversation/readConversationDetail/695f53481ce44862d3512466::2d1c03ae-504c-4d59-acd5-5669a6df10ec::input-params ::GET::::{}
2026-01-11 00:25:58::info::/v1/api/conversation/readConversationDetail/695f53481ce44862d3512466::e551c060-00c8-421c-b283-a7ba11fe0552::input-params ::GET::::{}
2026-01-11 00:25:58::info::/v1/api/folder/readFolders::1e196caf-7307-4a25-9e15-0a274d27ac23::input-params ::GET::::{}
2026-01-11 00:25:58::info::/v1/api/folder/readFolders::6a0cfeff-c0ea-42b2-8347-0d577e887d41::input-params ::GET::::{}
2026-01-11 00:26:40::info::/v1/api/folder/readFolder/695f54891ce44862d35124da::8109c4a8-f159-4720-b938-d4be316b7c6c::input-params ::GET::::{}
2026-01-11 00:26:40::info::/v1/api/user/me::e0c2f3c4-e077-49b1-a861-2f101478defd::input-params ::GET::::{}
2026-01-11 00:26:40::info::/v1/api/user/me::0a64f578-07ff-40ae-b38d-e533321d56c6::input-params ::GET::::{}
2026-01-11 00:26:40::info::/v1/api/folder/readFolder/695f54891ce44862d35124da::7b883f23-f259-47a6-9efc-0799e645988b::input-params ::GET::::{}
2026-01-11 00:26:42::info::/v1/api/folder/readFolders::79fd8bac-2657-41ca-a0b7-f1982651697f::input-params ::GET::::{}
2026-01-11 00:26:42::info::/v1/api/folder/readFolders::95e14fd7-da05-48bd-b396-cf6f53062a6c::input-params ::GET::::{}
2026-01-11 00:26:43::info::/v1/api/folder/readFolder/695f54891ce44862d35124da::d9c284b4-9cec-4d8d-a0af-2c5e63fa7a3b::input-params ::GET::::{}
2026-01-11 00:26:43::info::/v1/api/folder/readFolder/695f54891ce44862d35124da::04a19a12-c7ae-4f62-a4c8-6ed7dabb2742::input-params ::GET::::{}
2026-01-11 00:26:43::info::/v1/api/patientRecord/readPatientRecord/695f55311ce44862d35124f5::a09fa28c-a1d5-4b6d-9911-9ef9b2c395f6::input-params ::GET::::{}
2026-01-11 00:26:44::info::/v1/api/patientRecord/readPatientRecord/695f55311ce44862d35124f5::f0ba36ad-be13-4f52-a6ee-20b472990636::input-params ::GET::::{}
2026-01-11 00:26:44::info::/v1/api/patientRecord/readPatientRecord/695f55311ce44862d35124f5::7cbb6706-dd9b-42c4-add6-730d27b47607::input-params ::GET::::{}
2026-01-11 00:26:44::info::/v1/api/relative/readRelatives/695f55311ce44862d35124fd::7526065c-abe2-4108-9ab9-789b4687b23e::input-params ::GET::::{}
2026-01-11 00:26:44::info::/v1/api/patientRecord/readPatientRecord/695f55311ce44862d35124f5::9c17bc08-0748-4906-97c9-581a59a4049e::input-params ::GET::::{}
2026-01-11 00:26:44::info::/v1/api/patientRecord/readPatientRecord/695f55311ce44862d35124f5::311e572f-4e02-4d06-97bc-9419b635620e::input-params ::GET::::{}
2026-01-11 00:26:44::info::/v1/api/relative/readRelatives/695f55311ce44862d35124fd::3333f51e-ed57-4fb9-a794-59efc72a7eea::input-params ::GET::::{}
2026-01-11 00:26:45::info::/v1/api/patientRecord/readPatientRecord/695f55311ce44862d35124f5::85861383-bd1b-412b-acec-a97657135d42::input-params ::GET::::{}
2026-01-11 00:26:45::info::/v1/api/folder/readFolder/695f54891ce44862d35124da::797dd392-e751-470e-a4bf-821e2afb8efa::input-params ::GET::::{}
2026-01-11 00:26:45::info::/v1/api/folder/readFolder/695f54891ce44862d35124da::619c5076-818b-44aa-ad23-b7e1e0e26b64::input-params ::GET::::{}
2026-01-11 00:26:46::info::/v1/api/patientRecord/readPatientRecord/695f55311ce44862d35124f5::3c2fd74e-60b2-4274-b1fc-e5982fe5a608::input-params ::GET::::{}
2026-01-11 00:26:46::info::/v1/api/patientRecord/readPatientRecord/695f55311ce44862d35124f5::5b61227b-b5a7-4f18-9d70-9b54ecb5b92d::input-params ::GET::::{}
2026-01-11 00:26:47::info::/v1/api/patientRecord/readPatientRecord/695f55311ce44862d35124f5::0cb12d73-cae3-42dc-bdb9-b081bb8266e9::input-params ::GET::::{}
2026-01-11 00:26:47::info::/v1/api/relative/readRelatives/695f55311ce44862d35124fd::1a6e487a-7b5f-4b5c-bd78-204447f3921c::input-params ::GET::::{}
2026-01-11 00:26:47::info::/v1/api/patientRecord/readPatientRecord/695f55311ce44862d35124f5::b545cde9-aa53-4ebd-bfd8-fcebe729761b::input-params ::GET::::{}
2026-01-11 00:26:47::info::/v1/api/patientRecord/readPatientRecord/695f55311ce44862d35124f5::7528149b-04d7-43d0-a6bc-9e103cd1684e::input-params ::GET::::{}
2026-01-11 00:26:47::info::/v1/api/relative/readRelatives/695f55311ce44862d35124fd::3d0ab7c8-1900-4d26-95a0-5941d25db2cb::input-params ::GET::::{}
2026-01-11 00:26:47::info::/v1/api/patientRecord/readPatientRecord/695f55311ce44862d35124f5::28dc725d-8528-4875-b651-ae6630e30f38::input-params ::GET::::{}
2026-01-11 00:26:47::info::/v1/api/folder/readFolder/695f54891ce44862d35124da::c4f3e5df-27b8-4c60-bab3-55b0efbe3172::input-params ::GET::::{}
2026-01-11 00:26:48::info::/v1/api/folder/readFolder/695f54891ce44862d35124da::7b90bb10-31cf-4fb6-8761-aaa0ecd61048::input-params ::GET::::{}
2026-01-11 00:26:49::info::/v1/api/patientRecord/readPatientRecord/695f55311ce44862d35124f5::83a921ac-0d74-4278-9b80-e187b26cc41e::input-params ::GET::::{}
2026-01-11 00:26:49::info::/v1/api/patientRecord/readPatientRecord/695f55311ce44862d35124f5::2c0c840a-b79f-416a-978f-20540f75c279::input-params ::GET::::{}
2026-01-11 00:26:49::info::/v1/api/patientRecord/readPatientRecord/695f55311ce44862d35124f5::ce8387e7-56a6-4095-a338-6e3b3cedeace::input-params ::GET::::{}
2026-01-11 00:26:49::info::/v1/api/relative/readRelatives/695f55311ce44862d35124fd::2492aaf8-2dc9-4ba9-9227-137e3c453546::input-params ::GET::::{}
2026-01-11 00:26:49::info::/v1/api/patientRecord/readPatientRecord/695f55311ce44862d35124f5::3e55b7c5-7862-48b2-88ab-ff3d364dbadc::input-params ::GET::::{}
2026-01-11 00:26:49::info::/v1/api/folder/readFolders::a15c9e18-2f1e-42f6-ac13-d4877674f8ad::input-params ::GET::::{}
2026-01-11 00:26:49::info::/v1/api/patientRecord/readPatientRecord/695f55311ce44862d35124f5::89df93f6-41f2-499f-aa5d-571abcb04668::input-params ::GET::::{}
2026-01-11 00:26:49::info::/v1/api/folder/readFolders::52d003fe-ee16-47ed-a8e4-6ee6348f4eba::input-params ::GET::::{}
2026-01-11 00:26:49::info::/v1/api/relative/readRelatives/695f55311ce44862d35124fd::d385dd55-e6b0-4b76-8736-62a237c1fabb::input-params ::GET::::{}
2026-01-11 00:26:50::info::/v1/api/patientRecord/readPatientRecord/695f55311ce44862d35124f5::aa65da21-5451-45c2-bf8d-e740069c6586::input-params ::GET::::{}
2026-01-11 00:26:50::info::/v1/api/folder/readFolder/695f54891ce44862d35124da::6dd34bc4-f7a9-4d81-9077-200b799bf978::input-params ::GET::::{}
2026-01-11 00:26:50::info::/v1/api/folder/readFolder/695f54891ce44862d35124da::71f5a2e6-3aff-4291-9841-d33f8a169022::input-params ::GET::::{}
2026-01-11 00:26:52::info::/v1/api/patientRecord/readPatientRecord/695f55311ce44862d35124f5::8075b3dc-c15e-4a65-88d9-c0931138737f::input-params ::GET::::{}
2026-01-11 00:26:52::info::/v1/api/patientRecord/readPatientRecord/695f55311ce44862d35124f5::e47c7ead-aac4-4520-9b89-51fad283f1dd::input-params ::GET::::{}
2026-01-11 00:26:53::info::/v1/api/patientRecord/readPatientRecord/695f55311ce44862d35124f5::f7ebecac-64c4-426b-93ec-7c2da3602230::input-params ::GET::::{}
2026-01-11 00:26:53::info::/v1/api/relative/readRelatives/695f55311ce44862d35124fd::b317f225-1e38-4325-9335-776a035f224a::input-params ::GET::::{}
2026-01-11 00:26:53::info::/v1/api/patientRecord/readPatientRecord/695f55311ce44862d35124f5::6e8bf4c3-3869-4d5a-9218-3f5e4b6a04d9::input-params ::GET::::{}
2026-01-11 00:26:53::info::/v1/api/patientRecord/readPatientRecord/695f55311ce44862d35124f5::1cda4998-d347-42b4-be61-675ab896cd8d::input-params ::GET::::{}
2026-01-11 00:26:53::info::/v1/api/relative/readRelatives/695f55311ce44862d35124fd::1c6e71a1-6702-40f4-8c39-f9b522661997::input-params ::GET::::{}
2026-01-11 00:26:53::info::/v1/api/patientRecord/readPatientRecord/695f55311ce44862d35124f5::53208497-36b9-4edc-9e8b-c7c95fb1d880::input-params ::GET::::{}
