2025-12-26 00:02:58::info::/v1/api/user/me::49cc131c-7771-4e8c-9713-976eb437d745::input-params ::GET::::{}
2025-12-26 00:02:59::info::/v1/api/user/me::040baae3-565d-4eba-a898-693af5a65791::input-params ::GET::::{}
2025-12-26 00:03:04::info::/v1/api/user/me::0bdb4b78-3994-458b-b17b-626e29a263ee::input-params ::GET::::{}
2025-12-26 00:03:04::info::/v1/api/user/me::2845429f-eb40-4b89-8ea7-d2634f98a830::input-params ::GET::::{}
2025-12-26 00:03:06::info::/v1/api/folder/readFolders::3d9b990b-ceca-4965-912d-7b53288f67af::input-params ::GET::::{}
2025-12-26 00:03:06::info::/v1/api/folder/readFolders::b0eb950e-5d1a-4fb1-80f5-a8cc3528ad22::input-params ::GET::::{}
2025-12-26 00:03:08::info::/v1/api/folder/readFolder/69496be99bc2fb43a6df32ae::717de3a3-b546-4e9f-aad7-1074ecee5e54::input-params ::GET::::{}
2025-12-26 00:03:09::info::/v1/api/folder/readFolder/69496be99bc2fb43a6df32ae::11d05d92-c45e-43b6-9ef6-e6f1e054ecaa::input-params ::GET::::{}
2025-12-26 00:03:29::info::/v1/api/patientRecord/readPatientRecord/69496bfe9bc2fb43a6df32bd::d88d0797-7659-454f-9f9a-b829ef4f3184::input-params ::GET::::{}
2025-12-26 00:03:29::info::/v1/api/patientRecord/readPatientRecord/69496bfe9bc2fb43a6df32bd::dfe66596-66c8-41b6-8d8e-41520e105627::input-params ::GET::::{}
2025-12-26 00:04:01::info::/v1/api/folder/readFolder/69496be99bc2fb43a6df32ae::c92bd524-f883-4654-91f9-905d1e3da6de::input-params ::GET::::{}
2025-12-26 00:04:01::info::/v1/api/folder/readFolder/69496be99bc2fb43a6df32ae::8c719012-36d5-4797-b22d-e6c60f443e68::input-params ::GET::::{}
2025-12-26 00:04:04::info::/v1/api/folder/readFolders::ae3982e2-7226-4731-8e71-e6f3f19d525c::input-params ::GET::::{}
2025-12-26 00:04:04::info::/v1/api/folder/readFolders::59348842-fc46-4c0b-9736-6e54f6fe30d8::input-params ::GET::::{}
2025-12-26 00:04:17::info::/v1/api/patientRecord/readPatientRecord/69496bfe9bc2fb43a6df32bd::4673f5aa-0d3b-4956-94a3-5441525fb574::input-params ::GET::::{}
2025-12-26 00:04:17::info::/v1/api/patientRecord/readPatientRecord/69496bfe9bc2fb43a6df32bd::7a8f1f54-224f-400e-8e00-5de2f1b819c1::input-params ::GET::::{}
2025-12-26 00:04:32::info::/v1/api/folder/readFolders::6ddf6061-53be-40e7-b5a3-8f96b80116b2::input-params ::GET::::{}
2025-12-26 00:04:32::info::/v1/api/folder/readFolders::0c3fb8e6-c5c1-48e3-9e84-d369ca4eadb0::input-params ::GET::::{}
2025-12-26 00:06:04::info::/v1/api/patientRecord/readPatientRecord/69496bfe9bc2fb43a6df32bd::e14e2454-ac2a-4564-ad64-c6e401f4d503::input-params ::GET::::{}
2025-12-26 00:06:06::info::/v1/api/folder/readFolder/69496be99bc2fb43a6df32ae::850bfcb0-9801-4a28-a573-b5fb598c6d4a::input-params ::GET::::{}
2025-12-26 00:06:07::info::/v1/api/folder/readFolder/69496be99bc2fb43a6df32ae::015c8a4e-84f3-4949-be0b-ca161517a1bd::input-params ::GET::::{}
2025-12-26 00:06:09::info::/v1/api/folder/readFolders::2227999e-dbf1-4760-baf4-6b7b3be4d8a3::input-params ::GET::::{}
2025-12-26 00:06:09::info::/v1/api/folder/readFolders::ba5ee3e0-e6a5-4b2c-bba2-db6536f0f78a::input-params ::GET::::{}
2025-12-26 00:06:49::info::/v1/api/folder/readFolders::54ff0291-6d4b-411c-85cf-e1e160de5d4e::input-params ::GET::::{}
2025-12-26 00:06:49::info::/v1/api/folder/readFolders::5c4d0c0d-d587-4b91-9daf-f9cafbf15cfb::input-params ::GET::::{}
2025-12-26 00:07:35::info::/v1/api/folder/readFolders::de6a08de-c3d7-4f21-bfab-00d15c1d3008::input-params ::GET::::{}
2025-12-26 00:07:35::info::/v1/api/folder/readFolders::ad33ec52-9869-4a9b-9d9f-3ae7e045dad1::input-params ::GET::::{}
2025-12-26 00:08:00::info::/v1/api/folder/readFolders::a3be82bf-ec2a-48ec-a4a3-d8b5c476a52d::input-params ::GET::::{}
2025-12-26 00:08:02::info::/v1/api/patientRecord/createPatientRecord::32a52c86-4d21-486b-9420-1f9ce6cc750e::input-params ::POST::::{"fullName":"Pháp Nớt","email":"AHAHAHA@gmail.com","dob":"2025-12-11","phoneNumber":"0912345678","role":"patient","relationship":"Family","folderId":"69496be99bc2fb43a6df32ae"}
2025-12-26 00:08:08::info::/v1/api/patientRecord/readPatientRecord/694d6f72c7bbba2bbb15ecc8::4331dd85-268d-4ba5-8c56-68f5bae43d8a::input-params ::GET::::{}
2025-12-26 00:08:09::info::/v1/api/patientRecord/readPatientRecord/694d6f72c7bbba2bbb15ecc8::bbaef86d-5384-43c6-85cb-bfc2a7aff318::input-params ::GET::::{}
2025-12-26 00:08:13::info::/v1/api/folder/readFolder/69496be99bc2fb43a6df32ae::e93cafd2-d2ef-4ef9-9845-22382920d310::input-params ::GET::::{}
2025-12-26 00:08:13::info::/v1/api/folder/readFolder/69496be99bc2fb43a6df32ae::0c46576f-7acb-4329-9dc7-feaa597ee871::input-params ::GET::::{}
2025-12-26 00:12:16::info::/v1/api/patientRecord/readPatientRecord/69496bfe9bc2fb43a6df32bd::8593f7ef-754f-4b26-80f2-9d6c9861f93c::input-params ::GET::::{}
2025-12-26 00:12:16::info::/v1/api/patientRecord/readPatientRecord/69496bfe9bc2fb43a6df32bd::fcc475e8-75ec-4c79-9dec-c81615f83fef::input-params ::GET::::{}
2025-12-26 00:16:26::info::/v1/api/patientRecord/readPatientRecord/69496bfe9bc2fb43a6df32bd::6ec0bb3a-b232-4f83-bf14-a39be52e5d27::input-params ::GET::::{}
2025-12-26 00:16:27::info::/v1/api/patientRecord/readPatientRecord/69496bfe9bc2fb43a6df32bd::4fe0c653-d0d7-4986-907c-eebd070ccfd3::input-params ::GET::::{}
2025-12-26 00:16:45::info::/v1/api/patientRecord/readPatientRecord/69496bfe9bc2fb43a6df32bd::a31fe235-5c49-4516-a78b-a4c6c228f0ac::input-params ::GET::::{}
2025-12-26 00:16:46::info::/v1/api/patientRecord/readPatientRecord/69496bfe9bc2fb43a6df32bd::7c79900c-0fd4-47cc-acc8-d938e666a47f::input-params ::GET::::{}
2025-12-26 00:16:46::info::/v1/api/patientRecord/readPatientRecord/69496bfe9bc2fb43a6df32bd::e23d50d9-5653-49d6-9468-c66938dec5ed::input-params ::GET::::{}
2025-12-26 00:16:46::info::/v1/api/patientRecord/readPatientRecord/69496bfe9bc2fb43a6df32bd::d4741d7e-5f5c-4d2c-8ed3-81f9994170a5::input-params ::GET::::{}
2025-12-26 00:21:18::info::/v1/api/patientRecord/readPatientRecord/69496bfe9bc2fb43a6df32bd::d94b947f-d1fc-42d4-bdef-f9dff8c46c49::input-params ::GET::::{}
2025-12-26 00:21:18::info::/v1/api/user/me::28d892fe-8f5e-4f4c-bbd2-b5d205109608::input-params ::GET::::{}
2025-12-26 00:21:18::info::/v1/api/user/me::03e3537c-cc64-4759-a54d-79354f69ed92::input-params ::GET::::{}
2025-12-26 00:21:19::info::/v1/api/patientRecord/readPatientRecord/69496bfe9bc2fb43a6df32bd::888da5bc-b2c7-408c-a33c-720043e285ee::input-params ::GET::::{}
2025-12-26 00:21:19::info::/v1/api/patientRecord/readPatientRecord/69496bfe9bc2fb43a6df32bd::56fc16df-1968-4805-a50e-df1e818b0b59::input-params ::GET::::{}
2025-12-26 00:21:19::info::/v1/api/patientRecord/readPatientRecord/69496bfe9bc2fb43a6df32bd::ce2845c0-0027-4d35-b42d-df38e8c794a7::input-params ::GET::::{}
2025-12-26 00:21:22::info::/v1/api/folder/readFolders::7ec8409c-36e3-4d0b-b961-1d1bbe0c24e0::input-params ::GET::::{}
2025-12-26 00:21:22::info::/v1/api/folder/readFolders::b19d894f-d6dd-4a3f-ab2c-115047f5f103::input-params ::GET::::{}
2025-12-26 00:24:13::info::/v1/api/folder/readFolders::3851b90f-1199-4562-91c2-646c1e1e1fb3::input-params ::GET::::{}
2025-12-26 00:24:13::info::/v1/api/folder/readFolders::28e47bf0-6c8d-4e0b-90a5-a757dd7b906d::input-params ::GET::::{}
2025-12-26 00:24:31::info::/v1/api/folder/readFolders::06e46aee-866d-4668-8b19-0f74f8555ac4::input-params ::GET::::{}
2025-12-26 00:24:31::info::/v1/api/folder/readFolders::3abe1f83-19da-4c77-86b9-9ffabb9bb857::input-params ::GET::::{}
2025-12-26 00:24:46::info::/v1/api/relative/createRelativeAccount::aeaceffa-814c-4fc6-a1e5-17744ebbd981::input-params ::POST::::{"patientRecordId":"69496bfe9bc2fb43a6df32bd","email":"baotran09042004@gmail.com","fullName":"HEHEHEHE","phoneNumber":"892371283","relationship":"Family","role":"relative","folderId":"69496be99bc2fb43a6df32ae"}
2025-12-26 00:24:46::error::/v1/api/relative/createRelativeAccount::aeaceffa-814c-4fc6-a1e5-17744ebbd981::handler-error::{"status":404,"message":"Not Found Route"}
2025-12-26 00:26:08::info::/v1/api/folder/readFolders::738da537-8a1b-4c83-8c05-096cd212f6e1::input-params ::GET::::{}
2025-12-26 00:26:08::info::/v1/api/folder/readFolders::d6234952-9d5e-4326-a959-5053329bcaaa::input-params ::GET::::{}
2025-12-26 00:30:39::info::/v1/api/folder/readFolders::2fdc165f-e788-4e4a-a5fe-a1cf5fec4f69::input-params ::GET::::{}
2025-12-26 00:30:39::info::/v1/api/folder/readFolders::36f3b3a1-b08e-41a5-b5da-5590b911e01b::input-params ::GET::::{}
2025-12-26 00:31:27::info::/v1/api/folder/readFolders::d07d5276-7e4d-4cea-bc70-743697238a03::input-params ::GET::::{}
2025-12-26 00:31:27::info::/v1/api/folder/readFolders::034bf671-18b4-4d34-9002-625ca24fce34::input-params ::GET::::{}
2025-12-26 00:32:47::info::/v1/api/folder/readFolders::9722a05e-eb7c-46b5-bd14-7a225c4f7144::input-params ::GET::::{}
2025-12-26 00:32:48::info::/v1/api/folder/readFolders::8aced42d-3d03-4c04-9bac-d9f45f133084::input-params ::GET::::{}
2025-12-26 00:32:51::info::/v1/api/folder/readFolder/69496be99bc2fb43a6df32ae::03f0f8a9-8a67-4f08-9f72-3e3d4ecefac3::input-params ::GET::::{}
2025-12-26 00:32:51::info::/v1/api/folder/readFolder/69496be99bc2fb43a6df32ae::7aac7a9d-d5be-47ad-a672-d444d6935edc::input-params ::GET::::{}
2025-12-26 00:32:55::info::/v1/api/patientRecord/readPatientRecord/694d6f72c7bbba2bbb15ecc8::b88e34f1-8318-4967-b75e-cce7be72915b::input-params ::GET::::{}
2025-12-26 00:32:55::info::/v1/api/patientRecord/readPatientRecord/694d6f72c7bbba2bbb15ecc8::6beb80cb-c08f-471c-818d-e9694b0a87d7::input-params ::GET::::{}
2025-12-26 00:32:56::info::/v1/api/patientRecord/readPatientRecord/694d6f72c7bbba2bbb15ecc8::fe344285-1127-4d94-ac0f-f782038b4fc4::input-params ::GET::::{}
2025-12-26 00:32:56::info::/v1/api/patientRecord/readPatientRecord/694d6f72c7bbba2bbb15ecc8::52346a47-0cb7-4b31-a401-0c46d5cc5f34::input-params ::GET::::{}
2025-12-26 00:32:58::info::/v1/api/folder/readFolder/69496be99bc2fb43a6df32ae::d9a492be-d6c1-4cab-80d3-2d64ced25966::input-params ::GET::::{}
2025-12-26 00:32:58::info::/v1/api/folder/readFolder/69496be99bc2fb43a6df32ae::3794db0c-12cd-463e-9f1b-b09ebbed280c::input-params ::GET::::{}
2025-12-26 00:33:00::info::/v1/api/patientRecord/readPatientRecord/69496cae9bc2fb43a6df3365::53d46e60-cb2f-4b98-80fb-1ec973b51a39::input-params ::GET::::{}
2025-12-26 00:33:00::info::/v1/api/patientRecord/readPatientRecord/69496cae9bc2fb43a6df3365::3b0040f2-c9d5-4121-bb12-dd20e2e19e13::input-params ::GET::::{}
2025-12-26 00:33:00::info::/v1/api/patientRecord/readPatientRecord/69496cae9bc2fb43a6df3365::ff084d7f-ccbf-4f25-8558-128178409fe0::input-params ::GET::::{}
2025-12-26 00:33:00::info::/v1/api/patientRecord/readPatientRecord/69496cae9bc2fb43a6df3365::09d2bf9d-08a6-4a07-8070-a81be292a0fd::input-params ::GET::::{}
2025-12-26 00:33:01::info::/v1/api/folder/readFolder/69496be99bc2fb43a6df32ae::621edb10-8c95-4fbb-8763-891253edb2ef::input-params ::GET::::{}
2025-12-26 00:33:01::info::/v1/api/folder/readFolder/69496be99bc2fb43a6df32ae::9864e28d-f5d6-4afa-90fe-6e68f7c2bccb::input-params ::GET::::{}
2025-12-26 00:33:03::info::/v1/api/patientRecord/readPatientRecord/694d6f72c7bbba2bbb15ecc8::f111863c-69f3-461e-8b36-afd0a436456e::input-params ::GET::::{}
2025-12-26 00:33:03::info::/v1/api/patientRecord/readPatientRecord/694d6f72c7bbba2bbb15ecc8::d82b4a8c-39ce-44c1-af7a-559a798804cb::input-params ::GET::::{}
2025-12-26 00:33:04::info::/v1/api/patientRecord/readPatientRecord/694d6f72c7bbba2bbb15ecc8::436dc4f8-9c85-404a-a0e7-1459d0a1e3d2::input-params ::GET::::{}
2025-12-26 00:33:04::info::/v1/api/patientRecord/readPatientRecord/694d6f72c7bbba2bbb15ecc8::27b58000-67a0-4fd8-a87c-cf292fcdf2c4::input-params ::GET::::{}
2025-12-26 01:07:57::info::/v1/api/patientRecord/readPatientRecord/694d6f72c7bbba2bbb15ecc8::4d4573c4-832c-4146-b1e8-74676e394c71::input-params ::GET::::{}
2025-12-26 01:07:57::info::/v1/api/user/me::5ac7be1e-6cbc-4964-9348-32688900c312::input-params ::GET::::{}
2025-12-26 01:07:58::info::/v1/api/user/me::6595632f-91cd-48e0-af3e-28899e424503::input-params ::GET::::{}
2025-12-26 01:07:58::info::/v1/api/patientRecord/readPatientRecord/694d6f72c7bbba2bbb15ecc8::2bd64cb0-69ea-4bce-bee1-aa6669db044f::input-params ::GET::::{}
2025-12-26 01:07:58::info::/v1/api/patientRecord/readPatientRecord/694d6f72c7bbba2bbb15ecc8::5e02733d-5864-4392-9a2d-2b7f6adab525::input-params ::GET::::{}
2025-12-26 01:07:58::info::/v1/api/patientRecord/readPatientRecord/694d6f72c7bbba2bbb15ecc8::804fa3ce-0a6f-487e-bd4b-f8ccb3130801::input-params ::GET::::{}
2025-12-26 01:07:59::info::/v1/api/folder/readFolder/69496be99bc2fb43a6df32ae::6948beef-9fc0-4b02-8b49-aa823ec1c5fe::input-params ::GET::::{}
2025-12-26 01:07:59::info::/v1/api/folder/readFolder/69496be99bc2fb43a6df32ae::783cb57a-1b0b-4e5c-965d-dd58d5a412f2::input-params ::GET::::{}
2025-12-26 01:08:00::info::/v1/api/patientRecord/readPatientRecord/69496bfe9bc2fb43a6df32bd::7a43b0f8-4c00-411b-a1a6-9365cbc3d124::input-params ::GET::::{}
2025-12-26 01:08:01::info::/v1/api/patientRecord/readPatientRecord/69496bfe9bc2fb43a6df32bd::f7871d99-7ba3-4df5-a23c-001b755abe00::input-params ::GET::::{}
2025-12-26 01:08:01::info::/v1/api/patientRecord/readPatientRecord/69496bfe9bc2fb43a6df32bd::46103daa-41b9-4185-852f-f731a6e3308d::input-params ::GET::::{}
2025-12-26 01:08:01::info::/v1/api/patientRecord/readPatientRecord/69496bfe9bc2fb43a6df32bd::9fc119d9-0454-4990-9a8f-76315ecdeca5::input-params ::GET::::{}
2025-12-26 12:36:46::info::/v1/api/user/me::d882ef24-c9e9-4d21-8695-026ebaa7d3ce::input-params ::GET::::{}
2025-12-26 12:36:46::info::/v1/api/user/me::7299b243-0637-43f7-b480-f3b5b6a0f1dc::input-params ::GET::::{}
2025-12-26 12:37:21::info::/v1/api/folder/readFolders::89f03eb3-5c7f-47a2-9bc3-1453dd7b7992::input-params ::GET::::{}
2025-12-26 12:37:21::info::/v1/api/folder/readFolders::1ba75d69-8d19-46f9-b61a-d9247e3f2be8::input-params ::GET::::{}
2025-12-26 12:37:29::info::/v1/api/auth/logout::701238c0-df08-4cb7-a73f-07256baf893a::input-params ::POST::::{}
2025-12-26 12:37:29::info::/v1/api/user/me::0b5d6a05-7bf3-445f-aece-1d57c755928e::input-params ::GET::::{}
2025-12-26 12:37:29::error::/v1/api/user/me::0b5d6a05-7bf3-445f-aece-1d57c755928e::handler-error::{"status":403,"message":"Access token missing"}
2025-12-26 12:37:29::info::/v1/api/user/me::f331cb3b-2142-4770-9fbb-26daa1a6ad24::input-params ::GET::::{}
2025-12-26 12:37:29::error::/v1/api/user/me::f331cb3b-2142-4770-9fbb-26daa1a6ad24::handler-error::{"status":403,"message":"Access token missing"}
2025-12-26 12:52:18::info::/v1/api/user/me::2b1a7878-1ec3-4ae7-8e6b-d79a4e7022d9::input-params ::GET::::{}
2025-12-26 12:52:18::error::/v1/api/user/me::2b1a7878-1ec3-4ae7-8e6b-d79a4e7022d9::handler-error::{"status":403,"message":"Access token missing"}
2025-12-26 12:52:18::info::/v1/api/user/me::b8c1f687-2486-41d7-957b-a47e3da237e8::input-params ::GET::::{}
2025-12-26 12:52:18::error::/v1/api/user/me::b8c1f687-2486-41d7-957b-a47e3da237e8::handler-error::{"status":403,"message":"Access token missing"}
2025-12-26 12:52:57::info::/v1/api/auth/login::8045af7b-6553-4dc9-9922-75c4362bc614::input-params ::POST::::{"email":"doctor2@gmail.com","password":"PhapNhat987AZ@"}
2025-12-26 12:52:58::info::/v1/api/user/me::245721de-a906-4930-9784-9bc31f3bd55a::input-params ::GET::::{}
2025-12-26 12:52:58::info::/v1/api/folder/readFolders::6e0f1ad8-9c79-40d1-a192-b5665501ebe0::input-params ::GET::::{}
2025-12-26 12:52:58::info::/v1/api/folder/readFolders::c13fb7b2-e844-43a9-8336-658eab523cdd::input-params ::GET::::{}
2025-12-26 12:53:18::info::/v1/api/folder/readFolders::f40a17c2-db58-4ae7-b9c0-921e8313603c::input-params ::GET::::{}
2025-12-26 12:53:18::info::/v1/api/folder/readFolders::7aafef10-51dc-4eee-a949-c1bf81a18111::input-params ::GET::::{}
2025-12-26 12:53:20::info::/v1/api/auth/logout::cf7ab195-58de-45b6-be8e-8c6247fc860e::input-params ::POST::::{}
2025-12-26 12:53:20::info::/v1/api/user/me::1318fe3b-dbaf-4b84-a7f9-9e3b8e0192d2::input-params ::GET::::{}
2025-12-26 12:53:20::error::/v1/api/user/me::1318fe3b-dbaf-4b84-a7f9-9e3b8e0192d2::handler-error::{"status":403,"message":"Access token missing"}
2025-12-26 12:53:20::info::/v1/api/user/me::495b9b30-c5ca-46e3-b63c-36c6068b2828::input-params ::GET::::{}
2025-12-26 12:53:20::error::/v1/api/user/me::495b9b30-c5ca-46e3-b63c-36c6068b2828::handler-error::{"status":403,"message":"Access token missing"}
2025-12-26 13:09:25::info::/v1/api/auth/signUp::7aba30b9-5d7b-4421-beb9-4f3ddd5c48b4::input-params ::POST::::{"email":"AHAHAHA@gmail.com","fullName":"Pháp Nớt","password":"Hehe@12123","clinicians":"50+"}
2025-12-26 13:10:31::info::/v1/api/user/me::ebab0e28-6805-44aa-a8c4-7df5ba19558c::input-params ::GET::::{}
2025-12-26 13:10:31::error::/v1/api/user/me::ebab0e28-6805-44aa-a8c4-7df5ba19558c::handler-error::{"status":403,"message":"Access token missing"}
2025-12-26 13:10:31::info::/v1/api/user/me::0ee2d85b-8918-419f-80aa-d233360f38ca::input-params ::GET::::{}
2025-12-26 13:10:31::error::/v1/api/user/me::0ee2d85b-8918-419f-80aa-d233360f38ca::handler-error::{"status":403,"message":"Access token missing"}
2025-12-26 13:16:48::info::/v1/api/user/me::08f62675-ce56-4c2c-a239-31894fbf9d01::input-params ::GET::::{}
2025-12-26 13:16:48::error::/v1/api/user/me::08f62675-ce56-4c2c-a239-31894fbf9d01::handler-error::{"status":403,"message":"Access token missing"}
2025-12-26 13:16:48::info::/v1/api/user/me::0e7606fc-550b-4dcf-bc15-05348ac8cd40::input-params ::GET::::{}
2025-12-26 13:16:48::error::/v1/api/user/me::0e7606fc-550b-4dcf-bc15-05348ac8cd40::handler-error::{"status":403,"message":"Access token missing"}
2025-12-26 13:19:38::info::/v1/api/folder/readFolders::eeb266cf-3d8c-4739-af70-ebe3a19ed5ac::input-params ::GET::::{}
2025-12-26 13:19:38::error::/v1/api/folder/readFolders::eeb266cf-3d8c-4739-af70-ebe3a19ed5ac::handler-error::{"status":401,"message":"Please login to continue"}
2025-12-26 13:19:38::info::/v1/api/user/me::5e36a428-8788-4f6d-823d-fd1bca953153::input-params ::GET::::{}
2025-12-26 13:19:38::error::/v1/api/user/me::5e36a428-8788-4f6d-823d-fd1bca953153::handler-error::{"status":403,"message":"Access token missing"}
2025-12-26 13:19:38::info::/v1/api/folder/readFolders::2ea3248b-ed34-4a0b-a049-5e0dc64e8f49::input-params ::GET::::{}
2025-12-26 13:19:38::error::/v1/api/folder/readFolders::2ea3248b-ed34-4a0b-a049-5e0dc64e8f49::handler-error::{"status":401,"message":"Please login to continue"}
2025-12-26 13:19:38::info::/v1/api/user/me::8e0e71ee-5921-4db3-ba4d-643134458e96::input-params ::GET::::{}
2025-12-26 13:19:38::error::/v1/api/user/me::8e0e71ee-5921-4db3-ba4d-643134458e96::handler-error::{"status":403,"message":"Access token missing"}
2025-12-26 13:19:42::info::/v1/api/auth/logout::12afbf4f-e96b-467e-a03c-8de39485bd34::input-params ::POST::::{}
2025-12-26 13:19:42::info::/v1/api/user/me::b99e5227-1306-4d94-9e24-9abab9fac856::input-params ::GET::::{}
2025-12-26 13:19:42::error::/v1/api/user/me::b99e5227-1306-4d94-9e24-9abab9fac856::handler-error::{"status":403,"message":"Access token missing"}
2025-12-26 13:19:42::info::/v1/api/user/me::63c6f29f-4033-4086-979e-7f940f3c8bfb::input-params ::GET::::{}
2025-12-26 13:19:42::error::/v1/api/user/me::63c6f29f-4033-4086-979e-7f940f3c8bfb::handler-error::{"status":403,"message":"Access token missing"}
2025-12-26 13:19:44::info::/v1/api/auth/login::e2d7eff8-ae66-43a4-ac73-598d55feb5b0::input-params ::POST::::{"email":"doctor2@gmail.com","password":"PhapNhat987AZ@"}
2025-12-26 13:19:44::info::/v1/api/user/me::ff1d6c8f-d5be-4130-9299-99764979d025::input-params ::GET::::{}
2025-12-26 13:19:44::info::/v1/api/folder/readFolders::8f32db69-409e-4df9-8d3c-dc1cb7dd3c4d::input-params ::GET::::{}
2025-12-26 13:19:44::info::/v1/api/folder/readFolders::29d62235-28df-4892-baf2-e293fe51b4a8::input-params ::GET::::{}
2025-12-26 14:48:11::info::/v1/api/user/readStaffs::a4a1b6d7-ebb1-44c5-9453-0a4eebb5ba89::input-params ::GET::::{}
2025-12-26 14:48:11::info::/v1/api/user/me::c7a74c12-79f5-416d-9e03-b6457204cf98::input-params ::GET::::{}
2025-12-26 14:48:11::info::/v1/api/user/me::c1fb9ea2-222c-4744-9bc0-2524c43be75a::input-params ::GET::::{}
2025-12-26 14:48:11::info::/v1/api/user/readStaffs::14a612fc-2bc9-470e-94e1-086f04a286ac::input-params ::GET::::{}
2025-12-26 14:49:03::info::/v1/api/user/createStaff::a1e3c94b-484a-4ede-9e63-d5d6adfcc3e4::input-params ::POST::::{"fullName":"Doctor 20","phone":"0374499251","email":"doctor20@gmail.com","speciality":"Cardiology","description":"","role":"doctor","assistDoctorId":null}
2025-12-26 14:49:03::error::/v1/api/user/createStaff::a1e3c94b-484a-4ede-9e63-d5d6adfcc3e4::handler-error::{"status":403,"message":"Clinic default password is not set"}
2025-12-26 14:50:03::info::/v1/api/user/createStaff::25450627-7a6d-48d6-a4a3-1ce4e4395dab::input-params ::POST::::{"fullName":"Doctor 20","phone":"0374499251","email":"doctor20@gmail.com","speciality":"Cardiology","description":"","role":"doctor","assistDoctorId":null}
2025-12-26 14:50:05::info::/v1/api/conversation/readConversations::b1d04d18-f72e-4a99-990a-9938489b0e00::input-params ::GET::::{}
2025-12-26 14:50:06::info::/v1/api/conversation/readConversations::25f9f2df-f4e5-439c-85bb-c029493fffcd::input-params ::GET::::{}
2025-12-26 14:53:18::info::/v1/api/conversation/readConversationDetail/694e3e2b8fc9eb2b17217fa6::94858b69-256b-42bc-a456-9d6f467d34c2::input-params ::GET::::{}
2025-12-26 14:53:18::info::/v1/api/conversation/readConversationDetail/694e3e2b8fc9eb2b17217fa6::140b824f-81c6-4727-83ef-de41511944fb::input-params ::GET::::{}
2025-12-26 14:53:18::info::/v1/api/conversation/readConversationDetail/694e3e2b8fc9eb2b17217fa6::c45a6b9f-94db-473a-a5de-7c60d7d70952::input-params ::GET::::{}
2025-12-26 14:53:18::info::/v1/api/conversation/readConversationDetail/694e3e2b8fc9eb2b17217fa6::929afa46-ce9a-434c-9f3b-7c8ce36ee03b::input-params ::GET::::{}
2025-12-26 14:53:35::info::/v1/api/conversation/readConversations::2981224f-2177-4bb3-99b8-9ed99e1968a8::input-params ::GET::::{}
2025-12-26 14:54:06::info::/v1/api/conversation/readConversations::5cd8a9a4-b14d-4c34-8b04-d1fb668bef6f::input-params ::GET::::{}
2025-12-26 14:54:06::info::/v1/api/conversation/readConversationDetail/694e3e2b8fc9eb2b17217fa6::3aa66439-2065-4bad-a3de-ed478487624d::input-params ::GET::::{}
2025-12-26 14:54:07::info::/v1/api/conversation/readConversations::27c2d560-78fd-40cd-8aff-53a18b82c935::input-params ::GET::::{}
2025-12-26 14:54:07::info::/v1/api/conversation/readConversationDetail/694e3e2b8fc9eb2b17217fa6::66d4da1e-6c2a-48f4-897a-6d04923b505c::input-params ::GET::::{}
2025-12-26 14:54:07::info::/v1/api/conversation/readConversationDetail/694e3e2b8fc9eb2b17217fa6::0aa82873-6ba8-497d-8156-7c5ebd47cbb9::input-params ::GET::::{}
2025-12-26 14:54:07::info::/v1/api/conversation/readConversationDetail/694e3e2b8fc9eb2b17217fa6::fabfee6b-1e6a-4110-927a-0f05c1518d05::input-params ::GET::::{}
2025-12-26 14:54:09::info::/v1/api/conversation/readConversations::0286493c-d85e-468e-879a-93bf00070ea5::input-params ::GET::::{}
2025-12-26 14:54:09::info::/v1/api/conversation/readConversationDetail/694e3e2b8fc9eb2b17217fa6::31aaf97c-7f53-43e5-92aa-c1fa56370c64::input-params ::GET::::{}
2025-12-26 14:54:09::info::/v1/api/conversation/readConversations::ce998c02-b313-400f-b58c-aedeb183d055::input-params ::GET::::{}
2025-12-26 14:54:09::info::/v1/api/conversation/readConversationDetail/694e3e2b8fc9eb2b17217fa6::f063fbf8-d8c9-49b8-b0bb-fb047bf78797::input-params ::GET::::{}
2025-12-26 14:54:09::info::/v1/api/conversation/readConversationDetail/694e3e2b8fc9eb2b17217fa6::33d43380-47ab-4827-894e-acda9f68ce95::input-params ::GET::::{}
2025-12-26 14:54:09::info::/v1/api/conversation/readConversationDetail/694e3e2b8fc9eb2b17217fa6::1a2c9f22-4b2b-4273-ae74-f92526de87d8::input-params ::GET::::{}
2025-12-26 14:54:28::info::/v1/api/conversation/readConversations::b7599dfd-24a5-45db-ac06-b43083b08517::input-params ::GET::::{}
2025-12-26 14:55:18::info::/v1/api/conversation/readConversations::982e65bd-13dc-4ceb-90ae-bc0e665b5d8e::input-params ::GET::::{}
2025-12-26 14:55:36::info::/v1/api/conversation/readConversations::4b3bd164-e707-4318-92cd-fcda012cd18a::input-params ::GET::::{}
2025-12-26 14:55:36::info::/v1/api/conversation/readConversations::a1faec57-9ce0-43f6-991c-f4072f5b05ae::input-params ::GET::::{}
2025-12-26 15:10:01::info::/v1/api/conversation/readConversations::0b493849-a391-4d45-8aa6-1c906775b4d9::input-params ::GET::::{}
2025-12-26 15:10:01::info::/v1/api/conversation/readConversations::23ae4f33-190c-457f-9b2b-82b9e3c769da::input-params ::GET::::{}
2025-12-26 15:10:21::info::/v1/api/conversation/readConversations::5ca3d496-8c89-4b03-aabe-805effdbe15d::input-params ::GET::::{}
2025-12-26 15:10:23::info::/v1/api/conversation/readConversations::d7f86a67-a6e1-4532-ae7a-169b78189e71::input-params ::GET::::{}
2025-12-26 15:10:24::info::/v1/api/conversation/readConversations::03b39a89-9c7f-4aaa-909d-de35b177ea30::input-params ::GET::::{}
2025-12-26 15:10:57::info::/v1/api/conversation/readConversations::d7e61851-1310-435d-9a0d-49efd200e604::input-params ::GET::::{}
2025-12-26 15:11:01::info::/v1/api/conversation/readConversations::ded6e566-733a-47fc-ae06-086a5b7695f9::input-params ::GET::::{}
2025-12-26 15:11:01::info::/v1/api/conversation/readConversations::77ce2ed4-ae79-4077-940c-8063dd5caf9d::input-params ::GET::::{}
2025-12-26 15:11:33::info::/v1/api/conversation/readConversations::74178b63-ea72-49d1-944d-ceffdc430b97::input-params ::GET::::{}
2025-12-26 15:11:36::info::/v1/api/conversation/readConversations::1095ca2e-6c87-47ed-b29d-cf26f02653a4::input-params ::GET::::{}
2025-12-26 15:11:37::info::/v1/api/conversation/readConversations::353117d2-4f3c-4496-8c3d-f55c281d07a6::input-params ::GET::::{}
2025-12-26 15:11:41::info::/v1/api/conversation/readConversations::fc131fc9-ed95-4abc-998f-7a8ad9dc970b::input-params ::GET::::{}
2025-12-26 15:11:48::info::/v1/api/conversation/readConversations::8301d3f7-4166-4e51-83b9-8cd9576fcacc::input-params ::GET::::{}
2025-12-26 15:11:55::info::/v1/api/conversation/readConversationDetail/694e3e2b8fc9eb2b17217fa6::39a7e3d2-b84a-4a11-bbef-3ee7ade48f6e::input-params ::GET::::{}
2025-12-26 15:11:55::info::/v1/api/conversation/readConversationDetail/694e3e2b8fc9eb2b17217fa6::11d21346-ea6f-4803-b4d5-f70b36842396::input-params ::GET::::{}
2025-12-26 15:11:55::info::/v1/api/conversation/readConversationDetail/694e3e2b8fc9eb2b17217fa6::4a1b4d41-8f76-4755-bddc-f78991677e59::input-params ::GET::::{}
2025-12-26 15:11:55::info::/v1/api/conversation/readConversationDetail/694e3e2b8fc9eb2b17217fa6::9e2475d9-06ba-4f1c-80aa-0957913a55d1::input-params ::GET::::{}
2025-12-26 15:12:39::info::/v1/api/conversation/readConversationDetail/694e3e2b8fc9eb2b17217fa6::e5d9adf7-ff2e-4c8a-a299-7531139e2bf4::input-params ::GET::::{}
2025-12-26 15:12:54::info::/v1/api/conversation/readConversationDetail/694e3e2b8fc9eb2b17217fa6::6ad59bea-85fc-4448-a4ca-90045b344e51::input-params ::GET::::{}
2025-12-26 15:15:47::info::/v1/api/conversation/readConversationDetail/694e3e2b8fc9eb2b17217fa6::59eab7d2-c013-4e66-8c9d-06515b713fca::input-params ::GET::::{}
2025-12-26 15:17:01::info::/v1/api/conversation/readConversationDetail/694e3e2b8fc9eb2b17217fa6::107adf46-ff56-46e7-a598-f9d69f08a3aa::input-params ::GET::::{}
2025-12-26 15:17:16::info::/v1/api/conversation/readConversationDetail/694e3e2b8fc9eb2b17217fa6::0b6f0dde-d9c5-4ad8-8491-6a930ef7e74e::input-params ::GET::::{}
2025-12-26 15:17:18::info::/v1/api/conversation/readConversations::a9724c63-62a5-49ec-a609-dcb390e6988c::input-params ::GET::::{}
2025-12-26 15:17:18::info::/v1/api/conversation/readConversations::2e149444-e6c0-4345-a79c-810e164e8e6d::input-params ::GET::::{}
2025-12-26 15:17:19::info::/v1/api/conversation/readConversationDetail/694e3e2b8fc9eb2b17217fa6::12e36d0f-17ca-478b-8ac9-b3e4b667092b::input-params ::GET::::{}
2025-12-26 15:17:20::info::/v1/api/conversation/readConversationDetail/694e3e2b8fc9eb2b17217fa6::e6cef6be-464e-4289-aaa7-8aa5313d2eef::input-params ::GET::::{}
2025-12-26 15:17:20::info::/v1/api/conversation/readConversationDetail/694e3e2b8fc9eb2b17217fa6::72b14e4b-cfac-42f0-a64d-9ef01e2d1563::input-params ::GET::::{}
2025-12-26 15:17:20::info::/v1/api/conversation/readConversationDetail/694e3e2b8fc9eb2b17217fa6::6b99cf32-af60-49cb-8792-d4c582018222::input-params ::GET::::{}
2025-12-26 15:17:43::info::/v1/api/conversation/readConversationDetail/694e3e2b8fc9eb2b17217fa6::643b0368-1fc7-4bf3-9c9a-62831414fc5d::input-params ::GET::::{}
2025-12-26 15:18:16::info::/v1/api/conversation/readConversationDetail/694e3e2b8fc9eb2b17217fa6::32621c47-6ece-4dfb-95d3-5a3bc1975eeb::input-params ::GET::::{}
2025-12-26 15:18:24::info::/v1/api/conversation/readConversations::30642a27-a4a1-4f1f-814a-ce4f5c5f67cd::input-params ::GET::::{}
2025-12-26 15:18:24::info::/v1/api/conversation/readConversations::743b91b8-6d45-4acc-8926-1c109be0a884::input-params ::GET::::{}
2025-12-26 15:18:25::info::/v1/api/conversation/readConversationDetail/694e3e2b8fc9eb2b17217fa6::8cc3fef9-7262-4564-b96c-bd9805fe56a3::input-params ::GET::::{}
2025-12-26 15:18:25::info::/v1/api/conversation/readConversationDetail/694e3e2b8fc9eb2b17217fa6::618cffb8-52ab-4583-bbd5-f0010084e010::input-params ::GET::::{}
2025-12-26 15:18:25::info::/v1/api/conversation/readConversationDetail/694e3e2b8fc9eb2b17217fa6::254f2412-c8e7-4543-9a7f-9e6cfab7c09a::input-params ::GET::::{}
2025-12-26 15:18:25::info::/v1/api/conversation/readConversationDetail/694e3e2b8fc9eb2b17217fa6::3c677a99-d43c-4fb0-8165-a19cafe1d9e5::input-params ::GET::::{}
2025-12-26 15:18:52::info::/v1/api/user/readStaffs::1508c520-0715-48f0-a60d-6b406556a606::input-params ::GET::::{}
2025-12-26 15:18:52::info::/v1/api/user/readStaffs::56afd4ce-a0ac-4cd7-bf3e-691c11790667::input-params ::GET::::{}
2025-12-26 15:18:53::info::/v1/api/user/readStaffDetail/694e3e2b8fc9eb2b17217fa4::96c02bca-2e39-4f9b-8de2-2c8533016fab::input-params ::GET::::{}
2025-12-26 15:18:54::info::/v1/api/user/readStaffDetail/694e3e2b8fc9eb2b17217fa4::8a46d8ba-0021-40f7-9b05-f67d4d02e52c::input-params ::GET::::{}
2025-12-26 15:18:56::info::/v1/api/user/readStaffs::2eeea8d3-4996-47be-b705-f9e296892bcf::input-params ::GET::::{}
2025-12-26 15:18:56::info::/v1/api/user/readStaffs::a04f0e86-bfba-4f77-be7e-9de5f2786aee::input-params ::GET::::{}
2025-12-26 15:18:57::info::/v1/api/conversation/readConversations::f349b50f-748e-4a96-a8e4-818b5bd9419c::input-params ::GET::::{}
2025-12-26 15:18:57::info::/v1/api/conversation/readConversations::5847ccfc-0436-41a1-9eab-449bb43f341e::input-params ::GET::::{}
2025-12-26 15:18:58::info::/v1/api/conversation/readConversations::437e5d9b-5fbc-4de2-97ec-52dafab4d458::input-params ::GET::::{}
2025-12-26 15:18:59::info::/v1/api/conversation/readConversations::e73e93ab-1642-482c-9682-36c2170440c3::input-params ::GET::::{}
2025-12-26 15:18:59::info::/v1/api/user/readStaffs::e9f2760c-c974-4a21-a64a-7fccdcc8a356::input-params ::GET::::{}
2025-12-26 15:18:59::info::/v1/api/user/readStaffs::746020df-f980-4072-a515-37c133e2bd51::input-params ::GET::::{}
2025-12-26 15:18:59::info::/v1/api/conversation/readConversations::d390a0e3-fa9b-4b01-b890-176d34e3a0e3::input-params ::GET::::{}
2025-12-26 15:19:00::info::/v1/api/conversation/readConversations::5f0c3f95-e279-4c6a-88b2-abf126a739a1::input-params ::GET::::{}
2025-12-26 15:19:00::info::/v1/api/conversation/readConversations::8a41284f-3b72-45c0-9380-9722b8cbdfa8::input-params ::GET::::{}
2025-12-26 15:19:00::info::/v1/api/conversation/readConversations::e25d212f-4f5c-4e9b-abc6-36fc0889d91a::input-params ::GET::::{}
2025-12-26 15:19:01::info::/v1/api/user/readStaffs::1398171a-778f-435c-961a-345f82029da8::input-params ::GET::::{}
2025-12-26 15:19:01::info::/v1/api/user/readStaffs::647e697b-b000-4b98-81c4-0a40f35a5b5d::input-params ::GET::::{}
2025-12-26 15:19:02::info::/v1/api/conversation/readConversations::b72f154b-a0f3-4fb5-860e-503d25b1a565::input-params ::GET::::{}
2025-12-26 15:19:02::info::/v1/api/conversation/readConversations::5b01acdd-578b-4364-8443-d226690503bc::input-params ::GET::::{}
2025-12-26 15:19:07::info::/v1/api/user/readStaffs::afb174ec-edce-4da5-b5f7-c182a96478d7::input-params ::GET::::{}
2025-12-26 15:19:08::info::/v1/api/user/readStaffs::f3e7ca34-e7ce-45f6-8f2c-a676dc7aa2af::input-params ::GET::::{}
2025-12-26 15:20:27::info::/v1/api/user/createStaff::0e2560ad-5725-4c66-91cb-eb5b543bedd9::input-params ::POST::::{"fullName":"Nurse 20","phone":"0374499251","email":"nurse20@gmail.com","speciality":"Cardiology","description":"","role":"nurse","assistDoctorId":"694e3e2b8fc9eb2b17217fa4"}
2025-12-26 15:20:29::info::/v1/api/conversation/readConversations::45a5e3b0-5cff-4bd2-aef2-ca14ddf6788f::input-params ::GET::::{}
2025-12-26 15:20:29::info::/v1/api/conversation/readConversations::a9bdb24e-7444-44a2-b98b-2c1c931aa5e8::input-params ::GET::::{}
2025-12-26 15:20:32::info::/v1/api/user/readStaffs::8b46e113-0788-487d-bbad-9e0d462e5d1a::input-params ::GET::::{}
2025-12-26 15:20:33::info::/v1/api/user/readStaffs::4968b040-f6a4-4293-873d-8a14fad45285::input-params ::GET::::{}
2025-12-26 15:24:56::info::/v1/api/conversation/readConversations::94c0fe2b-246a-4151-abfe-9dcb1ffc8eb4::input-params ::GET::::{}
2025-12-26 15:24:56::info::/v1/api/conversation/readConversations::3583640e-d5d7-46b9-83f9-bc6ba3362e31::input-params ::GET::::{}
2025-12-26 15:24:57::info::/v1/api/conversation/readConversations::e039f39e-4614-4857-b049-852108bddce2::input-params ::GET::::{}
2025-12-26 15:24:57::info::/v1/api/conversation/readConversations::a151ee32-3752-498b-ad80-1b0c6f0b3c1f::input-params ::GET::::{}
2025-12-26 15:24:59::info::/v1/api/conversation/readConversationDetail/694e3e2b8fc9eb2b17217fa6::065a30be-5f5e-44f1-bc90-f5f7b615ed0c::input-params ::GET::::{}
2025-12-26 15:24:59::info::/v1/api/conversation/readConversationDetail/694e3e2b8fc9eb2b17217fa6::86773029-1fb7-408d-80b3-cfffbb1422ed::input-params ::GET::::{}
2025-12-26 15:25:00::info::/v1/api/conversation/readConversationDetail/694e3e2b8fc9eb2b17217fa6::ca2d45aa-1551-4b6b-9864-7c4aabc710cc::input-params ::GET::::{}
2025-12-26 15:25:00::info::/v1/api/conversation/readConversationDetail/694e3e2b8fc9eb2b17217fa6::7847a5ca-940f-463d-936a-34bef28cd3e8::input-params ::GET::::{}
2025-12-26 15:25:01::info::/v1/api/conversation/readConversationDetail/694e454ca2b6da398a7a671c::8add74c4-2591-4290-b04d-d43526118c75::input-params ::GET::::{}
2025-12-26 15:25:01::info::/v1/api/conversation/readConversationDetail/694e454ca2b6da398a7a671c::bb440477-2cbf-4da5-ab6d-c52d44286146::input-params ::GET::::{}
2025-12-26 15:25:02::info::/v1/api/conversation/readConversationDetail/694e3e2b8fc9eb2b17217fa6::ba295ef2-3369-47b3-806f-08535cc5bcb8::input-params ::GET::::{}
2025-12-26 15:25:02::info::/v1/api/conversation/readConversationDetail/694e3e2b8fc9eb2b17217fa6::cd0c1368-7096-4077-af91-439e8d1f4eb6::input-params ::GET::::{}
2025-12-26 15:25:02::info::/v1/api/conversation/readConversationDetail/694e454ca2b6da398a7a671c::a8a4fe85-9b6c-4d30-9067-5fc9b833bf16::input-params ::GET::::{}
2025-12-26 15:25:02::info::/v1/api/conversation/readConversationDetail/694e454ca2b6da398a7a671c::cfd4490b-198d-4fe3-9fc8-69683bdf0cd9::input-params ::GET::::{}
2025-12-26 15:25:03::info::/v1/api/conversation/readConversationDetail/694e3e2b8fc9eb2b17217fa6::cc7134fa-e388-46fb-9b32-93d032b3391b::input-params ::GET::::{}
2025-12-26 15:25:03::info::/v1/api/conversation/readConversationDetail/694e3e2b8fc9eb2b17217fa6::e2783673-1480-430d-a4c4-d56c7165f57d::input-params ::GET::::{}
2025-12-26 15:25:04::info::/v1/api/conversation/readConversationDetail/694e454ca2b6da398a7a671c::3774cf9a-cb61-46ca-9846-783f737a1de2::input-params ::GET::::{}
2025-12-26 15:25:04::info::/v1/api/conversation/readConversationDetail/694e454ca2b6da398a7a671c::c867e3b3-dfd2-45f1-9b06-de711de00ccd::input-params ::GET::::{}
2025-12-26 15:25:05::info::/v1/api/conversation/readConversationDetail/694e3e2b8fc9eb2b17217fa6::32fddc6f-078e-4e7a-88d5-eb227fdaf98d::input-params ::GET::::{}
2025-12-26 15:25:05::info::/v1/api/conversation/readConversationDetail/694e3e2b8fc9eb2b17217fa6::2488f0f7-ed9c-44d1-b083-0eaf0b6832e0::input-params ::GET::::{}
2025-12-26 15:25:07::info::/v1/api/conversation/readConversationDetail/694e454ca2b6da398a7a671c::0387f099-01de-4f00-ada2-2b2708617fcf::input-params ::GET::::{}
2025-12-26 15:25:07::info::/v1/api/conversation/readConversationDetail/694e454ca2b6da398a7a671c::4215e7ec-414a-41e9-9769-b8476cd29fd4::input-params ::GET::::{}
2025-12-26 15:26:55::info::/v1/api/conversation/readConversationDetail/694e3e2b8fc9eb2b17217fa6::c993c843-aa49-43ac-9b50-dec2add114bd::input-params ::GET::::{}
2025-12-26 15:26:55::info::/v1/api/conversation/readConversationDetail/694e3e2b8fc9eb2b17217fa6::f968c1d1-421d-4885-95e2-266abe23e08f::input-params ::GET::::{}
2025-12-26 15:26:56::info::/v1/api/conversation/readConversationDetail/694e454ca2b6da398a7a671c::0ad05745-3818-4fbd-b62a-968e6d50ae01::input-params ::GET::::{}
2025-12-26 15:26:56::info::/v1/api/conversation/readConversationDetail/694e454ca2b6da398a7a671c::5c7c675f-f966-4da7-a60b-4be8a66fc1fe::input-params ::GET::::{}
2025-12-26 15:27:01::info::/v1/api/user/readStaffs::21bfcd36-3d1b-4f80-b526-8fe27685eb3a::input-params ::GET::::{}
2025-12-26 15:27:01::info::/v1/api/user/readStaffs::2958bccd-d08b-4638-8d77-a003ca5ed4de::input-params ::GET::::{}
2025-12-26 15:27:02::info::/v1/api/conversation/readConversations::adfbcf63-7b55-4419-9a83-a66ab961b7e4::input-params ::GET::::{}
2025-12-26 15:27:02::info::/v1/api/conversation/readConversations::56e64a6d-0736-4f59-a289-3fbc240c342d::input-params ::GET::::{}
2025-12-26 15:27:03::info::/v1/api/conversation/readConversations::5cabfffa-170e-4b76-9afe-53004e5715d3::input-params ::GET::::{}
2025-12-26 15:27:03::info::/v1/api/conversation/readConversations::eccc18fe-14aa-4cb2-bbdd-4df43c7e77b3::input-params ::GET::::{}
2025-12-26 15:27:03::info::/v1/api/user/readStaffs::305d1ea9-5569-4cf4-ab32-3bc46bfcf0c1::input-params ::GET::::{}
2025-12-26 15:27:04::info::/v1/api/user/readStaffs::5a679f10-d199-4878-8f54-c824dd2b058f::input-params ::GET::::{}
2025-12-26 15:28:20::info::/v1/api/auth/logout::8847aa00-1fbc-4dc4-b61c-1afc3d532075::input-params ::POST::::{}
2025-12-26 15:28:21::info::/v1/api/user/me::8bb5b9d6-556b-432d-8c5c-559adb69aeb6::input-params ::GET::::{}
2025-12-26 15:28:21::error::/v1/api/user/me::8bb5b9d6-556b-432d-8c5c-559adb69aeb6::handler-error::{"status":403,"message":"Access token missing"}
2025-12-26 15:28:21::info::/v1/api/user/me::0c1e371d-4d73-4bd0-895f-1f9a65111571::input-params ::GET::::{}
2025-12-26 15:28:21::error::/v1/api/user/me::0c1e371d-4d73-4bd0-895f-1f9a65111571::handler-error::{"status":403,"message":"Access token missing"}
2025-12-26 15:28:25::info::/v1/api/auth/login::f893ee60-4c46-48a5-b6fb-28f83ce82389::input-params ::POST::::{"email":"nurse20@gmail.com","password":"ClinicAccount123@"}
2025-12-26 15:28:25::info::/v1/api/user/me::8c176843-e333-4f12-a2d0-f5d6758e89a0::input-params ::GET::::{}
2025-12-26 15:33:15::info::/v1/api/folder/readFolders::50f77d35-3948-40db-9b56-65d7f1317da4::input-params ::GET::::{}
2025-12-26 15:33:15::info::/v1/api/folder/readFolders::fa01ba7e-4c35-4e9d-a59b-92111d3e4c7b::input-params ::GET::::{}
2025-12-26 15:33:21::info::/v1/api/auth/login::679f9895-076f-4df1-8adf-166c06f17bb4::input-params ::POST::::{"email":"nurse20@gmail.com","password":"ClinicAccount123@"}
2025-12-26 15:33:22::info::/v1/api/user/me::78a0b14b-85af-408a-9cd8-a566874e610b::input-params ::GET::::{}
2025-12-26 15:33:22::info::/v1/api/folder/readFolders::55b06746-0118-41bc-a5fc-c85e0e08c88f::input-params ::GET::::{}
2025-12-26 15:33:22::info::/v1/api/folder/readFolders::9049e9cf-1377-4b1f-9546-e612e4ed4cb9::input-params ::GET::::{}
2025-12-26 15:36:51::info::/v1/api/folder/readFolders::c0de0d57-b30c-4f4c-a701-65323cc8f2d6::input-params ::GET::::{}
2025-12-26 15:36:51::info::/v1/api/folder/readFolders::532c2ff7-66fc-47bf-867d-db2953ea3a67::input-params ::GET::::{}
2025-12-26 15:37:27::info::/v1/api/folder/readFolders::471a850b-cab7-4201-a7be-b43c964bed42::input-params ::GET::::{}
2025-12-26 15:37:52::info::/v1/api/folder/readFolders::d5ea61a7-32e6-4462-8ea5-e9f0729681a6::input-params ::GET::::{}
2025-12-26 15:38:20::info::/v1/api/folder/readFolders::78a5397e-eda1-4e8c-b94e-fbffbcf2a8ea::input-params ::GET::::{}
2025-12-26 15:39:10::info::/v1/api/conversation/readConversations::ebcce9dc-3472-478a-9c5e-db69d2c1b064::input-params ::GET::::{}
2025-12-26 15:39:10::info::/v1/api/conversation/readConversations::d13dab5b-227a-4a03-bb26-94aee91a6f01::input-params ::GET::::{}
2025-12-26 15:39:13::info::/v1/api/conversation/readConversations::b878fa42-82b6-42d6-a410-9b5c25a2f596::input-params ::GET::::{}
2025-12-26 15:39:13::info::/v1/api/user/me::f2aaed8c-244a-40f3-8666-d26cb0a8b46f::input-params ::GET::::{}
2025-12-26 15:39:13::info::/v1/api/user/me::e3ec4f8a-c6ae-4773-8864-0e9ccdd205c9::input-params ::GET::::{}
2025-12-26 15:39:13::info::/v1/api/conversation/readConversations::459b880a-fc2a-442b-9180-6636a037cfdc::input-params ::GET::::{}
2025-12-26 15:39:25::info::/v1/api/folder/readFolders::554d1baa-142f-4c9b-83d1-bd25c1753414::input-params ::GET::::{}
2025-12-26 15:39:25::info::/v1/api/folder/readFolders::79d1ecd5-95d2-4d66-bf1b-0556b895dc46::input-params ::GET::::{}
2025-12-26 15:40:10::info::/v1/api/conversation/readConversations::c18b6cc7-0bed-45cb-b243-35ce878e24cd::input-params ::GET::::{}
2025-12-26 15:40:10::info::/v1/api/conversation/readConversations::c000072f-ae4a-43e7-9001-f8356d93a7aa::input-params ::GET::::{}
2025-12-26 15:40:11::info::/v1/api/folder/readFolders::878f376c-c566-4d48-bd8f-c578245f6962::input-params ::GET::::{}
2025-12-26 15:40:11::info::/v1/api/folder/readFolders::6862a7fd-09bb-4a2a-8397-87df8b3cb4e1::input-params ::GET::::{}
2025-12-26 16:19:26::info::/v1/api/folder/createFolder::00593fe0-c2c5-4db4-b29b-b12ae80e1f37::input-params ::POST::::{"title":"Folder 1","description":"This is the folder 1"}
2025-12-26 16:19:26::info::/v1/api/folder/readFolders::3ff5f0a0-61f5-4f29-9366-25600bc6030d::input-params ::GET::::{}
2025-12-26 16:19:37::info::/v1/api/folder/createFolder::eb5d52cc-9bad-45d4-b436-e3619bc08d59::input-params ::POST::::{"title":"Folder 2","description":"This is the folder 2"}
2025-12-26 16:19:37::info::/v1/api/folder/readFolders::2fae4b18-84a9-4da2-8f36-c855965c69b3::input-params ::GET::::{}
2025-12-26 16:19:49::info::/v1/api/user/me::346f7f93-21c2-4a40-841a-7f8d7fdbc39a::input-params ::GET::::{}
2025-12-26 16:19:49::error::/v1/api/user/me::346f7f93-21c2-4a40-841a-7f8d7fdbc39a::handler-error::{"status":500,"message":"error:1C800064:Provider routines::bad decrypt"}
2025-12-26 16:19:49::info::/v1/api/user/me::6ca27150-5ebc-49c7-ad59-68b8c0ac535c::input-params ::GET::::{}
2025-12-26 16:19:49::error::/v1/api/user/me::6ca27150-5ebc-49c7-ad59-68b8c0ac535c::handler-error::{"status":500,"message":"error:1C800064:Provider routines::bad decrypt"}
2025-12-26 16:20:02::info::/v1/api/auth/login::387d2250-f482-4404-8c14-77c1d2a33e5b::input-params ::POST::::{"email":"doctor20@gmail.com","password":"ClinicAccount123@"}
2025-12-26 16:20:03::info::/v1/api/user/me::d130e42c-1727-48a1-9f43-c275905ad246::input-params ::GET::::{}
2025-12-26 16:20:03::info::/v1/api/folder/readFolders::890522c0-66b6-4cd5-b06f-ed313e057987::input-params ::GET::::{}
2025-12-26 16:20:03::info::/v1/api/folder/readFolders::8b97d0fa-8690-4c45-978a-e7cf54b34f7d::input-params ::GET::::{}
2025-12-26 16:20:06::info::/v1/api/conversation/readConversations::fc4e5782-0dda-4505-98da-a3e499026688::input-params ::GET::::{}
2025-12-26 16:20:06::info::/v1/api/conversation/readConversations::a1075521-9cd6-47f8-9dc6-49892b5e15e1::input-params ::GET::::{}
2025-12-26 16:20:08::info::/v1/api/folder/readFolders::8906c113-fcb3-4ac9-81c8-1db36569c541::input-params ::GET::::{}
2025-12-26 16:20:08::info::/v1/api/folder/readFolders::e03723f7-3b8a-4589-b97c-3f2f94c8f74c::input-params ::GET::::{}
2025-12-26 16:20:08::info::/v1/api/conversation/readConversations::18fd22e1-1791-42e6-9c08-9c98cec23f4e::input-params ::GET::::{}
2025-12-26 16:20:08::info::/v1/api/conversation/readConversations::4cadc5b7-3d61-4ca4-9f53-e83500a05720::input-params ::GET::::{}
2025-12-26 16:20:13::info::/v1/api/conversation/readConversations::835acdc7-dc07-45c0-8c22-9f2a0d798fbd::input-params ::GET::::{}
2025-12-26 16:20:13::info::/v1/api/conversation/readConversations::40a83909-4cdb-4e65-8a9e-003d58fbfa45::input-params ::GET::::{}
2025-12-26 16:20:16::info::/v1/api/folder/readFolders::e0fdbac1-4379-418b-b9be-87b07f6030c3::input-params ::GET::::{}
2025-12-26 16:20:16::info::/v1/api/folder/readFolders::0ba11221-c506-42cd-9af7-a57df94d88c4::input-params ::GET::::{}
2025-12-26 16:20:18::info::/v1/api/folder/readFolder/694e532926a4578c756f0ad7::6ef94c5d-4831-4dc2-99d6-83ce7de48d51::input-params ::GET::::{}
2025-12-26 16:20:18::info::/v1/api/folder/readFolder/694e532926a4578c756f0ad7::ac285e1a-3372-4ef4-bfdf-37a1fa1cb8a1::input-params ::GET::::{}
2025-12-26 16:20:30::info::/v1/api/folder/readFolders::65cccfba-b227-408b-8d9d-998843ec6477::input-params ::GET::::{}
2025-12-26 16:20:30::info::/v1/api/folder/readFolders::0f7e155f-a63e-4516-8c77-f4d35ecd0593::input-params ::GET::::{}
2025-12-26 16:20:32::info::/v1/api/folder/readFolder/694e532926a4578c756f0ad7::2627858c-fd84-441f-9fba-b5f8c4605357::input-params ::GET::::{}
2025-12-26 16:20:32::info::/v1/api/folder/readFolder/694e532926a4578c756f0ad7::88f20195-0009-404c-a4b6-57e5f2c69a15::input-params ::GET::::{}
2025-12-26 16:20:41::info::/v1/api/folder/readFolders::c9d42971-ae2e-4d8f-85ba-63300bb4c8fb::input-params ::GET::::{}
2025-12-26 16:20:41::info::/v1/api/folder/readFolders::92cc33a2-7e82-4d1b-b8d8-86223113130f::input-params ::GET::::{}
2025-12-26 16:20:42::info::/v1/api/folder/readFolder/694e531e26a4578c756f0ad2::8d787858-c054-4611-ac02-94523ae35a30::input-params ::GET::::{}
2025-12-26 16:20:42::info::/v1/api/folder/readFolder/694e531e26a4578c756f0ad2::ca20b1e6-594d-400a-b595-2f34fbfefba4::input-params ::GET::::{}
2025-12-26 16:21:12::info::/v1/api/folder/readFolders::e7c9c875-5270-4794-9f04-abefb4da9755::input-params ::GET::::{}
2025-12-26 16:21:12::info::/v1/api/folder/readFolders::3f8a6a28-b5f1-4f58-80d8-01f8cd8be096::input-params ::GET::::{}
2025-12-26 16:21:14::info::/v1/api/folder/readFolder/694e531e26a4578c756f0ad2::44b1852e-5644-4eee-a3e5-8102cdcf83c3::input-params ::GET::::{}
2025-12-26 16:21:14::info::/v1/api/folder/readFolder/694e531e26a4578c756f0ad2::6c26afb4-c8f3-4ff2-bcec-9c2c751e833a::input-params ::GET::::{}
2025-12-26 16:21:18::info::/v1/api/folder/readFolders::198614c4-87a0-4a0f-836a-16dd2a19cdf7::input-params ::GET::::{}
2025-12-26 16:21:18::info::/v1/api/folder/readFolders::25ef6b25-4d7c-40b8-bba7-a9f1f96819f5::input-params ::GET::::{}
2025-12-26 16:21:32::info::/v1/api/folder/readFolders::1ed9b02a-e2a8-4a73-9eba-571b17d8c505::input-params ::GET::::{}
2025-12-26 16:21:33::info::/v1/api/folder/readFolders::d5b448aa-f736-4d6c-b0c7-5a6718ac31b0::input-params ::GET::::{}
2025-12-26 16:21:46::info::/v1/api/folder/readFolders::b9669b10-b13c-479b-a8d5-146eb6125802::input-params ::GET::::{}
2025-12-26 16:21:47::info::/v1/api/folder/readFolders::2ff017f2-a567-4057-9893-727a7d5b41f9::input-params ::GET::::{}
2025-12-26 16:22:30::info::/v1/api/folder/readFolders::e54cd852-daec-4ca8-b8d6-d9241b6da4b5::input-params ::GET::::{}
2025-12-26 16:22:31::info::/v1/api/folder/readFolders::a64cf9fb-a338-487f-9d5b-a229cc0a0900::input-params ::GET::::{}
2025-12-26 16:22:31::info::/v1/api/user/me::8a464285-23e5-460d-a125-91af6d3f1c2f::input-params ::GET::::{}
2025-12-26 16:22:31::info::/v1/api/user/me::12e5cd10-138d-4148-8637-e381b351ad4e::input-params ::GET::::{}
2025-12-26 16:22:31::info::/v1/api/conversation/readConversations::7c26b8b3-bb3b-4225-bdf9-16aed6a7582c::input-params ::GET::::{}
2025-12-26 16:22:32::info::/v1/api/folder/readFolders::16c21edd-0f09-4bf7-ab9f-78f1f3f72211::input-params ::GET::::{}
2025-12-26 16:22:32::info::/v1/api/user/me::b7f2d992-ba6a-4379-9615-be34bf511271::input-params ::GET::::{}
2025-12-26 16:22:32::info::/v1/api/conversation/readConversations::8e7b4e95-e5f5-4382-9680-9228ec93ce1f::input-params ::GET::::{}
2025-12-26 16:22:32::info::/v1/api/user/me::7c6d5181-825f-4c4a-828a-58884cedb3a1::input-params ::GET::::{}
2025-12-26 16:22:32::info::/v1/api/user/me::0241c31f-ebf7-4978-bf46-6d7e9cd8f80e::input-params ::GET::::{}
2025-12-26 16:22:32::info::/v1/api/folder/readFolders::74338385-460a-44ad-b742-c301515e6afd::input-params ::GET::::{}
2025-12-26 16:22:33::info::/v1/api/user/me::cdf3620c-3250-42aa-95b4-30c6c2b98b58::input-params ::GET::::{}
2025-12-26 16:22:35::info::/v1/api/conversation/readConversations::2dcd8bc1-04fb-4ed9-9e1c-9827bb84149e::input-params ::GET::::{}
2025-12-26 16:22:35::info::/v1/api/user/me::be520bf5-a609-4bf0-b83c-dd256892b15c::input-params ::GET::::{}
2025-12-26 16:22:35::info::/v1/api/conversation/readConversations::3ea4e38a-0132-4599-8064-5c091cdc60cf::input-params ::GET::::{}
2025-12-26 16:22:35::info::/v1/api/user/me::1045d6f2-d7eb-475e-ac28-e1ea0f4f77cc::input-params ::GET::::{}
2025-12-26 16:22:37::info::/v1/api/folder/readFolders::db66e396-c7c1-4a94-93ff-0c1a3b231bbc::input-params ::GET::::{}
2025-12-26 16:22:37::info::/v1/api/user/me::13a24a19-e2b5-4c1e-a1bd-00d71067b8b3::input-params ::GET::::{}
2025-12-26 16:22:37::info::/v1/api/folder/readFolders::821615ae-baa9-4f1a-85b2-7e30f8859434::input-params ::GET::::{}
2025-12-26 16:22:39::info::/v1/api/folder/readFolders::0932d0ec-fafd-4624-a5f2-6415e8801bff::input-params ::GET::::{}
2025-12-26 16:22:39::info::/v1/api/user/me::d76b9cfb-2968-4acb-be9e-81c2fde896d0::input-params ::GET::::{}
2025-12-26 16:22:39::info::/v1/api/user/me::edf6a43e-b30a-4ba0-ae7c-bd9ca4734131::input-params ::GET::::{}
2025-12-26 16:22:39::info::/v1/api/folder/readFolders::216c6c21-4aa0-4a5c-b60c-6b35fcf0dbd4::input-params ::GET::::{}
2025-12-26 16:22:49::info::/v1/api/conversation/readConversations::391250cf-af09-4165-ba35-9365d97ee790::input-params ::GET::::{}
2025-12-26 16:22:49::info::/v1/api/user/me::66ee75e7-e9eb-46a2-bed7-0e9c6bf3011e::input-params ::GET::::{}
2025-12-26 16:22:49::info::/v1/api/conversation/readConversations::f86ea4b5-c336-4f71-974e-07803cc5cf22::input-params ::GET::::{}
2025-12-26 16:22:49::info::/v1/api/user/me::577bd7ed-2414-4179-97a7-543e57bd678c::input-params ::GET::::{}
2025-12-26 16:22:50::info::/v1/api/folder/readFolders::ae6065e4-97ad-4953-933d-d7ad1dcb2226::input-params ::GET::::{}
2025-12-26 16:22:51::info::/v1/api/user/me::5e5f4871-06dc-4cb6-9194-d8e634b96dde::input-params ::GET::::{}
2025-12-26 16:22:51::info::/v1/api/folder/readFolders::2c486301-9837-4c8b-8323-274d33706658::input-params ::GET::::{}
2025-12-26 16:22:51::info::/v1/api/user/me::8694509e-616f-44ce-88a8-88befb604ed1::input-params ::GET::::{}
2025-12-26 16:23:12::info::/v1/api/folder/readFolder/694e531e26a4578c756f0ad2::9ba95f48-c1b4-4210-b446-d4a605916a01::input-params ::GET::::{}
2025-12-26 16:23:12::info::/v1/api/user/me::aac08736-fba8-42db-8fbf-2673f60858d1::input-params ::GET::::{}
2025-12-26 16:23:12::info::/v1/api/folder/readFolder/694e531e26a4578c756f0ad2::31c11c8a-60b1-48aa-88e3-4ade8fc09996::input-params ::GET::::{}
2025-12-26 16:23:12::info::/v1/api/user/me::d8ecec60-6267-4ace-b591-45a9ff69ea17::input-params ::GET::::{}
2025-12-26 16:23:16::info::/v1/api/folder/readFolders::a27ac948-8d6a-4eaa-a53a-f346589f6c3b::input-params ::GET::::{}
2025-12-26 16:23:16::info::/v1/api/user/me::0321f28d-4da0-497c-9c4f-49026cafb700::input-params ::GET::::{}
2025-12-26 16:23:16::info::/v1/api/user/me::2e5dd19f-8cf2-42f5-bb55-781e9a0dbdf8::input-params ::GET::::{}
2025-12-26 16:23:16::info::/v1/api/folder/readFolders::cebb8115-7b81-4575-b994-1ddaca1eb5d4::input-params ::GET::::{}
2025-12-26 16:23:24::info::/v1/api/conversation/readConversations::72251dd5-d79e-4dee-bb02-978df382c372::input-params ::GET::::{}
2025-12-26 16:23:24::info::/v1/api/conversation/readConversations::1acaf3a8-b5cd-4f5e-92f7-400779495dbd::input-params ::GET::::{}
2025-12-26 16:23:32::info::/v1/api/folder/readFolders::27c3b36c-51a0-42c7-89e1-412b02a8a61a::input-params ::GET::::{}
2025-12-26 16:23:32::info::/v1/api/folder/readFolders::fe194267-a140-4969-9a03-5fe8fd5ee234::input-params ::GET::::{}
2025-12-26 16:23:33::info::/v1/api/conversation/readConversations::65bdca8b-549e-4efa-b6b5-0ed2fe6fc9da::input-params ::GET::::{}
2025-12-26 16:23:33::info::/v1/api/conversation/readConversations::8326e49c-e4b1-45c3-818b-85be4fbfef2c::input-params ::GET::::{}
2025-12-26 16:23:35::info::/v1/api/folder/readFolders::7c24922b-9927-49b1-a2b0-392357868948::input-params ::GET::::{}
2025-12-26 16:23:35::info::/v1/api/folder/readFolders::5142db35-06ff-4d30-8207-f843231bb80a::input-params ::GET::::{}
2025-12-26 16:23:37::info::/v1/api/folder/readFolder/694e531e26a4578c756f0ad2::a832892e-d4d7-4f64-888d-6171e3cb59e6::input-params ::GET::::{}
2025-12-26 16:23:37::info::/v1/api/folder/readFolder/694e531e26a4578c756f0ad2::2e7a79fd-f0d4-486f-97c3-6c9715a0e957::input-params ::GET::::{}
2025-12-26 16:23:49::info::/v1/api/folder/readFolder/694e531e26a4578c756f0ad2::8babfdf3-8fc1-4599-acb0-90d935d6a1aa::input-params ::GET::::{}
2025-12-26 16:24:13::info::/v1/api/folder/readFolders::64b0f476-a237-4a5b-8f08-aafdd0140776::input-params ::GET::::{}
2025-12-26 16:24:13::info::/v1/api/folder/readFolders::7bc9b7b9-00ac-412e-b282-729437b201b6::input-params ::GET::::{}
