2025-12-26 00:24:46::error::/v1/api/relative/createRelativeAccount::aeaceffa-814c-4fc6-a1e5-17744ebbd981::handler-error::{"status":404,"message":"Not Found Route"}
2025-12-26 12:37:29::error::/v1/api/user/me::0b5d6a05-7bf3-445f-aece-1d57c755928e::handler-error::{"status":403,"message":"Access token missing"}
2025-12-26 12:37:29::error::/v1/api/user/me::f331cb3b-2142-4770-9fbb-26daa1a6ad24::handler-error::{"status":403,"message":"Access token missing"}
2025-12-26 12:52:18::error::/v1/api/user/me::2b1a7878-1ec3-4ae7-8e6b-d79a4e7022d9::handler-error::{"status":403,"message":"Access token missing"}
2025-12-26 12:52:18::error::/v1/api/user/me::b8c1f687-2486-41d7-957b-a47e3da237e8::handler-error::{"status":403,"message":"Access token missing"}
2025-12-26 12:53:20::error::/v1/api/user/me::1318fe3b-dbaf-4b84-a7f9-9e3b8e0192d2::handler-error::{"status":403,"message":"Access token missing"}
2025-12-26 12:53:20::error::/v1/api/user/me::495b9b30-c5ca-46e3-b63c-36c6068b2828::handler-error::{"status":403,"message":"Access token missing"}
2025-12-26 13:10:31::error::/v1/api/user/me::ebab0e28-6805-44aa-a8c4-7df5ba19558c::handler-error::{"status":403,"message":"Access token missing"}
2025-12-26 13:10:31::error::/v1/api/user/me::0ee2d85b-8918-419f-80aa-d233360f38ca::handler-error::{"status":403,"message":"Access token missing"}
2025-12-26 13:16:48::error::/v1/api/user/me::08f62675-ce56-4c2c-a239-31894fbf9d01::handler-error::{"status":403,"message":"Access token missing"}
2025-12-26 13:16:48::error::/v1/api/user/me::0e7606fc-550b-4dcf-bc15-05348ac8cd40::handler-error::{"status":403,"message":"Access token missing"}
2025-12-26 13:19:38::error::/v1/api/folder/readFolders::eeb266cf-3d8c-4739-af70-ebe3a19ed5ac::handler-error::{"status":401,"message":"Please login to continue"}
2025-12-26 13:19:38::error::/v1/api/user/me::5e36a428-8788-4f6d-823d-fd1bca953153::handler-error::{"status":403,"message":"Access token missing"}
2025-12-26 13:19:38::error::/v1/api/folder/readFolders::2ea3248b-ed34-4a0b-a049-5e0dc64e8f49::handler-error::{"status":401,"message":"Please login to continue"}
2025-12-26 13:19:38::error::/v1/api/user/me::8e0e71ee-5921-4db3-ba4d-643134458e96::handler-error::{"status":403,"message":"Access token missing"}
2025-12-26 13:19:42::error::/v1/api/user/me::b99e5227-1306-4d94-9e24-9abab9fac856::handler-error::{"status":403,"message":"Access token missing"}
2025-12-26 13:19:42::error::/v1/api/user/me::63c6f29f-4033-4086-979e-7f940f3c8bfb::handler-error::{"status":403,"message":"Access token missing"}
2025-12-26 14:26:53::error::/v1/api/user/me::0d802826-7f8e-41b1-a5df-60bb11c1cd99::handler-error::{"status":403,"message":"Access token missing"}
2025-12-26 14:26:53::error::/v1/api/user/me::2adfe6a7-ebd9-44bd-8ff4-3002d4aa8883::handler-error::{"status":403,"message":"Access token missing"}
2025-12-26 14:27:10::error::/v1/api/user/me::57f3ea52-a50e-4a2d-a410-f3c3e49c2bc2::handler-error::{"status":403,"message":"Access token missing"}
2025-12-26 14:27:10::error::/v1/api/user/me::bc3dee57-307f-4b89-9532-ae3e470bf938::handler-error::{"status":403,"message":"Access token missing"}
2025-12-26 14:28:54::error::/v1/api/user/me::f7c8d33d-91ed-4019-b987-9d9a15446803::handler-error::{"status":403,"message":"Access token missing"}
2025-12-26 14:28:54::error::/v1/api/user/me::e47e9854-b78b-4b2e-b2cf-9c256a407295::handler-error::{"status":403,"message":"Access token missing"}
2025-12-26 14:49:14::error::/v1/api/user/me::1c4a0c8f-807d-4222-b8fd-d40df10bd151::handler-error::{"status":403,"message":"Access token missing"}
2025-12-26 14:49:14::error::/v1/api/user/me::57349c1d-351f-406f-8fd3-41aec92b1bc6::handler-error::{"status":403,"message":"Access token missing"}
2025-12-26 14:49:45::error::/v1/api/user/me::ee993d67-9a26-4df0-bcc1-c340d6009106::handler-error::{"status":403,"message":"Access token missing"}
2025-12-26 14:49:45::error::/v1/api/user/me::b052814e-d50f-4659-9416-f1d417a0af85::handler-error::{"status":403,"message":"Access token missing"}
2025-12-26 15:19:52::error::/v1/api/user/me::dc99cb0b-d34a-43d7-976b-9b4bc905efa0::handler-error::{"status":403,"message":"Access token missing"}
2025-12-26 15:19:52::error::/v1/api/user/me::eb76459c-490b-4cfe-97d1-0208e6738505::handler-error::{"status":403,"message":"Access token missing"}
2025-12-26 15:20:14::error::/v1/api/user/me::b6d845ee-8b7a-40d4-8d8b-488ad7e64d19::handler-error::{"status":403,"message":"Access token missing"}
2025-12-26 15:20:14::error::/v1/api/user/me::96da537f-3be4-4f5c-9344-413a907a0f53::handler-error::{"status":403,"message":"Access token missing"}
2025-12-26 15:20:28::error::/v1/api/user/me::027e555b-f9f2-4201-b91d-2069a05e23ba::handler-error::{"status":403,"message":"Access token missing"}
2025-12-26 15:20:28::error::/v1/api/user/me::fc965fdb-8b2f-4ce6-a58a-6f58cbc075d1::handler-error::{"status":403,"message":"Access token missing"}
2025-12-26 15:23:55::error::/v1/api/user/me::adcbf08e-ac6e-49de-9ba8-60f722115ecd::handler-error::{"status":403,"message":"Access token missing"}
2025-12-26 15:23:55::error::/v1/api/user/me::381de0c7-c7b4-41c6-90ff-6a599d8143e6::handler-error::{"status":403,"message":"Access token missing"}
2025-12-26 16:06:54::error::/v1/api/user/me::ba9b1904-2b1c-49d9-b48e-bf5f69a55cc7::handler-error::{"status":403,"message":"Access token missing"}
2025-12-26 16:06:54::error::/v1/api/user/me::082df983-c675-4ba3-b9cb-395b3569afd8::handler-error::{"status":403,"message":"Access token missing"}
2025-12-26 16:07:58::error::/v1/api/user/me::841fb5ed-a8d2-4a83-a21d-9a4e87dbce68::handler-error::{"status":403,"message":"Access token missing"}
2025-12-26 16:07:58::error::/v1/api/user/me::09e61e33-4240-45bf-828a-94cdfc17ef35::handler-error::{"status":403,"message":"Access token missing"}
2025-12-26 16:37:38::error::/v1/api/relative/readRelatives/694e14679a7d6d9fde80cd8f::311b7787-3db6-4ffb-81a9-476ff738a56d::handler-error::{"status":404,"message":"Patient record not found"}
2025-12-26 16:37:38::error::/v1/api/relative/readRelatives/694e14679a7d6d9fde80cd8f::df0000a2-acca-4f4e-8bf8-f980e85b30f7::handler-error::{"status":404,"message":"Patient record not found"}
2025-12-26 16:37:41::error::/v1/api/relative/readRelatives/694e14679a7d6d9fde80cd8f::d8a845e5-b497-4829-8b7d-3f244169cf23::handler-error::{"status":404,"message":"Patient record not found"}
2025-12-26 16:37:42::error::/v1/api/relative/readRelatives/694e14679a7d6d9fde80cd8f::41db38a2-bc7c-4e82-bad2-6b68743daf17::handler-error::{"status":404,"message":"Patient record not found"}
2025-12-26 16:37:48::error::/v1/api/relative/readRelatives/694e14679a7d6d9fde80cd8f::d93babbd-56bb-487d-80a5-1e51f92b195e::handler-error::{"status":404,"message":"Patient record not found"}
2025-12-26 16:37:49::error::/v1/api/relative/readRelatives/694e14679a7d6d9fde80cd8f::0d9a8971-328a-4c7c-97b6-22a39de5db0e::handler-error::{"status":404,"message":"Patient record not found"}
2025-12-26 16:55:34::error::/v1/api/relative/readRelatives/694e14679a7d6d9fde80cd8f::dd4db393-d0c1-413a-bdec-40d59e174c69::handler-error::{"status":404,"message":"Patient record not found"}
2025-12-26 16:55:35::error::/v1/api/relative/readRelatives/694e14679a7d6d9fde80cd8f::d218aaae-288b-4a32-bea2-4d3a9c21e55e::handler-error::{"status":404,"message":"Patient record not found"}
2025-12-26 16:55:45::error::/v1/api/relative/readRelatives/694e14679a7d6d9fde80cd8f::8cd7a3fb-2f6d-43b1-92ed-8590b8665771::handler-error::{"status":404,"message":"Patient record not found"}
2025-12-26 16:55:46::error::/v1/api/relative/readRelatives/694e14679a7d6d9fde80cd8f::14de657a-0f46-48cb-9e71-ac0c2216b90d::handler-error::{"status":404,"message":"Patient record not found"}
2025-12-26 16:55:58::error::/v1/api/relative/readRelatives/694e14679a7d6d9fde80cd8f::74d91716-8502-4ce1-b92d-702d8e9442b6::handler-error::{"status":404,"message":"Patient record not found"}
2025-12-26 16:55:59::error::/v1/api/relative/readRelatives/694e14679a7d6d9fde80cd8f::5e9cf255-9411-433b-b893-ee560597ab03::handler-error::{"status":404,"message":"Patient record not found"}
2025-12-26 16:56:25::error::/v1/api/relative/readRelatives/694e14679a7d6d9fde80cd8f::f0e6012d-dc15-4c48-a0e0-d38393d46f2b::handler-error::{"status":404,"message":"Patient record not found"}
2025-12-26 16:56:26::error::/v1/api/relative/readRelatives/694e14679a7d6d9fde80cd8f::fd83d50f-94c7-4b4f-9301-5350d1f55c76::handler-error::{"status":404,"message":"Patient record not found"}
2025-12-26 16:56:54::error::/v1/api/relative/readRelatives/694e14679a7d6d9fde80cd8f::76e0cda4-a8d2-402b-a211-f8a9117afe48::handler-error::{"status":404,"message":"Patient record not found"}
2025-12-26 16:56:54::error::/v1/api/relative/readRelatives/694e14679a7d6d9fde80cd8f::f6c355e1-5a14-4147-938c-c218a04c4d78::handler-error::{"status":404,"message":"Patient record not found"}
2025-12-26 16:57:44::error::/v1/api/relative/readRelatives/694e14679a7d6d9fde80cd8f::b77b4f3c-cab2-4523-aba7-caf84f21e639::handler-error::{"status":404,"message":"Patient record not found"}
2025-12-26 16:57:45::error::/v1/api/relative/readRelatives/694e14679a7d6d9fde80cd8f::f82ebf7c-588b-482e-9d76-3b512c450840::handler-error::{"status":404,"message":"Patient record not found"}
2025-12-26 16:58:14::error::/v1/api/relative/readRelatives/694e14679a7d6d9fde80cd8f::f9a621ed-2542-4a01-8a07-9c3fb9392cdc::handler-error::{"status":404,"message":"Patient record not found"}
2025-12-26 16:58:14::error::/v1/api/relative/readRelatives/694e14679a7d6d9fde80cd8f::91bef83c-e297-4b69-9db7-1db45b6e7994::handler-error::{"status":404,"message":"Patient record not found"}
2025-12-26 17:00:09::error::/v1/api/relative/readRelatives/694e14679a7d6d9fde80cd8f::e10b69d4-f6a9-4b5c-ab39-1650c75fdef1::handler-error::{"status":404,"message":"Patient record not found"}
2025-12-26 17:00:09::error::/v1/api/relative/readRelatives/694e14679a7d6d9fde80cd8f::ea1403a8-c3dd-422a-bf4e-1fb5d786dd8d::handler-error::{"status":404,"message":"Patient record not found"}
2025-12-26 17:00:10::error::/v1/api/relative/readRelatives/694e14679a7d6d9fde80cd8f::ecd0a7d5-69dd-4bee-91c8-4b47621e48c2::handler-error::{"status":404,"message":"Patient record not found"}
2025-12-26 17:00:10::error::/v1/api/relative/readRelatives/694e14679a7d6d9fde80cd8f::3a3434f4-7714-41c1-b488-a267290e4151::handler-error::{"status":404,"message":"Patient record not found"}
2025-12-26 17:02:08::error::/v1/api/relative/readRelatives/694e14679a7d6d9fde80cd8f::1a0cfb59-6c39-4265-b78b-64f2ecbb1ee3::handler-error::{"status":404,"message":"Patient record not found"}
2025-12-26 17:02:08::error::/v1/api/relative/readRelatives/694e14679a7d6d9fde80cd8f::6069f4fe-c4a2-41a1-b7a2-bfeec2b4a681::handler-error::{"status":404,"message":"Patient record not found"}
2025-12-26 17:05:15::error::/v1/api/relative/readRelatives/694e14679a7d6d9fde80cd8f::4dc54363-c9ab-476e-8663-7e2421b1407a::handler-error::{"status":404,"message":"Patient record not found"}
2025-12-26 17:05:15::error::/v1/api/relative/readRelatives/694e14679a7d6d9fde80cd8f::9870a778-91de-4ccd-bda2-71ed1f1f20c7::handler-error::{"status":404,"message":"Patient record not found"}
2025-12-26 17:11:24::error::/v1/api/relative/readRelatives/694e5e803dba68d19818a23a::89cf8247-1769-4bc3-8e55-2afefea07c01::handler-error::{"status":404,"message":"Patient record not found"}
2025-12-26 17:11:25::error::/v1/api/relative/readRelatives/694e5e803dba68d19818a23a::2f5c6c04-43dc-457c-89d0-ef111dbe8af7::handler-error::{"status":404,"message":"Patient record not found"}
2025-12-26 17:12:08::error::/v1/api/relative/readRelatives/694e5e803dba68d19818a23a::2c625a4a-52eb-4af1-9744-7832a593a5f7::handler-error::{"status":404,"message":"Patient record not found"}
2025-12-26 17:12:09::error::/v1/api/relative/readRelatives/694e5e803dba68d19818a23a::85953421-b4e3-4a2b-ac32-3d904bfe4497::handler-error::{"status":404,"message":"Patient record not found"}
2025-12-26 17:14:50::error::/v1/api/relative/readRelatives/694e5e803dba68d19818a23a::33e53612-eefa-40e2-ae24-17343afb4da1::handler-error::{"status":404,"message":"Patient record not found"}
2025-12-26 17:15:16::error::/v1/api/relative/readRelatives/694e5e803dba68d19818a23a::0b46bf2f-3083-4b00-86a0-23df1d2e185f::handler-error::{"status":404,"message":"Patient record not found"}
2025-12-26 17:15:16::error::/v1/api/relative/readRelatives/694e5e803dba68d19818a23a::5f1a1660-c25e-417e-941c-98d10458bcf0::handler-error::{"status":404,"message":"Patient record not found"}
2025-12-26 17:15:31::error::/v1/api/relative/readRelatives/694e5e803dba68d19818a23a::b99127bb-b298-4932-8f52-47180b3d9763::handler-error::{"status":404,"message":"Patient record not found"}
2025-12-26 17:18:41::error::/v1/api/patientRecord/createPatientRecord::3db83fa0-de3d-4504-9bbe-bbe0f35e17f0::handler-error::{"status":403,"message":"Doctor default password is not set. Please set it before creating patients."}
2025-12-26 17:56:59::error::/v1/api/patientRecord/readPatientRecord/694e6464826e3b010f90b2ec::9ca3125f-9129-4bf2-9daf-0663375ee29f::handler-error::{"status":403,"message":"You do not have permission to view this record"}
2025-12-26 17:56:59::error::/v1/api/patientRecord/readPatientRecord/694e6464826e3b010f90b2ec::48155954-470a-403b-ac72-6c54fc49a714::handler-error::{"status":403,"message":"You do not have permission to view this record"}
2025-12-26 17:58:27::error::/v1/api/patientRecord/readPatientRecord/694e6464826e3b010f90b2ec::bf6d8807-6842-423b-a76f-b6fafaa9a626::handler-error::{"status":403,"message":"You do not have permission to view this record"}
2025-12-26 17:58:27::error::/v1/api/patientRecord/readPatientRecord/694e6464826e3b010f90b2ec::22bf4742-20b5-4c8e-8ff5-e447c10ca44f::handler-error::{"status":403,"message":"You do not have permission to view this record"}
2025-12-26 17:59:10::error::/v1/api/patientRecord/readPatientRecord/694e6464826e3b010f90b2ec::4ef5e5c3-a93c-4192-b45c-91b1f506b2eb::handler-error::{"status":403,"message":"You do not have permission to view this record"}
2025-12-26 17:59:10::error::/v1/api/patientRecord/readPatientRecord/694e6464826e3b010f90b2ec::dc2b11ec-38f8-40cc-a549-0598ac091022::handler-error::{"status":403,"message":"You do not have permission to view this record"}
2025-12-26 18:00:24::error::/v1/api/relative/readRelatives/694e6464826e3b010f90b2f4::19419128-2cfb-4d1e-909c-58307d55b6df::handler-error::{"status":404,"message":"Patient record not found"}
2025-12-26 18:00:25::error::/v1/api/relative/readRelatives/694e6464826e3b010f90b2f4::cf930915-7024-45b4-878a-305a208e1863::handler-error::{"status":404,"message":"Patient record not found"}
2025-12-26 18:03:54::error::/v1/api/relative/readRelatives/694e6464826e3b010f90b2f4::ead050ce-aa48-47f7-ad4a-319b19701cb8::handler-error::{"status":404,"message":"Patient record not found"}
2025-12-26 18:06:18::error::/v1/api/relative/readRelatives/694e6464826e3b010f90b2f4::bd9d1b5d-43b8-4b8e-8a4d-8b43606f241e::handler-error::{"status":404,"message":"Patient record not found"}
2025-12-26 18:06:18::error::/v1/api/relative/readRelatives/694e6464826e3b010f90b2f4::173babe6-49a8-40bf-b78b-f4e60d79b6b9::handler-error::{"status":404,"message":"Patient record not found"}
2025-12-26 18:06:21::error::/v1/api/relative/readRelatives/694e6464826e3b010f90b2f4::c00861cb-a861-4b8b-a046-bcd0865ee002::handler-error::{"status":404,"message":"Patient record not found"}
2025-12-26 18:06:22::error::/v1/api/relative/readRelatives/694e6464826e3b010f90b2f4::17f187a5-d158-43d5-a9ce-bf3801c068f1::handler-error::{"status":404,"message":"Patient record not found"}
2025-12-26 18:06:22::error::/v1/api/relative/readRelatives/694e6464826e3b010f90b2f4::bb12576b-6445-47db-8b64-9e9585160a7b::handler-error::{"status":404,"message":"Patient record not found"}
2025-12-26 18:08:31::error::/v1/api/relative/readRelatives/694e6464826e3b010f90b2f4::1e5abfd2-7c26-4e6b-b45c-d412f90229db::handler-error::{"status":404,"message":"Patient record not found"}
2025-12-26 18:08:36::error::/v1/api/relative/readRelatives/694e6464826e3b010f90b2f4::de06820e-96af-44cf-8127-62b547eadc02::handler-error::{"status":404,"message":"Patient record not found"}
2025-12-26 18:08:37::error::/v1/api/relative/readRelatives/694e6464826e3b010f90b2f4::dc24063a-d64b-4b5e-a868-ba83063a83fd::handler-error::{"status":404,"message":"Patient record not found"}
2025-12-26 18:08:39::error::/v1/api/relative/readRelatives/694e6464826e3b010f90b2f4::378d322b-f5f0-4f7f-9466-723c065608b1::handler-error::{"status":404,"message":"Patient record not found"}
2025-12-26 18:08:40::error::/v1/api/relative/readRelatives/694e6464826e3b010f90b2f4::97d4663b-3e4a-4543-b64a-1154a7591bc6::handler-error::{"status":404,"message":"Patient record not found"}
2025-12-26 18:08:43::error::/v1/api/relative/readRelatives/694e6464826e3b010f90b2f4::d44fbc58-9c65-41c4-9f59-0679454a25ee::handler-error::{"status":404,"message":"Patient record not found"}
2025-12-26 18:08:43::error::/v1/api/relative/readRelatives/694e6464826e3b010f90b2f4::d30d9733-8aa8-4b1e-a23f-91e3b329b827::handler-error::{"status":404,"message":"Patient record not found"}
2025-12-26 18:08:44::error::/v1/api/relative/readRelatives/694e6464826e3b010f90b2f4::53dae8f1-9afb-448e-83f5-74d083aed47b::handler-error::{"status":404,"message":"Patient record not found"}
2025-12-26 18:08:45::error::/v1/api/relative/readRelatives/694e6464826e3b010f90b2f4::37c8b1de-cf83-4954-bf7b-fb7853b7c838::handler-error::{"status":404,"message":"Patient record not found"}
2025-12-26 18:10:45::error::/v1/api/relative/readRelatives/694e6464826e3b010f90b2f4::4889cf4a-ad7d-454f-8e8a-aa1b9faee547::handler-error::{"status":404,"message":"Patient record not found"}
2025-12-26 18:10:46::error::/v1/api/relative/readRelatives/694e6464826e3b010f90b2f4::cca02ef5-8c31-4212-9fbf-d9f0ebbfebf7::handler-error::{"status":404,"message":"Patient record not found"}
2025-12-26 18:10:46::error::/v1/api/relative/readRelatives/694e6464826e3b010f90b2f4::8411285e-3233-4f5d-825a-08c47cc630b1::handler-error::{"status":404,"message":"Patient record not found"}
2025-12-26 18:10:46::error::/v1/api/relative/readRelatives/694e6464826e3b010f90b2f4::236980e3-4b48-47fe-b743-d40e74b5d770::handler-error::{"status":404,"message":"Patient record not found"}
2025-12-26 18:10:47::error::/v1/api/relative/readRelatives/694e6464826e3b010f90b2f4::a93f7fc6-167f-4f34-801e-a3197b42ae09::handler-error::{"status":404,"message":"Patient record not found"}
2025-12-26 18:10:48::error::/v1/api/relative/readRelatives/694e6464826e3b010f90b2f4::67fd7450-7bf5-4b68-953d-04ca8006659d::handler-error::{"status":404,"message":"Patient record not found"}
2025-12-26 18:10:49::error::/v1/api/relative/readRelatives/694e6464826e3b010f90b2f4::7d32d98e-b599-4314-b27d-e67056104176::handler-error::{"status":404,"message":"Patient record not found"}
2025-12-26 18:10:50::error::/v1/api/relative/readRelatives/694e6464826e3b010f90b2f4::3aed0837-0bc6-4103-b899-bca43c8a83d0::handler-error::{"status":404,"message":"Patient record not found"}
2025-12-26 18:10:51::error::/v1/api/relative/readRelatives/694e6464826e3b010f90b2f4::46e28812-6044-40dd-8f8b-f3b87a5de37e::handler-error::{"status":404,"message":"Patient record not found"}
2025-12-26 18:10:52::error::/v1/api/relative/readRelatives/694e6464826e3b010f90b2f4::4f44bee7-9333-4f9d-b2f0-b724c391427f::handler-error::{"status":404,"message":"Patient record not found"}
