2025-12-16 00:02:10::info::/v1/api/patientRecord/readPatientRecord/693a8c925dbe463b3ad4c21a::bd340e1a-1ab7-4def-95df-b2fcf3e4a811::input-params ::GET::::{}
2025-12-16 00:02:10::info::/v1/api/user/me::9a1f1a23-14bc-4ad8-9630-116c9703139c::input-params ::GET::::{}
2025-12-16 00:02:11::info::/v1/api/patientRecord/readPatientRecord/693a8c925dbe463b3ad4c21a::fe82b6f0-8361-447f-9af0-7d1ba849aebf::input-params ::GET::::{}
2025-12-16 00:02:11::info::/v1/api/user/me::415cbbd8-91cb-4076-89c5-8b8558528e33::input-params ::GET::::{}
2025-12-16 00:02:11::info::/v1/api/patientRecord/readPatientRecord/693a8c925dbe463b3ad4c21a::230b9df4-842c-461a-bbc7-8a6c662ea360::input-params ::GET::::{}
2025-12-16 00:02:11::info::/v1/api/patientRecord/readPatientRecord/693a8c925dbe463b3ad4c21a::c8852abb-13f6-40c9-82e2-4098748827d6::input-params ::GET::::{}
2025-12-16 00:02:18::info::/v1/api/folder/readFolder/6939a80b035dea9503dfca30::bacda8b2-64fb-4fbc-87f1-2bfbf25d1de3::input-params ::GET::::{}
2025-12-16 00:02:19::info::/v1/api/folder/readFolder/6939a80b035dea9503dfca30::264b5ad2-640c-4496-b914-2270e5463688::input-params ::GET::::{}
2025-12-16 00:02:21::info::/v1/api/patientRecord/readPatientRecord/693a8c925dbe463b3ad4c21a::170cdf8b-c440-4033-95c0-43a29b622080::input-params ::GET::::{}
2025-12-16 00:02:21::info::/v1/api/patientRecord/readPatientRecord/693a8c925dbe463b3ad4c21a::ba172a5c-a161-4d47-a313-970304ed5461::input-params ::GET::::{}
2025-12-16 00:02:21::info::/v1/api/patientRecord/readPatientRecord/693a8c925dbe463b3ad4c21a::e5e2cfec-29a4-4b46-9f1f-e85f3a2e382c::input-params ::GET::::{}
2025-12-16 00:02:21::info::/v1/api/patientRecord/readPatientRecord/693a8c925dbe463b3ad4c21a::11743714-8207-41dd-ad42-2eb456eef3d8::input-params ::GET::::{}
2025-12-16 00:07:39::info::/v1/api/patientRecord/readPatientRecord/693a8c925dbe463b3ad4c21a::36bb3fa4-3343-46f4-9037-7c72d99ffda8::input-params ::GET::::{}
2025-12-16 00:07:39::info::/v1/api/user/me::3853209b-76fc-414f-a0fb-4af9226527ef::input-params ::GET::::{}
2025-12-16 00:07:39::info::/v1/api/user/me::c4dcfe96-48d8-4ff5-88de-5c4f1b1a752c::input-params ::GET::::{}
2025-12-16 00:07:39::info::/v1/api/patientRecord/readPatientRecord/693a8c925dbe463b3ad4c21a::0d05968b-b111-421a-b951-f5a871a9f261::input-params ::GET::::{}
2025-12-16 00:07:42::info::/v1/api/patientRecord/readPatientRecord/693a8c925dbe463b3ad4c21a::667ea1b1-2333-484f-a2cb-f669446cc685::input-params ::GET::::{}
2025-12-16 00:07:43::info::/v1/api/patientRecord/readPatientRecord/693a8c925dbe463b3ad4c21a::c074caa9-ccfe-419e-99ad-dae95fe16503::input-params ::GET::::{}
2025-12-16 00:07:46::info::/v1/api/patientRecord/readPatientRecord/693a8c925dbe463b3ad4c21a::0cdc6e31-32d3-414a-a23a-370fd6398363::input-params ::GET::::{}
2025-12-16 00:07:46::info::/v1/api/patientRecord/readPatientRecord/693a8c925dbe463b3ad4c21a::6bd7036b-1528-43d6-b037-416f666fafa9::input-params ::GET::::{}
2025-12-16 00:08:04::info::/v1/api/patientRecord/readPatientRecord/693a8c925dbe463b3ad4c21a::1fa47957-37ca-4fc6-a921-f084097720c6::input-params ::GET::::{}
2025-12-16 00:08:04::info::/v1/api/patientRecord/readPatientRecord/693a8c925dbe463b3ad4c21a::5ff3d708-53ac-4a70-8129-699b8a41a02f::input-params ::GET::::{}
2025-12-16 00:09:55::info::/v1/api/patientRecord/readPatientRecord/693a8c925dbe463b3ad4c21a::36e8c947-a03d-46c9-8a29-e43186e5c56d::input-params ::GET::::{}
2025-12-16 00:09:55::info::/v1/api/patientRecord/readPatientRecord/693a8c925dbe463b3ad4c21a::15332446-7a45-4425-9d27-813bd99b3c5e::input-params ::GET::::{}
2025-12-16 00:10:34::info::/v1/api/patientRecord/readPatientRecord/693a8c925dbe463b3ad4c21a::cd1f8c46-426e-4d46-a643-d9aa4a39c9de::input-params ::GET::::{}
2025-12-16 00:10:34::info::/v1/api/patientRecord/readPatientRecord/693a8c925dbe463b3ad4c21a::42e6d87e-5200-493d-abea-6df7919e7b19::input-params ::GET::::{}
2025-12-16 00:10:43::info::/v1/api/patientRecord/readPatientRecord/693a8c925dbe463b3ad4c21a::5f475c34-ea1a-4f97-a240-ec0d7ad1371c::input-params ::GET::::{}
2025-12-16 00:10:43::info::/v1/api/patientRecord/readPatientRecord/693a8c925dbe463b3ad4c21a::bf7d643a-5e4a-4358-88b2-c4bdb40c41d0::input-params ::GET::::{}
2025-12-16 00:11:38::info::/v1/api/patientRecord/readPatientRecord/693a8c925dbe463b3ad4c21a::033c7f47-02ed-483a-90e9-eceab7ecef2e::input-params ::GET::::{}
2025-12-16 00:11:39::info::/v1/api/patientRecord/readPatientRecord/693a8c925dbe463b3ad4c21a::cd7ef468-d109-4fe5-ad46-2319efd91e4b::input-params ::GET::::{}
2025-12-16 00:11:41::info::/v1/api/patientRecord/readPatientRecord/693a8c925dbe463b3ad4c21a::2433495e-1748-4355-af98-35b9f5db3a4a::input-params ::GET::::{}
2025-12-16 00:11:41::info::/v1/api/patientRecord/readPatientRecord/693a8c925dbe463b3ad4c21a::7ab68115-2743-4e02-8571-cef6ede94053::input-params ::GET::::{}
