2025-12-07 00:34:23::info::/v1/api/user/me::c0e9b543-20bf-4c88-b5ff-c5b9b4be2e83::input-params ::GET::::{}
2025-12-07 00:34:24::info::/v1/api/user/me::669e67a5-c277-45ac-a3c8-e03d02aeee6e::input-params ::GET::::{}
2025-12-07 00:59:38::info::/v1/api/user/me::eb66884c-1f2f-4336-8d9e-34400535dd08::input-params ::GET::::{}
2025-12-07 00:59:38::info::/v1/api/user/me::5e9fad7c-38a1-4f8e-abe8-ab3fa8266319::input-params ::GET::::{}
2025-12-07 01:00:21::info::/v1/api/user/me::51690924-7727-4745-ae25-13ebfd2ff2e3::input-params ::GET::::{}
2025-12-07 01:00:21::info::/v1/api/user/me::ec6a58e2-337a-423d-8f41-ac74fd0000eb::input-params ::GET::::{}
2025-12-07 01:00:22::info::/v1/api/folder/updateFolder/692ea6df1c7fd171043051c8::ffef1d26-dc73-4130-9119-61c5635b08f8::input-params ::PATCH::::{"name":"Folder 1","description":"This is a demo folder for testing."}
2025-12-07 01:00:22::error::/v1/api/folder/updateFolder/692ea6df1c7fd171043051c8::ffef1d26-dc73-4130-9119-61c5635b08f8::handler-error::{"status":404,"message":"Not Found Route"}
2025-12-07 01:00:23::info::/v1/api/folder/updateFolder/692ea6df1c7fd171043051c8::d51c9d60-fb03-4a53-a226-aac18b24f6f6::input-params ::PATCH::::{"name":"Folder 1","description":"This is a demo folder for testing."}
2025-12-07 01:00:23::error::/v1/api/folder/updateFolder/692ea6df1c7fd171043051c8::d51c9d60-fb03-4a53-a226-aac18b24f6f6::handler-error::{"status":404,"message":"Not Found Route"}
2025-12-07 01:00:23::info::/v1/api/folder/updateFolder/692ea6df1c7fd171043051c8::07b27c10-98b1-4627-a379-2258259ca06c::input-params ::PATCH::::{"name":"Folder 1","description":"This is a demo folder for testing."}
2025-12-07 01:00:23::error::/v1/api/folder/updateFolder/692ea6df1c7fd171043051c8::07b27c10-98b1-4627-a379-2258259ca06c::handler-error::{"status":404,"message":"Not Found Route"}
2025-12-07 01:06:40::info::/v1/api/folder/updateFolder/692ea6df1c7fd171043051c8::36300364-1022-448f-824b-f23872cd9803::input-params ::PATCH::::{"name":"Folder 1","description":"This is a demo folder for testing."}
2025-12-07 01:06:40::error::/v1/api/folder/updateFolder/692ea6df1c7fd171043051c8::36300364-1022-448f-824b-f23872cd9803::handler-error::{"status":404,"message":"Not Found Route"}
2025-12-07 01:06:40::info::/v1/api/folder/updateFolder/692ea6df1c7fd171043051c8::08151787-ee0d-4174-a370-18fdd307cd29::input-params ::PATCH::::{"name":"Folder 1","description":"This is a demo folder for testing."}
2025-12-07 01:06:40::error::/v1/api/folder/updateFolder/692ea6df1c7fd171043051c8::08151787-ee0d-4174-a370-18fdd307cd29::handler-error::{"status":404,"message":"Not Found Route"}
2025-12-07 01:06:40::info::/v1/api/folder/updateFolder/692ea6df1c7fd171043051c8::aaab6423-6c84-43a6-b08e-b6a658206df0::input-params ::PATCH::::{"name":"Folder 1","description":"This is a demo folder for testing."}
2025-12-07 01:06:40::error::/v1/api/folder/updateFolder/692ea6df1c7fd171043051c8::aaab6423-6c84-43a6-b08e-b6a658206df0::handler-error::{"status":404,"message":"Not Found Route"}
2025-12-07 01:08:09::info::/v1/api/folder/updateFolder/692ea6df1c7fd171043051c8::d3e38fab-0150-4108-82c3-230ce7e63f7f::input-params ::PATCH::::{"name":"Folder 1","description":"This is a demo folder for testing."}
2025-12-07 01:08:09::error::/v1/api/folder/updateFolder/692ea6df1c7fd171043051c8::d3e38fab-0150-4108-82c3-230ce7e63f7f::handler-error::{"status":404,"message":"Not Found Route"}
2025-12-07 01:08:10::info::/v1/api/folder/updateFolder/692ea6df1c7fd171043051c8::332e7467-f8ea-4c7e-ad64-abd43468a0d8::input-params ::PATCH::::{"name":"Folder 1","description":"This is a demo folder for testing."}
2025-12-07 01:08:10::error::/v1/api/folder/updateFolder/692ea6df1c7fd171043051c8::332e7467-f8ea-4c7e-ad64-abd43468a0d8::handler-error::{"status":404,"message":"Not Found Route"}
2025-12-07 01:08:10::info::/v1/api/folder/updateFolder/692ea6df1c7fd171043051c8::752d5c7a-9c10-4f41-8659-15a6e4708e54::input-params ::PATCH::::{"name":"Folder 1","description":"This is a demo folder for testing."}
2025-12-07 01:08:10::error::/v1/api/folder/updateFolder/692ea6df1c7fd171043051c8::752d5c7a-9c10-4f41-8659-15a6e4708e54::handler-error::{"status":404,"message":"Not Found Route"}
2025-12-07 01:12:22::info::/v1/api/folder/updateFolder/692ea6df1c7fd171043051c8::acf77e01-fd45-4fe9-b6c6-019883d0956e::input-params ::PATCH::::{"name":"Folder 1","description":"This is a demo folder for testing."}
2025-12-07 01:12:22::error::/v1/api/folder/updateFolder/692ea6df1c7fd171043051c8::acf77e01-fd45-4fe9-b6c6-019883d0956e::handler-error::{"status":404,"message":"Not Found Route"}
2025-12-07 01:13:49::info::/v1/api/user/me::0dc8d4f1-24e9-41b7-81f9-528dee133501::input-params ::GET::::{}
2025-12-07 01:13:50::info::/v1/api/user/me::9c2ffca5-63fe-4d85-91b3-9e25c56a59cb::input-params ::GET::::{}
2025-12-07 01:13:50::info::/v1/api/folder/updateFolder/692ea6df1c7fd171043051c8::48ac919c-e577-4d8e-9528-b7b65a760e09::input-params ::PATCH::::{"name":"Folder 1","description":"This is a demo folder for testing."}
2025-12-07 01:13:51::info::/v1/api/folder/updateFolder/692ea6df1c7fd171043051c8::a7443e7f-5d9a-4467-bd74-27877d81fc44::input-params ::PATCH::::{"name":"Folder 1","description":"This is a demo folder for testing."}
2025-12-07 01:13:51::info::/v1/api/folder/updateFolder/692ea6df1c7fd171043051c8::ee735fbb-23f6-49d1-a130-230022d4fc29::input-params ::PATCH::::{"name":"Folder 1","description":"This is a demo folder for testing."}
2025-12-07 01:13:52::info::/v1/api/folder/updateFolder/692ea6df1c7fd171043051c8::a0b0b362-35a8-4f38-a7a0-a1139c1efc56::input-params ::PATCH::::{"name":"Folder 1","description":"This is a demo folder for testing."}
2025-12-07 01:13:52::info::/v1/api/folder/updateFolder/692ea6df1c7fd171043051c8::22ecad77-ac55-4b28-ba4d-67740b3563f2::input-params ::PATCH::::{"name":"Folder 1","description":"This is a demo folder for testing."}
2025-12-07 01:13:53::info::/v1/api/user/me::3454bc8a-be9f-4274-ab7b-0d12a5843db8::input-params ::GET::::{}
2025-12-07 01:13:53::info::/v1/api/user/me::b8caacb5-ccd2-4132-910f-1ed75688a9bf::input-params ::GET::::{}
2025-12-07 01:13:57::info::/v1/api/folder/updateFolder/692ea6df1c7fd171043051c8::0fe7e0a9-67d3-465d-be14-35a3ba8f3eaa::input-params ::PATCH::::{"name":"Folder 1","description":"HAHAHAHA"}
2025-12-07 01:14:01::info::/v1/api/folder/updateFolder/692ea6df1c7fd171043051c8::1a0778b6-75fc-4d32-ae3e-66587d20f81f::input-params ::PATCH::::{"name":"Folder 1","description":"HAHAHAHA"}
2025-12-07 01:14:01::info::/v1/api/folder/updateFolder/692ea6df1c7fd171043051c8::637c831f-fddd-43e0-813a-b09b99b93fd9::input-params ::PATCH::::{"name":"Folder 1","description":"HAHAHAHA"}
2025-12-07 01:14:01::info::/v1/api/folder/updateFolder/692ea6df1c7fd171043051c8::860546a8-81b4-48b0-a447-fe83d863b235::input-params ::PATCH::::{"name":"Folder 1","description":"HAHAHAHA"}
2025-12-07 01:14:01::info::/v1/api/folder/updateFolder/692ea6df1c7fd171043051c8::d28747de-90b0-4121-9406-b5b236fa8937::input-params ::PATCH::::{"name":"Folder 1","description":"HAHAHAHA"}
2025-12-07 01:14:57::info::/v1/api/user/me::b5a7da2e-f7cf-4bcc-8fd4-c5e37c4871bf::input-params ::GET::::{}
2025-12-07 01:14:57::info::/v1/api/user/me::29185e73-bcaa-4a5f-a9e3-046003429d7b::input-params ::GET::::{}
2025-12-07 01:14:58::info::/v1/api/folder/updateFolder/692ea6df1c7fd171043051c8::682bf38d-c52d-432c-90c8-c9c26ccb8581::input-params ::PATCH::::{"name":"Folder 1","description":"This is a demo folder for testing."}
2025-12-07 01:15:02::info::/v1/api/folder/updateFolder/692ea6df1c7fd171043051c8::93e99f29-5842-4a2e-a3a0-96f5dab55c1b::input-params ::PATCH::::{"name":"Folder 1","description":"This is a demo folder for testing."}
2025-12-07 01:15:02::info::/v1/api/folder/updateFolder/692ea6df1c7fd171043051c8::35ff96ed-cb26-4bc3-b8d9-6c4b3029e1db::input-params ::PATCH::::{"name":"Folder 1","description":"This is a demo folder for testing."}
2025-12-07 01:15:03::info::/v1/api/folder/updateFolder/692ea6df1c7fd171043051c8::36f7444b-e4eb-464b-b171-dde8d4e3c05e::input-params ::PATCH::::{"name":"Folder 1","description":"This is a demo folder for testing."}
2025-12-07 01:15:05::info::/v1/api/folder/updateFolder/692ea6df1c7fd171043051c8::92a7a376-4702-48b4-ae99-ea879b18431a::input-params ::PATCH::::{"name":"Folder 1","description":"hahahah"}
2025-12-07 01:15:06::info::/v1/api/folder/updateFolder/692ea6df1c7fd171043051c8::56625a13-c1e5-49b8-9889-b062c2fcba7c::input-params ::PATCH::::{"name":"Folder 1","description":"hahahah"}
2025-12-07 01:15:06::info::/v1/api/folder/updateFolder/692ea6df1c7fd171043051c8::c6830eb7-4b26-4741-9020-07c5d2d54252::input-params ::PATCH::::{"name":"Folder 1","description":"hahahah"}
2025-12-07 01:15:06::info::/v1/api/folder/updateFolder/692ea6df1c7fd171043051c8::26469259-6735-494d-b689-0d18c9a3ecaa::input-params ::PATCH::::{"name":"Folder 1","description":"hahahah"}
2025-12-07 01:15:10::info::/v1/api/user/me::b1ebf2b1-6261-4126-9fca-2b693730c047::input-params ::GET::::{}
2025-12-07 01:15:10::info::/v1/api/user/me::be8375db-dffd-4a0c-a962-b06a6bb37c1e::input-params ::GET::::{}
2025-12-07 01:15:12::info::/v1/api/folder/updateFolder/692ea6df1c7fd171043051c8::fe3e0d97-a086-43b0-95da-335c30f60f55::input-params ::PATCH::::{"name":"Folder 1","description":"This is a demo folder for testing."}
2025-12-07 01:15:13::info::/v1/api/folder/updateFolder/692ea6df1c7fd171043051c8::b6aecc0e-b364-454c-bae6-2130ec7c2305::input-params ::PATCH::::{"name":"Folder 1","description":"This is a demo folder for testing."}
2025-12-07 01:15:13::info::/v1/api/folder/updateFolder/692ea6df1c7fd171043051c8::e1e43f37-47e4-428a-9e25-ed32dffcbbfc::input-params ::PATCH::::{"name":"Folder 1","description":"This is a demo folder for testing."}
2025-12-07 01:15:13::info::/v1/api/folder/updateFolder/692ea6df1c7fd171043051c8::49ed2774-723b-49cf-84b1-3dae02d0e741::input-params ::PATCH::::{"name":"Folder 1","description":"This is a demo folder for testing."}
2025-12-07 01:21:21::info::/v1/api/user/me::6a22ea97-4a0a-4a2e-a369-92d52d8cf9c0::input-params ::GET::::{}
2025-12-07 01:21:21::info::/v1/api/user/me::d4542c4d-4d08-4dcf-ad6b-21514be4d7e1::input-params ::GET::::{}
2025-12-07 01:21:26::info::/v1/api/folder/updateFolder/692ea6df1c7fd171043051c8::c26a82e8-e4da-4dc5-8d84-defb88c12ad0::input-params ::PATCH::::{"name":"Folder 1","description":"helllooo"}
2025-12-07 01:21:29::info::/v1/api/user/me::e3e7cf12-94ff-4b4c-a5b3-b62de774687f::input-params ::GET::::{}
2025-12-07 01:21:29::info::/v1/api/user/me::291e0590-b61e-4581-9104-07b810a07488::input-params ::GET::::{}
2025-12-07 01:22:00::info::/v1/api/folder/updateFolder/692ea6df1c7fd171043051c8::88e509a6-671b-4913-aa6d-e240c0f8fdc0::input-params ::PATCH::::{"name":"Folder 1","description":"This is a demo folder for testing."}
2025-12-07 01:25:45::info::/v1/api/user/me::0abce1ef-3414-4295-9b85-5a9e1091be9f::input-params ::GET::::{}
2025-12-07 01:25:45::info::/v1/api/user/me::b4f68e01-e872-4709-97f1-ad177083e81a::input-params ::GET::::{}
2025-12-07 01:25:52::info::/v1/api/folder/updateFolder/692ea6df1c7fd171043051c8::3b7da029-4d35-4d06-ae38-00d164606e66::input-params ::PATCH::::{"name":"Folder 1","description":"hahahaha"}
2025-12-07 01:25:55::info::/v1/api/user/me::ac8c01b2-446a-4b11-835c-86c0167b9d46::input-params ::GET::::{}
2025-12-07 01:25:55::info::/v1/api/user/me::87aa778c-3854-46ec-bca5-9411f0c78267::input-params ::GET::::{}
2025-12-07 01:28:24::info::/v1/api/user/me::ba760c91-16a7-42aa-a5f2-dc62b41996fd::input-params ::GET::::{}
2025-12-07 01:28:24::info::/v1/api/user/me::5b5917bd-5672-464b-b485-5eec7967aaa5::input-params ::GET::::{}
2025-12-07 01:28:28::info::/v1/api/folder/updateFolder/692ea6df1c7fd171043051c8::6f2ae13f-be2b-43f1-bfee-42bd5d1db7b0::input-params ::PATCH::::{"name":"hhhh","description":"hhhh"}
2025-12-07 01:28:31::info::/v1/api/user/me::8dd154fa-e80d-41ff-b0db-8f74a6f8516d::input-params ::GET::::{}
2025-12-07 01:28:31::info::/v1/api/user/me::0b91745b-8f74-42c4-a7e5-ffaf649d6087::input-params ::GET::::{}
2025-12-07 01:34:30::info::/v1/api/user/me::df6cdb26-0acd-4f97-bd2d-2e6edebc5ce2::input-params ::GET::::{}
2025-12-07 01:34:30::info::/v1/api/user/me::18f716c1-4c4a-43d1-b77c-163fad2be0f1::input-params ::GET::::{}
2025-12-07 01:34:33::info::/v1/api/folder/updateFolder/692ea6df1c7fd171043051c8::09b442f9-9197-4faf-bddc-a52830267b43::input-params ::PATCH::::{"title":"ssss","description":"ssss"}
2025-12-07 01:34:36::info::/v1/api/user/me::327493f5-99ff-4ce9-b81a-c8e2483d978c::input-params ::GET::::{}
2025-12-07 01:34:36::info::/v1/api/user/me::a0e1bea5-c992-4c7c-88bc-47a6a930cea3::input-params ::GET::::{}
2025-12-07 01:34:43::info::/v1/api/folder/readFolders::c1f9bb77-2fab-4b22-b202-2b75d9ac6c3b::input-params ::GET::::{}
2025-12-07 01:34:43::info::/v1/api/folder/readFolders::6d9892c7-f351-47da-bc98-4f0ecdba4cdf::input-params ::GET::::{}
2025-12-07 01:35:43::info::/v1/api/user/me::399d105d-5253-40ce-8bf9-f660684caf28::input-params ::GET::::{}
2025-12-07 01:35:43::info::/v1/api/user/me::e035674f-e1f3-4a8b-bdd4-eaf147754829::input-params ::GET::::{}
2025-12-07 01:36:17::info::/v1/api/user/me::73eb7492-0909-4c92-9328-3a432780db00::input-params ::GET::::{}
2025-12-07 01:36:17::info::/v1/api/user/me::8100707d-2fa6-4518-baa6-80ca5ebb5f30::input-params ::GET::::{}
2025-12-07 01:37:34::info::/v1/api/user/me::06440afd-13a6-446d-b7c6-d959633e5893::input-params ::GET::::{}
2025-12-07 01:37:34::info::/v1/api/user/me::88ba58b3-a60e-4753-b958-f9e71b901b34::input-params ::GET::::{}
2025-12-07 01:37:40::info::/v1/api/folder/updateFolder/69342b6cb0bc85bc29b04093::e26d72c4-296a-48aa-b0af-8012b4f69873::input-params ::PATCH::::{"title":"ddd","description":"dđ"}
2025-12-07 01:37:43::info::/v1/api/user/me::97537225-c01a-4073-a6d4-b73b36f73053::input-params ::GET::::{}
2025-12-07 01:37:43::info::/v1/api/user/me::0a8aec49-abdc-4437-93a9-36a48b1a60da::input-params ::GET::::{}
2025-12-07 01:39:27::info::/v1/api/user/me::f5f12215-6c15-4df0-9194-6af1bcecb10c::input-params ::GET::::{}
2025-12-07 01:39:27::info::/v1/api/user/me::3c0da285-98c8-4f6f-809b-9d19207a530a::input-params ::GET::::{}
2025-12-07 01:39:28::info::/v1/api/folder/updateFolder/69342b6cb0bc85bc29b04093::80205ce8-a298-4def-bf79-923b6328c3f6::input-params ::PATCH::::{"title":"Untitled Folder","description":""}
2025-12-07 01:39:32::info::/v1/api/user/me::0cdd631e-d768-43f5-8014-a130aa6731d6::input-params ::GET::::{}
2025-12-07 01:39:32::info::/v1/api/user/me::5ee6d5c5-1928-4182-bec3-d721bd870a1c::input-params ::GET::::{}
2025-12-07 01:39:38::info::/v1/api/folder/updateFolder/69342b6cb0bc85bc29b04093::75618c22-6b18-4fd5-be6c-a674ab46cfec::input-params ::PATCH::::{"title":"';'llllll","description":"bnhhh"}
2025-12-07 01:39:41::info::/v1/api/user/me::9de4827b-6e1a-4dda-80ac-609f8f7a1622::input-params ::GET::::{}
2025-12-07 01:39:41::info::/v1/api/user/me::9e159798-ce08-4db0-8544-e21b6315743e::input-params ::GET::::{}
2025-12-07 01:40:33::info::/v1/api/folder/readFolders::fef8f0ef-c2d5-45bf-a850-8d415897fd42::input-params ::GET::::{}
2025-12-07 01:40:33::info::/v1/api/folder/readFolders::46a04df8-4b84-44de-9313-91c7f5c5ced7::input-params ::GET::::{}
2025-12-07 01:40:34::info::/v1/api/folder/readFolders::82c9894d-138e-4d42-955b-bef4ec8f2a75::input-params ::GET::::{}
2025-12-07 01:40:37::info::/v1/api/folder/readFolders::c1324df9-a806-4025-aa4d-e7c9b018be2a::input-params ::GET::::{}
2025-12-07 01:40:37::info::/v1/api/user/me::73afcba1-8ddf-4950-8a17-9d1ec9b1b24c::input-params ::GET::::{}
2025-12-07 01:40:37::info::/v1/api/user/me::3f4c28a4-fa11-46e8-8e39-364180fa22b2::input-params ::GET::::{}
2025-12-07 01:40:37::info::/v1/api/folder/readFolders::183b709a-87a6-4ea2-ad5b-34dfb1e26526::input-params ::GET::::{}
2025-12-07 01:40:39::info::/v1/api/folder/readFolders::b2c07e4b-a85e-4e1c-acc8-558efed5c55a::input-params ::GET::::{}
2025-12-07 01:40:39::info::/v1/api/user/me::7f250ee7-41f4-4263-98c6-5bfadc2b52b8::input-params ::GET::::{}
2025-12-07 01:40:40::info::/v1/api/user/me::a2c5466f-4e2b-41d2-af06-d479a6ee88d2::input-params ::GET::::{}
2025-12-07 01:40:40::info::/v1/api/folder/readFolders::7822f625-a8dc-4ebb-85da-742946e5fe78::input-params ::GET::::{}
2025-12-07 01:41:00::info::/v1/api/folder/updateFolder/69342b6cb0bc85bc29b04093::ed3302a5-0992-4ad8-95cd-8f8dbaa71cce::input-params ::PATCH::::{"title":"Pháp Nerdy","description":"very dangerous"}
2025-12-07 01:41:02::info::/v1/api/folder/readFolders::d22d3805-343d-4b47-a591-409db121fcb8::input-params ::GET::::{}
2025-12-07 01:41:02::info::/v1/api/user/me::416b3d81-4b90-4ca7-ac32-22b79ae864a4::input-params ::GET::::{}
2025-12-07 01:41:02::info::/v1/api/user/me::77d674cf-ca24-4954-845c-93074e0be9bd::input-params ::GET::::{}
2025-12-07 01:41:02::info::/v1/api/folder/readFolders::a7b28891-5ec6-4487-9eb4-8a1960a11d65::input-params ::GET::::{}
2025-12-07 01:41:03::info::/v1/api/folder/readFolders::aed6699d-602c-4491-9722-669827d6364d::input-params ::GET::::{}
2025-12-07 01:41:03::info::/v1/api/user/me::ff8d9ce1-ba20-4224-bd3d-5dc6127b16a3::input-params ::GET::::{}
2025-12-07 01:41:03::info::/v1/api/user/me::8aefd4a7-c580-4781-864a-27b4e6fae55d::input-params ::GET::::{}
2025-12-07 01:41:03::info::/v1/api/folder/readFolders::8b405903-4f26-41ef-87f0-cc53969f9e46::input-params ::GET::::{}
2025-12-07 01:41:03::info::/v1/api/user/me::b776b063-a892-496b-83ce-2a751aca9895::input-params ::GET::::{}
2025-12-07 01:41:03::info::/v1/api/user/me::4fe6737f-238c-4357-8445-cddb28c3cdcb::input-params ::GET::::{}
2025-12-07 01:41:03::info::/v1/api/folder/readFolders::f7ac71fb-738e-4d74-8746-4572adc70621::input-params ::GET::::{}
2025-12-07 01:41:08::info::/v1/api/folder/readFolders::d986d518-de4c-472f-b9d5-f4885b222bc9::input-params ::GET::::{}
2025-12-07 01:41:08::info::/v1/api/folder/readFolders::cfab8b81-ad9a-463d-ac4d-803cdb93af2d::input-params ::GET::::{}
2025-12-07 01:41:10::info::/v1/api/folder/readFolders::80d595d1-9703-4621-bbb3-dde363dd8f90::input-params ::GET::::{}
2025-12-07 01:41:10::info::/v1/api/folder/readFolders::e1ef7f4d-b3de-4bc0-a6fd-dedb2a6ed866::input-params ::GET::::{}
2025-12-07 01:41:12::info::/v1/api/folder/readFolders::1d32d219-c106-4a18-a8aa-0a7b09b92f07::input-params ::GET::::{}
2025-12-07 01:41:12::info::/v1/api/folder/readFolders::a1fbe8e9-6a0b-496d-be72-534f82f68db9::input-params ::GET::::{}
2025-12-07 01:41:13::info::/v1/api/folder/readFolders::0e456697-1cf3-4a31-8bd5-56651a737998::input-params ::GET::::{}
2025-12-07 01:41:13::info::/v1/api/folder/readFolders::0b191f3a-d912-4ee5-8c4f-b008914b11ab::input-params ::GET::::{}
2025-12-07 01:41:26::info::/v1/api/folder/updateFolder/692ea748a24cf3e70343ca9a::a4a5441d-eb5d-4215-bb50-8f4cf1d8a2fe::input-params ::PATCH::::{"title":"testing","description":"pháp nerdy"}
2025-12-07 01:41:28::info::/v1/api/folder/readFolders::64ce16b5-aa51-4071-8e9f-ccdb548ae81b::input-params ::GET::::{}
2025-12-07 01:41:28::info::/v1/api/user/me::ce06d97e-b99f-4e2a-a607-a6a9ad904b30::input-params ::GET::::{}
2025-12-07 01:41:28::info::/v1/api/user/me::fa399557-d967-4c45-bf50-b2a00009ba33::input-params ::GET::::{}
2025-12-07 01:41:28::info::/v1/api/folder/readFolders::159441d6-5ab3-4ee0-af18-e7f12a67ea45::input-params ::GET::::{}
2025-12-07 01:41:28::info::/v1/api/folder/readFolders::7530b27d-6636-45be-98f9-949dcb2b99dd::input-params ::GET::::{}
2025-12-07 01:41:28::info::/v1/api/user/me::88645d0e-f694-4bea-8b4a-d099aca78398::input-params ::GET::::{}
2025-12-07 01:41:28::info::/v1/api/user/me::f1552ba5-9e6c-4c1d-b190-e26baac00222::input-params ::GET::::{}
2025-12-07 01:41:28::info::/v1/api/folder/readFolders::bb9c790c-b4d6-427a-b038-12c7cf5403f3::input-params ::GET::::{}
2025-12-07 01:41:29::info::/v1/api/folder/readFolders::0a3bf2dd-75ce-4c4c-9e02-08e3e1f6a4f3::input-params ::GET::::{}
2025-12-07 01:41:29::info::/v1/api/folder/readFolders::58899193-fb0d-4742-8f21-c9414170e139::input-params ::GET::::{}
2025-12-07 01:42:22::info::/v1/api/folder/readFolders::05844419-8d09-4b6f-a3f7-73e73a5f86a7::input-params ::GET::::{}
2025-12-07 01:42:22::info::/v1/api/folder/readFolders::e6330c31-0e58-4f32-b81c-246464b6a60d::input-params ::GET::::{}
2025-12-07 01:42:23::info::/v1/api/folder/readFolders::7b79b926-1170-4fbe-9a71-760561ddbc7a::input-params ::GET::::{}
2025-12-07 01:42:23::info::/v1/api/folder/readFolders::43705e8c-8d14-472b-a223-4cb4761f9622::input-params ::GET::::{}
2025-12-07 01:42:24::info::/v1/api/folder/readFolders::9ff52ab2-3f1b-461d-a125-c5634cfe19ff::input-params ::GET::::{}
2025-12-07 01:42:24::info::/v1/api/folder/readFolders::e57fef70-810a-4b80-a742-f730d08cbc45::input-params ::GET::::{}
2025-12-07 01:42:25::info::/v1/api/folder/readFolders::ec407d86-ff80-42ab-bed6-ce511188a270::input-params ::GET::::{}
2025-12-07 01:42:25::info::/v1/api/folder/readFolders::5ed38917-7ada-4a53-9ff3-f557d8fbe524::input-params ::GET::::{}
2025-12-07 01:42:26::info::/v1/api/folder/readFolders::c43e1701-bb1f-439d-a1d6-70b2e5ab79fb::input-params ::GET::::{}
2025-12-07 01:42:26::info::/v1/api/folder/readFolders::2b36b0ee-1b5d-431a-b0d1-63dcb870f530::input-params ::GET::::{}
2025-12-07 01:42:27::info::/v1/api/folder/readFolders::ca284d37-3793-4d42-8ed4-a976a0d65b00::input-params ::GET::::{}
2025-12-07 01:42:27::info::/v1/api/folder/readFolders::d938d9c8-4277-4174-864d-5b5c4e69b017::input-params ::GET::::{}
2025-12-07 01:42:27::info::/v1/api/folder/readFolders::540ba69f-1d83-45ff-82a8-95786b7aa7e9::input-params ::GET::::{}
2025-12-07 01:42:27::info::/v1/api/folder/readFolders::6bf25561-e629-4728-9d61-324ef4b5bbd9::input-params ::GET::::{}
2025-12-07 01:42:28::info::/v1/api/folder/readFolders::b338508c-7e95-4596-97b1-03122b5a2efa::input-params ::GET::::{}
2025-12-07 01:42:28::info::/v1/api/folder/readFolders::f7c41e0b-9d9f-46d2-84e8-c4d62d27d59a::input-params ::GET::::{}
2025-12-07 01:42:29::info::/v1/api/folder/readFolders::50ec0504-750f-4b6a-936c-9e7a52a5bbba::input-params ::GET::::{}
2025-12-07 01:42:29::info::/v1/api/folder/readFolders::13647ee6-7710-488f-973b-fba421b930cb::input-params ::GET::::{}
2025-12-07 01:42:30::info::/v1/api/folder/readFolders::82e1c407-71b2-4ef7-8f92-7b8bc345cbff::input-params ::GET::::{}
2025-12-07 01:42:30::info::/v1/api/folder/readFolders::7c7f1bcc-355c-4ce1-827d-4efdbc459a92::input-params ::GET::::{}
2025-12-07 01:42:30::info::/v1/api/folder/readFolders::b924ea36-7483-4951-9244-88c6405d7131::input-params ::GET::::{}
2025-12-07 01:42:31::info::/v1/api/folder/readFolders::6ace0c6c-48f1-4761-a9ef-94fbe9d31152::input-params ::GET::::{}
2025-12-07 01:42:31::info::/v1/api/folder/readFolders::8987d216-31a1-4886-ac20-dc266278d4ee::input-params ::GET::::{}
2025-12-07 01:42:31::info::/v1/api/folder/readFolders::0db45132-5221-4d6c-a847-d2e7820d7254::input-params ::GET::::{}
2025-12-07 01:42:32::info::/v1/api/folder/readFolders::c09478dd-9d75-4142-b883-087a97af5115::input-params ::GET::::{}
2025-12-07 01:42:32::info::/v1/api/folder/readFolders::198766c0-e66d-4073-bede-eb2baea75c9f::input-params ::GET::::{}
2025-12-07 01:42:40::info::/v1/api/folder/updateFolder/69342b75b0bc85bc29b0409d::1bed2e6d-2dd7-48bf-a223-462b87744359::input-params ::PATCH::::{"title":"123","description":"danger"}
2025-12-07 01:42:41::info::/v1/api/folder/readFolders::d022dbeb-cb8c-455d-916d-02e8c0167d57::input-params ::GET::::{}
2025-12-07 01:42:41::info::/v1/api/folder/readFolders::a8abe965-9933-47aa-acd6-46e0b1cbd8ff::input-params ::GET::::{}
2025-12-07 01:42:44::info::/v1/api/folder/readFolders::48a5563a-d575-4752-8098-da341aa6ea2d::input-params ::GET::::{}
2025-12-07 01:42:44::info::/v1/api/folder/readFolders::bf675bf5-7d80-425c-b0e6-f8b74cf65d8e::input-params ::GET::::{}
2025-12-07 01:42:53::info::/v1/api/folder/updateFolder/69342b72b0bc85bc29b04098::faca3ea1-9f94-4ee7-b139-59400a9c5775::input-params ::PATCH::::{"title":"tesingggigig","description":"hi"}
2025-12-07 01:42:54::info::/v1/api/folder/readFolders::524bd5bc-be56-4b4e-8b28-8878e4e69f04::input-params ::GET::::{}
2025-12-07 01:42:54::info::/v1/api/folder/readFolders::e475ab53-5b11-4804-b04f-28acb15533a4::input-params ::GET::::{}
2025-12-07 01:43:27::info::/v1/api/folder/readFolders::27a97c9f-1a8f-46a0-a47f-e971ee36f4a7::input-params ::GET::::{}
2025-12-07 01:43:27::info::/v1/api/folder/readFolders::ef95b7a3-ed10-4f18-8c60-92d90f138124::input-params ::GET::::{}
2025-12-07 01:43:37::info::/v1/api/folder/updateFolder/692eaf501412c566a7503aac::03e7bc46-df04-43e8-a89c-ca40c6a1fbd1::input-params ::PATCH::::{"title":"Folder 2","description":"oh"}
2025-12-07 01:43:39::info::/v1/api/folder/readFolders::49d88624-1518-451e-a647-16c71d6434b0::input-params ::GET::::{}
2025-12-07 01:43:39::info::/v1/api/user/me::2da1500e-3cf6-4f9b-bd32-49cc4c565b32::input-params ::GET::::{}
2025-12-07 01:43:39::info::/v1/api/user/me::231dbf3b-6dba-4c5b-8984-ffae2b4d8a74::input-params ::GET::::{}
2025-12-07 01:43:39::info::/v1/api/folder/readFolders::8cb50dfe-4446-4f7a-b0b6-4d1ffbcf3602::input-params ::GET::::{}
2025-12-07 01:43:40::info::/v1/api/folder/readFolders::c124a145-bac0-4025-a877-039721f7145b::input-params ::GET::::{}
2025-12-07 01:43:40::info::/v1/api/folder/readFolders::965b3e6b-3580-4eb1-9bb9-ffd762b50604::input-params ::GET::::{}
2025-12-07 01:43:41::info::/v1/api/folder/readFolders::1f16b3d6-539d-4a92-b486-fd5e23b1e804::input-params ::GET::::{}
2025-12-07 01:43:42::info::/v1/api/folder/readFolders::8f2f4104-e7a1-4b0c-b659-64e36e45ab67::input-params ::GET::::{}
2025-12-07 01:43:43::info::/v1/api/folder/readFolders::a411a831-d1eb-497d-a17b-a904c31a9dd9::input-params ::GET::::{}
2025-12-07 01:43:43::info::/v1/api/user/me::3ec7f11f-b256-4919-b179-34c199357a66::input-params ::GET::::{}
2025-12-07 01:43:43::info::/v1/api/user/me::a9aa575b-f847-4f47-ba02-eb4e17c920c8::input-params ::GET::::{}
2025-12-07 01:43:43::info::/v1/api/folder/readFolders::aeb00a4c-8465-46d9-8763-a675cb80b6e4::input-params ::GET::::{}
2025-12-07 01:43:44::info::/v1/api/folder/readFolders::6c081985-7d97-46fe-a980-5824348899e3::input-params ::GET::::{}
2025-12-07 01:43:44::info::/v1/api/user/me::e9fd3eb6-c41b-4750-94e6-10c85b1e6c20::input-params ::GET::::{}
2025-12-07 01:43:44::info::/v1/api/user/me::cd685fbc-66ef-4401-9de4-0739b07027ca::input-params ::GET::::{}
2025-12-07 01:43:44::info::/v1/api/folder/readFolders::6a71baa9-0144-44a0-aa6d-1c89f81e94f6::input-params ::GET::::{}
2025-12-07 01:43:48::info::/v1/api/folder/readFolders::5f65058a-41b2-451f-bd43-169680db53a3::input-params ::GET::::{}
2025-12-07 01:43:48::info::/v1/api/folder/readFolders::a0c34b9a-02d4-45c7-a816-c66311c9d290::input-params ::GET::::{}
2025-12-07 01:43:49::info::/v1/api/folder/readFolders::ac85d281-041f-4d5f-9333-38a8f17ff732::input-params ::GET::::{}
2025-12-07 01:43:49::info::/v1/api/folder/readFolders::346d84f8-d502-42b2-a72a-2320f5eb7baa::input-params ::GET::::{}
2025-12-07 01:43:56::info::/v1/api/folder/updateFolder/692ea6df1c7fd171043051c8::80ce3a09-51c6-4532-bd6b-ad68e64c9fce::input-params ::PATCH::::{"title":"ssss","description":""}
2025-12-07 01:43:59::info::/v1/api/folder/readFolders::4c0c63b1-e107-4bbe-b77c-f053f0aea51f::input-params ::GET::::{}
2025-12-07 01:43:59::info::/v1/api/user/me::32e1df96-bc25-431c-867f-39368653b146::input-params ::GET::::{}
2025-12-07 01:43:59::info::/v1/api/user/me::ba36572d-cff4-4d96-ab77-0330ccd9aa24::input-params ::GET::::{}
2025-12-07 01:43:59::info::/v1/api/folder/readFolders::82ceb5a4-f76f-47fc-a1f5-2a6e3445d0b7::input-params ::GET::::{}
2025-12-07 01:44:11::info::/v1/api/folder/updateFolder/692ea6df1c7fd171043051c8::d7637bc5-1e08-431a-911d-257bd5c5d33f::input-params ::PATCH::::{"title":"hhhhh","description":""}
2025-12-07 01:44:12::info::/v1/api/folder/readFolders::fa6e5d62-cfd8-4fb3-8539-1754a8b14c9c::input-params ::GET::::{}
2025-12-07 01:44:12::info::/v1/api/folder/readFolders::5de66a1f-e1da-43cf-baa5-0fe7dc65851b::input-params ::GET::::{}
2025-12-07 01:44:23::info::/v1/api/folder/createFolder::b58313e0-58fc-4b51-ae7d-2d928d9df444::input-params ::POST::::{"title":"ủa","description":""}
2025-12-07 01:44:23::info::/v1/api/folder/readFolders::4b6f0239-bb04-4a40-8b86-8e1bcd8cb5c5::input-params ::GET::::{}
2025-12-07 01:44:25::info::/v1/api/folder/readFolders::affe6d42-a53a-4ef3-b6d5-ebaa535f0a11::input-params ::GET::::{}
2025-12-07 01:44:25::info::/v1/api/folder/readFolders::e89354df-16df-44ad-86be-bbf5e6a1bbc9::input-params ::GET::::{}
2025-12-07 01:44:49::info::/v1/api/folder/readFolders::4251a9cc-71a7-413d-93cf-a47e207ed644::input-params ::GET::::{}
2025-12-07 01:44:49::info::/v1/api/folder/readFolders::d1fa88e1-63f1-4ef5-bda4-61971ac2c5e0::input-params ::GET::::{}
2025-12-07 01:44:50::info::/v1/api/folder/readFolders::2ab0d38c-f63f-4326-b409-c991fc2cb3a8::input-params ::GET::::{}
2025-12-07 01:44:50::info::/v1/api/user/me::1bfd8f15-7d10-47ce-8a90-1344cd860fe0::input-params ::GET::::{}
2025-12-07 01:44:50::info::/v1/api/user/me::382094d8-c66d-41ec-96e6-3eadc92908d6::input-params ::GET::::{}
2025-12-07 01:44:51::info::/v1/api/folder/readFolders::a40d610d-066a-4d52-8a79-270ade5a07d6::input-params ::GET::::{}
2025-12-07 01:46:12::info::/v1/api/folder/readFolders::9b585372-5cb7-404e-9aae-570ebf5d70d3::input-params ::GET::::{}
2025-12-07 01:46:13::info::/v1/api/folder/readFolders::48b7c92d-4dc4-45e8-81b7-2ab682023124::input-params ::GET::::{}
2025-12-07 01:46:19::info::/v1/api/folder/readFolders::a91d80ea-4305-48dc-83dd-a5cdbb094cd5::input-params ::GET::::{}
2025-12-07 01:46:24::info::/v1/api/folder/readFolders::62e03468-522d-49bf-ad6c-7aef07a339cd::input-params ::GET::::{}
2025-12-07 01:46:31::info::/v1/api/folder/readFolders::b4652b98-5b14-44f3-baeb-10e2e2b6a210::input-params ::GET::::{}
2025-12-07 01:46:31::info::/v1/api/user/me::f142faf0-1d68-487d-9903-821bcc0345c6::input-params ::GET::::{}
2025-12-07 01:46:31::info::/v1/api/user/me::730918c6-9c32-4818-a929-2b69b76abede::input-params ::GET::::{}
2025-12-07 01:46:31::info::/v1/api/folder/readFolders::73700e39-4bd2-4ec8-a9d0-f81b2fc33ccc::input-params ::GET::::{}
2025-12-07 01:46:33::info::/v1/api/folder/readFolders::d5ae37be-4aa1-42bb-b3ba-3da195dd7d5e::input-params ::GET::::{}
2025-12-07 01:46:33::info::/v1/api/user/me::0381f30c-219b-486a-bd37-8564e81581e0::input-params ::GET::::{}
2025-12-07 01:46:33::info::/v1/api/user/me::e701dad6-cf57-4b6b-b577-53065ed202fa::input-params ::GET::::{}
2025-12-07 01:46:33::info::/v1/api/folder/readFolders::de7d0fa4-3fd2-4ff7-af80-afca150e6fac::input-params ::GET::::{}
2025-12-07 01:46:55::info::/v1/api/folder/readFolders::f7866e84-cddb-49d1-8409-67f3696ecd28::input-params ::GET::::{}
2025-12-07 01:47:00::info::/v1/api/folder/readFolders::71e9011f-8e58-4fad-85b8-c0030d540625::input-params ::GET::::{}
2025-12-07 01:47:00::info::/v1/api/user/me::f741f220-995a-48af-a177-9dd66c8637b1::input-params ::GET::::{}
2025-12-07 01:47:00::info::/v1/api/user/me::27d8cb48-bca0-4814-8769-4d9f26d50cd4::input-params ::GET::::{}
2025-12-07 01:47:00::info::/v1/api/folder/readFolders::d4e154c1-83c1-4193-9994-98c44f1b1356::input-params ::GET::::{}
2025-12-07 01:47:02::info::/v1/api/folder/readFolders::18dcb1c1-633d-4ef9-80cc-eaad9a5328d3::input-params ::GET::::{}
2025-12-07 01:47:02::info::/v1/api/user/me::65cb2409-3fb4-44db-b46a-1e3273c5643c::input-params ::GET::::{}
2025-12-07 01:47:02::info::/v1/api/user/me::b4dc303d-da59-406d-9294-d628e496f945::input-params ::GET::::{}
2025-12-07 01:47:02::info::/v1/api/folder/readFolders::e7f3eae5-47dc-4c19-b210-2c889dd7bd91::input-params ::GET::::{}
2025-12-07 01:47:02::info::/v1/api/folder/readFolders::d74691ba-43bd-475b-ae9b-7b10e55ac828::input-params ::GET::::{}
2025-12-07 01:47:02::info::/v1/api/user/me::e5d8e829-cbd1-4694-9edf-82dc0c793cad::input-params ::GET::::{}
2025-12-07 01:47:02::info::/v1/api/user/me::88ec4be3-19cd-4f37-9c8c-6ac5cd3d624b::input-params ::GET::::{}
2025-12-07 01:47:02::info::/v1/api/folder/readFolders::e7d735ef-9bec-49a7-8870-b9108948e000::input-params ::GET::::{}
2025-12-07 01:47:03::info::/v1/api/folder/readFolders::955e0b3a-6546-43c4-81fb-0780ab6e0f20::input-params ::GET::::{}
2025-12-07 01:47:03::info::/v1/api/user/me::df4f3cff-af59-4bae-9d03-28fb1687d4e1::input-params ::GET::::{}
2025-12-07 01:47:03::info::/v1/api/folder/readFolders::3ac6311d-5d08-430c-a2ed-c38325e25693::input-params ::GET::::{}
2025-12-07 01:47:03::info::/v1/api/folder/readFolders::e4176d93-3abe-4fa6-8974-43792d335d47::input-params ::GET::::{}
2025-12-07 01:47:03::info::/v1/api/user/me::fe22ec43-ce80-40dd-809e-461d74be60d0::input-params ::GET::::{}
2025-12-07 01:47:03::info::/v1/api/user/me::c6594596-3844-44d2-bdce-e869668d4337::input-params ::GET::::{}
2025-12-07 01:47:03::info::/v1/api/folder/readFolders::f449e48d-13d1-46df-b9b0-674bc856027f::input-params ::GET::::{}
2025-12-07 01:47:04::info::/v1/api/folder/readFolders::4ba1be69-4e7a-40ac-9994-d283259f24a9::input-params ::GET::::{}
2025-12-07 01:47:04::info::/v1/api/user/me::00476222-41f4-41f7-a911-39be7b6e3d1a::input-params ::GET::::{}
2025-12-07 01:47:04::info::/v1/api/user/me::55da5a4d-98e2-4dd0-9834-1f8838ebfc2b::input-params ::GET::::{}
2025-12-07 01:47:04::info::/v1/api/folder/readFolders::8333e2c4-e3ca-4690-9b98-73a9a93fed5e::input-params ::GET::::{}
2025-12-07 01:47:04::info::/v1/api/folder/readFolders::144efeeb-9f32-4c45-a27a-7b4a10ef1c58::input-params ::GET::::{}
2025-12-07 01:47:04::info::/v1/api/user/me::9a627b2a-b554-4159-b739-6dbb2ca5f3fc::input-params ::GET::::{}
2025-12-07 01:47:04::info::/v1/api/user/me::cc21318e-8734-44e0-a342-7a75cd3bce4d::input-params ::GET::::{}
2025-12-07 01:47:04::info::/v1/api/folder/readFolders::a3d45c36-56c1-4b7a-a243-451d14d40fa3::input-params ::GET::::{}
2025-12-07 01:47:05::info::/v1/api/folder/readFolders::46b29287-da89-4515-9930-aa0b4ca8ed4a::input-params ::GET::::{}
2025-12-07 01:47:05::info::/v1/api/user/me::e2e70969-b7fd-43d9-b64b-51516010435a::input-params ::GET::::{}
2025-12-07 01:47:05::info::/v1/api/user/me::1e76a2cc-67f8-4eab-a792-0b1dd2611047::input-params ::GET::::{}
2025-12-07 01:47:05::info::/v1/api/folder/readFolders::414be552-c903-475b-974f-a4d4c0753c87::input-params ::GET::::{}
2025-12-07 01:47:15::info::/v1/api/folder/readFolders::bd9a16b5-3e31-4c03-98b0-861a830d02ad::input-params ::GET::::{}
2025-12-07 01:47:19::info::/v1/api/folder/readFolders::cb773b7b-a1ac-48d3-a692-acf421566ef0::input-params ::GET::::{}
2025-12-07 01:48:14::info::/v1/api/folder/readFolders::8d4e504a-ea0f-4db4-aec6-805b49f45e34::input-params ::GET::::{}
2025-12-07 01:48:18::info::/v1/api/folder/readFolders::30b39299-38bd-45ec-90f3-4dd47607db6d::input-params ::GET::::{}
2025-12-07 01:48:58::info::/v1/api/folder/readFolders::37232d88-7317-4efc-87d2-3c4cce0ae27d::input-params ::GET::::{}
2025-12-07 01:48:58::info::/v1/api/user/me::1e8817c1-f5a3-440d-9b95-f7bc6a6a683b::input-params ::GET::::{}
2025-12-07 01:48:58::info::/v1/api/user/me::06343072-3478-444e-a7af-556bec48230d::input-params ::GET::::{}
2025-12-07 01:48:59::info::/v1/api/folder/readFolders::3b96f4d5-d549-449a-919d-54ca942260e1::input-params ::GET::::{}
2025-12-07 01:48:59::info::/v1/api/user/me::96ba23c4-6097-4e69-a0ff-4a0006029b7b::input-params ::GET::::{}
2025-12-07 01:48:59::info::/v1/api/user/me::b103ae16-446c-445b-8b5d-9d4543870fab::input-params ::GET::::{}
2025-12-07 01:48:59::info::/v1/api/folder/readFolders::dbeb72e1-9b2b-486a-be30-a12ca1ea3ef3::input-params ::GET::::{}
2025-12-07 01:48:59::info::/v1/api/folder/readFolders::5d7258d3-e5a4-4dde-91f9-ab5dbf1f1d03::input-params ::GET::::{}
2025-12-07 01:48:59::info::/v1/api/user/me::9c02596b-2c6b-48cc-a27f-30a1ed28ceb0::input-params ::GET::::{}
2025-12-07 01:48:59::info::/v1/api/user/me::51b97a2b-9877-458c-b34c-97fe4da958a6::input-params ::GET::::{}
2025-12-07 01:48:59::info::/v1/api/folder/readFolders::8899eb8f-193b-4a94-af48-7f6f6f9384a0::input-params ::GET::::{}
2025-12-07 01:49:15::info::/v1/api/folder/readFolders::b7425664-1641-4df8-bb04-a010092bff3e::input-params ::GET::::{}
2025-12-07 01:49:15::info::/v1/api/folder/readFolders::fc1436f1-899e-43b2-99bc-c63b15768614::input-params ::GET::::{}
2025-12-07 01:49:16::info::/v1/api/folder/readFolders::65d81c9f-521f-4754-b555-f699b19855d1::input-params ::GET::::{}
2025-12-07 01:49:16::info::/v1/api/folder/readFolders::372e905a-7c87-4aa6-a132-d57f5e2a9199::input-params ::GET::::{}
2025-12-07 01:49:20::info::/v1/api/folder/updateFolder/692ea6df1c7fd171043051c8::7e08df00-c13c-424b-8c1a-14b869e3ce08::input-params ::PATCH::::{"title":"hhhhh","description":"ssss"}
2025-12-07 01:49:27::info::/v1/api/folder/updateFolder/692ea6df1c7fd171043051c8::a4f2ccf2-b65d-4790-96ec-16a72554b178::input-params ::PATCH::::{"title":"hhhhh","description":""}
2025-12-07 01:51:22::info::/v1/api/folder/readFolders::4097e367-b5f9-40be-97e5-7d683adbd497::input-params ::GET::::{}
2025-12-07 01:51:23::info::/v1/api/folder/readFolders::22496bc2-db71-4220-b1a4-cfc362ecfdf6::input-params ::GET::::{}
2025-12-07 01:51:30::info::/v1/api/folder/readFolders::d577cbb0-46f1-43fd-98d2-1f9740bc9e60::input-params ::GET::::{}
2025-12-07 01:51:44::info::/v1/api/folder/readFolders::7a00676e-b7c1-47d6-bfd8-9027b1a488df::input-params ::GET::::{}
2025-12-07 01:51:44::info::/v1/api/user/me::7b450de0-e615-4846-af06-2ff11778b94a::input-params ::GET::::{}
2025-12-07 01:51:44::info::/v1/api/user/me::05e40a4c-46b9-4244-8464-35bb71e2f51e::input-params ::GET::::{}
2025-12-07 01:51:44::info::/v1/api/folder/readFolders::0b726869-c479-41bc-bed4-8c39bb9b9e41::input-params ::GET::::{}
2025-12-07 01:51:58::info::/v1/api/folder/readFolders::5a983fdf-9f7c-4f4d-a03b-4be53bd313d4::input-params ::GET::::{}
2025-12-07 01:51:58::info::/v1/api/user/me::e49bc336-7918-4869-9577-25a122de17e7::input-params ::GET::::{}
2025-12-07 01:51:58::info::/v1/api/user/me::162e84a1-78f9-4136-b4ba-ecd46d48034e::input-params ::GET::::{}
2025-12-07 01:51:58::info::/v1/api/folder/readFolders::b2c54608-3f99-4d09-83db-ca572cdeb975::input-params ::GET::::{}
2025-12-07 01:52:02::info::/v1/api/folder/updateFolder/692ea6df1c7fd171043051c8::bd3ed403-525b-4d0a-8f52-c64de5c376ce::input-params ::PATCH::::{"title":"hhhhh","description":"ssss"}
2025-12-07 01:52:38::info::/v1/api/folder/readFolders::44548994-119e-457c-a560-d3e6d4a95408::input-params ::GET::::{}
2025-12-07 01:52:40::info::/v1/api/folder/readFolders::a251e3df-abf2-4b19-adda-538cccb11a01::input-params ::GET::::{}
2025-12-07 01:52:53::info::/v1/api/folder/readFolders::3e3f1440-4f6f-42ce-b501-90a2d1f910ce::input-params ::GET::::{}
2025-12-07 01:52:55::info::/v1/api/folder/readFolders::607c7199-fa29-434b-a30b-dc7b5adfb342::input-params ::GET::::{}
2025-12-07 01:52:57::info::/v1/api/folder/readFolders::1c4cd967-f68d-4429-9002-a692f987d2c1::input-params ::GET::::{}
2025-12-07 01:52:58::info::/v1/api/folder/readFolders::c0262488-8a13-4ee3-a82c-05a678e1b25c::input-params ::GET::::{}
2025-12-07 01:52:58::info::/v1/api/user/me::1e6ddeb0-89c5-4c89-93fc-869a696bd2b2::input-params ::GET::::{}
2025-12-07 01:52:58::info::/v1/api/user/me::6081dec4-e730-4393-8a12-b0a8f8958d51::input-params ::GET::::{}
2025-12-07 01:52:58::info::/v1/api/folder/readFolders::362f54ec-5123-4eb8-9740-9175bb8f396f::input-params ::GET::::{}
2025-12-07 01:53:01::info::/v1/api/folder/readFolders::521966cb-787a-476d-b0cc-9a984177560c::input-params ::GET::::{}
2025-12-07 01:53:01::info::/v1/api/folder/readFolders::4cc029b0-b8eb-4cff-a0fc-142375388788::input-params ::GET::::{}
2025-12-07 01:53:02::info::/v1/api/folder/readFolders::1c21db2f-4aae-4572-a34b-f84752238ed5::input-params ::GET::::{}
2025-12-07 01:53:02::info::/v1/api/folder/readFolders::2a60d9ff-51d1-4743-a29e-215e7b93d79b::input-params ::GET::::{}
2025-12-07 01:53:15::info::/v1/api/folder/readFolders::ce938333-e290-4597-bbe8-fb0c6e11c1d4::input-params ::GET::::{}
2025-12-07 01:53:15::info::/v1/api/folder/readFolders::6a9168d0-b18e-49aa-ae38-12e95c3db04c::input-params ::GET::::{}
2025-12-07 01:53:18::info::/v1/api/folder/readFolders::8807e0c2-687f-4a90-ad5e-f532390109ec::input-params ::GET::::{}
2025-12-07 01:53:18::info::/v1/api/folder/readFolders::ad0f4333-af64-480f-b67f-38393483a683::input-params ::GET::::{}
2025-12-07 02:03:06::info::/v1/api/folder/readFolders::67464c19-cbed-4ea3-bc48-0c15090afd25::input-params ::GET::::{}
2025-12-07 02:03:07::info::/v1/api/folder/readFolders::f3b7bd8b-a7b7-44f7-a8b3-6f2519896310::input-params ::GET::::{}
2025-12-07 02:05:08::info::/v1/api/folder/readFolders::a9746581-2b85-42d8-91ea-65b028c86f3a::input-params ::GET::::{}
2025-12-07 02:05:10::info::/v1/api/folder/readFolders::19e9aba0-b69d-4579-a5c2-99a8de82a529::input-params ::GET::::{}
2025-12-07 02:05:10::info::/v1/api/user/me::c1e15035-1ec2-4234-ab53-d43718a8dc0d::input-params ::GET::::{}
2025-12-07 02:05:10::info::/v1/api/user/me::e8f63c6f-3bd8-4cb0-946a-f9b6cab9e1f3::input-params ::GET::::{}
2025-12-07 02:05:10::info::/v1/api/folder/readFolders::0fd7a3b1-9273-4ed6-8011-dbe721ae7886::input-params ::GET::::{}
2025-12-07 02:05:32::info::/v1/api/folder/readFolders::de0453f5-11fe-4d73-b85a-85b4fb58c1e4::input-params ::GET::::{}
2025-12-07 02:06:21::info::/v1/api/folder/updateFolder/692ea6df1c7fd171043051c8::1abe8faf-3030-4344-839c-5c05558230a0::input-params ::PATCH::::{"title":"hhhhh","description":"ssss"}
2025-12-07 02:06:35::info::/v1/api/folder/updateFolder/692ea6df1c7fd171043051c8::05d28c39-8c3a-48f0-bae7-3453d18a4788::input-params ::PATCH::::{"title":"hhhhh","description":"ssss"}
2025-12-07 02:06:40::info::/v1/api/folder/updateFolder/692ea6df1c7fd171043051c8::e1e71610-4f1c-4986-9945-449d559af9af::input-params ::PATCH::::{"title":"hhhhh","description":"ssss"}
2025-12-07 02:06:43::info::/v1/api/folder/updateFolder/692ea6df1c7fd171043051c8::a0943d07-4ac4-46be-b768-9bcb5c545678::input-params ::PATCH::::{"title":"hhhhh","description":"ssss"}
2025-12-07 02:07:54::info::/v1/api/folder/readFolders::d79a665b-dceb-4c8a-87db-aee5f840f0ff::input-params ::GET::::{}
2025-12-07 02:07:58::info::/v1/api/folder/readFolders::85516dd1-c5dc-4c0c-9e8b-f9809dba7c23::input-params ::GET::::{}
2025-12-07 02:07:59::info::/v1/api/folder/readFolders::c29cb54c-7845-46b9-af61-c8c15f947578::input-params ::GET::::{}
2025-12-07 02:08:04::info::/v1/api/folder/readFolders::e2e15207-a231-4c44-a7f7-0dabe7d71c85::input-params ::GET::::{}
2025-12-07 02:08:07::info::/v1/api/folder/readFolders::b9bac9cd-2690-4b3b-9722-cf337cf66690::input-params ::GET::::{}
2025-12-07 02:08:17::info::/v1/api/folder/readFolders::e57b81f1-57e7-43a7-8c9a-476b4609922d::input-params ::GET::::{}
2025-12-07 02:08:28::info::/v1/api/folder/readFolders::839793d6-3539-43c7-8c6f-55cc48dce093::input-params ::GET::::{}
2025-12-07 02:08:57::info::/v1/api/folder/readFolders::33f28211-a1f4-41ac-af58-87b11b6ed2ef::input-params ::GET::::{}
2025-12-07 02:08:57::info::/v1/api/folder/readFolders::89334e36-4ec1-4d69-8c99-c3506beba489::input-params ::GET::::{}
2025-12-07 02:09:23::info::/v1/api/folder/readFolders::ccd7cad4-61ec-4fa5-abac-4ac63c5f9172::input-params ::GET::::{}
2025-12-07 02:09:28::info::/v1/api/folder/readFolders::ece8de5b-49f2-42ff-98a6-634616e31e3e::input-params ::GET::::{}
2025-12-07 02:09:48::info::/v1/api/folder/readFolders::36bae148-6256-4a25-8a3e-014588195bbc::input-params ::GET::::{}
2025-12-07 02:09:53::info::/v1/api/folder/readFolders::fe5f6d1e-edb3-49c3-bb79-dae73093214b::input-params ::GET::::{}
2025-12-07 02:09:53::info::/v1/api/folder/readFolders::37fdcce4-783d-4cf5-a170-9eab40503f92::input-params ::GET::::{}
2025-12-07 02:15:07::info::/v1/api/folder/readFolders::1fb94cab-69b7-4c6f-b524-f520b3eb0265::input-params ::GET::::{}
2025-12-07 02:15:15::info::/v1/api/folder/readFolders::00d80cf5-f3b2-43d2-ab00-44efc9c6f75b::input-params ::GET::::{}
2025-12-07 02:15:18::info::/v1/api/folder/readFolders::ed1eec8c-ec39-4960-b629-6ff19633d340::input-params ::GET::::{}
2025-12-07 02:15:22::info::/v1/api/folder/readFolders::b3ee8d01-782a-4e31-9941-a449a22d0e3e::input-params ::GET::::{}
2025-12-07 02:17:10::info::/v1/api/folder/readFolders::bac47dcc-8ab8-4d94-9fca-9c2f56cf7c21::input-params ::GET::::{}
