2025-12-08 07:48:55::error::/v1/api/patientRecord/readPatientRecord/69359c05a977de4cf1c0e576::07eb2f81-cb15-4d33-94e5-0fabcdaca898::handler-error::{"status":404,"message":"Not Found Route"}
2025-12-08 07:48:56::error::/v1/api/patientRecord/readPatientRecord/69359c05a977de4cf1c0e576::a655df72-c493-48ae-b967-5eba43e3358b::handler-error::{"status":404,"message":"Not Found Route"}
2025-12-08 07:48:58::error::/v1/api/patientRecord/readPatientRecord/69359c05a977de4cf1c0e576::91f99855-f35b-4292-b47f-0b46ef77d3d0::handler-error::{"status":404,"message":"Not Found Route"}
2025-12-08 07:48:58::error::/v1/api/patientRecord/readPatientRecord/69359c05a977de4cf1c0e576::7daaccce-5394-4dd7-8660-0c8e9b1fdd88::handler-error::{"status":404,"message":"Not Found Route"}
2025-12-08 07:50:10::error::/v1/api/patientRecord/readPatientRecord/69359c05a977de4cf1c0e576::acb5f5e3-5c78-4fb6-95c0-2ee4409a5489::handler-error::{"status":404,"message":"Not Found Route"}
2025-12-08 07:50:10::error::/v1/api/patientRecord/readPatientRecord/69359c05a977de4cf1c0e576::974e6b50-fee6-4268-9faf-d66090c9a888::handler-error::{"status":404,"message":"Not Found Route"}
2025-12-08 07:51:21::error::/v1/api/patientRecord/readPatientRecord/69359c05a977de4cf1c0e576::59ecc6f8-b038-446f-a1ae-daea224e4956::handler-error::{"status":404,"message":"Record not found"}
2025-12-08 07:51:22::error::/v1/api/patientRecord/readPatientRecord/69359c05a977de4cf1c0e576::f3689d46-a062-4b2a-ab26-ea0ce5ca209a::handler-error::{"status":404,"message":"Record not found"}
2025-12-08 07:51:34::error::/v1/api/patientRecord/readPatientRecord/69359c05a977de4cf1c0e576::c94dd4a4-f725-4601-9693-1712a08973a4::handler-error::{"status":404,"message":"Record not found"}
2025-12-08 07:51:34::error::/v1/api/patientRecord/readPatientRecord/69359c05a977de4cf1c0e576::1e6f28d6-8cad-4eb5-a281-e2fd42370a9e::handler-error::{"status":404,"message":"Record not found"}
2025-12-08 15:53:53::error::/v1/api/user/me::9b232bcc-ceb2-4316-a2f8-f3c1b1bd96a5::handler-error::{"status":500,"message":"error:1C800064:Provider routines::bad decrypt"}
2025-12-08 15:53:53::error::/v1/api/user/me::92f6d663-4344-4f5f-aa51-15261726832e::handler-error::{"status":500,"message":"error:1C800064:Provider routines::bad decrypt"}
2025-12-08 21:13:38::error::/v1/api/storyCategory/readCategoryArtworks/69357e3a0adf8fece4c97368::e5b5a726-d25a-449e-81a6-1c53e4fd42cb::handler-error::{"status":404,"message":"Not Found Route"}
2025-12-08 21:13:38::error::/v1/api/storyCategory/readCategories::91a40c47-5009-47a1-acd4-7292db2b9446::handler-error::{"status":404,"message":"Not Found Route"}
2025-12-08 21:13:38::error::/v1/api/story/readStories::da0e8f95-933b-42ad-ad72-29b659d16d51::handler-error::{"status":404,"message":"Not Found Route"}
2025-12-08 21:13:38::error::/v1/api/post/readArtworks/67df542f60caf4e40bbd4ac7::cb00e0f7-a3cf-480a-8f73-1bfef6fa0ee9::handler-error::{"status":404,"message":"Not Found Route"}
2025-12-08 21:13:39::error::/v1/api/user/me::5f624803-479e-48eb-a03d-8b6a11487034::handler-error::{"status":500,"message":"error:1C800064:Provider routines::bad decrypt"}
2025-12-08 21:13:39::error::/v1/api/user/me::2602f999-b66d-464f-a357-45ab5d6dfa11::handler-error::{"status":500,"message":"error:1C800064:Provider routines::bad decrypt"}
2025-12-08 21:13:40::error::/v1/api/user/me::f0def68d-0143-4c54-bf89-e77bcd3745bd::handler-error::{"status":500,"message":"error:1C800064:Provider routines::bad decrypt"}
2025-12-08 21:13:40::error::/v1/api/user/me::ee6294e2-5e00-48d9-8a6f-da7adc70180b::handler-error::{"status":500,"message":"error:1C800064:Provider routines::bad decrypt"}
2025-12-08 21:30:09::error::/v1/api/patientRecord/createPatientRecord::48388423-b532-4bcd-b8f5-10f8b155399b::handler-error::{"status":403,"message":"Patient already exists"}
