2025-12-11 10:25:39::error::/v1/api/user/me::8f7ee9af-71cf-45d5-852e-2b5598309002::handler-error::{"status":404,"message":"Please login to continue"}
2025-12-11 10:25:39::error::/v1/api/user/me::1509bcc4-5a5e-49ac-ba34-a6593a027745::handler-error::{"status":404,"message":"Please login to continue"}
2025-12-11 15:50:09::error::/v1/api/conversation/conversations::4187f78e-79e0-4ab9-9aa7-04666c173c8d::handler-error::{"status":404,"message":"Not Found Route"}
2025-12-11 15:50:10::error::/v1/api/conversation/conversations::499c57cb-f467-4c12-836b-cadbb47f2e69::handler-error::{"status":404,"message":"Not Found Route"}
2025-12-11 15:52:39::error::/v1/api/conversation/raedConversations::8cd4d0cf-41d9-413c-9baa-5cc76a61e0ac::handler-error::{"status":404,"message":"Not Found Route"}
2025-12-11 16:19:36::error::/v1/api/conversation/readConversation/693a8c925dbe463b3ad4c21d::bfc58086-006d-4f5e-adc5-b5b7aad2bfe4::handler-error::{"status":404,"message":"Not Found Route"}
2025-12-11 16:19:36::error::/v1/api/conversation/readConversation/693a8c925dbe463b3ad4c21d::48f78375-3193-4a8d-aaa9-f23b533e073e::handler-error::{"status":404,"message":"Not Found Route"}
2025-12-11 16:19:40::error::/v1/api/conversation/readConversation/693a8c925dbe463b3ad4c21d::8d3c1587-5e07-45a0-a884-92c47049db94::handler-error::{"status":404,"message":"Not Found Route"}
2025-12-11 16:19:40::error::/v1/api/conversation/readConversation/693a8c925dbe463b3ad4c21d::aaf6de12-5425-498c-ad08-2529cc9fae1b::handler-error::{"status":404,"message":"Not Found Route"}
2025-12-11 16:19:43::error::/v1/api/conversation/readConversation/693a8c925dbe463b3ad4c21d::65533c25-b3df-4144-9bf3-ba4c33f11d01::handler-error::{"status":404,"message":"Not Found Route"}
2025-12-11 16:19:43::error::/v1/api/conversation/readConversation/693a8c925dbe463b3ad4c21d::5fadfcaf-bf9b-4c2e-867c-e9a904e3844c::handler-error::{"status":404,"message":"Not Found Route"}
2025-12-11 16:20:09::error::/v1/api/conversation/readConversation/693a8c925dbe463b3ad4c21d::59c8dc6d-427c-4008-8ef0-0ffda4983588::handler-error::{"status":404,"message":"Not Found Route"}
2025-12-11 16:20:09::error::/v1/api/conversation/readConversation/693a8c925dbe463b3ad4c21d::ade95fe8-ee3d-4081-8626-25b53488a871::handler-error::{"status":404,"message":"Not Found Route"}
2025-12-11 16:20:38::error::/v1/api/conversation/readConversation/693a8c925dbe463b3ad4c21d::a1f1d45b-ec73-43b3-9f75-1ace01a0c8a1::handler-error::{"status":404,"message":"Not Found Route"}
2025-12-11 16:20:38::error::/v1/api/conversation/readConversation/693a8c925dbe463b3ad4c21d::2e2fb2f6-62cd-42d6-966e-597254fc7188::handler-error::{"status":404,"message":"Not Found Route"}
2025-12-11 16:20:42::error::/v1/api/conversation/readConversation/693a8c925dbe463b3ad4c21d::6568c130-d90c-48f0-a104-2487efa11840::handler-error::{"status":404,"message":"Not Found Route"}
2025-12-11 16:20:42::error::/v1/api/conversation/readConversation/693a8c925dbe463b3ad4c21d::fc6c1c46-9fe5-4709-9a46-7970b053ff40::handler-error::{"status":404,"message":"Not Found Route"}
2025-12-11 16:20:43::error::/v1/api/conversation/readConversation/693a8c925dbe463b3ad4c21d::d2f3dd85-88ff-41db-9777-cb44998cd647::handler-error::{"status":404,"message":"Not Found Route"}
2025-12-11 16:20:43::error::/v1/api/conversation/readConversation/693a8c925dbe463b3ad4c21d::05499692-990f-4b66-94ee-c1afd392bf74::handler-error::{"status":404,"message":"Not Found Route"}
2025-12-11 16:20:54::error::/v1/api/conversation/readConversationDetail/693a8c925dbe463b3ad4c21d::0ceb9657-38e4-49fc-90a8-446cede32546::handler-error::{"status":500,"message":"Cannot destructure property 'id' of 'req.params' as it is undefined."}
