2025-12-21 12:16:08::info::/v1/api/user/me::8f0fb08a-f0dd-4138-912b-5103c81b053d::input-params ::GET::::{}
2025-12-21 12:16:08::info::/v1/api/user/me::7f04bba3-887e-4610-aaaa-551b5ffbbad5::input-params ::GET::::{}
2025-12-21 12:16:29::info::/v1/api/auth/login::dc04bd6e-9981-4b39-bf35-71ba851e3c3e::input-params ::POST::::{"email":"phapluu2k5tqt@gmail.com","password":"PhapNhat987AZ@"}
2025-12-21 12:16:29::info::/v1/api/user/me::452bb94e-6a14-4468-abfa-ffaf87cb648c::input-params ::GET::::{}
2025-12-21 12:16:29::info::/v1/api/folder/readFolders::4f626cb5-3b2d-4ca1-8fde-ece82358350c::input-params ::GET::::{}
2025-12-21 12:16:29::info::/v1/api/folder/readFolders::52b900b6-d7c5-455f-9a1a-cc92d0aea751::input-params ::GET::::{}
2025-12-21 12:16:31::info::/v1/api/folder/readFolder/6939a80b035dea9503dfca30::96c05989-6748-4687-9470-867987b96372::input-params ::GET::::{}
2025-12-21 12:16:32::info::/v1/api/folder/readFolder/6939a80b035dea9503dfca30::455ddac7-0864-420b-8b5f-7fb3960cd227::input-params ::GET::::{}
2025-12-21 12:16:34::info::/v1/api/patientRecord/readPatientRecord/6940631f5aabefe8be7f83a8::ce704e9a-c1f0-4c79-98be-0c5dbad3b491::input-params ::GET::::{}
2025-12-21 12:16:35::info::/v1/api/patientRecord/readPatientRecord/6940631f5aabefe8be7f83a8::f1926efa-cf8d-4403-85a4-d2899e7daff8::input-params ::GET::::{}
2025-12-21 12:16:46::info::/v1/api/patientRecord/readPatientRecord/6940631f5aabefe8be7f83a8::4ed8d8c5-73d0-4b79-8ecc-2f487d2ad78c::input-params ::GET::::{}
2025-12-21 12:16:46::info::/v1/api/patientRecord/readPatientRecord/6940631f5aabefe8be7f83a8::95a5558e-0fd7-49eb-951a-b1aa47dc6f38::input-params ::GET::::{}
2025-12-21 12:16:51::info::/v1/api/patientRecord/readPatientRecord/6940631f5aabefe8be7f83a8::c69e6d2f-dfbb-477a-abf1-0b639847456e::input-params ::GET::::{}
2025-12-21 12:16:51::info::/v1/api/patientRecord/readPatientRecord/6940631f5aabefe8be7f83a8::a809a123-15f4-4e04-b5d4-4ddfdee38ee3::input-params ::GET::::{}
2025-12-21 12:17:17::info::/v1/api/user/readDoctors::19dbeb22-002d-4b53-a48c-7e690777101e::input-params ::GET::::{}
2025-12-21 12:17:17::info::/v1/api/user/me::c5948670-7637-4ff0-a5ef-bd66ff699541::input-params ::GET::::{}
2025-12-21 12:17:17::info::/v1/api/user/me::9158b1f2-12e1-4d9f-b2b3-2ecf8b95e574::input-params ::GET::::{}
2025-12-21 12:17:17::info::/v1/api/user/readDoctors::d5082430-1a08-4590-b2e0-7ed9d49b8c02::input-params ::GET::::{}
2025-12-21 12:18:53::info::/v1/api/user/readDoctorDetail/693b99d6581778ff34818196::54db7935-d267-4206-ab4b-03158010a7a2::input-params ::GET::::{}
2025-12-21 12:18:53::info::/v1/api/user/readDoctorDetail/693b99d6581778ff34818196::ede2bdc1-33ce-4975-a1f8-53019c8b1a50::input-params ::GET::::{}
2025-12-21 12:24:39::info::/v1/api/user/readDoctorDetail/693b99d6581778ff34818196::bc8668a9-964b-4911-a54f-a1228575b636::input-params ::GET::::{}
2025-12-21 12:24:39::info::/v1/api/user/me::3cf619ea-4cbf-41db-84fb-223197985cd0::input-params ::GET::::{}
2025-12-21 12:24:39::info::/v1/api/user/readDoctorDetail/693b99d6581778ff34818196::f970be69-31f8-4579-8429-3f041997d71f::input-params ::GET::::{}
2025-12-21 12:24:39::info::/v1/api/user/me::0da4b80f-6cea-4d07-84a7-c17ca60093b0::input-params ::GET::::{}
2025-12-21 12:26:30::info::/v1/api/user/readDoctorDetail/693b99d6581778ff34818196::283f826a-ef93-4a6b-aa8c-9d999ff32e8a::input-params ::GET::::{}
2025-12-21 12:26:30::info::/v1/api/user/me::ac065277-e24a-4532-84b6-0469f1b2b5bc::input-params ::GET::::{}
2025-12-21 12:26:30::info::/v1/api/user/readDoctorDetail/693b99d6581778ff34818196::42bda3f6-c903-42dc-b2f6-870fed38110c::input-params ::GET::::{}
2025-12-21 12:26:30::info::/v1/api/user/me::4b9dddf8-8e9b-435d-8056-76e69a26b5c3::input-params ::GET::::{}
2025-12-21 12:31:18::info::/v1/api/user/readDoctorDetail/693b99d6581778ff34818196::b95b12fa-5b5c-4b5e-9d47-3b23968df6bf::input-params ::GET::::{}
2025-12-21 12:31:18::info::/v1/api/user/readDoctorDetail/693b99d6581778ff34818196::cf31de9b-e2f7-4767-84f9-d26c6abae5b3::input-params ::GET::::{}
2025-12-21 12:32:03::info::/v1/api/user/updateDoctor/693b99d6581778ff34818196::437973db-b4a7-478d-8321-4a8d2fd39176::input-params ::PUT::::{}
2025-12-21 12:32:03::error::/v1/api/user/updateDoctor/693b99d6581778ff34818196::437973db-b4a7-478d-8321-4a8d2fd39176::handler-error::{"status":404,"message":"Not Found Route"}
2025-12-21 12:32:04::info::/v1/api/user/updateDoctor/693b99d6581778ff34818196::5dd6e5a9-4cc5-47fe-a100-f9052ee04008::input-params ::PUT::::{}
2025-12-21 12:32:04::error::/v1/api/user/updateDoctor/693b99d6581778ff34818196::5dd6e5a9-4cc5-47fe-a100-f9052ee04008::handler-error::{"status":404,"message":"Not Found Route"}
2025-12-21 12:32:05::info::/v1/api/user/updateDoctor/693b99d6581778ff34818196::f216c3e7-8877-4a2b-ae6f-9ec135ef424a::input-params ::PUT::::{}
2025-12-21 12:32:05::error::/v1/api/user/updateDoctor/693b99d6581778ff34818196::f216c3e7-8877-4a2b-ae6f-9ec135ef424a::handler-error::{"status":404,"message":"Not Found Route"}
2025-12-21 12:32:05::info::/v1/api/user/updateDoctor/693b99d6581778ff34818196::b6cd7b68-2d9b-4933-9b1a-81d3c46db9ce::input-params ::PUT::::{}
2025-12-21 12:32:05::error::/v1/api/user/updateDoctor/693b99d6581778ff34818196::b6cd7b68-2d9b-4933-9b1a-81d3c46db9ce::handler-error::{"status":404,"message":"Not Found Route"}
2025-12-21 12:32:05::info::/v1/api/user/updateDoctor/693b99d6581778ff34818196::bab7b03d-79ec-4797-bab5-111e547f7a89::input-params ::PUT::::{}
2025-12-21 12:32:05::error::/v1/api/user/updateDoctor/693b99d6581778ff34818196::bab7b03d-79ec-4797-bab5-111e547f7a89::handler-error::{"status":404,"message":"Not Found Route"}
2025-12-21 12:35:03::info::/v1/api/user/readDoctorDetail/693b99d6581778ff34818196::1893f640-dc3e-45f5-9b85-c4f436383070::input-params ::GET::::{}
2025-12-21 12:35:25::info::/v1/api/user/readDoctorDetail/693b99d6581778ff34818196::2c5da6f6-95f8-4d10-bc37-4f6225fd571b::input-params ::GET::::{}
2025-12-21 12:35:25::info::/v1/api/user/me::ab7c3b83-2871-425b-805d-440d9862a6b5::input-params ::GET::::{}
2025-12-21 12:35:25::info::/v1/api/user/readDoctorDetail/693b99d6581778ff34818196::35aa47eb-8be4-48e2-aa3c-f98907e4f567::input-params ::GET::::{}
2025-12-21 12:35:25::info::/v1/api/user/me::558720ab-ae23-4ff1-b6d1-64fab2a04cbc::input-params ::GET::::{}
2025-12-21 12:37:24::info::/v1/api/user/readDoctorDetail/693b99d6581778ff34818196::0e0797a6-aa1b-4bd9-bd48-74945184d8bb::input-params ::GET::::{}
2025-12-21 12:38:23::info::/v1/api/user/readDoctorDetail/693b99d6581778ff34818196::1e8328f3-499b-4b9b-a87b-429f719cc2cf::input-params ::GET::::{}
2025-12-21 12:38:37::info::/v1/api/user/readDoctorDetail/693b99d6581778ff34818196::e6b69b07-48a1-463a-92a7-c8fe99d462b2::input-params ::GET::::{}
2025-12-21 12:39:02::info::/v1/api/user/readDoctorDetail/693b99d6581778ff34818196::30b3132c-152b-4031-a0a0-751e176d1179::input-params ::GET::::{}
2025-12-21 12:45:28::info::/v1/api/user/readDoctorDetail/693b99d6581778ff34818196::c7c0b5ee-55e3-460a-87d1-d68448f249e2::input-params ::GET::::{}
2025-12-21 12:45:28::info::/v1/api/user/readDoctorDetail/693b99d6581778ff34818196::10270adf-3d92-43f5-bc54-b0716aa30e68::input-params ::GET::::{}
2025-12-21 12:47:38::info::/v1/api/user/readDoctorDetail/693b99d6581778ff34818196::d74744e5-147a-4474-b3b9-9855a5664d2e::input-params ::GET::::{}
2025-12-21 12:50:36::info::/v1/api/user/readDoctorDetail/693b99d6581778ff34818196::ff14540f-bb83-4acb-9b79-8a8a09fd6601::input-params ::GET::::{}
2025-12-21 12:50:36::info::/v1/api/user/readDoctorDetail/693b99d6581778ff34818196::b7ba144d-a572-4ee4-bea7-6887e468651c::input-params ::GET::::{}
2025-12-21 12:57:49::info::/v1/api/user/readDoctorDetail/693b99d6581778ff34818196::d2394099-2252-4d52-8527-cc4564d7a34b::input-params ::GET::::{}
2025-12-21 12:57:49::info::/v1/api/user/readDoctorDetail/693b99d6581778ff34818196::612f421a-cc1f-4da6-8f31-08c0727bcbf8::input-params ::GET::::{}
2025-12-21 12:59:20::info::/v1/api/user/updateDoctor/693b99d6581778ff34818196::31a60535-b77b-443b-82c2-c35899af4acf::input-params ::PUT::::{}
2025-12-21 12:59:20::error::/v1/api/user/updateDoctor/693b99d6581778ff34818196::31a60535-b77b-443b-82c2-c35899af4acf::handler-error::{"status":404,"message":"Not Found Route"}
2025-12-21 13:00:36::info::/v1/api/folder/readFolders::3bfd61ca-baa0-4bf5-b797-bc1a10a23e22::input-params ::GET::::{}
2025-12-21 13:00:36::info::/v1/api/folder/readFolders::1884178b-431a-46dd-be0e-94e88c1a7509::input-params ::GET::::{}
2025-12-21 13:00:42::info::/v1/api/user/readDoctors::4b665f9d-e09a-4349-979c-ea6bd552e1b6::input-params ::GET::::{}
2025-12-21 13:00:42::info::/v1/api/user/me::a030c92b-3dc7-4c8d-986e-44776376820b::input-params ::GET::::{}
2025-12-21 13:00:42::info::/v1/api/user/me::20e6a09c-ee69-4d18-af6e-0b9cbe52ca59::input-params ::GET::::{}
2025-12-21 13:00:42::info::/v1/api/user/readDoctors::f3f370cf-eb0c-43ae-8ae7-352c7009504d::input-params ::GET::::{}
2025-12-21 13:05:06::info::/v1/api/user/readDoctors::35731dfd-209c-4bf7-bf06-262f49172a88::input-params ::GET::::{}
2025-12-21 13:05:07::info::/v1/api/user/readDoctors::f5b185ec-ffe3-4084-b8ef-3e0098416297::input-params ::GET::::{}
2025-12-21 13:05:43::info::/v1/api/folder/readFolders::7c433dde-b4e9-442c-92ba-8bbf7ebdd8f3::input-params ::GET::::{}
2025-12-21 13:05:43::info::/v1/api/folder/readFolders::f0d5b895-7d20-4749-ae1c-8b425124efa0::input-params ::GET::::{}
