2025-12-29 01:23:30::error::/v1/api/patientRecord/readPatientRecord/695002e4cf5c38b7bea3edbe::66bcdb77-7bbe-4bef-9d96-7ba83a80f430::handler-error::{"status":404,"message":"Record not found"}
2025-12-29 01:23:31::error::/v1/api/patientRecord/readPatientRecord/695002e4cf5c38b7bea3edbe::b8eac4f5-4363-4067-9198-02055649dda1::handler-error::{"status":404,"message":"Record not found"}
2025-12-29 01:23:31::error::/v1/api/patientRecord/readPatientRecord/695002e4cf5c38b7bea3edbe::f32f4514-8196-4ee0-93ba-7e592c751de7::handler-error::{"status":404,"message":"Record not found"}
2025-12-29 01:23:31::error::/v1/api/patientRecord/readPatientRecord/695002e4cf5c38b7bea3edbe::18227ed7-c8dd-4919-89d9-76e3a7bb35e9::handler-error::{"status":404,"message":"Record not found"}
2025-12-29 01:23:33::error::/v1/api/relative/readRelatives/694ff6e850d27e20d94fe70f::e08ef3c1-0bb4-47a8-9a07-7883385a208e::handler-error::{"status":404,"message":"Patient record not found"}
2025-12-29 01:23:34::error::/v1/api/relative/readRelatives/694ff6e850d27e20d94fe70f::fe3ac7db-9270-487b-a4f7-8fae8a572ef7::handler-error::{"status":404,"message":"Patient record not found"}
2025-12-29 01:23:34::error::/v1/api/patientRecord/readPatientRecord/695002e4cf5c38b7bea3edbe::10270eb2-c40b-45ba-8a0b-e5f4c21a24c2::handler-error::{"status":404,"message":"Record not found"}
2025-12-29 01:23:34::error::/v1/api/patientRecord/readPatientRecord/695002e4cf5c38b7bea3edbe::e32bc11f-991c-4f71-9084-11ca2154d341::handler-error::{"status":404,"message":"Record not found"}
2025-12-29 01:23:35::error::/v1/api/patientRecord/readPatientRecord/695002e4cf5c38b7bea3edbe::e3cec55a-60e1-4eca-a00a-c19638cd545e::handler-error::{"status":404,"message":"Record not found"}
2025-12-29 01:23:35::error::/v1/api/patientRecord/readPatientRecord/695002e4cf5c38b7bea3edbe::1cafdccd-b60f-43d7-914d-57be35870368::handler-error::{"status":404,"message":"Record not found"}
2025-12-29 01:23:35::error::/v1/api/relative/readRelatives/694ff6e850d27e20d94fe70f::53b42a9c-a92c-425b-ba8e-206649e55416::handler-error::{"status":404,"message":"Patient record not found"}
2025-12-29 01:23:36::error::/v1/api/relative/readRelatives/694ff6e850d27e20d94fe70f::13b3526c-ff4c-4d54-b55e-1ab6051c1b57::handler-error::{"status":404,"message":"Patient record not found"}
2025-12-29 01:27:36::error::/v1/api/relative/readRelatives/694ff6e850d27e20d94fe70f::cd459108-7013-441d-a68b-0c91bf9ac876::handler-error::{"status":404,"message":"Patient record not found"}
2025-12-29 01:27:37::error::/v1/api/relative/readRelatives/694ff6e850d27e20d94fe70f::ec700bad-2699-4040-bf1c-479f6937d4e6::handler-error::{"status":404,"message":"Patient record not found"}
2025-12-29 01:27:44::error::/v1/api/relative/readRelatives/694ff6e850d27e20d94fe70f::ce80db3a-eff9-4e29-a163-17a1c94a9c75::handler-error::{"status":404,"message":"Patient record not found"}
2025-12-29 01:27:45::error::/v1/api/relative/readRelatives/694ff6e850d27e20d94fe70f::1bd4c698-f15f-4c9a-aaa4-5e60739fe246::handler-error::{"status":404,"message":"Patient record not found"}
2025-12-29 01:29:05::error::/v1/api/patientRecord/readPatientRecord/695002e4cf5c38b7bea3edbe::5d76c365-6755-42ed-87e0-6e05b99beb49::handler-error::{"status":404,"message":"Record not found"}
2025-12-29 01:29:05::error::/v1/api/patientRecord/readPatientRecord/695002e4cf5c38b7bea3edbe::422db725-b92c-402a-aff4-22241c734206::handler-error::{"status":404,"message":"Record not found"}
2025-12-29 01:29:05::error::/v1/api/patientRecord/readPatientRecord/695002e4cf5c38b7bea3edbe::22a4a144-2004-4fb0-b0bd-b05df2e86719::handler-error::{"status":404,"message":"Record not found"}
2025-12-29 01:29:06::error::/v1/api/patientRecord/readPatientRecord/695002e4cf5c38b7bea3edbe::715599d2-bd6d-4e5d-abe2-c29bd513d348::handler-error::{"status":404,"message":"Record not found"}
2025-12-29 01:29:08::error::/v1/api/patientRecord/readPatientRecord/695002e4cf5c38b7bea3edbe::dfc56f61-bc7c-4244-8362-f402664faa44::handler-error::{"status":404,"message":"Record not found"}
2025-12-29 01:29:09::error::/v1/api/patientRecord/readPatientRecord/695002e4cf5c38b7bea3edbe::ac45d0e6-51c2-43e9-a171-26fa0df847ac::handler-error::{"status":404,"message":"Record not found"}
2025-12-29 01:29:09::error::/v1/api/patientRecord/readPatientRecord/695002e4cf5c38b7bea3edbe::86678dd5-2af0-4253-811c-e6c316d6f5de::handler-error::{"status":404,"message":"Record not found"}
2025-12-29 01:29:09::error::/v1/api/patientRecord/readPatientRecord/695002e4cf5c38b7bea3edbe::37726d21-5c16-4195-8d28-aeb55aa40927::handler-error::{"status":404,"message":"Record not found"}
2025-12-29 01:29:12::error::/v1/api/relative/readRelatives/694ff6e850d27e20d94fe70f::e5cc6472-d6ea-46a1-ab14-3dab58e0aa33::handler-error::{"status":404,"message":"Patient record not found"}
2025-12-29 01:29:12::error::/v1/api/relative/readRelatives/694ff6e850d27e20d94fe70f::023228f8-f78c-4619-8cbc-4922d64cebcd::handler-error::{"status":404,"message":"Patient record not found"}
2025-12-29 01:29:26::error::/v1/api/folder/readFolders::cbf3884c-ed75-4c6a-8489-ecaa8002eb53::handler-error::{"status":401,"message":"You do not have permission to access folders"}
2025-12-29 01:29:26::error::/v1/api/folder/readFolders::9f061d56-7f09-4733-bc42-c66e57700247::handler-error::{"status":401,"message":"You do not have permission to access folders"}
2025-12-29 01:29:27::error::/v1/api/relative/readRelatives/694ff6e850d27e20d94fe70f::455bd7d5-b356-4b22-bc15-688f8cd1c3e1::handler-error::{"status":404,"message":"Patient record not found"}
2025-12-29 01:29:27::error::/v1/api/relative/readRelatives/694ff6e850d27e20d94fe70f::a438fcde-e9a9-4df8-9bd3-b3f27dc128e1::handler-error::{"status":404,"message":"Patient record not found"}
2025-12-29 01:29:34::error::/v1/api/patientRecord/readPatientRecord/695002e4cf5c38b7bea3edbe::8699a23b-43ea-471a-bed7-a8dd99e107bf::handler-error::{"status":404,"message":"Record not found"}
2025-12-29 01:29:35::error::/v1/api/patientRecord/readPatientRecord/695002e4cf5c38b7bea3edbe::c1507f3a-73eb-45c3-bd30-d93d6a1fd5c4::handler-error::{"status":404,"message":"Record not found"}
2025-12-29 01:29:35::error::/v1/api/patientRecord/readPatientRecord/695002e4cf5c38b7bea3edbe::7cac2766-7038-4c41-b063-4ea7971b00e2::handler-error::{"status":404,"message":"Record not found"}
2025-12-29 01:29:35::error::/v1/api/patientRecord/readPatientRecord/695002e4cf5c38b7bea3edbe::7a2f3275-5e56-4168-bc8a-d28974963182::handler-error::{"status":404,"message":"Record not found"}
2025-12-29 01:29:39::error::/v1/api/relative/readRelatives/694ff6e850d27e20d94fe70f::1b6fe393-f803-4727-a8d8-c9b2f8830380::handler-error::{"status":404,"message":"Patient record not found"}
2025-12-29 01:29:40::error::/v1/api/relative/readRelatives/694ff6e850d27e20d94fe70f::bc6e5b14-5e16-44ca-ba6f-46c13662f8fa::handler-error::{"status":404,"message":"Patient record not found"}
2025-12-29 01:32:55::error::/v1/api/relative/readRelatives/694ff6e850d27e20d94fe70f::fc004b28-9328-485a-bfc5-94b7fc73bc6c::handler-error::{"status":404,"message":"Patient record not found"}
2025-12-29 01:32:55::error::/v1/api/relative/readRelatives/694ff6e850d27e20d94fe70f::f866d2c7-0154-4a24-8a81-06eb85b44224::handler-error::{"status":404,"message":"Patient record not found"}
2025-12-29 01:33:09::error::/v1/api/relative/readRelatives/694ff6e850d27e20d94fe70f::0b3e725f-5f7a-4d2a-849f-24bbb58700a7::handler-error::{"status":404,"message":"Patient record not found"}
2025-12-29 01:33:15::error::/v1/api/relative/readRelatives/694ff6e850d27e20d94fe70f::734dceca-46d6-4228-b0fb-69469e83e31e::handler-error::{"status":404,"message":"Patient record not found"}
2025-12-29 01:33:15::error::/v1/api/relative/readRelatives/694ff6e850d27e20d94fe70f::e17e13dd-967d-496c-a360-b4b110c01ef7::handler-error::{"status":404,"message":"Patient record not found"}
2025-12-29 01:33:26::error::/v1/api/user/me::6252b351-b492-457c-a06c-195f9888969f::handler-error::{"status":403,"message":"Access token missing"}
2025-12-29 01:33:26::error::/v1/api/user/me::90acf028-d862-40da-bca8-1576148e9147::handler-error::{"status":403,"message":"Access token missing"}
2025-12-29 01:33:34::error::/v1/api/relative/readRelatives/694ff6e850d27e20d94fe70f::d394cf38-1bdc-4278-b558-9a08a4ec8ae0::handler-error::{"status":404,"message":"Patient record not found"}
2025-12-29 01:33:35::error::/v1/api/relative/readRelatives/694ff6e850d27e20d94fe70f::8e3ab425-edce-406c-9ad7-362993d7e0d9::handler-error::{"status":404,"message":"Patient record not found"}
2025-12-29 01:33:36::error::/v1/api/relative/readRelatives/694ff6e850d27e20d94fe70f::97272cd5-7af0-4540-b132-80df60137d4b::handler-error::{"status":404,"message":"Patient record not found"}
2025-12-29 01:33:37::error::/v1/api/relative/readRelatives/694ff6e850d27e20d94fe70f::b8e4b192-0d8e-4d27-889f-8e49ed8a09a2::handler-error::{"status":404,"message":"Patient record not found"}
2025-12-29 01:33:39::error::/v1/api/relative/readRelatives/694ff6e850d27e20d94fe70f::b08a88c0-6bfe-488e-b82c-db27b0782c92::handler-error::{"status":404,"message":"Patient record not found"}
2025-12-29 01:33:40::error::/v1/api/relative/readRelatives/694ff6e850d27e20d94fe70f::8871d403-fdf2-4775-b79a-fd47319df5dc::handler-error::{"status":404,"message":"Patient record not found"}
2025-12-29 01:33:41::error::/v1/api/relative/readRelatives/694ff6e850d27e20d94fe70f::5a56efd5-ac2f-4b3e-a39b-a3b3d0cf01c1::handler-error::{"status":404,"message":"Patient record not found"}
2025-12-29 01:33:41::error::/v1/api/relative/readRelatives/694ff6e850d27e20d94fe70f::867d5ffa-b2af-4017-a90c-6bcd53850a75::handler-error::{"status":404,"message":"Patient record not found"}
2025-12-29 01:33:42::error::/v1/api/relative/readRelatives/694ff6e850d27e20d94fe70f::273f2133-d3ea-4c1f-bc40-0592dda9af92::handler-error::{"status":404,"message":"Patient record not found"}
2025-12-29 01:33:43::error::/v1/api/relative/readRelatives/694ff6e850d27e20d94fe70f::4278a876-8e76-4aa3-a493-4d9c1f8800bf::handler-error::{"status":404,"message":"Patient record not found"}
2025-12-29 01:33:44::error::/v1/api/relative/readRelatives/694ff6e850d27e20d94fe70f::7751d0eb-3174-4c0b-bf74-82cbe5d0fc51::handler-error::{"status":404,"message":"Patient record not found"}
2025-12-29 01:33:44::error::/v1/api/relative/readRelatives/694ff6e850d27e20d94fe70f::85b98ef0-495c-41cb-984e-d97a0954e12c::handler-error::{"status":404,"message":"Patient record not found"}
2025-12-29 01:33:45::error::/v1/api/relative/readRelatives/694ff6e850d27e20d94fe70f::00042825-e7f3-4258-a77c-2c52955f78ef::handler-error::{"status":404,"message":"Patient record not found"}
2025-12-29 01:33:46::error::/v1/api/relative/readRelatives/694ff6e850d27e20d94fe70f::d9fabcbb-6cf3-4cfc-8bee-bf82cf8ee937::handler-error::{"status":404,"message":"Patient record not found"}
2025-12-29 01:33:47::error::/v1/api/relative/readRelatives/694ff6e850d27e20d94fe70f::2c57b267-eb86-43df-8f2d-7f8eb0bd15d3::handler-error::{"status":404,"message":"Patient record not found"}
2025-12-29 01:33:48::error::/v1/api/relative/readRelatives/694ff6e850d27e20d94fe70f::98465285-2db3-48ad-9971-449dc42ab8df::handler-error::{"status":404,"message":"Patient record not found"}
2025-12-29 01:33:50::error::/v1/api/relative/readRelatives/694ff6e850d27e20d94fe70f::c8239f31-d54f-493c-ae12-36ea46b2b535::handler-error::{"status":404,"message":"Patient record not found"}
2025-12-29 01:33:50::error::/v1/api/relative/readRelatives/694ff6e850d27e20d94fe70f::d3f38b46-ad04-427f-9592-14706bfa81ce::handler-error::{"status":404,"message":"Patient record not found"}
2025-12-29 01:34:04::error::/v1/api/patientRecord/readPatientRecord/694ffd850e0e6a10121929ee::985adc83-50da-4de3-91bb-9964913bb72b::handler-error::{"status":404,"message":"Record not found"}
2025-12-29 01:34:08::error::/v1/api/relative/readRelatives/694ff6e850d27e20d94fe70f::ea218f2b-fd4c-4869-8c80-6963cc41dace::handler-error::{"status":404,"message":"Patient record not found"}
2025-12-29 01:34:08::error::/v1/api/relative/readRelatives/694ff6e850d27e20d94fe70f::e98550eb-fd90-4698-917b-5d694e6211a2::handler-error::{"status":404,"message":"Patient record not found"}
2025-12-29 01:34:26::error::/v1/api/patientRecord/readPatientRecord/694ffd850e0e6a10121929ee::7fa3f3b1-231e-43bc-8125-74283867e5e0::handler-error::{"status":404,"message":"Record not found"}
2025-12-29 01:34:26::error::/v1/api/patientRecord/readPatientRecord/694ffd850e0e6a10121929ee::4d1581fd-8177-414a-9eb7-0f989f399a15::handler-error::{"status":404,"message":"Record not found"}
2025-12-29 01:36:23::error::/v1/api/relative/readRelatives/694ff6e850d27e20d94fe70f::58fac593-ec8c-412d-8cfb-818e8cf36ba1::handler-error::{"status":404,"message":"Patient record not found"}
2025-12-29 01:36:24::error::/v1/api/relative/readRelatives/694ff6e850d27e20d94fe70f::86412238-3c9e-4cc8-bf10-d0c85d0dbfad::handler-error::{"status":404,"message":"Patient record not found"}
2025-12-29 01:36:52::error::/v1/api/patientRecord/readPatientRecord/694ffd850e0e6a10121929ee::f773704d-0003-42da-bdb9-df956306490a::handler-error::{"status":404,"message":"Record not found"}
2025-12-29 01:36:52::error::/v1/api/patientRecord/readPatientRecord/694ffd850e0e6a10121929ee::301b5377-ab62-4d55-af85-7eb6036d94c7::handler-error::{"status":404,"message":"Record not found"}
2025-12-29 01:37:13::error::/v1/api/relative/readRelatives/694ff6e850d27e20d94fe70f::992d2656-71ca-422a-bdac-39903693c881::handler-error::{"status":404,"message":"Patient record not found"}
2025-12-29 01:37:13::error::/v1/api/relative/readRelatives/694ff6e850d27e20d94fe70f::ed1e12cb-7780-4177-b152-6e5e8832f3a1::handler-error::{"status":404,"message":"Patient record not found"}
2025-12-29 01:37:18::error::/v1/api/patientRecord/readPatientRecord/694ffd850e0e6a10121929ee::b14d7cd2-a270-4b23-b8f4-452f96bc84ff::handler-error::{"status":404,"message":"Record not found"}
2025-12-29 01:37:18::error::/v1/api/patientRecord/readPatientRecord/694ffd850e0e6a10121929ee::23dfc37b-ed1f-4af6-8ac2-3e215391b7a6::handler-error::{"status":404,"message":"Record not found"}
2025-12-29 01:37:19::error::/v1/api/relative/readRelatives/694ff6e850d27e20d94fe70f::ed3a5252-8874-4243-991a-c9e0e7cfce0b::handler-error::{"status":404,"message":"Patient record not found"}
2025-12-29 01:37:22::error::/v1/api/relative/readRelatives/694ff6e850d27e20d94fe70f::7003ff25-92fe-4699-8c20-bcf9d861834c::handler-error::{"status":404,"message":"Patient record not found"}
2025-12-29 01:37:23::error::/v1/api/relative/readRelatives/694ff6e850d27e20d94fe70f::78c60e23-cad6-4b71-8099-41813ae9d598::handler-error::{"status":404,"message":"Patient record not found"}
2025-12-29 01:37:23::error::/v1/api/relative/readRelatives/694ff6e850d27e20d94fe70f::1ecc05ec-e368-48c5-877e-f6fc9425df55::handler-error::{"status":404,"message":"Patient record not found"}
2025-12-29 01:37:29::error::/v1/api/relative/readRelatives/694ff6e850d27e20d94fe70f::0aadf7cd-088e-4d55-a96e-8434c45e64e9::handler-error::{"status":404,"message":"Patient record not found"}
2025-12-29 01:37:29::error::/v1/api/relative/readRelatives/694ff6e850d27e20d94fe70f::1354e863-f650-46ae-bc0f-79e94c3c9297::handler-error::{"status":404,"message":"Patient record not found"}
2025-12-29 01:37:30::error::/v1/api/relative/readRelatives/694ff6e850d27e20d94fe70f::2ed2fa83-42df-4be7-8b52-3b8cd53ea30b::handler-error::{"status":404,"message":"Patient record not found"}
2025-12-29 01:37:30::error::/v1/api/relative/readRelatives/694ff6e850d27e20d94fe70f::fa21279d-6404-4943-98e6-f7cbd983d287::handler-error::{"status":404,"message":"Patient record not found"}
2025-12-29 01:37:55::error::/v1/api/relative/readRelatives/694ff6e850d27e20d94fe70f::41cf688b-29f9-4e28-b6d4-5ea1e5df8c50::handler-error::{"status":404,"message":"Patient record not found"}
2025-12-29 01:37:55::error::/v1/api/relative/readRelatives/694ff6e850d27e20d94fe70f::5e4a1901-5ac5-4ef0-97cd-77153dad28b8::handler-error::{"status":404,"message":"Patient record not found"}
2025-12-29 01:37:59::error::/v1/api/relative/readRelatives/694ff6e850d27e20d94fe70f::78f653ce-c38c-4937-8ff0-2ebaad3ee645::handler-error::{"status":404,"message":"Patient record not found"}
2025-12-29 01:37:59::error::/v1/api/relative/readRelatives/694ff6e850d27e20d94fe70f::4e5b5761-8ce8-4c36-9b51-454da64a9e5e::handler-error::{"status":404,"message":"Patient record not found"}
