2025-12-22 17:09:38::info::/v1/api/user/me::2b59c9e8-ed66-4ef5-ad8d-ff8e0619a298::input-params ::GET::::{}
2025-12-22 17:09:38::error::/v1/api/user/me::2b59c9e8-ed66-4ef5-ad8d-ff8e0619a298::handler-error::{"status":500,"message":"error:1C800064:Provider routines::bad decrypt"}
2025-12-22 17:09:38::info::/v1/api/user/me::89af676e-948d-4735-a5f9-576139b20a50::input-params ::GET::::{}
2025-12-22 17:09:38::error::/v1/api/user/me::89af676e-948d-4735-a5f9-576139b20a50::handler-error::{"status":500,"message":"error:1C800064:Provider routines::bad decrypt"}
2025-12-22 17:10:05::info::/v1/api/auth/login::a3b2ccf7-3010-410c-8f3e-ffeb0fc01b5b::input-params ::POST::::{"email":"taichinhlcp@gmail.com","password":"PhapNhat987AZ@"}
2025-12-22 17:10:05::error::/v1/api/auth/login::a3b2ccf7-3010-410c-8f3e-ffeb0fc01b5b::handler-error::{"status":403,"message":"User not found"}
2025-12-22 17:22:27::info::/v1/api/auth/signUp::97deab25-dc7f-410a-8d77-528fa3a208ad::input-params ::POST::::{"email":"taichinhlcp@gmail.com","fullName":"Lưu Quốc Pháp","password":"phapnhat987@","clinicians":"1-5"}
2025-12-22 17:23:35::info::/v1/api/auth/verifyOtp::e52709ac-32e3-405e-adde-bbdf546403cb::input-params ::POST::::{"email":"taichinhlcp@gmail.com","otp":"837102"}
2025-12-22 17:23:35::info::/v1/api/folder/readFolders::52294068-5991-47aa-82a8-2b909ecc1e2b::input-params ::GET::::{}
2025-12-22 17:23:35::info::/v1/api/folder/readFolders::c1061903-b96a-432d-aebb-729e22fa163e::input-params ::GET::::{}
2025-12-22 17:28:53::info::/v1/api/folder/readFolders::b638cf33-4c3b-4584-a6ac-d23262c3bcf5::input-params ::GET::::{}
2025-12-22 17:28:53::info::/v1/api/user/me::8402ff53-361a-467c-acc7-ce64336d3abc::input-params ::GET::::{}
2025-12-22 17:28:53::info::/v1/api/user/me::df0f6bf7-1abf-4447-badf-d128364a8de4::input-params ::GET::::{}
2025-12-22 17:28:53::info::/v1/api/folder/readFolders::4d811038-29c5-45fd-8faa-6482d8b2b6c3::input-params ::GET::::{}
2025-12-22 17:30:00::info::/v1/api/folder/readFolders::51c1deec-6f65-4e0f-8cf9-b68b5ab37a14::input-params ::GET::::{}
2025-12-22 17:30:00::info::/v1/api/user/me::070bf1b3-01b4-482f-89b1-d7844fc28ea1::input-params ::GET::::{}
2025-12-22 17:30:00::info::/v1/api/user/me::8a20c83f-185f-46a9-a16a-b831b1414716::input-params ::GET::::{}
2025-12-22 17:30:00::info::/v1/api/folder/readFolders::811b7b7a-48ad-4332-839d-b5456ffc5d26::input-params ::GET::::{}
2025-12-22 17:31:17::info::/v1/api/folder/readFolders::63ba5e87-7bd5-4c90-96f8-e5215b5822c1::input-params ::GET::::{}
2025-12-22 17:31:17::info::/v1/api/folder/readFolders::9cc2e087-28a3-4db5-a572-82ec5807d621::input-params ::GET::::{}
2025-12-22 17:32:46::info::/v1/api/folder/readFolders::cf3e6c51-0c56-4d14-a9b7-d1a397a0ca5e::input-params ::GET::::{}
2025-12-22 17:32:46::info::/v1/api/folder/readFolders::080caabc-8938-4feb-9f19-06a0c8b2e2e6::input-params ::GET::::{}
2025-12-22 17:32:48::info::/v1/api/folder/readFolders::caa8daed-8416-4cb4-8d07-a204401d23b3::input-params ::GET::::{}
2025-12-22 17:32:48::info::/v1/api/folder/readFolders::fae4f924-82c9-4a28-adbb-d0c640051cb7::input-params ::GET::::{}
2025-12-22 17:34:04::info::/v1/api/user/me::5ff4fcfb-aaf1-49c7-b079-8530f163285b::input-params ::GET::::{}
2025-12-22 17:34:04::info::/v1/api/user/me::6244b336-ebfc-4004-be4f-786010411719::input-params ::GET::::{}
2025-12-22 17:34:06::info::/v1/api/user/me::4264dd7a-606e-4a70-be20-7ae927bda36c::input-params ::GET::::{}
2025-12-22 17:34:06::info::/v1/api/user/me::f58fb15f-8d59-4d74-80fe-75b8b929a7a1::input-params ::GET::::{}
2025-12-22 17:41:08::info::/v1/api/user/me::7b6b5d03-874c-4f73-9889-584f0ef3e0cc::input-params ::GET::::{}
2025-12-22 17:41:08::info::/v1/api/user/me::d7d68b99-2644-4106-9c30-abacfd0f4355::input-params ::GET::::{}
2025-12-22 17:41:09::info::/v1/api/folder/readFolders::ffb19ebe-d837-4ed3-876d-155cfcfb2760::input-params ::GET::::{}
2025-12-22 17:41:09::info::/v1/api/folder/readFolders::6e62f256-c0bf-4da0-8a6e-51a14916aaad::input-params ::GET::::{}
2025-12-22 17:41:59::info::/v1/api/user/readDoctors::019a6073-f4fd-430d-9708-b0ed513eb9e1::input-params ::GET::::{}
2025-12-22 17:41:59::info::/v1/api/user/readDoctors::7f924dc7-f982-4bb6-a8d6-a60eb492fbf2::input-params ::GET::::{}
2025-12-22 17:42:00::info::/v1/api/conversation/readConversations::7379d914-8418-48d7-9ffa-8c1b5fa4a757::input-params ::GET::::{}
2025-12-22 17:42:00::info::/v1/api/conversation/readConversations::2125713a-4b7b-4ead-9e7c-fadfb969b6ed::input-params ::GET::::{}
2025-12-22 17:42:01::info::/v1/api/user/readDoctors::85c788bf-b9c5-4907-a2cd-429acfa667ad::input-params ::GET::::{}
2025-12-22 17:42:01::info::/v1/api/user/readDoctors::4612527f-d0f2-45eb-a792-cdb130307559::input-params ::GET::::{}
2025-12-22 17:42:02::info::/v1/api/conversation/readConversations::7a8f1da0-a138-4496-99db-e2cb7ca6263a::input-params ::GET::::{}
2025-12-22 17:42:02::info::/v1/api/conversation/readConversations::901a9e42-92d7-4821-b593-d611696818d8::input-params ::GET::::{}
2025-12-22 17:42:03::info::/v1/api/conversation/readConversations::7bab8385-6bb7-4d63-92c8-1b0b0ac18249::input-params ::GET::::{}
2025-12-22 17:42:03::info::/v1/api/conversation/readConversations::4ff13ed0-7c7b-43ed-9a19-fe9c8aafb966::input-params ::GET::::{}
2025-12-22 17:42:03::info::/v1/api/user/readDoctors::f131fd78-62f6-438c-93b1-6544d723e66e::input-params ::GET::::{}
2025-12-22 17:42:03::info::/v1/api/user/readDoctors::94349d79-e342-4104-a8b9-0db38a785430::input-params ::GET::::{}
2025-12-22 17:42:06::info::/v1/api/conversation/readConversations::2ae92d9f-a6e3-4069-9f9e-496d2c512286::input-params ::GET::::{}
2025-12-22 17:42:06::info::/v1/api/conversation/readConversations::c0af6016-e7d1-49c7-b24a-f559a02e30ae::input-params ::GET::::{}
2025-12-22 17:42:08::info::/v1/api/conversation/readConversations::3b78fcdd-02c1-49e9-8695-6c7673578bd8::input-params ::GET::::{}
2025-12-22 17:42:08::info::/v1/api/conversation/readConversations::a70c4e11-958f-4a68-a958-e02298901443::input-params ::GET::::{}
2025-12-22 17:42:09::info::/v1/api/user/readDoctors::6710ef03-206d-412f-a1d9-4dc20379bd8a::input-params ::GET::::{}
2025-12-22 17:42:09::info::/v1/api/user/readDoctors::e4c43874-e3c4-4ad0-80bd-aa8d992d134c::input-params ::GET::::{}
2025-12-22 18:39:46::info::/v1/api/user/me::dd051b56-ec12-460b-92c4-288ff8cfefe4::input-params ::GET::::{}
2025-12-22 18:39:46::info::/v1/api/user/me::c04ed73a-07e4-4c93-b7e2-eb5e4a718ebc::input-params ::GET::::{}
2025-12-22 19:21:42::info::/v1/api/user/readDoctors::0e4858ab-4d1b-4ff3-925f-b96df5e448b1::input-params ::GET::::{}
2025-12-22 19:21:42::info::/v1/api/user/me::c0ebd32e-64b8-44bf-9d1c-0b6423327d04::input-params ::GET::::{}
2025-12-22 19:21:42::info::/v1/api/user/me::ac34757c-d9ef-438d-b82d-d432184043f2::input-params ::GET::::{}
2025-12-22 19:21:42::info::/v1/api/user/readDoctors::15f4dd69-c331-4ca0-8e57-71dd2c707f79::input-params ::GET::::{}
2025-12-22 19:21:55::info::/v1/api/folder/readFolders::c15ef682-4a2b-4f19-ac60-6c1ad200765f::input-params ::GET::::{}
2025-12-22 19:21:55::info::/v1/api/user/me::4c9ee2dd-4857-4f53-a20a-c33168c45d7a::input-params ::GET::::{}
2025-12-22 19:21:55::info::/v1/api/user/me::8d55eaa2-3a21-4641-a67c-2c91a79cf3f1::input-params ::GET::::{}
2025-12-22 19:21:55::info::/v1/api/folder/readFolders::a1a84e77-71b0-46f5-bfe9-6fb2bd9f74dc::input-params ::GET::::{}
2025-12-22 19:29:31::info::/v1/api/user/readDoctors::7caa9fd2-4054-4284-86b3-ed4d647ff87f::input-params ::GET::::{}
2025-12-22 19:29:31::info::/v1/api/user/readDoctors::9d35ca36-94b4-44e8-96dc-7bbff6a0d83e::input-params ::GET::::{}
2025-12-22 19:29:36::info::/v1/api/user/me::9bd4679b-7a60-46f2-9545-4b404af6050f::input-params ::GET::::{}
2025-12-22 19:29:36::info::/v1/api/user/me::b1cdbd4a-4e33-4658-b421-41d2999a6a12::input-params ::GET::::{}
2025-12-22 19:29:39::info::/v1/api/user/readDoctors::c57fbf34-24a0-4d39-b4dd-d2091af47f73::input-params ::GET::::{}
2025-12-22 19:29:39::info::/v1/api/user/readDoctors::cfd7745b-f628-46c4-8a3e-0b2c392a7c34::input-params ::GET::::{}
2025-12-22 19:29:41::info::/v1/api/conversation/readConversations::a78890d3-1633-42ca-948f-c39fa975d708::input-params ::GET::::{}
2025-12-22 19:29:42::info::/v1/api/conversation/readConversations::b2c1607a-aa59-42da-a39b-f08a74a221ea::input-params ::GET::::{}
2025-12-22 19:29:42::info::/v1/api/conversation/readConversations::71dd8cb0-eef0-4ee6-983b-21b720fa5dc3::input-params ::GET::::{}
2025-12-22 19:29:42::info::/v1/api/conversation/readConversations::7b5f4db2-4631-4baa-a9fb-b10f21d1a3f0::input-params ::GET::::{}
2025-12-22 19:29:43::info::/v1/api/user/readDoctors::075e4951-2310-4ae4-9a9b-f73b142e9ba8::input-params ::GET::::{}
2025-12-22 19:29:43::info::/v1/api/user/readDoctors::ee10db2f-ff98-4fb2-b3ba-d4aa8c750de6::input-params ::GET::::{}
2025-12-22 19:29:45::info::/v1/api/user/me::8a86c028-609b-4c20-acd0-900603322c7d::input-params ::GET::::{}
2025-12-22 19:29:45::info::/v1/api/user/me::d0f15c0f-ba18-4014-a533-880eeec066df::input-params ::GET::::{}
2025-12-22 19:30:20::info::/v1/api/user/readDoctors::da86c61d-b3ce-4c64-961b-e07a34618902::input-params ::GET::::{}
2025-12-22 19:30:20::info::/v1/api/user/readDoctors::b87318dd-4759-44e9-b29a-4a7467517ade::input-params ::GET::::{}
2025-12-22 19:30:33::info::/v1/api/user/me::6d27448f-b968-4c92-af42-2c6b31a6aa2f::input-params ::GET::::{}
2025-12-22 19:30:33::info::/v1/api/user/me::870e7726-3dbc-42b4-ab60-6acab992f20c::input-params ::GET::::{}
2025-12-22 19:30:34::info::/v1/api/user/readDoctors::b157adb5-da7f-40ed-ac8f-be31bf89b7a9::input-params ::GET::::{}
2025-12-22 19:30:34::info::/v1/api/user/readDoctors::4d1a16ac-752b-410d-abf8-3337d97080ec::input-params ::GET::::{}
2025-12-22 20:00:03::info::/v1/api/conversation/readConversations::f95646e4-79a9-4188-ae2e-ff25a03d5d1f::input-params ::GET::::{}
2025-12-22 20:00:03::info::/v1/api/conversation/readConversations::4140e4b9-5ad8-4ea4-b26f-a11ca07f7c38::input-params ::GET::::{}
2025-12-22 20:04:23::info::/v1/api/user/readDoctors::dfa31915-e91d-4c70-9a08-a3c14bdac874::input-params ::GET::::{}
2025-12-22 20:04:23::info::/v1/api/user/readDoctors::b910dfd4-83d1-4ddc-a047-ceeab9bedf54::input-params ::GET::::{}
2025-12-22 20:07:22::info::/v1/api/user/readDoctors::51f29369-dcf4-4507-aca0-5950ac3936cc::input-params ::GET::::{}
2025-12-22 20:09:22::info::/v1/api/user/readDoctors::806b3a03-1dcf-4fea-a769-623b61de9baa::input-params ::GET::::{}
2025-12-22 20:09:26::info::/v1/api/conversation/readConversations::5b4f7fc7-55d3-477f-829b-7d9d414a248b::input-params ::GET::::{}
2025-12-22 20:09:26::info::/v1/api/conversation/readConversations::5fc7498f-289e-4a2b-a7aa-2516b043f384::input-params ::GET::::{}
2025-12-22 20:09:26::info::/v1/api/user/readDoctors::df322b20-5181-4a09-8f61-2185059d3365::input-params ::GET::::{}
2025-12-22 20:09:26::info::/v1/api/user/readDoctors::c3941bbb-f977-43c7-9339-1be4e891b7e9::input-params ::GET::::{}
2025-12-22 20:09:35::info::/v1/api/user/readDoctors::41485e82-1cf5-491c-b977-11b49e28f903::input-params ::GET::::{}
2025-12-22 20:10:39::info::/v1/api/user/readDoctors::00d8becd-60ef-4427-af25-8f6337963d53::input-params ::GET::::{}
2025-12-22 20:11:13::info::/v1/api/conversation/readConversations::7a6b0730-1d3f-4537-ab00-e8e92a3b35ce::input-params ::GET::::{}
2025-12-22 20:11:13::info::/v1/api/conversation/readConversations::c8e3979d-a7f4-4afc-a6e9-16b729091bc0::input-params ::GET::::{}
2025-12-22 20:11:14::info::/v1/api/conversation/readConversations::8d6214aa-a7f9-4cca-9b9d-5823916256e0::input-params ::GET::::{}
2025-12-22 20:11:15::info::/v1/api/conversation/readConversations::ea51f526-cd4c-4175-834b-6068dd2db624::input-params ::GET::::{}
2025-12-22 20:11:16::info::/v1/api/user/readDoctors::2e6b5ee1-ae63-4e79-8443-287867900494::input-params ::GET::::{}
2025-12-22 20:11:16::info::/v1/api/user/readDoctors::81edbce5-fbce-4d36-8866-7b6b5e3474ff::input-params ::GET::::{}
2025-12-22 20:11:23::info::/v1/api/folder/readFolders::98b44817-9c2b-4e44-8ee1-6d26113cac2e::input-params ::GET::::{}
2025-12-22 20:11:23::info::/v1/api/folder/readFolders::67ab666f-11fa-402b-90e5-78c4a664af3f::input-params ::GET::::{}
2025-12-22 20:11:24::info::/v1/api/user/readDoctors::52e1cfc6-ff00-49ce-bbe5-472e89050ada::input-params ::GET::::{}
2025-12-22 20:11:25::info::/v1/api/user/readDoctors::700c8521-ebc4-4993-be54-41e71dc0c365::input-params ::GET::::{}
2025-12-22 20:12:36::info::/v1/api/conversation/readConversations::9fa8b132-1985-4ff8-89f7-4a9a2c991fb2::input-params ::GET::::{}
2025-12-22 20:12:36::info::/v1/api/conversation/readConversations::edecf486-a028-4ee0-92bf-55842e0f2c14::input-params ::GET::::{}
2025-12-22 20:12:37::info::/v1/api/conversation/readConversations::2bf5f442-b6d1-49c8-a692-b9b54007ad0d::input-params ::GET::::{}
2025-12-22 20:12:38::info::/v1/api/conversation/readConversations::2d88119f-7bdc-4464-99f4-ba53ae6ad6f0::input-params ::GET::::{}
2025-12-22 20:12:40::info::/v1/api/folder/readFolders::483c7446-b6f3-478d-94e5-63443731dda9::input-params ::GET::::{}
2025-12-22 20:12:40::info::/v1/api/folder/readFolders::8d397b2c-7152-427f-9664-7e2c2820c1c6::input-params ::GET::::{}
2025-12-22 20:12:42::info::/v1/api/user/readDoctors::d2ce05aa-2658-49f5-a4bf-033a0855c5c4::input-params ::GET::::{}
2025-12-22 20:12:42::info::/v1/api/user/readDoctors::9247d775-b0e4-42e5-8911-6a14b1fed750::input-params ::GET::::{}
2025-12-22 20:12:42::info::/v1/api/conversation/readConversations::72ba357a-75f3-4b11-a3ad-0ff28c2f8f0c::input-params ::GET::::{}
2025-12-22 20:12:42::info::/v1/api/conversation/readConversations::09649366-8248-47b7-bfaa-677bf3652b8c::input-params ::GET::::{}
2025-12-22 20:12:44::info::/v1/api/user/readDoctors::34f2e284-ba07-491f-928f-6cc0b97ab8f4::input-params ::GET::::{}
2025-12-22 20:12:44::info::/v1/api/user/readDoctors::b575a7da-f0b8-44e8-b901-efd74afcb15e::input-params ::GET::::{}
2025-12-22 20:13:12::info::/v1/api/conversation/readConversations::073ab923-308f-4ddc-8a7b-29b9534a10de::input-params ::GET::::{}
2025-12-22 20:13:12::info::/v1/api/conversation/readConversations::cc360dc8-09c2-45c7-94eb-d5fd42104345::input-params ::GET::::{}
2025-12-22 20:13:12::info::/v1/api/user/readDoctors::252464a2-323e-453b-931d-5c724def7471::input-params ::GET::::{}
2025-12-22 20:13:12::info::/v1/api/user/readDoctors::9b7b951e-9ca4-47ac-b2f4-c7abebe4f215::input-params ::GET::::{}
2025-12-22 20:16:31::info::/v1/api/doctor/createDoctor::e70fef68-dc0a-4a6a-b1c3-dbfc771d6fa4::input-params ::POST::::{"fullName":"Doctor 1","email":"doctor1@gmail.com","phoneNumber":"0374499251"}
2025-12-22 20:16:31::error::/v1/api/doctor/createDoctor::e70fef68-dc0a-4a6a-b1c3-dbfc771d6fa4::handler-error::{"status":404,"message":"Not Found Route"}
2025-12-22 20:17:54::info::/v1/api/user/createDoctor::f35ef5c7-626e-4304-9ca7-83c324d52a61::input-params ::POST::::{"fullName":"Doctor 1","email":"doctor1@gmail.com","phoneNumber":"0374499251"}
2025-12-22 20:18:00::info::/v1/api/conversation/readConversations::ba642ae1-73bc-4872-85fe-e6cef898e3c0::input-params ::GET::::{}
2025-12-22 20:18:00::info::/v1/api/conversation/readConversations::28617752-5161-4735-945d-cdedd852f222::input-params ::GET::::{}
2025-12-22 20:18:00::info::/v1/api/user/readDoctors::582d2cd2-cf4d-4099-915f-2a6229f9f277::input-params ::GET::::{}
2025-12-22 20:18:00::info::/v1/api/user/readDoctors::441b0d3c-0397-4166-809d-77fa0f03a2a7::input-params ::GET::::{}
2025-12-22 20:18:35::info::/v1/api/user/readDoctorDetail/6949450282130873b5b05519::260ebba1-3810-40d7-a208-f5dec4ee778a::input-params ::GET::::{}
2025-12-22 20:18:35::info::/v1/api/user/readDoctorDetail/6949450282130873b5b05519::f5234a59-de4d-437a-8afd-c4dc56ac128f::input-params ::GET::::{}
2025-12-22 20:18:41::info::/v1/api/user/readDoctors::4c076e47-be94-4978-95de-5b9df6239393::input-params ::GET::::{}
2025-12-22 20:18:41::info::/v1/api/user/readDoctors::f191715b-3d08-4d6c-a90a-27a31f647e76::input-params ::GET::::{}
2025-12-22 20:42:32::info::/v1/api/user/createDoctor::bfc17e39-afe9-4fda-a6ee-4eec04c70600::input-params ::POST::::{"fullName":"Doctor 2","email":"doctor2@gmail.com","phoneNumber":"0374499251"}
2025-12-22 20:45:33::info::/v1/api/conversation/readConversations::a33ecd9f-1ef8-487b-8f59-fa96a2c4a52f::input-params ::GET::::{}
2025-12-22 20:45:33::info::/v1/api/conversation/readConversations::2b428e96-0e5d-4839-8d15-bfb9a8c8676f::input-params ::GET::::{}
2025-12-22 20:45:34::info::/v1/api/user/readDoctors::46118b2c-97cd-4eba-ac1a-ae4b2b42f1d4::input-params ::GET::::{}
2025-12-22 20:45:34::info::/v1/api/user/readDoctors::6305a287-6584-45e6-b25d-df456d516747::input-params ::GET::::{}
2025-12-22 20:45:34::info::/v1/api/conversation/readConversations::c9db5701-9a23-4bf2-a955-330c540b150e::input-params ::GET::::{}
2025-12-22 20:45:35::info::/v1/api/conversation/readConversations::f41b4b8a-d86b-4871-8cef-1e046747351d::input-params ::GET::::{}
2025-12-22 20:45:35::info::/v1/api/conversation/readConversations::90f083b1-6a42-459b-a686-d0cac6dfc81d::input-params ::GET::::{}
2025-12-22 20:45:35::info::/v1/api/conversation/readConversations::79ccadc9-c985-44b9-8e4a-e4fe1c51f08e::input-params ::GET::::{}
2025-12-22 20:45:36::info::/v1/api/user/readDoctors::14f6f157-1d8d-454f-a480-ec82b6a98867::input-params ::GET::::{}
2025-12-22 20:45:36::info::/v1/api/user/readDoctors::9e2cd81f-67ba-4f3d-bc87-fa0e04cf0b4f::input-params ::GET::::{}
2025-12-22 20:46:11::info::/v1/api/user/createDoctor::924a22e9-e171-4075-af55-513a38c158b8::input-params ::POST::::{"fullName":"Doctor 3","phoneNumber":"0374499251","email":"doctor3@gmail.com","specialty":"Cardiology","description":"Short bio"}
2025-12-22 20:48:06::info::/v1/api/user/readDoctorDetail/69494ac882130873b5b05529::65600de0-3627-4ee5-8b2b-ddb453e45a5b::input-params ::GET::::{}
2025-12-22 20:48:06::info::/v1/api/user/readDoctorDetail/69494ac882130873b5b05529::73397200-843d-4751-bb76-f40c2a97729d::input-params ::GET::::{}
2025-12-22 20:48:08::info::/v1/api/user/readDoctors::89cf3d2b-8849-42f0-bb1e-692a42f2f83f::input-params ::GET::::{}
2025-12-22 20:48:08::info::/v1/api/user/readDoctors::56db4901-6dfb-4b86-8140-f5ab6ff7d5b3::input-params ::GET::::{}
2025-12-22 20:48:09::info::/v1/api/user/readDoctorDetail/69494ba482130873b5b0553b::42dffd31-c61a-4dbc-909e-108ed42ae2e0::input-params ::GET::::{}
2025-12-22 20:48:09::info::/v1/api/user/readDoctorDetail/69494ba482130873b5b0553b::b1f73dad-d512-4afe-9c03-767df0324536::input-params ::GET::::{}
2025-12-22 20:48:10::info::/v1/api/user/readDoctors::b3e09c2d-04ab-4842-8122-0acc22a60770::input-params ::GET::::{}
2025-12-22 20:48:10::info::/v1/api/user/readDoctors::1fab3d32-3429-482e-80c2-5893e2106e63::input-params ::GET::::{}
2025-12-22 20:49:53::info::/v1/api/conversation/readConversations::ccd849e4-d8ae-4093-8336-dff49e98df6c::input-params ::GET::::{}
2025-12-22 20:49:53::info::/v1/api/conversation/readConversations::89856f84-a7e0-4826-b8ee-cb8ab7335710::input-params ::GET::::{}
2025-12-22 20:49:54::info::/v1/api/conversation/readConversations::2e1c7624-b2af-4c6a-b4f7-f135cb63f036::input-params ::GET::::{}
2025-12-22 20:49:54::info::/v1/api/conversation/readConversations::c5d09445-a163-48f1-8526-b760cf8c2e59::input-params ::GET::::{}
2025-12-22 20:49:54::info::/v1/api/user/readDoctors::eed1fc9c-9dc3-4eb9-bafa-acd1880fcadc::input-params ::GET::::{}
2025-12-22 20:49:54::info::/v1/api/user/readDoctors::6560b6e5-29b5-43a9-9fbc-c12f8bd57fbe::input-params ::GET::::{}
2025-12-22 20:50:11::info::/v1/api/user/readDoctorDetail/6949450282130873b5b05519::63de706e-c7bc-417b-ae25-8ef05dea4606::input-params ::GET::::{}
2025-12-22 20:50:11::info::/v1/api/user/readDoctorDetail/6949450282130873b5b05519::986b2729-b3f8-4f5f-ba59-061382f01625::input-params ::GET::::{}
2025-12-22 20:54:51::info::/v1/api/conversation/readConversations::903dc43d-8398-4ce7-9765-2a674d510f7d::input-params ::GET::::{}
2025-12-22 20:54:51::info::/v1/api/conversation/readConversations::7ddc852e-854e-488f-835f-80c869b328ae::input-params ::GET::::{}
2025-12-22 20:54:52::info::/v1/api/user/readDoctors::fe8e2151-9d94-4253-91be-00d98886a691::input-params ::GET::::{}
2025-12-22 20:54:52::info::/v1/api/user/readDoctors::e2bf96ea-e1b3-4fba-8b65-5388fb58e689::input-params ::GET::::{}
2025-12-22 20:54:55::info::/v1/api/user/readDoctorDetail/69494ba482130873b5b0553b::305b0b86-1840-40a0-a8d5-4c00ae559246::input-params ::GET::::{}
2025-12-22 20:54:55::info::/v1/api/user/readDoctorDetail/69494ba482130873b5b0553b::924f8b5c-74c1-449b-a6c8-cfd5f3394d7b::input-params ::GET::::{}
2025-12-22 20:54:56::info::/v1/api/user/readDoctors::418f4703-54ec-409d-8dde-0bcdbd12f6b8::input-params ::GET::::{}
2025-12-22 20:54:56::info::/v1/api/user/readDoctors::81e034d5-9410-458f-9542-bc7315f8e8cf::input-params ::GET::::{}
2025-12-22 20:55:17::info::/v1/api/user/readDoctorDetail/6949450282130873b5b05519::68edc864-439d-43e2-94e3-908572347876::input-params ::GET::::{}
2025-12-22 20:55:17::info::/v1/api/user/readDoctorDetail/6949450282130873b5b05519::5614ec20-b01f-490d-80b4-adf1fef55139::input-params ::GET::::{}
2025-12-22 20:55:33::info::/v1/api/user/updateDoctor/6949450282130873b5b05519::b97ec3ed-80c1-4576-b24a-e0f3298932fd::input-params ::PUT::::{}
2025-12-22 20:55:33::error::/v1/api/user/updateDoctor/6949450282130873b5b05519::b97ec3ed-80c1-4576-b24a-e0f3298932fd::handler-error::{"status":404,"message":"Not Found Route"}
2025-12-22 20:55:35::info::/v1/api/user/readDoctorDetail/6949450282130873b5b05519::fd4d3f37-935c-409f-ac4e-5e381dc266a6::input-params ::GET::::{}
2025-12-22 20:55:35::info::/v1/api/user/me::7722dde0-2b72-4442-a984-705311a059c8::input-params ::GET::::{}
2025-12-22 20:55:35::info::/v1/api/user/readDoctorDetail/6949450282130873b5b05519::298168e4-550b-425b-bb63-2253009a96d4::input-params ::GET::::{}
2025-12-22 20:55:35::info::/v1/api/user/me::4896a690-3875-4ee9-93f7-a0c8a7c29c13::input-params ::GET::::{}
2025-12-22 20:55:36::info::/v1/api/user/readDoctors::5dbf5a1c-4622-4f7a-b01e-82cf3bfc63c4::input-params ::GET::::{}
2025-12-22 20:55:36::info::/v1/api/user/readDoctors::d14f5f33-6a7e-4f70-ba3c-d0c97793d0d2::input-params ::GET::::{}
2025-12-22 21:01:25::info::/v1/api/user/readDoctorDetail/69494ac882130873b5b05529::7f21df5a-5e5c-4c8c-a7db-607ec3a3cc1d::input-params ::GET::::{}
2025-12-22 21:01:25::info::/v1/api/user/readDoctorDetail/69494ac882130873b5b05529::b728d27d-382c-4d15-8fdf-ffca1f51e016::input-params ::GET::::{}
2025-12-22 21:01:26::info::/v1/api/user/readDoctors::443f2c89-86d9-44c8-8786-abf71b4acc9b::input-params ::GET::::{}
2025-12-22 21:01:27::info::/v1/api/user/readDoctors::64465a86-e470-4adc-b95b-a30b933c2fd6::input-params ::GET::::{}
2025-12-22 21:01:27::info::/v1/api/user/readDoctorDetail/6949450282130873b5b05519::f1aae051-8dc7-44ec-b11a-ee246ad47cf3::input-params ::GET::::{}
2025-12-22 21:01:27::info::/v1/api/user/readDoctorDetail/6949450282130873b5b05519::79b5dcee-a5b7-476a-82e6-421abff1ca50::input-params ::GET::::{}
2025-12-22 21:01:28::info::/v1/api/user/readDoctors::3b8a28a2-cec2-457d-a78c-8d4f29478a49::input-params ::GET::::{}
2025-12-22 21:01:28::info::/v1/api/user/readDoctors::3e86c82b-f6a5-4771-a563-0a60e8f6d197::input-params ::GET::::{}
2025-12-22 21:01:29::info::/v1/api/user/readDoctorDetail/69494ba482130873b5b0553b::dfaff44c-e584-429a-ae33-c17b0e0fde53::input-params ::GET::::{}
2025-12-22 21:01:29::info::/v1/api/user/readDoctorDetail/69494ba482130873b5b0553b::4b2f8ab8-0a68-487a-a7ac-1894d6215ef1::input-params ::GET::::{}
2025-12-22 21:01:30::info::/v1/api/user/readDoctors::ed7c4350-69f9-4d40-a8aa-e0706eb8f394::input-params ::GET::::{}
2025-12-22 21:01:30::info::/v1/api/user/readDoctors::9121b349-50d0-4cd8-bb17-5152885469d2::input-params ::GET::::{}
2025-12-22 21:01:30::info::/v1/api/user/readDoctorDetail/6949450282130873b5b05519::5d10c1a0-5388-4bc3-acf4-880c207c276a::input-params ::GET::::{}
2025-12-22 21:01:30::info::/v1/api/user/readDoctorDetail/6949450282130873b5b05519::8950407c-2e78-4022-82d8-83c34fcfe825::input-params ::GET::::{}
2025-12-22 21:01:31::info::/v1/api/user/readDoctors::58415e54-daf7-4f1d-a64d-d08bfccf4e1a::input-params ::GET::::{}
2025-12-22 21:01:31::info::/v1/api/user/readDoctors::ede9314e-30ea-40be-b708-044ce781270d::input-params ::GET::::{}
2025-12-22 21:02:54::info::/v1/api/conversation/readConversations::d65a30f4-07b8-4127-a303-93bd6c2278df::input-params ::GET::::{}
2025-12-22 21:02:54::info::/v1/api/conversation/readConversations::2b675ab8-d0ca-4e3f-b20d-15c65dc5cd8e::input-params ::GET::::{}
2025-12-22 21:03:00::info::/v1/api/conversation/readConversations::d5dbb343-fe79-4f84-afa3-fc1fffd55316::input-params ::GET::::{}
2025-12-22 21:03:00::info::/v1/api/conversation/readConversations::a3bd00b9-f68f-4149-92e6-44f9ccdf6837::input-params ::GET::::{}
2025-12-22 21:03:00::info::/v1/api/user/readDoctors::676ecb0f-517c-480b-b206-204fb8adfe5f::input-params ::GET::::{}
2025-12-22 21:03:01::info::/v1/api/user/readDoctors::18f29169-870d-486d-b18a-b2f29dca930f::input-params ::GET::::{}
2025-12-22 21:03:45::info::/v1/api/conversation/readConversations::055fe8e2-8fa8-4246-865b-58a4c7ca8a10::input-params ::GET::::{}
2025-12-22 21:03:45::info::/v1/api/conversation/readConversations::e74cd611-2278-4f4b-92a8-e6bb9a982457::input-params ::GET::::{}
2025-12-22 21:03:45::info::/v1/api/user/readDoctors::f70aae80-ee23-4e96-8e60-9042b2586f56::input-params ::GET::::{}
2025-12-22 21:03:46::info::/v1/api/user/readDoctors::581e3d1e-d843-49e0-b9f6-763fb3bc99bf::input-params ::GET::::{}
2025-12-22 21:03:46::info::/v1/api/user/readDoctorDetail/6949450282130873b5b05519::235dd021-93d2-4ef9-af65-c332fa478858::input-params ::GET::::{}
2025-12-22 21:03:46::info::/v1/api/user/readDoctorDetail/6949450282130873b5b05519::643b7bd7-6ba1-4f18-81c2-7311379accbc::input-params ::GET::::{}
2025-12-22 21:03:47::info::/v1/api/user/readDoctors::8236b579-0e5a-4fb4-829f-0c40356b3691::input-params ::GET::::{}
2025-12-22 21:03:48::info::/v1/api/user/readDoctors::81754045-1682-4ab6-b7c7-e63f6ce1ab65::input-params ::GET::::{}
2025-12-22 21:03:48::info::/v1/api/user/readDoctorDetail/69494ac882130873b5b05529::6afbe133-a06b-479e-8974-5a81e79b67fb::input-params ::GET::::{}
2025-12-22 21:03:49::info::/v1/api/user/readDoctorDetail/69494ac882130873b5b05529::0891a61b-fc19-4710-9a01-205344b6b1c1::input-params ::GET::::{}
2025-12-22 21:03:49::info::/v1/api/user/readDoctors::14c6a415-c142-4ec1-b1fa-f9eb971f9d3f::input-params ::GET::::{}
2025-12-22 21:03:49::info::/v1/api/user/readDoctors::e591583d-54a0-4e4a-a0c5-fdb988bb92cb::input-params ::GET::::{}
2025-12-22 21:03:50::info::/v1/api/user/readDoctorDetail/69494ba482130873b5b0553b::1aaa21b8-f784-4ab1-a60e-aef72f871126::input-params ::GET::::{}
2025-12-22 21:03:50::info::/v1/api/user/readDoctorDetail/69494ba482130873b5b0553b::91fc0782-51df-433f-b517-a87fee970b2c::input-params ::GET::::{}
2025-12-22 21:03:51::info::/v1/api/user/readDoctors::a353bc4c-8173-4d02-b7b0-248a44a72dd6::input-params ::GET::::{}
2025-12-22 21:03:51::info::/v1/api/user/readDoctors::533f8e04-2797-4762-99fb-34ebcb155b27::input-params ::GET::::{}
2025-12-22 21:03:52::info::/v1/api/user/readDoctorDetail/6949450282130873b5b05519::51f9b55e-5620-45a1-b134-1798ccca2f3e::input-params ::GET::::{}
2025-12-22 21:03:52::info::/v1/api/user/readDoctorDetail/6949450282130873b5b05519::c46094f4-8956-4e0a-80bd-0c3cd5f859c9::input-params ::GET::::{}
2025-12-22 21:03:52::info::/v1/api/user/readDoctors::25fd07b4-1c86-49b1-b883-dc822db75022::input-params ::GET::::{}
2025-12-22 21:03:53::info::/v1/api/user/readDoctors::63bdb76e-53f9-4b8b-a5df-780017062e1f::input-params ::GET::::{}
2025-12-22 21:04:09::info::/v1/api/user/readDoctorDetail/6949450282130873b5b05519::55107e24-6bef-4cb4-a7e7-18d773bea6cd::input-params ::GET::::{}
2025-12-22 21:04:09::info::/v1/api/user/readDoctorDetail/6949450282130873b5b05519::c08ce793-e310-40c3-8df0-b01722ecaed2::input-params ::GET::::{}
2025-12-22 21:04:11::info::/v1/api/user/readDoctors::35a551ee-ac9e-4c66-8d05-f60b7577fe6b::input-params ::GET::::{}
2025-12-22 21:04:11::info::/v1/api/user/readDoctors::a9deaa3b-e2f1-4e97-9862-ab0839ba767a::input-params ::GET::::{}
2025-12-22 21:04:13::info::/v1/api/user/readDoctorDetail/6949450282130873b5b05519::1eb36a9e-1d82-41a5-8af5-ae6241206eaf::input-params ::GET::::{}
2025-12-22 21:04:14::info::/v1/api/user/readDoctorDetail/6949450282130873b5b05519::abf9388c-476a-430e-ba17-7b2b1d548f74::input-params ::GET::::{}
2025-12-22 21:05:47::info::/v1/api/user/readDoctorDetail/6949450282130873b5b05519::601a6570-348a-4e49-aea9-458b3d34f7c8::input-params ::GET::::{}
2025-12-22 21:05:47::info::/v1/api/user/readDoctorDetail/6949450282130873b5b05519::3e3844b9-de5c-4f9e-8018-230cd3af9551::input-params ::GET::::{}
2025-12-22 21:05:56::info::/v1/api/user/readDoctors::95a82a5f-a8c3-45ad-94c1-aae9b0e7d299::input-params ::GET::::{}
2025-12-22 21:05:56::info::/v1/api/user/readDoctors::362778cc-cf56-41fd-ac14-964bd158c62a::input-params ::GET::::{}
2025-12-22 21:06:21::info::/v1/api/user/readDoctors::20c6e684-6d4d-47d7-bfd3-87df67d70af3::input-params ::GET::::{}
