2026-01-09 11:14:27::info::/v1/api/user/me::22d70b04-c8d9-4ffb-b94c-a4a744466182::input-params ::GET::::{}
2026-01-09 11:14:27::info::/v1/api/user/me::9936fda8-4303-45bb-b497-6d7c54308d03::input-params ::GET::::{}
2026-01-09 11:19:55::info::/v1/api/folder/readFolders::2de47794-1828-45ad-a07c-6ae06b8c569d::input-params ::GET::::{}
2026-01-09 11:19:55::info::/v1/api/folder/readFolders::d378bbc2-7488-4613-8249-2d1d8ccbb101::input-params ::GET::::{}
2026-01-09 11:19:57::info::/v1/api/folder/readFolder/695beef0987e265495d5a703::f0fe9c8c-627a-4d29-9972-38e22db3b892::input-params ::GET::::{}
2026-01-09 11:19:57::info::/v1/api/folder/readFolder/695beef0987e265495d5a703::056488a5-4cdc-4105-ad81-5085a022b32e::input-params ::GET::::{}
2026-01-09 11:19:59::info::/v1/api/patientRecord/readPatientRecord/695fd15a449a88e89f7936d0::01f649e7-c2e0-46f5-8fca-2f9b02e95294::input-params ::GET::::{}
2026-01-09 11:19:59::info::/v1/api/patientRecord/readPatientRecord/695fd15a449a88e89f7936d0::40533d07-b8aa-4d55-a7c7-9b912f9f69df::input-params ::GET::::{}
2026-01-09 11:19:59::info::/v1/api/patientRecord/readPatientRecord/695fd15a449a88e89f7936d0::1b642447-0559-478e-9a05-3f512a88f319::input-params ::GET::::{}
2026-01-09 11:19:59::info::/v1/api/relative/readRelatives/695fd15a449a88e89f7936d8::34bb87cd-2ae9-4b3f-8fa7-f10f6c85603b::input-params ::GET::::{}
2026-01-09 11:19:59::info::/v1/api/patientRecord/readPatientRecord/695fd15a449a88e89f7936d0::a712c296-3b2d-499b-a540-71aad1100983::input-params ::GET::::{}
2026-01-09 11:20:00::info::/v1/api/patientRecord/readPatientRecord/695fd15a449a88e89f7936d0::299a7a93-1cf5-49d4-acf7-3a3d30d2cf86::input-params ::GET::::{}
2026-01-09 11:20:00::info::/v1/api/relative/readRelatives/695fd15a449a88e89f7936d8::ea6b6003-927b-482b-afeb-b419c1580bda::input-params ::GET::::{}
2026-01-09 11:20:00::info::/v1/api/patientRecord/readPatientRecord/695fd15a449a88e89f7936d0::53bdc862-b938-412c-a2a7-a56defbf3aab::input-params ::GET::::{}
2026-01-09 12:24:18::info::/v1/api/patientRecord/readPatientRecord/695fd15a449a88e89f7936d0::3b294c0c-0876-4b19-853a-8f79d35ab5e6::input-params ::GET::::{}
2026-01-09 12:24:18::info::/v1/api/patientRecord/readPatientRecord/695fd15a449a88e89f7936d0::248fc099-a818-47b4-8ae8-701767f02b30::input-params ::GET::::{}
2026-01-09 12:24:18::info::/v1/api/patientRecord/readPatientRecord/695fd15a449a88e89f7936d0::02c78f69-6038-4d63-9139-9cd90f6d029b::input-params ::GET::::{}
2026-01-09 12:24:18::info::/v1/api/relative/readRelatives/695fd15a449a88e89f7936d8::8848324c-bc9a-485b-94f6-eb668b2a5811::input-params ::GET::::{}
2026-01-09 12:24:18::info::/v1/api/patientRecord/readPatientRecord/695fd15a449a88e89f7936d0::b3c75432-809e-4a7a-aa9a-5e468d1f5d2f::input-params ::GET::::{}
2026-01-09 12:24:19::info::/v1/api/relative/readRelatives/695fd15a449a88e89f7936d8::c1a7a075-a0a4-4bc2-a4ee-48a4df97816c::input-params ::GET::::{}
2026-01-09 12:24:36::info::/v1/api/patientRecord/readPatientRecord/695fd15a449a88e89f7936d0::1ab6b58c-a4ae-4c87-92a0-333b99bd089b::input-params ::GET::::{}
2026-01-09 12:24:36::info::/v1/api/patientRecord/readPatientRecord/695fd15a449a88e89f7936d0::cdc1ea31-20f6-410a-9468-e0ed3bdf891e::input-params ::GET::::{}
2026-01-09 12:24:36::info::/v1/api/patientRecord/readPatientRecord/695fd15a449a88e89f7936d0::bddb87d0-41b8-4ce8-8861-9458f0cc38ec::input-params ::GET::::{}
2026-01-09 12:24:36::info::/v1/api/relative/readRelatives/695fd15a449a88e89f7936d8::c371ee28-0aca-4f2c-bf7c-a1c38d4b2437::input-params ::GET::::{}
2026-01-09 12:24:36::info::/v1/api/patientRecord/readPatientRecord/695fd15a449a88e89f7936d0::3a4ae7be-432d-484b-94c3-2303ae171a87::input-params ::GET::::{}
2026-01-09 12:24:37::info::/v1/api/relative/readRelatives/695fd15a449a88e89f7936d8::63eeb97d-c39e-40a5-b65f-1e926459a8c9::input-params ::GET::::{}
2026-01-09 12:24:52::info::/v1/api/patientRecord/readPatientRecord/695fd15a449a88e89f7936d0::e040b206-46f5-42a2-b2d4-742abae223b6::input-params ::GET::::{}
2026-01-09 12:24:52::info::/v1/api/patientRecord/readPatientRecord/695fd15a449a88e89f7936d0::11b6ddb7-b032-461a-a912-8fe15c0d780c::input-params ::GET::::{}
2026-01-09 12:25:12::info::/v1/api/patientRecord/readPatientRecord/695fd15a449a88e89f7936d0::ea6e0a02-6fcc-45e5-b08d-069a37464087::input-params ::GET::::{}
2026-01-09 12:25:12::info::/v1/api/patientRecord/readPatientRecord/695fd15a449a88e89f7936d0::58f945f5-08b9-4213-93aa-9d4b063e8d58::input-params ::GET::::{}
2026-01-09 12:25:12::info::/v1/api/relative/readRelatives/695fd15a449a88e89f7936d8::6c3fbf1a-59d2-44e6-a5bb-a7cc8d86f5e4::input-params ::GET::::{}
2026-01-09 12:25:15::info::/v1/api/patientRecord/readPatientRecord/695fd15a449a88e89f7936d0::6a8a374a-34f7-49a2-be2c-702470795ec5::input-params ::GET::::{}
2026-01-09 12:25:15::info::/v1/api/relative/readRelatives/695fd15a449a88e89f7936d8::da319fb5-379d-4550-aaf3-e43adb8b8092::input-params ::GET::::{}
2026-01-09 12:25:15::info::/v1/api/patientRecord/readPatientRecord/695fd15a449a88e89f7936d0::2845452f-d980-4d2d-823f-2457421f80fa::input-params ::GET::::{}
2026-01-09 12:25:15::info::/v1/api/patientRecord/readPatientRecord/695fd15a449a88e89f7936d0::dc33290b-6b9f-414b-9422-e039e622e1c8::input-params ::GET::::{}
2026-01-09 12:25:15::info::/v1/api/relative/readRelatives/695fd15a449a88e89f7936d8::6452bbe6-ea68-4c05-9b44-cd2278dc0923::input-params ::GET::::{}
2026-01-09 12:25:16::info::/v1/api/patientRecord/readPatientRecord/695fd15a449a88e89f7936d0::4ef17db2-54d0-4011-866b-7eb21c382712::input-params ::GET::::{}
2026-01-09 12:25:16::info::/v1/api/relative/readRelatives/695fd15a449a88e89f7936d8::956d4e77-192e-40af-9675-05dc450fa93e::input-params ::GET::::{}
2026-01-09 12:30:14::info::/v1/api/patientRecord/readPatientRecord/695fd15a449a88e89f7936d0::ea3a7314-c0ac-4112-92aa-e920fa967497::input-params ::GET::::{}
2026-01-09 12:30:14::info::/v1/api/patientRecord/readPatientRecord/695fd15a449a88e89f7936d0::3654ac37-38a6-4f21-84fa-561d8f757861::input-params ::GET::::{}
2026-01-09 12:30:14::info::/v1/api/patientRecord/readPatientRecord/695fd15a449a88e89f7936d0::db66e7e8-4efe-4bca-ad11-ee58e23d52d6::input-params ::GET::::{}
2026-01-09 12:30:14::info::/v1/api/relative/readRelatives/695fd15a449a88e89f7936d8::405b75cf-a9bd-40b1-9b0f-628643317d9e::input-params ::GET::::{}
2026-01-09 12:30:15::info::/v1/api/patientRecord/readPatientRecord/695fd15a449a88e89f7936d0::f2143c20-da54-49ac-bc57-aea03ae72730::input-params ::GET::::{}
2026-01-09 12:30:15::info::/v1/api/relative/readRelatives/695fd15a449a88e89f7936d8::ff15e8f8-8a8f-43df-bd8f-c1aaf61b7146::input-params ::GET::::{}
2026-01-09 12:30:17::info::/v1/api/patientRecord/readPatientRecord/695fd15a449a88e89f7936d0::714de6e2-757a-4728-9e32-f4a7a607da30::input-params ::GET::::{}
2026-01-09 12:30:17::info::/v1/api/patientRecord/readPatientRecord/695fd15a449a88e89f7936d0::77eb0884-724f-4938-96fa-e925bd7a1e94::input-params ::GET::::{}
2026-01-09 12:30:17::info::/v1/api/patientRecord/readPatientRecord/695fd15a449a88e89f7936d0::d7247f46-b3ab-4c5e-8255-741a32eb5c41::input-params ::GET::::{}
2026-01-09 12:30:17::info::/v1/api/relative/readRelatives/695fd15a449a88e89f7936d8::5beae239-3012-4097-87b3-0fbd7bf2ca31::input-params ::GET::::{}
2026-01-09 12:30:18::info::/v1/api/patientRecord/readPatientRecord/695fd15a449a88e89f7936d0::8422ffe0-e825-4e95-b98d-87c79bf81095::input-params ::GET::::{}
2026-01-09 12:30:18::info::/v1/api/relative/readRelatives/695fd15a449a88e89f7936d8::3cb8e82a-28ea-425a-99c0-ff883d7d37ae::input-params ::GET::::{}
2026-01-09 12:30:21::info::/v1/api/patientRecord/readPatientRecord/695fd15a449a88e89f7936d0::0051c221-9b1c-465e-8177-7ad7ecd91278::input-params ::GET::::{}
2026-01-09 12:30:21::info::/v1/api/patientRecord/readPatientRecord/695fd15a449a88e89f7936d0::fb53fe66-45c5-4f4e-920a-a8f95f54556e::input-params ::GET::::{}
2026-01-09 12:30:21::info::/v1/api/patientRecord/readPatientRecord/695fd15a449a88e89f7936d0::65930c83-b9f5-4c17-818d-5fad74f8a76a::input-params ::GET::::{}
2026-01-09 12:30:21::info::/v1/api/relative/readRelatives/695fd15a449a88e89f7936d8::fa79eb6b-6c9b-4565-99b8-fc01e9db5077::input-params ::GET::::{}
2026-01-09 12:30:22::info::/v1/api/patientRecord/readPatientRecord/695fd15a449a88e89f7936d0::50560b25-246a-4274-a2d9-612388dcc7e2::input-params ::GET::::{}
2026-01-09 12:30:22::info::/v1/api/relative/readRelatives/695fd15a449a88e89f7936d8::1fc0126a-5c5c-4ce7-bd27-6a04d32e3c5a::input-params ::GET::::{}
2026-01-09 12:34:27::info::/v1/api/patientRecord/readPatientRecord/695fd15a449a88e89f7936d0::8d2c0114-d35d-4214-a9af-79b79f00884e::input-params ::GET::::{}
2026-01-09 12:34:27::info::/v1/api/patientRecord/readPatientRecord/695fd15a449a88e89f7936d0::fa3d6d25-fa5c-4bb4-8a94-5dcacd18e246::input-params ::GET::::{}
2026-01-09 12:34:27::info::/v1/api/patientRecord/readPatientRecord/695fd15a449a88e89f7936d0::20be2ef9-6725-4816-a0a2-9b25165588d5::input-params ::GET::::{}
2026-01-09 12:34:27::info::/v1/api/relative/readRelatives/695fd15a449a88e89f7936d8::6c4d4cd4-be4d-4949-a621-8a2e77bc004d::input-params ::GET::::{}
2026-01-09 12:34:28::info::/v1/api/patientRecord/readPatientRecord/695fd15a449a88e89f7936d0::af903991-236b-4a5d-8056-b3f24fff98f1::input-params ::GET::::{}
2026-01-09 12:34:28::info::/v1/api/relative/readRelatives/695fd15a449a88e89f7936d8::bd84d68b-de51-4df4-882d-42035fd3c4cd::input-params ::GET::::{}
2026-01-09 12:34:32::info::/v1/api/patientRecord/readPatientRecord/695fd15a449a88e89f7936d0::1842f244-e9b9-4d2b-bb64-6a21136ccdf8::input-params ::GET::::{}
2026-01-09 12:34:32::info::/v1/api/patientRecord/readPatientRecord/695fd15a449a88e89f7936d0::f48462ed-3d05-4981-9d2a-8a83b5233121::input-params ::GET::::{}
2026-01-09 12:34:32::info::/v1/api/patientRecord/readPatientRecord/695fd15a449a88e89f7936d0::9faef979-1cac-4ab7-8f0b-669d843d401c::input-params ::GET::::{}
2026-01-09 12:34:32::info::/v1/api/relative/readRelatives/695fd15a449a88e89f7936d8::5f2e2331-da79-4604-a5d9-326f036a2d4f::input-params ::GET::::{}
2026-01-09 12:34:33::info::/v1/api/patientRecord/readPatientRecord/695fd15a449a88e89f7936d0::5d6a2007-1485-4e37-aaac-73b307a89cd0::input-params ::GET::::{}
2026-01-09 12:34:33::info::/v1/api/relative/readRelatives/695fd15a449a88e89f7936d8::0e04f3fc-1c0f-4057-99c8-2f3d3dc37ba5::input-params ::GET::::{}
2026-01-09 12:35:03::info::/v1/api/patientRecord/readPatientRecord/695fd15a449a88e89f7936d0::1d21111b-b709-4429-a0a0-064824d355bb::input-params ::GET::::{}
2026-01-09 12:35:03::info::/v1/api/patientRecord/readPatientRecord/695fd15a449a88e89f7936d0::97453feb-0a6e-40bd-a199-a51d92e257f5::input-params ::GET::::{}
2026-01-09 12:35:03::info::/v1/api/patientRecord/readPatientRecord/695fd15a449a88e89f7936d0::1a3f1bc9-fe02-4507-a74f-aa845bf6fa66::input-params ::GET::::{}
2026-01-09 12:35:04::info::/v1/api/patientRecord/readPatientRecord/695fd15a449a88e89f7936d0::65d51839-8f43-4dc7-bb1a-c28371af9558::input-params ::GET::::{}
2026-01-09 12:35:12::info::/v1/api/patientRecord/readPatientRecord/695fd15a449a88e89f7936d0::c230136f-e81f-49d3-861e-065bf7efe852::input-params ::GET::::{}
2026-01-09 12:35:12::info::/v1/api/patientRecord/readPatientRecord/695fd15a449a88e89f7936d0::132f1a9a-10e6-4959-8105-b6cd59f5b816::input-params ::GET::::{}
2026-01-09 12:35:12::info::/v1/api/patientRecord/readPatientRecord/695fd15a449a88e89f7936d0::8be38311-74b6-457f-bac4-ca82545c3e41::input-params ::GET::::{}
2026-01-09 12:35:12::info::/v1/api/relative/readRelatives/695fd15a449a88e89f7936d8::34744553-4fa5-45bd-9498-ebbdbeb15e56::input-params ::GET::::{}
2026-01-09 12:35:13::info::/v1/api/patientRecord/readPatientRecord/695fd15a449a88e89f7936d0::a8c84c50-d25e-4dc7-9a2e-1d3047530a37::input-params ::GET::::{}
2026-01-09 12:35:13::info::/v1/api/relative/readRelatives/695fd15a449a88e89f7936d8::4e23b1ad-1bee-4dde-a685-e110f78d102f::input-params ::GET::::{}
2026-01-09 12:35:15::info::/v1/api/patientRecord/readPatientRecord/695fd15a449a88e89f7936d0::9adfa6dc-62d7-49f5-bf79-b451cd3578c3::input-params ::GET::::{}
2026-01-09 12:35:15::info::/v1/api/patientRecord/readPatientRecord/695fd15a449a88e89f7936d0::060119e0-61f5-45c2-a161-b15d8b0aa041::input-params ::GET::::{}
2026-01-09 12:35:15::info::/v1/api/patientRecord/readPatientRecord/695fd15a449a88e89f7936d0::f85991ce-614c-4e99-8cd9-55efe64257bc::input-params ::GET::::{}
2026-01-09 12:35:15::info::/v1/api/relative/readRelatives/695fd15a449a88e89f7936d8::daaa6e4c-cc36-4a1d-9dae-514f0e2862be::input-params ::GET::::{}
2026-01-09 12:35:16::info::/v1/api/patientRecord/readPatientRecord/695fd15a449a88e89f7936d0::b3177cf6-d93d-4736-bfb1-4a78b9db0171::input-params ::GET::::{}
2026-01-09 12:35:16::info::/v1/api/patientRecord/readPatientRecord/695fd15a449a88e89f7936d0::26342503-a127-4fa2-93f7-11694ccbdc18::input-params ::GET::::{}
2026-01-09 12:35:16::info::/v1/api/relative/readRelatives/695fd15a449a88e89f7936d8::b0827148-5717-4a4a-9187-62830eb79dca::input-params ::GET::::{}
2026-01-09 12:35:16::info::/v1/api/patientRecord/readPatientRecord/695fd15a449a88e89f7936d0::cf964606-5942-43b7-b5b2-a316a60d25ff::input-params ::GET::::{}
2026-01-09 12:35:16::info::/v1/api/patientRecord/readPatientRecord/695fd15a449a88e89f7936d0::8de46fd8-27f9-4041-b73c-b4370fd94b79::input-params ::GET::::{}
2026-01-09 12:35:16::info::/v1/api/relative/readRelatives/695fd15a449a88e89f7936d8::ec7b7ddd-69e5-45de-8f70-53be352022a1::input-params ::GET::::{}
2026-01-09 12:35:17::info::/v1/api/patientRecord/readPatientRecord/695fd15a449a88e89f7936d0::fb1700ca-fbbc-4443-ac27-5663095f077c::input-params ::GET::::{}
2026-01-09 12:35:17::info::/v1/api/relative/readRelatives/695fd15a449a88e89f7936d8::a7a80d6c-6a78-4360-949e-e7faf573d64c::input-params ::GET::::{}
2026-01-09 12:35:22::info::/v1/api/patientRecord/readPatientRecord/695fd15a449a88e89f7936d0::b7c66960-4e22-4ce4-b6f3-d864145d5cfc::input-params ::GET::::{}
2026-01-09 12:35:22::info::/v1/api/patientRecord/readPatientRecord/695fd15a449a88e89f7936d0::c072b152-02d0-49eb-a487-19b3f22231ae::input-params ::GET::::{}
2026-01-09 12:35:22::info::/v1/api/patientRecord/readPatientRecord/695fd15a449a88e89f7936d0::8b99a971-6049-4c76-87f8-5a3a29f0ba1b::input-params ::GET::::{}
2026-01-09 12:35:22::info::/v1/api/relative/readRelatives/695fd15a449a88e89f7936d8::c0650eda-ed46-486a-afc9-1139264bcb9c::input-params ::GET::::{}
2026-01-09 12:35:23::info::/v1/api/patientRecord/readPatientRecord/695fd15a449a88e89f7936d0::b1957586-c343-4d10-9a7d-ceddc9bbea0b::input-params ::GET::::{}
2026-01-09 12:35:23::info::/v1/api/relative/readRelatives/695fd15a449a88e89f7936d8::0069dc71-4bdc-4561-9785-26767e18b42a::input-params ::GET::::{}
2026-01-09 12:35:25::info::/v1/api/patientRecord/readPatientRecord/695fd15a449a88e89f7936d0::64e00376-925d-47c2-b3d3-36f17873b1ac::input-params ::GET::::{}
2026-01-09 12:35:25::info::/v1/api/patientRecord/readPatientRecord/695fd15a449a88e89f7936d0::2255e270-e1fd-4f04-bfd8-81a111a5dde3::input-params ::GET::::{}
2026-01-09 12:35:26::info::/v1/api/patientRecord/readPatientRecord/695fd15a449a88e89f7936d0::cf22ce72-e756-4de4-82cd-6b2dc8499b5c::input-params ::GET::::{}
2026-01-09 12:35:26::info::/v1/api/relative/readRelatives/695fd15a449a88e89f7936d8::5acb5269-0b23-4c21-b79a-62ecf1d22399::input-params ::GET::::{}
2026-01-09 12:35:26::info::/v1/api/patientRecord/readPatientRecord/695fd15a449a88e89f7936d0::8736bfa3-607a-4207-96f5-3ea51a10e86f::input-params ::GET::::{}
2026-01-09 12:35:26::info::/v1/api/relative/readRelatives/695fd15a449a88e89f7936d8::641095bf-2733-4e4c-aae1-543079d0dcd5::input-params ::GET::::{}
2026-01-09 12:35:29::info::/v1/api/patientRecord/readPatientRecord/695fd15a449a88e89f7936d0::999107b7-b0d9-45b8-aaca-58f5650e292d::input-params ::GET::::{}
2026-01-09 12:35:30::info::/v1/api/patientRecord/readPatientRecord/695fd15a449a88e89f7936d0::8bd2c8e5-8a08-4aa6-87b0-26622d1c40bb::input-params ::GET::::{}
2026-01-09 12:35:30::info::/v1/api/patientRecord/readPatientRecord/695fd15a449a88e89f7936d0::da9f5854-f65e-4f1a-8ccc-9f39faf7bc6e::input-params ::GET::::{}
2026-01-09 12:35:30::info::/v1/api/relative/readRelatives/695fd15a449a88e89f7936d8::c168fa0e-4ba1-4b7e-81a2-5a139c350c00::input-params ::GET::::{}
2026-01-09 12:35:30::info::/v1/api/patientRecord/readPatientRecord/695fd15a449a88e89f7936d0::e0a0f119-6bfb-4438-8ebd-c5bd682ff6a2::input-params ::GET::::{}
2026-01-09 12:35:31::info::/v1/api/relative/readRelatives/695fd15a449a88e89f7936d8::3c7c2690-e90f-442f-8fe3-7c9e5f5fa296::input-params ::GET::::{}
2026-01-09 12:39:57::info::/v1/api/patientRecord/readPatientRecord/695fd15a449a88e89f7936d0::2f96dd4f-f07c-408b-854f-c9e29f098935::input-params ::GET::::{}
2026-01-09 12:39:57::info::/v1/api/patientRecord/readPatientRecord/695fd15a449a88e89f7936d0::46b51b50-8702-41ec-9f9a-92276a763c8b::input-params ::GET::::{}
2026-01-09 12:39:57::info::/v1/api/patientRecord/readPatientRecord/695fd15a449a88e89f7936d0::d5777406-3334-497f-b9eb-f746a512bf55::input-params ::GET::::{}
2026-01-09 12:39:57::info::/v1/api/relative/readRelatives/695fd15a449a88e89f7936d8::4bd96f4e-61aa-4358-a715-ce5aada090c9::input-params ::GET::::{}
2026-01-09 12:39:58::info::/v1/api/patientRecord/readPatientRecord/695fd15a449a88e89f7936d0::ad3a01b6-8ba0-4e38-a3a5-6013da3596ed::input-params ::GET::::{}
2026-01-09 12:39:58::info::/v1/api/relative/readRelatives/695fd15a449a88e89f7936d8::ef6cd3e1-8bd1-4ac9-a581-7fe9c46f65d3::input-params ::GET::::{}
2026-01-09 12:40:09::info::/v1/api/patientRecord/readPatientRecord/695fd15a449a88e89f7936d0::d432331d-f7ed-4e37-80d9-dac651c2cfa5::input-params ::GET::::{}
2026-01-09 12:40:09::info::/v1/api/patientRecord/readPatientRecord/695fd15a449a88e89f7936d0::1fa5afbb-634d-4161-a353-41f30afae840::input-params ::GET::::{}
2026-01-09 12:40:09::info::/v1/api/patientRecord/readPatientRecord/695fd15a449a88e89f7936d0::12040f92-467f-4be3-975e-ba5635b7e907::input-params ::GET::::{}
2026-01-09 12:40:09::info::/v1/api/relative/readRelatives/695fd15a449a88e89f7936d8::39daf594-0841-4b7d-9f24-ea83ff923458::input-params ::GET::::{}
2026-01-09 12:40:10::info::/v1/api/patientRecord/readPatientRecord/695fd15a449a88e89f7936d0::11699cbc-e7df-414d-9cc5-c55f0833af12::input-params ::GET::::{}
2026-01-09 12:40:10::info::/v1/api/patientRecord/readPatientRecord/695fd15a449a88e89f7936d0::abb2d881-2bca-490b-842e-871e7fa048f3::input-params ::GET::::{}
2026-01-09 12:40:10::info::/v1/api/relative/readRelatives/695fd15a449a88e89f7936d8::281e852a-d7d1-40a8-984e-e338e41f2242::input-params ::GET::::{}
2026-01-09 12:40:10::info::/v1/api/patientRecord/readPatientRecord/695fd15a449a88e89f7936d0::aea00d76-9c0e-4352-9b72-556e969406d3::input-params ::GET::::{}
2026-01-09 12:48:19::info::/v1/api/patientRecord/readPatientRecord/695fd15a449a88e89f7936d0::92eed8d9-81ed-434b-beef-b8d1a3c7b56c::input-params ::GET::::{}
2026-01-09 12:48:19::info::/v1/api/user/me::02456fea-13c3-45bc-95e5-8ee1c22bab62::input-params ::GET::::{}
2026-01-09 12:48:19::info::/v1/api/user/me::41dc7a6c-0504-4e13-b8e0-a18387dcb101::input-params ::GET::::{}
2026-01-09 12:48:19::info::/v1/api/patientRecord/readPatientRecord/695fd15a449a88e89f7936d0::8a76eeea-8843-476a-94bf-f4a3780e6b1f::input-params ::GET::::{}
2026-01-09 12:48:19::info::/v1/api/patientRecord/readPatientRecord/695fd15a449a88e89f7936d0::759b52c1-63df-46c1-aaa6-775ad074a1ef::input-params ::GET::::{}
2026-01-09 12:48:19::info::/v1/api/relative/readRelatives/695fd15a449a88e89f7936d8::3b30fcbc-efcc-4978-a37d-8c4c0d338676::input-params ::GET::::{}
2026-01-09 12:48:20::info::/v1/api/patientRecord/readPatientRecord/695fd15a449a88e89f7936d0::6c77215a-5eca-49ab-b59d-3d166e606e60::input-params ::GET::::{}
2026-01-09 12:48:20::info::/v1/api/patientRecord/readPatientRecord/695fd15a449a88e89f7936d0::6db950b8-5044-4869-874b-d33a012ebbc4::input-params ::GET::::{}
2026-01-09 12:48:20::info::/v1/api/relative/readRelatives/695fd15a449a88e89f7936d8::41b43c90-7d86-4268-a856-6f0b40bcc8ae::input-params ::GET::::{}
2026-01-09 12:48:20::info::/v1/api/patientRecord/readPatientRecord/695fd15a449a88e89f7936d0::40b8817b-b0cf-4f51-98b8-70d1b984a1e7::input-params ::GET::::{}
2026-01-09 12:48:20::info::/v1/api/patientRecord/readPatientRecord/695fd15a449a88e89f7936d0::dee3f7f9-4a25-4e65-8bad-aa9ab63490e8::input-params ::GET::::{}
2026-01-09 12:50:42::info::/v1/api/patientRecord/upload/695fd15a449a88e89f7936d0::5e092e95-4b9a-4a03-bb2e-f183dbb98d50::input-params ::POST::::undefined
2026-01-09 12:50:42::error::/v1/api/patientRecord/upload/695fd15a449a88e89f7936d0::5e092e95-4b9a-4a03-bb2e-f183dbb98d50::handler-error::{"status":404,"message":"Not Found Route"}
2026-01-09 12:50:44::info::/v1/api/patientRecord/readPatientRecord/695fd15a449a88e89f7936d0::495b5e79-ad54-486c-924c-e3f0780fcb3f::input-params ::GET::::{}
2026-01-09 12:50:44::info::/v1/api/user/me::ea73e071-9005-46d5-904b-1e4dda56a07f::input-params ::GET::::{}
2026-01-09 12:50:44::info::/v1/api/user/me::6fd3c1bd-e1d1-4705-85f2-1f65f2d54f04::input-params ::GET::::{}
2026-01-09 12:50:44::info::/v1/api/patientRecord/readPatientRecord/695fd15a449a88e89f7936d0::9cb40ce3-9c99-4f2d-8b87-39481776914a::input-params ::GET::::{}
2026-01-09 12:50:45::info::/v1/api/patientRecord/readPatientRecord/695fd15a449a88e89f7936d0::6af8a67d-e0af-454b-84bd-311ed0df7c66::input-params ::GET::::{}
2026-01-09 12:50:45::info::/v1/api/relative/readRelatives/695fd15a449a88e89f7936d8::ede00c09-1155-4e8c-ab1a-5745727d9b40::input-params ::GET::::{}
2026-01-09 12:50:45::info::/v1/api/patientRecord/readPatientRecord/695fd15a449a88e89f7936d0::de231294-12f4-4e77-b801-17f2e3681480::input-params ::GET::::{}
2026-01-09 12:50:45::info::/v1/api/patientRecord/readPatientRecord/695fd15a449a88e89f7936d0::20d32c93-2c7c-4496-8090-d19d1fb6b80c::input-params ::GET::::{}
2026-01-09 12:50:45::info::/v1/api/relative/readRelatives/695fd15a449a88e89f7936d8::31c0efaa-9349-44c0-b787-1d11344384b6::input-params ::GET::::{}
2026-01-09 12:50:46::info::/v1/api/patientRecord/readPatientRecord/695fd15a449a88e89f7936d0::9357afe8-679f-4151-bd02-c43a5491337b::input-params ::GET::::{}
2026-01-09 12:51:04::info::/v1/api/patientRecord/upload/695fd15a449a88e89f7936d0::60dc71ee-c474-4794-9666-27fb3fe6170f::input-params ::POST::::undefined
2026-01-09 12:51:04::error::/v1/api/patientRecord/upload/695fd15a449a88e89f7936d0::60dc71ee-c474-4794-9666-27fb3fe6170f::handler-error::{"status":404,"message":"Not Found Route"}
2026-01-09 13:10:28::info::/v1/api/patientRecord/readPatientRecord/695fd15a449a88e89f7936d0::b6cd5963-5b4d-47dc-a4e6-6278091324f4::input-params ::GET::::{}
2026-01-09 13:10:28::info::/v1/api/user/me::898e7401-aa32-4e74-867f-6318bb42bb58::input-params ::GET::::{}
2026-01-09 13:10:28::info::/v1/api/user/me::8e2b4416-3a32-4682-ac7b-309a5273f60d::input-params ::GET::::{}
2026-01-09 13:10:28::info::/v1/api/patientRecord/readPatientRecord/695fd15a449a88e89f7936d0::68d2d965-0c3f-4b5b-b6fb-d68dcea00891::input-params ::GET::::{}
2026-01-09 13:10:28::info::/v1/api/patientRecord/readPatientRecord/695fd15a449a88e89f7936d0::66eac1f3-238f-4dae-aa18-7a5695d56aa3::input-params ::GET::::{}
2026-01-09 13:10:28::info::/v1/api/relative/readRelatives/695fd15a449a88e89f7936d8::48ce6a62-a439-48ce-9274-b25ac3a71eeb::input-params ::GET::::{}
2026-01-09 13:10:29::info::/v1/api/patientRecord/readPatientRecord/695fd15a449a88e89f7936d0::234de790-4fa0-4cf1-a19c-ead9d3fe842c::input-params ::GET::::{}
2026-01-09 13:10:29::info::/v1/api/patientRecord/readPatientRecord/695fd15a449a88e89f7936d0::b1e68cab-4b12-40a3-a366-c80b25ca07c8::input-params ::GET::::{}
2026-01-09 13:10:29::info::/v1/api/relative/readRelatives/695fd15a449a88e89f7936d8::375aac56-0301-40c5-accd-fec84d2489ee::input-params ::GET::::{}
2026-01-09 13:10:29::info::/v1/api/patientRecord/readPatientRecord/695fd15a449a88e89f7936d0::9bd114d3-7b66-44f9-b262-b8a4c1629ada::input-params ::GET::::{}
2026-01-09 13:10:40::info::/v1/api/patientRecord/upload/695fd15a449a88e89f7936d0::44b8407d-ed3e-430a-80a5-25b2cb49d9ae::input-params ::POST::::undefined
2026-01-09 13:10:40::error::/v1/api/patientRecord/upload/695fd15a449a88e89f7936d0::44b8407d-ed3e-430a-80a5-25b2cb49d9ae::handler-error::{"status":404,"message":"Not Found Route"}
2026-01-09 13:11:00::info::/v1/api/patientRecord/readPatientRecord/695fd15a449a88e89f7936d0::3b374c3f-35d2-45a9-ac96-2e78bd6339f4::input-params ::GET::::{}
2026-01-09 13:11:00::info::/v1/api/patientRecord/readPatientRecord/695fd15a449a88e89f7936d0::2936e46e-3bc9-4d15-90d8-e17a30bdb993::input-params ::GET::::{}
2026-01-09 13:11:00::info::/v1/api/relative/readRelatives/695fd15a449a88e89f7936d8::a7eb6aa5-bdd7-4a6d-8d88-a810dfaf7ada::input-params ::GET::::{}
2026-01-09 13:11:05::info::/v1/api/patientRecord/readPatientRecord/695fd15a449a88e89f7936d0::a364567c-9a29-4448-bfa8-cee45ebc47e9::input-params ::GET::::{}
2026-01-09 13:11:05::info::/v1/api/patientRecord/readPatientRecord/695fd15a449a88e89f7936d0::4396b519-c0a0-425d-85d1-e54fe2dcf078::input-params ::GET::::{}
2026-01-09 13:11:05::info::/v1/api/relative/readRelatives/695fd15a449a88e89f7936d8::4d781938-dad5-4447-b348-854542f17c34::input-params ::GET::::{}
2026-01-09 13:11:18::info::/v1/api/patientRecord/uploadFile/695fd15a449a88e89f7936d0::8d63b766-f6d8-44c2-bf8e-d6123f41b0c0::input-params ::POST::::undefined
2026-01-09 13:11:18::error::/v1/api/patientRecord/uploadFile/695fd15a449a88e89f7936d0::8d63b766-f6d8-44c2-bf8e-d6123f41b0c0::handler-error::{"status":404,"message":"Not Found Route"}
2026-01-09 13:11:52::info::/v1/api/patientRecord/readPatientRecord/695fd15a449a88e89f7936d0::ce3035d8-dfa9-490a-a0b0-ac8ea8483396::input-params ::GET::::{}
2026-01-09 13:11:52::info::/v1/api/patientRecord/readPatientRecord/695fd15a449a88e89f7936d0::b96040ec-6540-436a-909e-c9c521afa963::input-params ::GET::::{}
2026-01-09 13:11:52::info::/v1/api/relative/readRelatives/695fd15a449a88e89f7936d8::44faf937-fd57-4a13-bfd4-61edda8209c1::input-params ::GET::::{}
2026-01-09 13:12:08::info::/v1/api/patientRecord/readPatientRecord/695fd15a449a88e89f7936d0::062f0e74-9799-4411-b93f-9240bdc6309c::input-params ::GET::::{}
2026-01-09 13:12:08::info::/v1/api/patientRecord/readPatientRecord/695fd15a449a88e89f7936d0::8d5bb04e-4616-4fcc-8dfc-77035ab86fd6::input-params ::GET::::{}
2026-01-09 13:12:08::info::/v1/api/relative/readRelatives/695fd15a449a88e89f7936d8::c4a52ea1-dd77-4959-b945-58d4e5bb3d54::input-params ::GET::::{}
2026-01-09 13:12:16::info::/v1/api/patientRecord/uploadFile/695fd15a449a88e89f7936d0::7b920ee8-93be-4d85-acca-e2d4f08be0b8::input-params ::PATCH::::undefined
2026-01-09 13:12:16::error::/v1/api/patientRecord/uploadFile/695fd15a449a88e89f7936d0::7b920ee8-93be-4d85-acca-e2d4f08be0b8::handler-error::{"status":404,"message":"Patient record not found"}
2026-01-09 13:13:34::info::/v1/api/patientRecord/readPatientRecord/695fd15a449a88e89f7936d0::677b6abd-3ce2-4552-bd04-5d1daac032ce::input-params ::GET::::{}
2026-01-09 13:13:34::info::/v1/api/user/me::e8ee30df-64aa-415e-84b9-dffb23718094::input-params ::GET::::{}
2026-01-09 13:13:34::info::/v1/api/user/me::6139a2c4-28cb-4078-a160-1990e4eb4c08::input-params ::GET::::{}
2026-01-09 13:13:34::info::/v1/api/patientRecord/readPatientRecord/695fd15a449a88e89f7936d0::31a564b6-25f8-408a-8967-9a90b236a947::input-params ::GET::::{}
2026-01-09 13:13:35::info::/v1/api/patientRecord/readPatientRecord/695fd15a449a88e89f7936d0::3accf886-2094-4122-96ce-a2b47627de02::input-params ::GET::::{}
2026-01-09 13:13:35::info::/v1/api/relative/readRelatives/695fd15a449a88e89f7936d8::cca2806b-de5e-45e9-b2cd-f8b33132d395::input-params ::GET::::{}
2026-01-09 13:13:35::info::/v1/api/patientRecord/readPatientRecord/695fd15a449a88e89f7936d0::51a7b5b1-0c58-4ffc-92d9-4ae7ff4f834c::input-params ::GET::::{}
2026-01-09 13:13:35::info::/v1/api/patientRecord/readPatientRecord/695fd15a449a88e89f7936d0::ddbdbc97-8b80-40df-976e-81587c5b2110::input-params ::GET::::{}
2026-01-09 13:13:35::info::/v1/api/relative/readRelatives/695fd15a449a88e89f7936d8::7d9afa11-3a62-4e67-bed4-53562a8cd228::input-params ::GET::::{}
2026-01-09 13:13:36::info::/v1/api/patientRecord/readPatientRecord/695fd15a449a88e89f7936d0::f654e4b0-ec2c-40a0-b3fe-dbaaedd38488::input-params ::GET::::{}
2026-01-09 13:13:51::info::/v1/api/patientRecord/uploadFile/695fd15a449a88e89f7936d0::95827b63-4170-4047-b0ab-1889cad6e80e::input-params ::PATCH::::undefined
2026-01-09 13:13:51::error::/v1/api/patientRecord/uploadFile/695fd15a449a88e89f7936d0::95827b63-4170-4047-b0ab-1889cad6e80e::handler-error::{"status":404,"message":"Patient record not found"}
2026-01-09 13:16:16::info::/v1/api/patientRecord/readPatientRecord/695fd15a449a88e89f7936d0::bebbb5d1-61ff-45f1-8c7d-8b0daf3c3354::input-params ::GET::::{}
2026-01-09 13:16:16::info::/v1/api/user/me::5dd5abbd-1ee8-4f63-a8b8-074128c5395e::input-params ::GET::::{}
2026-01-09 13:16:16::info::/v1/api/user/me::ec30bf49-7a57-4f06-95bf-67d0f3c4f134::input-params ::GET::::{}
2026-01-09 13:16:16::info::/v1/api/patientRecord/readPatientRecord/695fd15a449a88e89f7936d0::6b8fd4b8-7f42-47ab-8c57-f3508cb14760::input-params ::GET::::{}
2026-01-09 13:16:16::info::/v1/api/patientRecord/readPatientRecord/695fd15a449a88e89f7936d0::8109a234-c7e4-4656-ac38-714776f557b9::input-params ::GET::::{}
2026-01-09 13:16:16::info::/v1/api/relative/readRelatives/695fd15a449a88e89f7936d8::9fc7cd16-62b5-49e7-9b1c-f281b94f4c11::input-params ::GET::::{}
2026-01-09 13:16:17::info::/v1/api/patientRecord/readPatientRecord/695fd15a449a88e89f7936d0::629851a0-5fb1-42a9-be17-75371e6d5430::input-params ::GET::::{}
2026-01-09 13:16:17::info::/v1/api/patientRecord/readPatientRecord/695fd15a449a88e89f7936d0::0372052b-ed64-49af-9e67-7aab88aa9ca7::input-params ::GET::::{}
2026-01-09 13:16:17::info::/v1/api/relative/readRelatives/695fd15a449a88e89f7936d8::aafb21f2-52b2-4f26-90cd-d8aa7cb22ced::input-params ::GET::::{}
2026-01-09 13:16:17::info::/v1/api/patientRecord/readPatientRecord/695fd15a449a88e89f7936d0::54afe470-6141-49df-b51b-154069ec64f6::input-params ::GET::::{}
2026-01-09 13:16:37::info::/v1/api/patientRecord/uploadFile/695fd15a449a88e89f7936d0::39787129-649d-4dca-9e5a-8c5427517775::input-params ::PATCH::::undefined
2026-01-09 13:16:37::error::/v1/api/patientRecord/uploadFile/695fd15a449a88e89f7936d0::39787129-649d-4dca-9e5a-8c5427517775::handler-error::{"status":500,"message":"Upload is not defined"}
2026-01-09 13:23:32::info::/v1/api/patientRecord/readPatientRecord/695fd15a449a88e89f7936d0::2cacb578-0a33-4ae2-8dd6-7d18b7677692::input-params ::GET::::{}
2026-01-09 13:23:32::info::/v1/api/user/me::7ac5c13f-d95b-49e8-ba8b-897654f8ca5f::input-params ::GET::::{}
2026-01-09 13:23:32::info::/v1/api/user/me::b63fc686-006d-45ac-b6e2-bdf3052c07d8::input-params ::GET::::{}
2026-01-09 13:23:32::info::/v1/api/patientRecord/readPatientRecord/695fd15a449a88e89f7936d0::8cffaaf9-f09b-4cdd-8e0d-84877eae8c85::input-params ::GET::::{}
2026-01-09 13:23:32::info::/v1/api/patientRecord/readPatientRecord/695fd15a449a88e89f7936d0::22f095d0-2248-456f-ae20-73d35ab7ef8c::input-params ::GET::::{}
2026-01-09 13:23:32::info::/v1/api/relative/readRelatives/695fd15a449a88e89f7936d8::d5b3b8de-cce7-4262-977b-04dad5908807::input-params ::GET::::{}
2026-01-09 13:23:33::info::/v1/api/patientRecord/readPatientRecord/695fd15a449a88e89f7936d0::f22c2ad7-be3f-4128-a938-66b678532cde::input-params ::GET::::{}
2026-01-09 13:23:33::info::/v1/api/patientRecord/readPatientRecord/695fd15a449a88e89f7936d0::5e7ac922-15da-455e-849e-e8b6a357f485::input-params ::GET::::{}
2026-01-09 13:23:33::info::/v1/api/relative/readRelatives/695fd15a449a88e89f7936d8::e8061f2c-09d4-4e6f-9564-7742a550e71a::input-params ::GET::::{}
2026-01-09 13:23:33::info::/v1/api/patientRecord/readPatientRecord/695fd15a449a88e89f7936d0::bdbb18db-fdf6-40ea-a044-3d4f93a6a0c6::input-params ::GET::::{}
2026-01-09 13:23:44::info::/v1/api/patientRecord/uploadFile/695fd15a449a88e89f7936d0::726e0fdc-5f84-4ae5-ac6a-a419eb4b5c4e::input-params ::PATCH::::undefined
2026-01-09 13:23:44::error::/v1/api/patientRecord/uploadFile/695fd15a449a88e89f7936d0::726e0fdc-5f84-4ae5-ac6a-a419eb4b5c4e::handler-error::{"status":500,"message":"s3 is not defined"}
2026-01-09 13:34:15::info::/v1/api/patientRecord/readPatientRecord/695fd15a449a88e89f7936d0::7bab89ee-f113-403b-a284-b82c51939aa4::input-params ::GET::::{}
2026-01-09 13:34:15::info::/v1/api/user/me::12b26a4c-3e90-4a67-913d-3f552913c842::input-params ::GET::::{}
2026-01-09 13:34:16::info::/v1/api/user/me::b0cfb924-823c-46c8-9dc5-f652cd21ce1d::input-params ::GET::::{}
2026-01-09 13:34:16::info::/v1/api/patientRecord/readPatientRecord/695fd15a449a88e89f7936d0::fc6bf31b-3ac5-44ed-ae54-f186dfb4a18f::input-params ::GET::::{}
2026-01-09 13:34:16::info::/v1/api/patientRecord/readPatientRecord/695fd15a449a88e89f7936d0::3322dff0-52ef-44a0-a904-4f9a2a54279d::input-params ::GET::::{}
2026-01-09 13:34:16::info::/v1/api/relative/readRelatives/695fd15a449a88e89f7936d8::5479ac15-5258-4184-917a-f9f4aa1d2ca3::input-params ::GET::::{}
2026-01-09 13:34:16::info::/v1/api/patientRecord/readPatientRecord/695fd15a449a88e89f7936d0::be3fcf12-0a03-44a7-b47d-c5ea0079b2c5::input-params ::GET::::{}
2026-01-09 13:34:17::info::/v1/api/patientRecord/readPatientRecord/695fd15a449a88e89f7936d0::177f37f5-8d59-40cd-8a33-f219f9b717b4::input-params ::GET::::{}
2026-01-09 13:34:17::info::/v1/api/relative/readRelatives/695fd15a449a88e89f7936d8::89ba0ac8-4fc9-4f2b-84c9-7e563631e370::input-params ::GET::::{}
2026-01-09 13:34:17::info::/v1/api/patientRecord/readPatientRecord/695fd15a449a88e89f7936d0::5ae0b2ec-0fc7-45db-be95-9777f8c9f829::input-params ::GET::::{}
2026-01-09 13:34:23::info::/v1/api/patientRecord/uploadFile/695fd15a449a88e89f7936d0::ab617c77-66be-48a4-b5cb-e990828f7550::input-params ::PATCH::::undefined
2026-01-09 13:34:23::info::/v1/api/patientRecord/readPatientRecord/695fd15a449a88e89f7936d0::4332a607-a9cb-4065-ae3e-94e396b19644::input-params ::GET::::{}
2026-01-09 13:34:24::info::/v1/api/relative/readRelatives/695fd15a449a88e89f7936d8::2fde40b2-90f3-4415-8ee9-956edab3e602::input-params ::GET::::{}
2026-01-09 13:46:44::info::/v1/api/patientRecord/readPatientRecord/695fd15a449a88e89f7936d0::8d1060bd-8562-4378-9f85-208a45d954ce::input-params ::GET::::{}
2026-01-09 13:46:44::info::/v1/api/user/me::de782fc1-a6ee-4aa6-bb01-580bf869fe82::input-params ::GET::::{}
2026-01-09 13:46:44::info::/v1/api/user/me::31db578a-293f-43ed-8aae-fdb3e54b66b0::input-params ::GET::::{}
2026-01-09 13:46:45::info::/v1/api/patientRecord/readPatientRecord/695fd15a449a88e89f7936d0::41f24190-bcd2-419c-a1c6-c1995e3db771::input-params ::GET::::{}
2026-01-09 13:46:45::info::/v1/api/patientRecord/readPatientRecord/695fd15a449a88e89f7936d0::eec2307a-1fe1-408b-b895-9cdd296c4ff7::input-params ::GET::::{}
2026-01-09 13:46:45::info::/v1/api/relative/readRelatives/695fd15a449a88e89f7936d8::bd5f83aa-d03c-459d-b1a0-4650f5e06971::input-params ::GET::::{}
2026-01-09 13:46:45::info::/v1/api/patientRecord/readPatientRecord/695fd15a449a88e89f7936d0::0b659143-39d5-4e9d-af7e-5408ba04658a::input-params ::GET::::{}
2026-01-09 13:46:46::info::/v1/api/patientRecord/readPatientRecord/695fd15a449a88e89f7936d0::3f73504c-22cd-414c-a2d8-661008690589::input-params ::GET::::{}
2026-01-09 13:46:46::info::/v1/api/relative/readRelatives/695fd15a449a88e89f7936d8::f7af1d57-5875-4360-a8ad-3d54d7f373b6::input-params ::GET::::{}
2026-01-09 13:46:46::info::/v1/api/patientRecord/readPatientRecord/695fd15a449a88e89f7936d0::a5b8e8b1-820f-41f1-bfad-6c9dd8551dd5::input-params ::GET::::{}
2026-01-09 13:52:29::info::/v1/api/patientRecord/uploadFile/695fd15a449a88e89f7936d0::c70d8e0b-8db7-45be-8f84-63c08599f2d8::input-params ::PATCH::::undefined
2026-01-09 13:52:30::info::/v1/api/patientRecord/readPatientRecord/695fd15a449a88e89f7936d0::59c87aa1-21b8-4d91-983f-e6d9875cfd6f::input-params ::GET::::{}
2026-01-09 13:52:31::info::/v1/api/relative/readRelatives/695fd15a449a88e89f7936d8::b1298ea2-13e1-4e00-82a3-20ba4b490186::input-params ::GET::::{}
2026-01-09 13:52:33::info::/v1/api/patientRecord/readPatientRecord/695fd15a449a88e89f7936d0::8830c8bf-5416-4897-b73d-f37eaab7c340::input-params ::GET::::{}
2026-01-09 13:52:33::info::/v1/api/user/me::fe7d9b08-1820-48d2-8982-6fb71456eb7c::input-params ::GET::::{}
2026-01-09 13:52:33::info::/v1/api/user/me::7267b2e4-df70-41b2-8fe4-a13e91e261a1::input-params ::GET::::{}
2026-01-09 13:52:33::info::/v1/api/patientRecord/readPatientRecord/695fd15a449a88e89f7936d0::ede0a514-be24-4f8c-a5fe-c71169d4ae1c::input-params ::GET::::{}
2026-01-09 13:52:34::info::/v1/api/patientRecord/readPatientRecord/695fd15a449a88e89f7936d0::ad50a59d-68eb-4e93-9f7c-98f933f2467a::input-params ::GET::::{}
2026-01-09 13:52:34::info::/v1/api/relative/readRelatives/695fd15a449a88e89f7936d8::9164baf4-7120-4496-85cd-9b81389590ca::input-params ::GET::::{}
2026-01-09 13:52:34::info::/v1/api/patientRecord/readPatientRecord/695fd15a449a88e89f7936d0::be396348-dda1-4ce2-998d-f6f7bb565147::input-params ::GET::::{}
2026-01-09 13:52:34::info::/v1/api/patientRecord/readPatientRecord/695fd15a449a88e89f7936d0::15d96003-3401-4e28-b6ad-2a82899265a2::input-params ::GET::::{}
2026-01-09 13:52:34::info::/v1/api/relative/readRelatives/695fd15a449a88e89f7936d8::7392fa64-7cb9-4574-85f1-3d43c456c67d::input-params ::GET::::{}
2026-01-09 13:52:34::info::/v1/api/patientRecord/readPatientRecord/695fd15a449a88e89f7936d0::45879823-a673-419f-92f2-e4d15aade1a4::input-params ::GET::::{}
2026-01-09 13:52:44::info::/v1/api/patientRecord/readPatientRecord/695fd15a449a88e89f7936d0::88d5fb58-cc2d-4346-9af8-2f3218f5d823::input-params ::GET::::{}
2026-01-09 13:52:44::info::/v1/api/relative/readRelatives/695fd15a449a88e89f7936d8::01cc7b7e-79d9-4b5f-9651-ebbf63ac966e::input-params ::GET::::{}
2026-01-09 13:52:47::info::/v1/api/patientRecord/readPatientRecord/695fd15a449a88e89f7936d0::793e3f0d-9308-4599-9e3c-4b79acdc14da::input-params ::GET::::{}
2026-01-09 13:52:47::info::/v1/api/user/me::7dbbfa82-8b4b-4fd5-acf9-ce8b614e56e5::input-params ::GET::::{}
2026-01-09 13:52:47::info::/v1/api/user/me::051fd059-b36e-45b2-be5b-f805b4bc89b2::input-params ::GET::::{}
2026-01-09 13:52:47::info::/v1/api/patientRecord/readPatientRecord/695fd15a449a88e89f7936d0::e380893a-59a5-4d1e-b956-5e2344dbaa51::input-params ::GET::::{}
2026-01-09 13:52:48::info::/v1/api/patientRecord/readPatientRecord/695fd15a449a88e89f7936d0::742b707e-cdd1-41aa-8377-a1a41d97c7de::input-params ::GET::::{}
2026-01-09 13:52:48::info::/v1/api/relative/readRelatives/695fd15a449a88e89f7936d8::c24ec5a4-0180-433b-9836-e1b3e07b2af8::input-params ::GET::::{}
2026-01-09 13:52:48::info::/v1/api/patientRecord/readPatientRecord/695fd15a449a88e89f7936d0::55cc54ca-7736-4561-9102-bbb4097e5cf1::input-params ::GET::::{}
2026-01-09 13:52:48::info::/v1/api/patientRecord/readPatientRecord/695fd15a449a88e89f7936d0::ec2daaf0-c900-44a0-8e14-268cc7071ad0::input-params ::GET::::{}
2026-01-09 13:52:48::info::/v1/api/relative/readRelatives/695fd15a449a88e89f7936d8::6123eb6b-a246-4e0a-b04c-73c3ebfd9625::input-params ::GET::::{}
2026-01-09 13:52:49::info::/v1/api/patientRecord/readPatientRecord/695fd15a449a88e89f7936d0::f014574d-0a89-4937-8893-cbc9af4695c2::input-params ::GET::::{}
2026-01-09 14:27:05::info::/v1/api/patientRecord/readPatientRecord/695fd15a449a88e89f7936d0::8ed6df8f-0abe-4c9e-b15c-99107bad20ac::input-params ::GET::::{}
2026-01-09 14:27:05::info::/v1/api/user/me::7eb922a7-e4a5-4c9f-8cd3-a3a1c4734d97::input-params ::GET::::{}
2026-01-09 14:27:05::info::/v1/api/user/me::b56645bf-2f8d-4c67-81d9-1b7fcf2989e1::input-params ::GET::::{}
2026-01-09 14:27:05::info::/v1/api/patientRecord/readPatientRecord/695fd15a449a88e89f7936d0::4f3b1cec-9c8b-4d81-892a-70b64f62b79e::input-params ::GET::::{}
2026-01-09 14:27:06::info::/v1/api/patientRecord/readPatientRecord/695fd15a449a88e89f7936d0::63dbbc04-250e-486e-9b81-37d4ebbc644f::input-params ::GET::::{}
2026-01-09 14:27:06::info::/v1/api/relative/readRelatives/695fd15a449a88e89f7936d8::6531277c-162b-4560-a4b9-7c997b5fece1::input-params ::GET::::{}
2026-01-09 14:27:06::info::/v1/api/patientRecord/readPatientRecord/695fd15a449a88e89f7936d0::0c2e8bbe-fd14-4b5d-b1b0-2785c6c4e769::input-params ::GET::::{}
2026-01-09 14:27:06::info::/v1/api/patientRecord/readPatientRecord/695fd15a449a88e89f7936d0::32f2cd66-a0c9-4265-a6d8-af7cc516eeee::input-params ::GET::::{}
2026-01-09 14:27:06::info::/v1/api/relative/readRelatives/695fd15a449a88e89f7936d8::7e6c5105-3fdc-40fe-bdc2-237f469d71a7::input-params ::GET::::{}
2026-01-09 14:27:07::info::/v1/api/patientRecord/readPatientRecord/695fd15a449a88e89f7936d0::55ebd3e9-8768-43e3-b5bc-719eea825de7::input-params ::GET::::{}
2026-01-09 14:27:11::info::/v1/api/patientRecord/readPatientRecord/695fd15a449a88e89f7936d0::b2e213a1-1b22-4080-927e-78682c01163c::input-params ::GET::::{}
2026-01-09 14:27:12::info::/v1/api/relative/readRelatives/695fd15a449a88e89f7936d8::466b4802-607e-419f-8e96-d8f5df338caf::input-params ::GET::::{}
2026-01-09 14:27:13::info::/v1/api/patientRecord/readPatientRecord/695fd15a449a88e89f7936d0::4cf8b6a8-9546-4bbe-a2b5-7693edcab79e::input-params ::GET::::{}
2026-01-09 14:27:13::info::/v1/api/user/me::b38e6d6c-9b36-4b95-b477-a0b514c1bbf5::input-params ::GET::::{}
2026-01-09 14:27:13::info::/v1/api/user/me::2a66c4d2-1f8c-495e-916c-39cde0c32a98::input-params ::GET::::{}
2026-01-09 14:27:14::info::/v1/api/patientRecord/readPatientRecord/695fd15a449a88e89f7936d0::1554bdef-2171-45e9-86e8-325d646b47f5::input-params ::GET::::{}
2026-01-09 14:27:14::info::/v1/api/patientRecord/readPatientRecord/695fd15a449a88e89f7936d0::d17036c1-0af8-49d7-a4f1-61c3dfb40c7b::input-params ::GET::::{}
2026-01-09 14:27:14::info::/v1/api/relative/readRelatives/695fd15a449a88e89f7936d8::ccd80f7b-190f-4e5c-98da-eab111f5d2c4::input-params ::GET::::{}
2026-01-09 14:27:14::info::/v1/api/patientRecord/readPatientRecord/695fd15a449a88e89f7936d0::e72eb71e-612c-4b32-acb8-db54d7954f0a::input-params ::GET::::{}
2026-01-09 14:27:14::info::/v1/api/patientRecord/readPatientRecord/695fd15a449a88e89f7936d0::ee538418-ddf7-4ad9-9aa0-38a78eaf4bc7::input-params ::GET::::{}
2026-01-09 14:27:14::info::/v1/api/relative/readRelatives/695fd15a449a88e89f7936d8::db532f64-1184-4c03-87f7-62c612a58918::input-params ::GET::::{}
2026-01-09 14:27:15::info::/v1/api/patientRecord/readPatientRecord/695fd15a449a88e89f7936d0::817538d8-ed6a-4ad0-858c-34772849c0e3::input-params ::GET::::{}
2026-01-09 14:27:28::info::/v1/api/patientRecord/readPatientRecord/695fd15a449a88e89f7936d0::f79a0725-9476-4d94-83e5-33ebf4827728::input-params ::GET::::{}
2026-01-09 14:27:28::info::/v1/api/relative/readRelatives/695fd15a449a88e89f7936d8::beebc3b9-ac8f-4580-9c66-f5d31b5c4578::input-params ::GET::::{}
2026-01-09 14:33:14::info::/v1/api/patientRecord/readPatientRecord/695fd15a449a88e89f7936d0::1528d499-8b03-4571-8835-652dab5f6c95::input-params ::GET::::{}
2026-01-09 14:33:14::info::/v1/api/relative/readRelatives/695fd15a449a88e89f7936d8::5ee5b79c-fb74-429d-84d2-4338e5fce802::input-params ::GET::::{}
2026-01-09 14:33:16::info::/v1/api/patientRecord/readPatientRecord/695fd15a449a88e89f7936d0::528a0c7b-de33-4bd6-b2ec-035119d27c6b::input-params ::GET::::{}
2026-01-09 14:33:16::info::/v1/api/relative/readRelatives/695fd15a449a88e89f7936d8::38552ac2-d1ae-40c2-9931-c002c0afe733::input-params ::GET::::{}
2026-01-09 14:33:18::info::/v1/api/patientRecord/readPatientRecord/695fd15a449a88e89f7936d0::512e87a4-92c4-4925-a664-8a419d09c789::input-params ::GET::::{}
2026-01-09 14:33:18::info::/v1/api/relative/readRelatives/695fd15a449a88e89f7936d8::227258c6-ea7a-40c9-9e8c-a8e5e72f327c::input-params ::GET::::{}
2026-01-09 15:00:25::info::/v1/api/patientRecord/readPatientRecord/695fd15a449a88e89f7936d0::c89bd740-352b-4ffc-90b0-b3c6d5abb2ef::input-params ::GET::::{}
2026-01-09 15:00:25::info::/v1/api/patientRecord/readPatientRecord/695fd15a449a88e89f7936d0::f30cb4a6-85b9-4785-b11e-61e10516c15c::input-params ::GET::::{}
2026-01-09 15:00:25::info::/v1/api/relative/readRelatives/695fd15a449a88e89f7936d8::872a4123-9627-4593-99ed-fcc7050d9db1::input-params ::GET::::{}
2026-01-09 15:01:12::info::/v1/api/patientRecord/readPatientRecord/695fd15a449a88e89f7936d0::446d7f0b-11f2-4e01-ba09-4aa3a32b34e1::input-params ::GET::::{}
2026-01-09 15:01:12::info::/v1/api/patientRecord/readPatientRecord/695fd15a449a88e89f7936d0::18634565-66b9-4dcb-8adb-32b236575d79::input-params ::GET::::{}
2026-01-09 15:01:12::info::/v1/api/relative/readRelatives/695fd15a449a88e89f7936d8::311a2bf9-00ad-40a2-ac23-dd448f5b8bfd::input-params ::GET::::{}
2026-01-09 15:10:07::info::/v1/api/patientRecord/readPatientRecord/695fd15a449a88e89f7936d0::5f1dd967-8e4b-439f-b24a-387ece9308cf::input-params ::GET::::{}
2026-01-09 15:10:09::info::/v1/api/patientRecord/readPatientRecord/695fd15a449a88e89f7936d0::403762b2-20d2-4f57-b6ec-878a8cd28794::input-params ::GET::::{}
2026-01-09 15:10:09::info::/v1/api/user/me::dd8e2975-b29f-4ff3-aa87-ce9281506e84::input-params ::GET::::{}
2026-01-09 15:10:12::info::/v1/api/user/me::d2b379ee-e593-4a94-9e0c-b6f5cae6689a::input-params ::GET::::{}
2026-01-09 15:10:12::info::/v1/api/patientRecord/readPatientRecord/695fd15a449a88e89f7936d0::a00aa728-5e80-4711-bf31-35ce49cafc3c::input-params ::GET::::{}
2026-01-09 15:10:12::info::/v1/api/patientRecord/readPatientRecord/695fd15a449a88e89f7936d0::b2c8c5ef-c1d7-47cb-a5bc-76708f315d81::input-params ::GET::::{}
2026-01-09 15:10:12::info::/v1/api/relative/readRelatives/695fd15a449a88e89f7936d8::4cb745ff-3953-44c9-b1ba-9c186946e72f::input-params ::GET::::{}
2026-01-09 15:10:12::info::/v1/api/patientRecord/readPatientRecord/695fd15a449a88e89f7936d0::1b6e003a-d821-4181-8790-0128c7e0ab5e::input-params ::GET::::{}
2026-01-09 15:10:13::info::/v1/api/patientRecord/readPatientRecord/695fd15a449a88e89f7936d0::87402c02-9238-4e1f-af17-d4cb653368e9::input-params ::GET::::{}
2026-01-09 15:10:13::info::/v1/api/relative/readRelatives/695fd15a449a88e89f7936d8::619d1541-a4aa-41bd-a503-924073537663::input-params ::GET::::{}
2026-01-09 15:10:13::info::/v1/api/patientRecord/readPatientRecord/695fd15a449a88e89f7936d0::8c62a607-4485-4a01-8f92-97b04c58ca57::input-params ::GET::::{}
2026-01-09 15:10:17::info::/v1/api/patientRecord/readPatientRecord/695fd15a449a88e89f7936d0::95bb0fc9-131a-44e1-beb8-99c492cd7189::input-params ::GET::::{}
2026-01-09 15:10:17::info::/v1/api/relative/readRelatives/695fd15a449a88e89f7936d8::d8ba1e39-f80e-43e6-9311-98bb16bd98cc::input-params ::GET::::{}
2026-01-09 15:10:17::info::/v1/api/patientRecord/deleteFile/695fd15a449a88e89f7936d0/6960a5ae445ed4e514f22ddd::7e9a7b89-5eee-481b-a63a-e4977d4e1e5e::input-params ::DELETE::::{}
2026-01-09 15:10:17::error::/v1/api/patientRecord/deleteFile/695fd15a449a88e89f7936d0/6960a5ae445ed4e514f22ddd::7e9a7b89-5eee-481b-a63a-e4977d4e1e5e::handler-error::{"status":404,"message":"Patient record not found"}
