2025-12-07 01:00:22::error::/v1/api/folder/updateFolder/692ea6df1c7fd171043051c8::ffef1d26-dc73-4130-9119-61c5635b08f8::handler-error::{"status":404,"message":"Not Found Route"}
2025-12-07 01:00:23::error::/v1/api/folder/updateFolder/692ea6df1c7fd171043051c8::d51c9d60-fb03-4a53-a226-aac18b24f6f6::handler-error::{"status":404,"message":"Not Found Route"}
2025-12-07 01:00:23::error::/v1/api/folder/updateFolder/692ea6df1c7fd171043051c8::07b27c10-98b1-4627-a379-2258259ca06c::handler-error::{"status":404,"message":"Not Found Route"}
2025-12-07 01:06:40::error::/v1/api/folder/updateFolder/692ea6df1c7fd171043051c8::36300364-1022-448f-824b-f23872cd9803::handler-error::{"status":404,"message":"Not Found Route"}
2025-12-07 01:06:40::error::/v1/api/folder/updateFolder/692ea6df1c7fd171043051c8::08151787-ee0d-4174-a370-18fdd307cd29::handler-error::{"status":404,"message":"Not Found Route"}
2025-12-07 01:06:40::error::/v1/api/folder/updateFolder/692ea6df1c7fd171043051c8::aaab6423-6c84-43a6-b08e-b6a658206df0::handler-error::{"status":404,"message":"Not Found Route"}
2025-12-07 01:08:09::error::/v1/api/folder/updateFolder/692ea6df1c7fd171043051c8::d3e38fab-0150-4108-82c3-230ce7e63f7f::handler-error::{"status":404,"message":"Not Found Route"}
2025-12-07 01:08:10::error::/v1/api/folder/updateFolder/692ea6df1c7fd171043051c8::332e7467-f8ea-4c7e-ad64-abd43468a0d8::handler-error::{"status":404,"message":"Not Found Route"}
2025-12-07 01:08:10::error::/v1/api/folder/updateFolder/692ea6df1c7fd171043051c8::752d5c7a-9c10-4f41-8659-15a6e4708e54::handler-error::{"status":404,"message":"Not Found Route"}
2025-12-07 01:12:22::error::/v1/api/folder/updateFolder/692ea6df1c7fd171043051c8::acf77e01-fd45-4fe9-b6c6-019883d0956e::handler-error::{"status":404,"message":"Not Found Route"}
2025-12-07 09:00:06::error::/v1/api/character/readCharacterMissions/6886bee29e0a87223ae40b3c::5946b95e-6cfa-422a-b4f9-677835053203::handler-error::{"status":404,"message":"Not Found Route"}
2025-12-07 09:00:26::error::/v1/api/user/me::5ad1c1f8-883e-4e3b-ba77-a5dceb46326a::handler-error::{"status":500,"message":"error:1C800064:Provider routines::bad decrypt"}
2025-12-07 09:00:26::error::/v1/api/user/me::d9919e67-f7d6-44df-8eb5-eda73f0d78db::handler-error::{"status":500,"message":"error:1C800064:Provider routines::bad decrypt"}
2025-12-07 09:54:41::error::/v1/api/folder/readFolder/6934e3bcc2b6a6c895a3a2da::069b3f09-f4fb-496a-9707-e390f26dc293::handler-error::{"status":404,"message":"Not Found Route"}
2025-12-07 09:54:45::error::/v1/api/folder/readFolder/6934e3bcc2b6a6c895a3a2da::ccaf3375-de97-4fee-aaa1-2e374521f420::handler-error::{"status":404,"message":"Not Found Route"}
2025-12-07 09:54:51::error::/v1/api/folder/readFolder/6934e3bcc2b6a6c895a3a2da::399cd008-2807-4412-b361-7dba2e7741af::handler-error::{"status":404,"message":"Not Found Route"}
2025-12-07 09:54:51::error::/v1/api/folder/readFolder/6934e3bcc2b6a6c895a3a2da::b0ab5430-3aa1-484b-a5af-945f796cac97::handler-error::{"status":404,"message":"Not Found Route"}
2025-12-07 09:55:04::error::/v1/api/folder/readFolder/6934e3bcc2b6a6c895a3a2da::23533aa8-9024-4994-9d87-0dc3e6431ca0::handler-error::{"status":404,"message":"Not Found Route"}
2025-12-07 09:55:10::error::/v1/api/folder/readFolder/6934e3bcc2b6a6c895a3a2da::30f9915e-75bd-4271-a05e-23fec2b8ec18::handler-error::{"status":404,"message":"Not Found Route"}
2025-12-07 09:55:14::error::/v1/api/folder/readFolder/6934e3bcc2b6a6c895a3a2da::da48c1f9-52cd-4542-9131-7a4783fb6fb9::handler-error::{"status":404,"message":"Not Found Route"}
2025-12-07 09:55:30::error::/v1/api/folder/readFolder/6934e3bcc2b6a6c895a3a2da::d46a59c3-ac8c-4bc6-bec7-3d4d630300d4::handler-error::{"status":404,"message":"Not Found Route"}
2025-12-07 09:55:45::error::/v1/api/folder/readFolder/6934e3bcc2b6a6c895a3a2da::eb83d6b7-0ce1-4c99-a037-818a2d495170::handler-error::{"status":404,"message":"Not Found Route"}
2025-12-07 09:55:45::error::/v1/api/folder/readFolder/6934e3bcc2b6a6c895a3a2da::c45718e4-081e-4cf6-a240-ec327e45b0b6::handler-error::{"status":404,"message":"Not Found Route"}
2025-12-07 09:57:35::error::/v1/api/folder/readFolder/6934e3bcc2b6a6c895a3a2da::baedbf55-a822-4dd1-a91f-601a5d62cd30::handler-error::{"status":404,"message":"Not Found Route"}
2025-12-07 09:57:35::error::/v1/api/folder/readFolder/6934e3bcc2b6a6c895a3a2da::503fa582-9006-401c-8d89-ff95bb02ab49::handler-error::{"status":404,"message":"Not Found Route"}
2025-12-07 10:29:44::error::/v1/api/folder/deleteFolder/69347987aca1b56228ccba63::09fa2dc7-4598-4753-8ce8-38a95d670f11::handler-error::{"status":403,"message":"You do not have permission to delete this folder"}
2025-12-07 10:30:19::error::/v1/api/folder/deleteFolder/69347987aca1b56228ccba63::eeec0528-3e95-471f-8549-ff7a8afca2cc::handler-error::{"status":403,"message":"You do not have permission to delete this folder"}
