2025-12-11 10:25:39::info::/v1/api/user/me::8f7ee9af-71cf-45d5-852e-2b5598309002::input-params ::GET::::{}
2025-12-11 10:25:39::error::/v1/api/user/me::8f7ee9af-71cf-45d5-852e-2b5598309002::handler-error::{"status":404,"message":"Please login to continue"}
2025-12-11 10:25:39::info::/v1/api/user/me::1509bcc4-5a5e-49ac-ba34-a6593a027745::input-params ::GET::::{}
2025-12-11 10:25:39::error::/v1/api/user/me::1509bcc4-5a5e-49ac-ba34-a6593a027745::handler-error::{"status":404,"message":"Please login to continue"}
2025-12-11 10:26:05::info::/v1/api/auth/login::b7bc8a3e-a9f8-45e5-ac0b-c5d661ef374c::input-params ::POST::::{"email":"phapluu2k5tqt@gmail.com","password":"PhapNhat987AZ@"}
2025-12-11 10:26:05::info::/v1/api/user/me::15dd8d8b-4e7c-407e-bc0b-108946c916cc::input-params ::GET::::{}
2025-12-11 10:26:06::info::/v1/api/folder/readFolders::42d4df88-c8c4-46a7-ad58-b4ae60f0d652::input-params ::GET::::{}
2025-12-11 10:26:06::info::/v1/api/folder/readFolders::4c644e69-b6ec-458b-8480-21bdce9791a9::input-params ::GET::::{}
2025-12-11 10:41:11::info::/v1/api/user/me::0d0f3df9-bb12-422d-a80f-65fa839b6a22::input-params ::GET::::{}
2025-12-11 10:41:11::info::/v1/api/user/me::08f7dae6-0377-4476-b22f-949d96a157c0::input-params ::GET::::{}
2025-12-11 10:43:56::info::/v1/api/user/me::c9d839f5-6074-44cf-85f8-bb40366f774c::input-params ::GET::::{}
2025-12-11 10:43:57::info::/v1/api/user/me::60ed462d-2b04-45bf-8138-dbf1dcbe8c95::input-params ::GET::::{}
2025-12-11 10:43:59::info::/v1/api/user/me::1bd56efa-78d4-44ea-8504-43d3ae95205c::input-params ::GET::::{}
2025-12-11 10:43:59::info::/v1/api/user/me::6d970a05-c658-4ed7-9516-605d40ed979f::input-params ::GET::::{}
2025-12-11 10:44:00::info::/v1/api/folder/readFolders::4180f0c4-96aa-4651-bab9-d70b4c25ebee::input-params ::GET::::{}
2025-12-11 10:44:00::info::/v1/api/folder/readFolders::0ab600e6-1a11-4a5e-84eb-1b5479323314::input-params ::GET::::{}
2025-12-11 10:44:04::info::/v1/api/folder/readFolders::895b687c-1a4c-44f8-861b-735f999b6903::input-params ::GET::::{}
2025-12-11 10:44:04::info::/v1/api/folder/readFolders::f664f405-a2f9-43aa-bd99-fb170d2ca342::input-params ::GET::::{}
2025-12-11 10:46:26::info::/v1/api/user/me::c9d2d236-85cd-41d1-aa19-6320ce23fda2::input-params ::GET::::{}
2025-12-11 10:46:27::info::/v1/api/user/me::85baa2e3-79a0-4148-ab0c-fb2ce6b90593::input-params ::GET::::{}
2025-12-11 10:57:10::info::/v1/api/user/me::de597000-4638-437d-bc30-db19693638af::input-params ::GET::::{}
2025-12-11 10:57:10::info::/v1/api/user/me::b47d58df-b8a2-4bf0-88f2-175f44855c6d::input-params ::GET::::{}
2025-12-11 11:00:06::info::/v1/api/folder/readFolders::14cc1aab-6623-4810-b797-d903c7813f0f::input-params ::GET::::{}
2025-12-11 11:00:07::info::/v1/api/folder/readFolders::fa496979-18ed-4df8-a89a-c645698c34f8::input-params ::GET::::{}
2025-12-11 11:01:54::info::/v1/api/user/me::f949e7d8-a42f-4604-b7bd-f77cfd5650d6::input-params ::GET::::{}
2025-12-11 11:01:54::info::/v1/api/user/me::1acabcb3-497a-4434-b5ee-def6220ab431::input-params ::GET::::{}
2025-12-11 11:04:09::info::/v1/api/user/me::dfd4c01a-05a6-465b-a655-a0f44ebb03f7::input-params ::GET::::{}
2025-12-11 11:04:09::info::/v1/api/user/me::c6ef6855-4612-42e5-ab67-d1102ba6d51b::input-params ::GET::::{}
2025-12-11 15:50:09::info::/v1/api/conversation/conversations::4187f78e-79e0-4ab9-9aa7-04666c173c8d::input-params ::GET::::{}
2025-12-11 15:50:09::error::/v1/api/conversation/conversations::4187f78e-79e0-4ab9-9aa7-04666c173c8d::handler-error::{"status":404,"message":"Not Found Route"}
2025-12-11 15:50:10::info::/v1/api/conversation/conversations::499c57cb-f467-4c12-836b-cadbb47f2e69::input-params ::GET::::{}
2025-12-11 15:50:10::error::/v1/api/conversation/conversations::499c57cb-f467-4c12-836b-cadbb47f2e69::handler-error::{"status":404,"message":"Not Found Route"}
2025-12-11 15:52:39::info::/v1/api/conversation/raedConversations::8cd4d0cf-41d9-413c-9baa-5cc76a61e0ac::input-params ::GET::::{}
2025-12-11 15:52:39::error::/v1/api/conversation/raedConversations::8cd4d0cf-41d9-413c-9baa-5cc76a61e0ac::handler-error::{"status":404,"message":"Not Found Route"}
2025-12-11 15:52:41::info::/v1/api/conversation/readConversations::955c2dcd-a8e5-4beb-8420-3de14240e5b1::input-params ::GET::::{}
2025-12-11 15:52:46::info::/v1/api/conversation/readConversations::b6898aa8-4e34-47f5-aeed-0a08bb035fb5::input-params ::GET::::{}
2025-12-11 15:52:46::info::/v1/api/user/me::97b58a3f-cbbf-4759-93e2-f79fd670e39f::input-params ::GET::::{}
2025-12-11 15:52:46::info::/v1/api/user/me::a9474e78-60a2-4a84-9f80-2199f04a66be::input-params ::GET::::{}
2025-12-11 15:52:46::info::/v1/api/conversation/readConversations::02f25155-3f4b-4d8c-9302-d23aeff2a72a::input-params ::GET::::{}
2025-12-11 15:53:04::info::/v1/api/conversation/readConversations::a792890c-e4ff-4d06-8c0a-12fd371f375d::input-params ::GET::::{}
2025-12-11 16:09:26::info::/v1/api/user/me::3aaaf006-a562-4a8b-86dc-e050a8638272::input-params ::GET::::{}
2025-12-11 16:09:26::info::/v1/api/user/me::1ff3ef66-b188-472a-b134-e5b8c9c20e95::input-params ::GET::::{}
2025-12-11 16:12:34::info::/v1/api/folder/readFolders::f45ef0d1-ed35-4a2b-a7b9-e625cee79975::input-params ::GET::::{}
2025-12-11 16:12:34::info::/v1/api/folder/readFolders::5de15298-74af-4f7c-91db-c92b2adf49df::input-params ::GET::::{}
2025-12-11 16:13:25::info::/v1/api/folder/readFolders::9dd3546a-46f2-40fd-ad89-a89d842305c1::input-params ::GET::::{}
2025-12-11 16:13:25::info::/v1/api/folder/readFolders::d636967f-6947-4fbd-82fb-80669191a3b7::input-params ::GET::::{}
2025-12-11 16:13:26::info::/v1/api/folder/readFolders::b7a69a78-5244-48bf-b3ba-7ba8059054a6::input-params ::GET::::{}
2025-12-11 16:13:27::info::/v1/api/folder/readFolders::ee1ca87c-4389-46ae-ba5b-d61247352bb8::input-params ::GET::::{}
2025-12-11 16:13:55::info::/v1/api/folder/readFolders::2f3fe68a-b333-40bc-b5eb-ede3e8bab8a5::input-params ::GET::::{}
2025-12-11 16:13:55::info::/v1/api/folder/readFolders::ec637248-f602-46c6-825b-9d56d0b7d0c9::input-params ::GET::::{}
2025-12-11 16:18:39::info::/v1/api/user/me::df2f5c0f-7577-4c75-bbe3-60af8a3d0786::input-params ::GET::::{}
2025-12-11 16:18:39::info::/v1/api/user/me::4a272b1c-fee5-4ab6-a8ad-6431db49c35a::input-params ::GET::::{}
2025-12-11 16:18:50::info::/v1/api/conversation/readConversations::242c6dee-2443-4721-ae36-1a50106813f9::input-params ::GET::::{}
2025-12-11 16:19:00::info::/v1/api/conversation/readConversations::f40d5faf-57a0-42a1-a691-e1599f8a0f9a::input-params ::GET::::{}
2025-12-11 16:19:00::info::/v1/api/user/me::575cdce4-ebf8-4b97-ba36-baa1592675a4::input-params ::GET::::{}
2025-12-11 16:19:00::info::/v1/api/conversation/readConversations::1aef0e9d-d5a4-4d1e-81f9-ba56500b8d76::input-params ::GET::::{}
2025-12-11 16:19:00::info::/v1/api/user/me::10544fca-5e22-4256-9b1c-759e02346416::input-params ::GET::::{}
2025-12-11 16:19:04::info::/v1/api/folder/readFolders::26dd8d50-fa2d-4170-9be2-1257882c2ca8::input-params ::GET::::{}
2025-12-11 16:19:04::info::/v1/api/folder/readFolders::bbb520d4-9efd-4845-a1d0-bba548d63f04::input-params ::GET::::{}
2025-12-11 16:19:06::info::/v1/api/folder/readFolder/6939a80b035dea9503dfca30::73242886-766e-4760-85ea-a4fbb0e4da2d::input-params ::GET::::{}
2025-12-11 16:19:06::info::/v1/api/folder/readFolder/6939a80b035dea9503dfca30::4ce0cf32-42e7-4243-9638-3eae3bf7887e::input-params ::GET::::{}
2025-12-11 16:19:08::info::/v1/api/folder/readFolders::17426763-1bc4-4aed-974d-60aa1aef4af0::input-params ::GET::::{}
2025-12-11 16:19:08::info::/v1/api/folder/readFolders::d69c6c8e-17a9-412c-9e6a-146530b3c665::input-params ::GET::::{}
2025-12-11 16:19:13::info::/v1/api/patientRecord/createPatientRecord::eef15a85-507e-40ab-9cf1-3de5ee74ec69::input-params ::POST::::{"fullName":"Lưu Quốc Pháp","email":"phapluudev2k5rere@gmail.com","dob":"","phoneNumber":"0374499251","role":"patient","relationship":"None","folderId":"6939a80b035dea9503dfca30"}
2025-12-11 16:19:15::info::/v1/api/folder/readFolders::fd20f705-d0c8-4c2f-8a68-59fdd866da25::input-params ::GET::::{}
2025-12-11 16:19:16::info::/v1/api/folder/readFolders::67473384-d104-4d85-bcd3-60272e3a3a4a::input-params ::GET::::{}
2025-12-11 16:19:17::info::/v1/api/folder/readFolder/6939a80b035dea9503dfca30::0efac192-41a4-4aa6-b61b-4108d9740c76::input-params ::GET::::{}
2025-12-11 16:19:17::info::/v1/api/folder/readFolder/6939a80b035dea9503dfca30::2e8d0833-b309-480e-9c9e-e6507141ab19::input-params ::GET::::{}
2025-12-11 16:19:19::info::/v1/api/conversation/readConversations::500ddb6f-3074-4e06-b2f7-2709ec3f2062::input-params ::GET::::{}
2025-12-11 16:19:19::info::/v1/api/conversation/readConversations::93968159-03c0-451e-a70c-4b634cad4845::input-params ::GET::::{}
2025-12-11 16:19:36::info::/v1/api/conversation/readConversations::a5353647-896d-48ce-b917-dc81841696d9::input-params ::GET::::{}
2025-12-11 16:19:36::info::/v1/api/conversation/readConversation/693a8c925dbe463b3ad4c21d::bfc58086-006d-4f5e-adc5-b5b7aad2bfe4::input-params ::GET::::{}
2025-12-11 16:19:36::info::/v1/api/user/me::412e61c0-1a2d-430f-bbcf-8ad4c84dcc02::input-params ::GET::::{}
2025-12-11 16:19:36::error::/v1/api/conversation/readConversation/693a8c925dbe463b3ad4c21d::bfc58086-006d-4f5e-adc5-b5b7aad2bfe4::handler-error::{"status":404,"message":"Not Found Route"}
2025-12-11 16:19:36::info::/v1/api/conversation/readConversation/693a8c925dbe463b3ad4c21d::48f78375-3193-4a8d-aaa9-f23b533e073e::input-params ::GET::::{}
2025-12-11 16:19:36::error::/v1/api/conversation/readConversation/693a8c925dbe463b3ad4c21d::48f78375-3193-4a8d-aaa9-f23b533e073e::handler-error::{"status":404,"message":"Not Found Route"}
2025-12-11 16:19:36::info::/v1/api/user/me::0fc068b9-0c75-4a1f-854e-1d327e7b2bd6::input-params ::GET::::{}
2025-12-11 16:19:36::info::/v1/api/conversation/readConversations::662908c8-0bd9-44d0-b36d-916df0b041c0::input-params ::GET::::{}
2025-12-11 16:19:40::info::/v1/api/conversation/readConversations::18c998b4-b230-46fe-a8fe-b646147ebe56::input-params ::GET::::{}
2025-12-11 16:19:40::info::/v1/api/conversation/readConversation/693a8c925dbe463b3ad4c21d::8d3c1587-5e07-45a0-a884-92c47049db94::input-params ::GET::::{}
2025-12-11 16:19:40::error::/v1/api/conversation/readConversation/693a8c925dbe463b3ad4c21d::8d3c1587-5e07-45a0-a884-92c47049db94::handler-error::{"status":404,"message":"Not Found Route"}
2025-12-11 16:19:40::info::/v1/api/conversation/readConversation/693a8c925dbe463b3ad4c21d::aaf6de12-5425-498c-ad08-2529cc9fae1b::input-params ::GET::::{}
2025-12-11 16:19:40::error::/v1/api/conversation/readConversation/693a8c925dbe463b3ad4c21d::aaf6de12-5425-498c-ad08-2529cc9fae1b::handler-error::{"status":404,"message":"Not Found Route"}
2025-12-11 16:19:41::info::/v1/api/conversation/readConversations::f055366a-93db-4c04-9085-dc08bf22ecc4::input-params ::GET::::{}
2025-12-11 16:19:41::info::/v1/api/folder/readFolders::fa0d04a0-8b6f-40cc-a6ad-581ac9b08f4c::input-params ::GET::::{}
2025-12-11 16:19:41::info::/v1/api/folder/readFolders::6345515e-ab3e-4eb9-b67c-3aa7509cc46b::input-params ::GET::::{}
2025-12-11 16:19:42::info::/v1/api/conversation/readConversations::1fb2a276-c1e4-4dd9-82e1-3eb5cdf45138::input-params ::GET::::{}
2025-12-11 16:19:42::info::/v1/api/conversation/readConversations::52164cfc-6368-4528-90b8-5a13de108fd1::input-params ::GET::::{}
2025-12-11 16:19:43::info::/v1/api/conversation/readConversation/693a8c925dbe463b3ad4c21d::65533c25-b3df-4144-9bf3-ba4c33f11d01::input-params ::GET::::{}
2025-12-11 16:19:43::error::/v1/api/conversation/readConversation/693a8c925dbe463b3ad4c21d::65533c25-b3df-4144-9bf3-ba4c33f11d01::handler-error::{"status":404,"message":"Not Found Route"}
2025-12-11 16:19:43::info::/v1/api/conversation/readConversation/693a8c925dbe463b3ad4c21d::5fadfcaf-bf9b-4c2e-867c-e9a904e3844c::input-params ::GET::::{}
2025-12-11 16:19:43::error::/v1/api/conversation/readConversation/693a8c925dbe463b3ad4c21d::5fadfcaf-bf9b-4c2e-867c-e9a904e3844c::handler-error::{"status":404,"message":"Not Found Route"}
2025-12-11 16:20:09::info::/v1/api/conversation/readConversations::d6b28423-a7f1-4dd3-9c4d-930b5ab553fa::input-params ::GET::::{}
2025-12-11 16:20:09::info::/v1/api/conversation/readConversation/693a8c925dbe463b3ad4c21d::59c8dc6d-427c-4008-8ef0-0ffda4983588::input-params ::GET::::{}
2025-12-11 16:20:09::error::/v1/api/conversation/readConversation/693a8c925dbe463b3ad4c21d::59c8dc6d-427c-4008-8ef0-0ffda4983588::handler-error::{"status":404,"message":"Not Found Route"}
2025-12-11 16:20:09::info::/v1/api/conversation/readConversation/693a8c925dbe463b3ad4c21d::ade95fe8-ee3d-4081-8626-25b53488a871::input-params ::GET::::{}
2025-12-11 16:20:09::error::/v1/api/conversation/readConversation/693a8c925dbe463b3ad4c21d::ade95fe8-ee3d-4081-8626-25b53488a871::handler-error::{"status":404,"message":"Not Found Route"}
2025-12-11 16:20:09::info::/v1/api/conversation/readConversations::de5bee4b-f988-4b52-8e6d-980c6a746fcc::input-params ::GET::::{}
2025-12-11 16:20:38::info::/v1/api/conversation/readConversation/693a8c925dbe463b3ad4c21d::a1f1d45b-ec73-43b3-9f75-1ace01a0c8a1::input-params ::GET::::{}
2025-12-11 16:20:38::error::/v1/api/conversation/readConversation/693a8c925dbe463b3ad4c21d::a1f1d45b-ec73-43b3-9f75-1ace01a0c8a1::handler-error::{"status":404,"message":"Not Found Route"}
2025-12-11 16:20:38::info::/v1/api/conversation/readConversation/693a8c925dbe463b3ad4c21d::2e2fb2f6-62cd-42d6-966e-597254fc7188::input-params ::GET::::{}
2025-12-11 16:20:38::error::/v1/api/conversation/readConversation/693a8c925dbe463b3ad4c21d::2e2fb2f6-62cd-42d6-966e-597254fc7188::handler-error::{"status":404,"message":"Not Found Route"}
2025-12-11 16:20:41::info::/v1/api/conversation/readConversations::a169759f-a249-43bd-ab19-910c2de61133::input-params ::GET::::{}
2025-12-11 16:20:42::info::/v1/api/conversation/readConversation/693a8c925dbe463b3ad4c21d::6568c130-d90c-48f0-a104-2487efa11840::input-params ::GET::::{}
2025-12-11 16:20:42::error::/v1/api/conversation/readConversation/693a8c925dbe463b3ad4c21d::6568c130-d90c-48f0-a104-2487efa11840::handler-error::{"status":404,"message":"Not Found Route"}
2025-12-11 16:20:42::info::/v1/api/conversation/readConversation/693a8c925dbe463b3ad4c21d::fc6c1c46-9fe5-4709-9a46-7970b053ff40::input-params ::GET::::{}
2025-12-11 16:20:42::error::/v1/api/conversation/readConversation/693a8c925dbe463b3ad4c21d::fc6c1c46-9fe5-4709-9a46-7970b053ff40::handler-error::{"status":404,"message":"Not Found Route"}
2025-12-11 16:20:42::info::/v1/api/conversation/readConversations::5eae7d3b-5ace-457e-948e-27291125101a::input-params ::GET::::{}
2025-12-11 16:20:42::info::/v1/api/folder/readFolders::e39f9080-460c-4745-afbd-d84fd0fd39bb::input-params ::GET::::{}
2025-12-11 16:20:42::info::/v1/api/folder/readFolders::c9167e35-60b9-4682-a772-040d40e89c65::input-params ::GET::::{}
2025-12-11 16:20:43::info::/v1/api/conversation/readConversations::5bb23637-cbab-42d7-99cd-4ced795fa62d::input-params ::GET::::{}
2025-12-11 16:20:43::info::/v1/api/conversation/readConversations::7c93b772-e5c0-47a0-84de-cfa4a14a857b::input-params ::GET::::{}
2025-12-11 16:20:43::info::/v1/api/conversation/readConversation/693a8c925dbe463b3ad4c21d::d2f3dd85-88ff-41db-9777-cb44998cd647::input-params ::GET::::{}
2025-12-11 16:20:43::error::/v1/api/conversation/readConversation/693a8c925dbe463b3ad4c21d::d2f3dd85-88ff-41db-9777-cb44998cd647::handler-error::{"status":404,"message":"Not Found Route"}
2025-12-11 16:20:43::info::/v1/api/conversation/readConversation/693a8c925dbe463b3ad4c21d::05499692-990f-4b66-94ee-c1afd392bf74::input-params ::GET::::{}
2025-12-11 16:20:43::error::/v1/api/conversation/readConversation/693a8c925dbe463b3ad4c21d::05499692-990f-4b66-94ee-c1afd392bf74::handler-error::{"status":404,"message":"Not Found Route"}
2025-12-11 16:20:54::info::/v1/api/conversation/readConversationDetail/693a8c925dbe463b3ad4c21d::0ceb9657-38e4-49fc-90a8-446cede32546::input-params ::GET::::{}
2025-12-11 16:20:54::error::/v1/api/conversation/readConversationDetail/693a8c925dbe463b3ad4c21d::0ceb9657-38e4-49fc-90a8-446cede32546::handler-error::{"status":500,"message":"Cannot destructure property 'id' of 'req.params' as it is undefined."}
2025-12-11 16:21:23::info::/v1/api/conversation/readConversations::7038ad82-88bd-431e-bfd6-a6b6131c0775::input-params ::GET::::{}
2025-12-11 16:21:23::info::/v1/api/conversation/readConversationDetail/693a8c925dbe463b3ad4c21d::999170ef-f423-43d9-9b5f-01e47c943c4a::input-params ::GET::::{}
2025-12-11 16:21:23::info::/v1/api/conversation/readConversationDetail/693a8c925dbe463b3ad4c21d::b86f82dd-ef5d-4277-aa35-a7821635bfca::input-params ::GET::::{}
2025-12-11 16:21:23::info::/v1/api/conversation/readConversations::ea776d14-6994-4847-b9eb-92bdaa754079::input-params ::GET::::{}
2025-12-11 16:21:23::info::/v1/api/folder/readFolders::ba68ed18-9861-461e-8222-ef173c3c72c9::input-params ::GET::::{}
2025-12-11 16:21:24::info::/v1/api/folder/readFolders::6737b52c-6660-4e89-959c-0e68c6dd95d4::input-params ::GET::::{}
2025-12-11 16:21:24::info::/v1/api/conversation/readConversations::aad0134a-7079-491b-b736-a8801d13f05d::input-params ::GET::::{}
2025-12-11 16:21:24::info::/v1/api/conversation/readConversations::6fb9f0ec-d4ec-4814-ab10-44cd3e2abd8e::input-params ::GET::::{}
2025-12-11 16:21:25::info::/v1/api/conversation/readConversationDetail/693a8c925dbe463b3ad4c21d::69504b2a-a315-4c6d-9eab-b881dfb801f7::input-params ::GET::::{}
2025-12-11 16:21:25::info::/v1/api/conversation/readConversationDetail/693a8c925dbe463b3ad4c21d::6e209565-9c7b-4efb-bbf8-44eba55109d7::input-params ::GET::::{}
2025-12-11 16:21:51::info::/v1/api/conversation/readConversationDetail/693a8c925dbe463b3ad4c21d::ed0ff369-2959-4ae3-b9ea-fe97061ea4fd::input-params ::GET::::{}
2025-12-11 16:21:55::info::/v1/api/folder/readFolders::0ac0273d-658c-4239-ac64-759c46df4ec7::input-params ::GET::::{}
2025-12-11 16:21:55::info::/v1/api/folder/readFolders::1534f9c7-38b5-48b2-af5b-d91bdce325bb::input-params ::GET::::{}
2025-12-11 16:21:56::info::/v1/api/conversation/readConversations::0031b4b2-ef54-45b5-aa74-e4460278e193::input-params ::GET::::{}
2025-12-11 16:21:56::info::/v1/api/conversation/readConversations::e43aeaf2-12ca-437c-92af-43dd1e9f74b9::input-params ::GET::::{}
2025-12-11 16:22:00::info::/v1/api/conversation/readConversationDetail/693a8c925dbe463b3ad4c21d::9a7393e9-d180-4af2-b92f-fd40bbb7211c::input-params ::GET::::{}
2025-12-11 16:22:01::info::/v1/api/conversation/readConversationDetail/693a8c925dbe463b3ad4c21d::79778117-0252-4d95-818e-888bec13c5f5::input-params ::GET::::{}
2025-12-11 16:22:04::info::/v1/api/folder/readFolders::64d1e4f6-d61e-41c4-b38f-fb06049cbd90::input-params ::GET::::{}
2025-12-11 16:22:04::info::/v1/api/folder/readFolders::eeed4f10-331e-4e25-9094-5c8a63d3fa7c::input-params ::GET::::{}
2025-12-11 16:22:05::info::/v1/api/conversation/readConversations::d8cf2240-26b0-43b3-a80c-29c75f01c7d0::input-params ::GET::::{}
2025-12-11 16:22:05::info::/v1/api/conversation/readConversations::569d48ac-00ad-4e90-b278-77f7e3968903::input-params ::GET::::{}
2025-12-11 16:22:07::info::/v1/api/conversation/readConversationDetail/693a8c925dbe463b3ad4c21d::cebfa3ce-1efb-4dd4-a95e-d0def54060ef::input-params ::GET::::{}
2025-12-11 16:22:07::info::/v1/api/conversation/readConversationDetail/693a8c925dbe463b3ad4c21d::815b358e-b6ac-491a-bf15-1567b5525b0d::input-params ::GET::::{}
