2025-12-02 00:00:45::info::/v1/api/auth/login::7c1a0d52-04fe-43b6-8d3a-f06bd008852c::input-params ::POST::::{"email":"phapluu2k5tqt@gmail.com","password":"PhapNhat987AZ@"}
2025-12-02 10:08:03::info::/v1/api/auth/login::1a669319-78b0-441f-94a7-056fa316c7cc::input-params ::POST::::{"email":"phapluu2k5tqt@gmail.com","password":"PhapLuu987AZ@"}
2025-12-02 10:08:03::error::/v1/api/auth/login::1a669319-78b0-441f-94a7-056fa316c7cc::handler-error::{"status":401,"message":"Account or password is invalid"}
2025-12-02 10:08:12::info::/v1/api/auth/login::cb76c6ce-74d9-4365-b0a7-e20d45219558::input-params ::POST::::{"email":"phapluu2k5tqt@gmail.com","password":"PhapNhat987AZ@"}
2025-12-02 10:08:13::info::/v1/api/user/me::5bb4a783-2b73-4868-bb8a-1ee47dc7ddb6::input-params ::GET::::{}
2025-12-02 11:00:02::info::/v1/api/user/me::748e1859-3d62-4b6b-afc2-68e1e3c2705d::input-params ::GET::::{}
2025-12-02 11:00:02::info::/v1/api/user/me::fa82b595-6ac4-47da-bdda-63b58f5301c1::input-params ::GET::::{}
2025-12-02 11:00:19::info::/v1/api/user/me::a197aff7-c127-4103-b351-1a1775153c61::input-params ::GET::::{}
2025-12-02 11:00:19::info::/v1/api/user/me::02af517a-a946-45b8-afc0-25b689897d19::input-params ::GET::::{}
2025-12-02 11:06:04::info::/v1/api/auth/login::f5371081-9d61-462b-b2c5-7163eff75913::input-params ::POST::::{"email":"phapluu2k5tqt@gmail.com","password":"PhapNhat987AZ@"}
2025-12-02 11:06:04::info::/v1/api/user/me::36ddc29c-835c-470b-b3d8-d5b9c35b57a2::input-params ::GET::::{}
2025-12-02 12:29:06::info::/v1/api/user/me::db8695a2-a602-4f46-a08c-1d4447136e61::input-params ::GET::::{}
2025-12-02 12:29:08::info::/v1/api/user/me::d0231b52-62cf-4546-b7d5-dd35e870cc5d::input-params ::GET::::{}
2025-12-02 12:46:14::info::/v1/api/auth/login::f48cdbde-fcab-4a30-84d8-96993b20b1e8::input-params ::POST::::{"email":"phapluu2k5tqt@gmail.com","password":"PhapNhat987AZ@"}
2025-12-02 12:46:14::info::/v1/api/user/me::7076c2af-3c74-482e-ad81-67e6b44c22e1::input-params ::GET::::{}
2025-12-02 13:00:55::info::/v1/api/user/me::d65d7ef9-9012-4455-ae6b-761f22d00ab5::input-params ::GET::::{}
2025-12-02 13:00:55::info::/v1/api/user/me::ed8bf61e-84f8-4c23-805c-fb83876da674::input-params ::GET::::{}
2025-12-02 13:00:57::info::/v1/api/auth/login::37444558-c521-4201-a85a-9dfe728c6d55::input-params ::POST::::{"email":"phapluu2k5tqt@gmail.com","password":"PhapNhat987AZ@"}
2025-12-02 13:00:58::info::/v1/api/user/me::77bc1117-1e5d-46f5-9ca7-0950d6dfcc69::input-params ::GET::::{}
2025-12-02 14:55:22::info::/v1/api/user/me::c65c1b65-8d20-4191-8cdf-82f2a0b154f6::input-params ::GET::::{}
2025-12-02 14:55:22::info::/v1/api/user/me::84d1ee3c-34e4-408f-8adb-7e44b64cffa7::input-params ::GET::::{}
2025-12-02 14:55:26::info::/v1/api/user/me::ca112606-44ac-40fc-8c86-0a25a53d0d01::input-params ::GET::::{}
2025-12-02 14:55:26::info::/v1/api/user/me::3d1c92ea-5494-4015-89e4-3047bf437814::input-params ::GET::::{}
2025-12-02 14:56:59::info::/v1/api/user/me::92dc180f-eb4a-4033-8e3c-c5e95bece380::input-params ::GET::::{}
2025-12-02 14:56:59::info::/v1/api/user/me::b09efecd-6d83-452d-a88f-6f7f913225e8::input-params ::GET::::{}
2025-12-02 15:08:56::info::/v1/api/auth/login::b55161b0-13fa-486c-b000-8583f34eae22::input-params ::POST::::{"email":"phapluu2k5tqt@gmail.com","password":"PhapNhat987AZ@"}
2025-12-02 15:08:56::info::/v1/api/user/me::07462ac4-2d05-4aa3-bdfa-c0d716677d4e::input-params ::GET::::{}
2025-12-02 15:09:26::info::/v1/api/user/me::3758ba36-c8f2-48af-8cfc-099afb460a08::input-params ::GET::::{}
2025-12-02 15:09:26::info::/v1/api/user/me::7ae442b3-ef65-46c2-98dd-a009527c00c7::input-params ::GET::::{}
2025-12-02 15:48:37::info::/v1/api/user/me::bc040d5d-b99d-49f5-bcf0-cdb88f46d75e::input-params ::GET::::{}
2025-12-02 15:48:38::info::/v1/api/user/me::ad7ce526-d51b-4576-b61b-092647c06c37::input-params ::GET::::{}
2025-12-02 15:48:39::info::/v1/api/user/me::215ec347-7147-46c0-8b60-faa7a951369b::input-params ::GET::::{}
2025-12-02 15:48:39::info::/v1/api/user/me::bc908a5f-1eaa-47fb-a81b-b1c15ac15586::input-params ::GET::::{}
2025-12-02 15:48:51::info::/v1/api/user/me::0e7dc556-fdc9-4a9e-a486-18bf2d093d64::input-params ::GET::::{}
2025-12-02 15:48:51::info::/v1/api/user/me::02571541-22e9-453b-96f4-c3273c3d17a9::input-params ::GET::::{}
2025-12-02 15:48:52::info::/v1/api/user/me::6439f345-cc1e-4148-acf3-8466a59c3355::input-params ::GET::::{}
2025-12-02 15:48:52::info::/v1/api/user/me::d8160c95-97c8-4801-9bb7-9ea8958f339f::input-params ::GET::::{}
2025-12-02 15:48:59::info::/v1/api/user/me::de30e8d4-83d6-4202-b1de-0b96f8f8e603::input-params ::GET::::{}
2025-12-02 15:48:59::info::/v1/api/user/me::d2d99e06-69e0-4ba3-87bd-0acef0cbdddb::input-params ::GET::::{}
2025-12-02 15:52:06::info::/v1/api/auth/login::69b21c8e-72f3-41d3-afd6-4e8aa68cf085::input-params ::POST::::{"email":"phapluu2k5tqt@gmail.com","password":"PhapNhat987AZ@"}
2025-12-02 15:52:06::info::/v1/api/user/me::8ead5c88-d051-415c-8f25-325933f1c68a::input-params ::GET::::{}
2025-12-02 15:52:16::info::/v1/api/user/me::791d4d60-d2cd-47cd-bb0a-0814b334374e::input-params ::GET::::{}
2025-12-02 15:52:16::info::/v1/api/user/me::a431907b-b33b-43d0-9e73-43a6b4904a48::input-params ::GET::::{}
2025-12-02 15:53:08::info::/v1/api/user/me::9cd85b73-29f4-47dd-ac67-ab438db249e5::input-params ::GET::::{}
2025-12-02 16:05:12::error::/v1/api/user/me::9cd85b73-29f4-47dd-ac67-ab438db249e5::handler-error::{"status":500,"message":"getaddrinfo ENOTFOUND ac-bjquvxa-shard-00-00.hebkgzl.mongodb.net"}
2025-12-02 16:06:32::info::/v1/api/user/me::9cc9e20d-2542-4253-af53-2b7a3117097a::input-params ::GET::::{}
2025-12-02 16:06:33::info::/v1/api/user/me::acfe6583-e2b2-464b-abd4-43463425eb04::input-params ::GET::::{}
2025-12-02 16:06:33::info::/v1/api/user/me::9be94dc5-73e9-415e-8e76-5d7e1111394a::input-params ::GET::::{}
2025-12-02 16:06:33::info::/v1/api/user/me::6e6d687b-116e-4088-8973-2f69dd19d122::input-params ::GET::::{}
2025-12-02 16:06:35::info::/v1/api/user/me::9c266b4d-ee90-45e2-abdb-c86649f6f6ac::input-params ::GET::::{}
2025-12-02 16:06:35::info::/v1/api/user/me::ec6b31a7-2426-442c-9b60-cb8b56d3e3b4::input-params ::GET::::{}
2025-12-02 16:06:44::info::/v1/api/user/me::d31c621c-3af9-4cbf-bb75-da31a219b5b0::input-params ::GET::::{}
2025-12-02 16:06:44::info::/v1/api/user/me::55b64558-d5dc-4dd0-b2c2-96bae57286d5::input-params ::GET::::{}
